ARM GAS  C:\Users\xavieran\AppData\Local\Temp\ccbgUBIz.s 			page 1


   1              		.syntax unified
   2              		.cpu cortex-m3
   3              		.fpu softvfp
   4              		.eabi_attribute 20, 1
   5              		.eabi_attribute 21, 1
   6              		.eabi_attribute 23, 3
   7              		.eabi_attribute 24, 1
   8              		.eabi_attribute 25, 1
   9              		.eabi_attribute 26, 1
  10              		.eabi_attribute 30, 1
  11              		.eabi_attribute 34, 1
  12              		.eabi_attribute 18, 4
  13              		.thumb
  14              		.file	"arm.c"
  15              		.text
  16              	.Ltext0:
  17              		.cfi_sections	.debug_frame
  18              		.section	.text.arm_set_level,"ax",%progbits
  19              		.align	2
  20              		.global	arm_set_level
  21              		.thumb
  22              		.thumb_func
  23              		.type	arm_set_level, %function
  24              	arm_set_level:
  25              	.LFB63:
  26              		.file 1 ".\\arm.c"
   1:.\arm.c       **** /* ========================================
   2:.\arm.c       ****  *
   3:.\arm.c       ****  * Copyright YOUR COMPANY, THE YEAR
   4:.\arm.c       ****  * All Rights Reserved
   5:.\arm.c       ****  * UNPUBLISHED, LICENSED SOFTWARE.
   6:.\arm.c       ****  *
   7:.\arm.c       ****  * CONFIDENTIAL AND PROPRIETARY INFORMATION
   8:.\arm.c       ****  * WHICH IS THE PROPERTY OF your company.
   9:.\arm.c       ****  *
  10:.\arm.c       ****  * ========================================
  11:.\arm.c       **** */
  12:.\arm.c       **** /* ========================================
  13:.\arm.c       ****  *
  14:.\arm.c       ****  * Copyright YOUR COMPANY, THE YEAR
  15:.\arm.c       ****  * All Rights Reserved
  16:.\arm.c       ****  * UNPUBLISHED, LICENSED SOFTWARE.
  17:.\arm.c       ****  *
  18:.\arm.c       ****  * CONFIDENTIAL AND PROPRIETARY INFORMATION
  19:.\arm.c       ****  * WHICH IS THE PROPERTY OF your company.
  20:.\arm.c       ****  *
  21:.\arm.c       ****  * ========================================
  22:.\arm.c       **** */
  23:.\arm.c       **** 
  24:.\arm.c       **** /* [] END OF FILE */
  25:.\arm.c       **** 
  26:.\arm.c       **** #include <project.h>
  27:.\arm.c       **** #include <stdio.h>
  28:.\arm.c       **** 
  29:.\arm.c       **** /* ***** ARM IS THE BLUE CABLE ******/
  30:.\arm.c       **** 
  31:.\arm.c       **** /* SERVO CONSTANTS */
ARM GAS  C:\Users\xavieran\AppData\Local\Temp\ccbgUBIz.s 			page 2


  32:.\arm.c       **** #define PERIOD 799
  33:.\arm.c       **** /* EXTRA CONSTANTS */
  34:.\arm.c       **** #define PAUSE 50
  35:.\arm.c       ****  
  36:.\arm.c       **** uint8 arm_levels[6] = {22, 30, 35, 40, 45, 50};
  37:.\arm.c       **** 
  38:.\arm.c       **** int PWM_VAL = 25;
  39:.\arm.c       **** char outString[40];
  40:.\arm.c       **** 
  41:.\arm.c       **** 
  42:.\arm.c       **** void arm_set_level(int level){
  27              		.loc 1 42 0
  28              		.cfi_startproc
  29              		@ args = 0, pretend = 0, frame = 0
  30              		@ frame_needed = 0, uses_anonymous_args = 0
  31              	.LVL0:
  32 0000 08B5     		push	{r3, lr}
  33              		.cfi_def_cfa_offset 8
  34              		.cfi_offset 3, -8
  35              		.cfi_offset 14, -4
  43:.\arm.c       ****     Arm_PWM_WriteCompare(arm_levels[level]);
  36              		.loc 1 43 0
  37 0002 024B     		ldr	r3, .L2
  38 0004 185C     		ldrb	r0, [r3, r0]	@ zero_extendqisi2
  39              	.LVL1:
  40 0006 FFF7FEFF 		bl	Arm_PWM_WriteCompare
  41              	.LVL2:
  42 000a 08BD     		pop	{r3, pc}
  43              	.L3:
  44              		.align	2
  45              	.L2:
  46 000c 00000000 		.word	.LANCHOR0
  47              		.cfi_endproc
  48              	.LFE63:
  49              		.size	arm_set_level, .-arm_set_level
  50              		.section	.text.start_arm,"ax",%progbits
  51              		.align	2
  52              		.global	start_arm
  53              		.thumb
  54              		.thumb_func
  55              		.type	start_arm, %function
  56              	start_arm:
  57              	.LFB64:
  44:.\arm.c       **** }
  45:.\arm.c       **** 
  46:.\arm.c       **** void start_arm(){
  58              		.loc 1 46 0
  59              		.cfi_startproc
  60              		@ args = 0, pretend = 0, frame = 0
  61              		@ frame_needed = 0, uses_anonymous_args = 0
  62 0000 08B5     		push	{r3, lr}
  63              		.cfi_def_cfa_offset 8
  64              		.cfi_offset 3, -8
  65              		.cfi_offset 14, -4
  47:.\arm.c       ****     int i;
  48:.\arm.c       ****     /* Initialize the motor controller */
  49:.\arm.c       ****     Arm_PWM_Start();
ARM GAS  C:\Users\xavieran\AppData\Local\Temp\ccbgUBIz.s 			page 3


  66              		.loc 1 49 0
  67 0002 FFF7FEFF 		bl	Arm_PWM_Start
  68              	.LVL3:
  50:.\arm.c       ****     arm_set_level(0);
  69              		.loc 1 50 0
  70 0006 0020     		movs	r0, #0
  71 0008 FFF7FEFF 		bl	arm_set_level
  72              	.LVL4:
  73 000c 08BD     		pop	{r3, pc}
  74              		.cfi_endproc
  75              	.LFE64:
  76              		.size	start_arm, .-start_arm
  77              		.comm	outString,40,4
  78              		.global	PWM_VAL
  79              		.global	arm_levels
  80              		.comm	Camera_framebuffer,50688,4
  81 000e 00BF     		.data
  82              		.align	2
  83              		.set	.LANCHOR0,. + 0
  84              		.type	arm_levels, %object
  85              		.size	arm_levels, 6
  86              	arm_levels:
  87 0000 16       		.byte	22
  88 0001 1E       		.byte	30
  89 0002 23       		.byte	35
  90 0003 28       		.byte	40
  91 0004 2D       		.byte	45
  92 0005 32       		.byte	50
  93 0006 0000     		.space	2
  94              		.type	PWM_VAL, %object
  95              		.size	PWM_VAL, 4
  96              	PWM_VAL:
  97 0008 19000000 		.word	25
  98              		.text
  99              	.Letext0:
 100              		.file 2 "c:\\program files (x86)\\cypress\\psoc creator\\3.2\\psoc creator\\import\\gnu\\arm\\4.8.
 101              		.file 3 "c:\\program files (x86)\\cypress\\psoc creator\\3.2\\psoc creator\\import\\gnu\\arm\\4.8.
 102              		.file 4 "Generated_Source\\PSoC5/cytypes.h"
 103              		.file 5 "Generated_Source\\PSoC5/core_cm3.h"
 104              		.file 6 "Generated_Source\\PSoC5/Camera.h"
 105              		.file 7 "Generated_Source\\PSoC5/Arm_PWM.h"
 106              		.section	.debug_info,"",%progbits
 107              	.Ldebug_info0:
 108 0000 BE010000 		.4byte	0x1be
 109 0004 0400     		.2byte	0x4
 110 0006 00000000 		.4byte	.Ldebug_abbrev0
 111 000a 04       		.byte	0x4
 112 000b 01       		.uleb128 0x1
 113 000c 3D010000 		.4byte	.LASF22
 114 0010 01       		.byte	0x1
 115 0011 18000000 		.4byte	.LASF23
 116 0015 BC000000 		.4byte	.LASF24
 117 0019 00000000 		.4byte	.Ldebug_ranges0+0
 118 001d 00000000 		.4byte	0
 119 0021 00000000 		.4byte	.Ldebug_line0
 120 0025 02       		.uleb128 0x2
 121 0026 01       		.byte	0x1
ARM GAS  C:\Users\xavieran\AppData\Local\Temp\ccbgUBIz.s 			page 4


 122 0027 06       		.byte	0x6
 123 0028 F0010000 		.4byte	.LASF0
 124 002c 02       		.uleb128 0x2
 125 002d 01       		.byte	0x1
 126 002e 08       		.byte	0x8
 127 002f 4B000000 		.4byte	.LASF1
 128 0033 02       		.uleb128 0x2
 129 0034 02       		.byte	0x2
 130 0035 05       		.byte	0x5
 131 0036 CD010000 		.4byte	.LASF2
 132 003a 02       		.uleb128 0x2
 133 003b 02       		.byte	0x2
 134 003c 07       		.byte	0x7
 135 003d 6B000000 		.4byte	.LASF3
 136 0041 03       		.uleb128 0x3
 137 0042 20000000 		.4byte	.LASF9
 138 0046 02       		.byte	0x2
 139 0047 37       		.byte	0x37
 140 0048 4C000000 		.4byte	0x4c
 141 004c 02       		.uleb128 0x2
 142 004d 04       		.byte	0x4
 143 004e 05       		.byte	0x5
 144 004f E7010000 		.4byte	.LASF4
 145 0053 02       		.uleb128 0x2
 146 0054 04       		.byte	0x4
 147 0055 07       		.byte	0x7
 148 0056 59000000 		.4byte	.LASF5
 149 005a 02       		.uleb128 0x2
 150 005b 08       		.byte	0x8
 151 005c 05       		.byte	0x5
 152 005d 00000000 		.4byte	.LASF6
 153 0061 02       		.uleb128 0x2
 154 0062 08       		.byte	0x8
 155 0063 07       		.byte	0x7
 156 0064 0D010000 		.4byte	.LASF7
 157 0068 04       		.uleb128 0x4
 158 0069 04       		.byte	0x4
 159 006a 05       		.byte	0x5
 160 006b 696E7400 		.ascii	"int\000"
 161 006f 02       		.uleb128 0x2
 162 0070 04       		.byte	0x4
 163 0071 07       		.byte	0x7
 164 0072 AF000000 		.4byte	.LASF8
 165 0076 03       		.uleb128 0x3
 166 0077 3D000000 		.4byte	.LASF10
 167 007b 03       		.byte	0x3
 168 007c 41       		.byte	0x41
 169 007d 41000000 		.4byte	0x41
 170 0081 03       		.uleb128 0x3
 171 0082 D7010000 		.4byte	.LASF11
 172 0086 04       		.byte	0x4
 173 0087 B3       		.byte	0xb3
 174 0088 2C000000 		.4byte	0x2c
 175 008c 03       		.uleb128 0x3
 176 008d A8000000 		.4byte	.LASF12
 177 0091 04       		.byte	0x4
 178 0092 B4       		.byte	0xb4
ARM GAS  C:\Users\xavieran\AppData\Local\Temp\ccbgUBIz.s 			page 5


 179 0093 3A000000 		.4byte	0x3a
 180 0097 02       		.uleb128 0x2
 181 0098 04       		.byte	0x4
 182 0099 04       		.byte	0x4
 183 009a 45000000 		.4byte	.LASF13
 184 009e 02       		.uleb128 0x2
 185 009f 08       		.byte	0x8
 186 00a0 04       		.byte	0x4
 187 00a1 99000000 		.4byte	.LASF14
 188 00a5 02       		.uleb128 0x2
 189 00a6 01       		.byte	0x1
 190 00a7 08       		.byte	0x8
 191 00a8 C8010000 		.4byte	.LASF15
 192 00ac 02       		.uleb128 0x2
 193 00ad 04       		.byte	0x4
 194 00ae 07       		.byte	0x7
 195 00af B9010000 		.4byte	.LASF16
 196 00b3 05       		.uleb128 0x5
 197 00b4 2F010000 		.4byte	.LASF25
 198 00b8 01       		.byte	0x1
 199 00b9 2A       		.byte	0x2a
 200 00ba 00000000 		.4byte	.LFB63
 201 00be 10000000 		.4byte	.LFE63-.LFB63
 202 00c2 01       		.uleb128 0x1
 203 00c3 9C       		.byte	0x9c
 204 00c4 E1000000 		.4byte	0xe1
 205 00c8 06       		.uleb128 0x6
 206 00c9 C2010000 		.4byte	.LASF26
 207 00cd 01       		.byte	0x1
 208 00ce 2A       		.byte	0x2a
 209 00cf 68000000 		.4byte	0x68
 210 00d3 00000000 		.4byte	.LLST0
 211 00d7 07       		.uleb128 0x7
 212 00d8 0A000000 		.4byte	.LVL2
 213 00dc A9010000 		.4byte	0x1a9
 214 00e0 00       		.byte	0
 215 00e1 08       		.uleb128 0x8
 216 00e2 0E000000 		.4byte	.LASF27
 217 00e6 01       		.byte	0x1
 218 00e7 2E       		.byte	0x2e
 219 00e8 00000000 		.4byte	.LFB64
 220 00ec 0E000000 		.4byte	.LFE64-.LFB64
 221 00f0 01       		.uleb128 0x1
 222 00f1 9C       		.byte	0x9c
 223 00f2 18010000 		.4byte	0x118
 224 00f6 09       		.uleb128 0x9
 225 00f7 6900     		.ascii	"i\000"
 226 00f9 01       		.byte	0x1
 227 00fa 2F       		.byte	0x2f
 228 00fb 68000000 		.4byte	0x68
 229 00ff 07       		.uleb128 0x7
 230 0100 06000000 		.4byte	.LVL3
 231 0104 BA010000 		.4byte	0x1ba
 232 0108 0A       		.uleb128 0xa
 233 0109 0C000000 		.4byte	.LVL4
 234 010d B3000000 		.4byte	0xb3
 235 0111 0B       		.uleb128 0xb
ARM GAS  C:\Users\xavieran\AppData\Local\Temp\ccbgUBIz.s 			page 6


 236 0112 01       		.uleb128 0x1
 237 0113 50       		.byte	0x50
 238 0114 01       		.uleb128 0x1
 239 0115 30       		.byte	0x30
 240 0116 00       		.byte	0
 241 0117 00       		.byte	0
 242 0118 0C       		.uleb128 0xc
 243 0119 8C000000 		.4byte	.LASF17
 244 011d 05       		.byte	0x5
 245 011e 2A06     		.2byte	0x62a
 246 0120 24010000 		.4byte	0x124
 247 0124 0D       		.uleb128 0xd
 248 0125 76000000 		.4byte	0x76
 249 0129 0E       		.uleb128 0xe
 250 012a 81000000 		.4byte	0x81
 251 012e 45010000 		.4byte	0x145
 252 0132 0F       		.uleb128 0xf
 253 0133 AC000000 		.4byte	0xac
 254 0137 8F       		.byte	0x8f
 255 0138 0F       		.uleb128 0xf
 256 0139 AC000000 		.4byte	0xac
 257 013d 57       		.byte	0x57
 258 013e 0F       		.uleb128 0xf
 259 013f AC000000 		.4byte	0xac
 260 0143 03       		.byte	0x3
 261 0144 00       		.byte	0
 262 0145 10       		.uleb128 0x10
 263 0146 2A000000 		.4byte	.LASF18
 264 014a 06       		.byte	0x6
 265 014b 08       		.byte	0x8
 266 014c 29010000 		.4byte	0x129
 267 0150 05       		.uleb128 0x5
 268 0151 03       		.byte	0x3
 269 0152 00000000 		.4byte	Camera_framebuffer
 270 0156 0E       		.uleb128 0xe
 271 0157 81000000 		.4byte	0x81
 272 015b 66010000 		.4byte	0x166
 273 015f 0F       		.uleb128 0xf
 274 0160 AC000000 		.4byte	0xac
 275 0164 05       		.byte	0x5
 276 0165 00       		.byte	0
 277 0166 10       		.uleb128 0x10
 278 0167 24010000 		.4byte	.LASF19
 279 016b 01       		.byte	0x1
 280 016c 24       		.byte	0x24
 281 016d 56010000 		.4byte	0x156
 282 0171 05       		.uleb128 0x5
 283 0172 03       		.byte	0x3
 284 0173 00000000 		.4byte	arm_levels
 285 0177 10       		.uleb128 0x10
 286 0178 A0000000 		.4byte	.LASF20
 287 017c 01       		.byte	0x1
 288 017d 26       		.byte	0x26
 289 017e 68000000 		.4byte	0x68
 290 0182 05       		.uleb128 0x5
 291 0183 03       		.byte	0x3
 292 0184 00000000 		.4byte	PWM_VAL
ARM GAS  C:\Users\xavieran\AppData\Local\Temp\ccbgUBIz.s 			page 7


 293 0188 0E       		.uleb128 0xe
 294 0189 A5000000 		.4byte	0xa5
 295 018d 98010000 		.4byte	0x198
 296 0191 0F       		.uleb128 0xf
 297 0192 AC000000 		.4byte	0xac
 298 0196 27       		.byte	0x27
 299 0197 00       		.byte	0
 300 0198 10       		.uleb128 0x10
 301 0199 DD010000 		.4byte	.LASF21
 302 019d 01       		.byte	0x1
 303 019e 27       		.byte	0x27
 304 019f 88010000 		.4byte	0x188
 305 01a3 05       		.uleb128 0x5
 306 01a4 03       		.byte	0x3
 307 01a5 00000000 		.4byte	outString
 308 01a9 11       		.uleb128 0x11
 309 01aa FC010000 		.4byte	.LASF28
 310 01ae 07       		.byte	0x7
 311 01af C3       		.byte	0xc3
 312 01b0 BA010000 		.4byte	0x1ba
 313 01b4 12       		.uleb128 0x12
 314 01b5 8C000000 		.4byte	0x8c
 315 01b9 00       		.byte	0
 316 01ba 13       		.uleb128 0x13
 317 01bb 7E000000 		.4byte	.LASF29
 318 01bf 07       		.byte	0x7
 319 01c0 92       		.byte	0x92
 320 01c1 00       		.byte	0
 321              		.section	.debug_abbrev,"",%progbits
 322              	.Ldebug_abbrev0:
 323 0000 01       		.uleb128 0x1
 324 0001 11       		.uleb128 0x11
 325 0002 01       		.byte	0x1
 326 0003 25       		.uleb128 0x25
 327 0004 0E       		.uleb128 0xe
 328 0005 13       		.uleb128 0x13
 329 0006 0B       		.uleb128 0xb
 330 0007 03       		.uleb128 0x3
 331 0008 0E       		.uleb128 0xe
 332 0009 1B       		.uleb128 0x1b
 333 000a 0E       		.uleb128 0xe
 334 000b 55       		.uleb128 0x55
 335 000c 17       		.uleb128 0x17
 336 000d 11       		.uleb128 0x11
 337 000e 01       		.uleb128 0x1
 338 000f 10       		.uleb128 0x10
 339 0010 17       		.uleb128 0x17
 340 0011 00       		.byte	0
 341 0012 00       		.byte	0
 342 0013 02       		.uleb128 0x2
 343 0014 24       		.uleb128 0x24
 344 0015 00       		.byte	0
 345 0016 0B       		.uleb128 0xb
 346 0017 0B       		.uleb128 0xb
 347 0018 3E       		.uleb128 0x3e
 348 0019 0B       		.uleb128 0xb
 349 001a 03       		.uleb128 0x3
ARM GAS  C:\Users\xavieran\AppData\Local\Temp\ccbgUBIz.s 			page 8


 350 001b 0E       		.uleb128 0xe
 351 001c 00       		.byte	0
 352 001d 00       		.byte	0
 353 001e 03       		.uleb128 0x3
 354 001f 16       		.uleb128 0x16
 355 0020 00       		.byte	0
 356 0021 03       		.uleb128 0x3
 357 0022 0E       		.uleb128 0xe
 358 0023 3A       		.uleb128 0x3a
 359 0024 0B       		.uleb128 0xb
 360 0025 3B       		.uleb128 0x3b
 361 0026 0B       		.uleb128 0xb
 362 0027 49       		.uleb128 0x49
 363 0028 13       		.uleb128 0x13
 364 0029 00       		.byte	0
 365 002a 00       		.byte	0
 366 002b 04       		.uleb128 0x4
 367 002c 24       		.uleb128 0x24
 368 002d 00       		.byte	0
 369 002e 0B       		.uleb128 0xb
 370 002f 0B       		.uleb128 0xb
 371 0030 3E       		.uleb128 0x3e
 372 0031 0B       		.uleb128 0xb
 373 0032 03       		.uleb128 0x3
 374 0033 08       		.uleb128 0x8
 375 0034 00       		.byte	0
 376 0035 00       		.byte	0
 377 0036 05       		.uleb128 0x5
 378 0037 2E       		.uleb128 0x2e
 379 0038 01       		.byte	0x1
 380 0039 3F       		.uleb128 0x3f
 381 003a 19       		.uleb128 0x19
 382 003b 03       		.uleb128 0x3
 383 003c 0E       		.uleb128 0xe
 384 003d 3A       		.uleb128 0x3a
 385 003e 0B       		.uleb128 0xb
 386 003f 3B       		.uleb128 0x3b
 387 0040 0B       		.uleb128 0xb
 388 0041 27       		.uleb128 0x27
 389 0042 19       		.uleb128 0x19
 390 0043 11       		.uleb128 0x11
 391 0044 01       		.uleb128 0x1
 392 0045 12       		.uleb128 0x12
 393 0046 06       		.uleb128 0x6
 394 0047 40       		.uleb128 0x40
 395 0048 18       		.uleb128 0x18
 396 0049 9742     		.uleb128 0x2117
 397 004b 19       		.uleb128 0x19
 398 004c 01       		.uleb128 0x1
 399 004d 13       		.uleb128 0x13
 400 004e 00       		.byte	0
 401 004f 00       		.byte	0
 402 0050 06       		.uleb128 0x6
 403 0051 05       		.uleb128 0x5
 404 0052 00       		.byte	0
 405 0053 03       		.uleb128 0x3
 406 0054 0E       		.uleb128 0xe
ARM GAS  C:\Users\xavieran\AppData\Local\Temp\ccbgUBIz.s 			page 9


 407 0055 3A       		.uleb128 0x3a
 408 0056 0B       		.uleb128 0xb
 409 0057 3B       		.uleb128 0x3b
 410 0058 0B       		.uleb128 0xb
 411 0059 49       		.uleb128 0x49
 412 005a 13       		.uleb128 0x13
 413 005b 02       		.uleb128 0x2
 414 005c 17       		.uleb128 0x17
 415 005d 00       		.byte	0
 416 005e 00       		.byte	0
 417 005f 07       		.uleb128 0x7
 418 0060 898201   		.uleb128 0x4109
 419 0063 00       		.byte	0
 420 0064 11       		.uleb128 0x11
 421 0065 01       		.uleb128 0x1
 422 0066 31       		.uleb128 0x31
 423 0067 13       		.uleb128 0x13
 424 0068 00       		.byte	0
 425 0069 00       		.byte	0
 426 006a 08       		.uleb128 0x8
 427 006b 2E       		.uleb128 0x2e
 428 006c 01       		.byte	0x1
 429 006d 3F       		.uleb128 0x3f
 430 006e 19       		.uleb128 0x19
 431 006f 03       		.uleb128 0x3
 432 0070 0E       		.uleb128 0xe
 433 0071 3A       		.uleb128 0x3a
 434 0072 0B       		.uleb128 0xb
 435 0073 3B       		.uleb128 0x3b
 436 0074 0B       		.uleb128 0xb
 437 0075 11       		.uleb128 0x11
 438 0076 01       		.uleb128 0x1
 439 0077 12       		.uleb128 0x12
 440 0078 06       		.uleb128 0x6
 441 0079 40       		.uleb128 0x40
 442 007a 18       		.uleb128 0x18
 443 007b 9742     		.uleb128 0x2117
 444 007d 19       		.uleb128 0x19
 445 007e 01       		.uleb128 0x1
 446 007f 13       		.uleb128 0x13
 447 0080 00       		.byte	0
 448 0081 00       		.byte	0
 449 0082 09       		.uleb128 0x9
 450 0083 34       		.uleb128 0x34
 451 0084 00       		.byte	0
 452 0085 03       		.uleb128 0x3
 453 0086 08       		.uleb128 0x8
 454 0087 3A       		.uleb128 0x3a
 455 0088 0B       		.uleb128 0xb
 456 0089 3B       		.uleb128 0x3b
 457 008a 0B       		.uleb128 0xb
 458 008b 49       		.uleb128 0x49
 459 008c 13       		.uleb128 0x13
 460 008d 00       		.byte	0
 461 008e 00       		.byte	0
 462 008f 0A       		.uleb128 0xa
 463 0090 898201   		.uleb128 0x4109
ARM GAS  C:\Users\xavieran\AppData\Local\Temp\ccbgUBIz.s 			page 10


 464 0093 01       		.byte	0x1
 465 0094 11       		.uleb128 0x11
 466 0095 01       		.uleb128 0x1
 467 0096 31       		.uleb128 0x31
 468 0097 13       		.uleb128 0x13
 469 0098 00       		.byte	0
 470 0099 00       		.byte	0
 471 009a 0B       		.uleb128 0xb
 472 009b 8A8201   		.uleb128 0x410a
 473 009e 00       		.byte	0
 474 009f 02       		.uleb128 0x2
 475 00a0 18       		.uleb128 0x18
 476 00a1 9142     		.uleb128 0x2111
 477 00a3 18       		.uleb128 0x18
 478 00a4 00       		.byte	0
 479 00a5 00       		.byte	0
 480 00a6 0C       		.uleb128 0xc
 481 00a7 34       		.uleb128 0x34
 482 00a8 00       		.byte	0
 483 00a9 03       		.uleb128 0x3
 484 00aa 0E       		.uleb128 0xe
 485 00ab 3A       		.uleb128 0x3a
 486 00ac 0B       		.uleb128 0xb
 487 00ad 3B       		.uleb128 0x3b
 488 00ae 05       		.uleb128 0x5
 489 00af 49       		.uleb128 0x49
 490 00b0 13       		.uleb128 0x13
 491 00b1 3F       		.uleb128 0x3f
 492 00b2 19       		.uleb128 0x19
 493 00b3 3C       		.uleb128 0x3c
 494 00b4 19       		.uleb128 0x19
 495 00b5 00       		.byte	0
 496 00b6 00       		.byte	0
 497 00b7 0D       		.uleb128 0xd
 498 00b8 35       		.uleb128 0x35
 499 00b9 00       		.byte	0
 500 00ba 49       		.uleb128 0x49
 501 00bb 13       		.uleb128 0x13
 502 00bc 00       		.byte	0
 503 00bd 00       		.byte	0
 504 00be 0E       		.uleb128 0xe
 505 00bf 01       		.uleb128 0x1
 506 00c0 01       		.byte	0x1
 507 00c1 49       		.uleb128 0x49
 508 00c2 13       		.uleb128 0x13
 509 00c3 01       		.uleb128 0x1
 510 00c4 13       		.uleb128 0x13
 511 00c5 00       		.byte	0
 512 00c6 00       		.byte	0
 513 00c7 0F       		.uleb128 0xf
 514 00c8 21       		.uleb128 0x21
 515 00c9 00       		.byte	0
 516 00ca 49       		.uleb128 0x49
 517 00cb 13       		.uleb128 0x13
 518 00cc 2F       		.uleb128 0x2f
 519 00cd 0B       		.uleb128 0xb
 520 00ce 00       		.byte	0
ARM GAS  C:\Users\xavieran\AppData\Local\Temp\ccbgUBIz.s 			page 11


 521 00cf 00       		.byte	0
 522 00d0 10       		.uleb128 0x10
 523 00d1 34       		.uleb128 0x34
 524 00d2 00       		.byte	0
 525 00d3 03       		.uleb128 0x3
 526 00d4 0E       		.uleb128 0xe
 527 00d5 3A       		.uleb128 0x3a
 528 00d6 0B       		.uleb128 0xb
 529 00d7 3B       		.uleb128 0x3b
 530 00d8 0B       		.uleb128 0xb
 531 00d9 49       		.uleb128 0x49
 532 00da 13       		.uleb128 0x13
 533 00db 3F       		.uleb128 0x3f
 534 00dc 19       		.uleb128 0x19
 535 00dd 02       		.uleb128 0x2
 536 00de 18       		.uleb128 0x18
 537 00df 00       		.byte	0
 538 00e0 00       		.byte	0
 539 00e1 11       		.uleb128 0x11
 540 00e2 2E       		.uleb128 0x2e
 541 00e3 01       		.byte	0x1
 542 00e4 3F       		.uleb128 0x3f
 543 00e5 19       		.uleb128 0x19
 544 00e6 03       		.uleb128 0x3
 545 00e7 0E       		.uleb128 0xe
 546 00e8 3A       		.uleb128 0x3a
 547 00e9 0B       		.uleb128 0xb
 548 00ea 3B       		.uleb128 0x3b
 549 00eb 0B       		.uleb128 0xb
 550 00ec 27       		.uleb128 0x27
 551 00ed 19       		.uleb128 0x19
 552 00ee 3C       		.uleb128 0x3c
 553 00ef 19       		.uleb128 0x19
 554 00f0 01       		.uleb128 0x1
 555 00f1 13       		.uleb128 0x13
 556 00f2 00       		.byte	0
 557 00f3 00       		.byte	0
 558 00f4 12       		.uleb128 0x12
 559 00f5 05       		.uleb128 0x5
 560 00f6 00       		.byte	0
 561 00f7 49       		.uleb128 0x49
 562 00f8 13       		.uleb128 0x13
 563 00f9 00       		.byte	0
 564 00fa 00       		.byte	0
 565 00fb 13       		.uleb128 0x13
 566 00fc 2E       		.uleb128 0x2e
 567 00fd 00       		.byte	0
 568 00fe 3F       		.uleb128 0x3f
 569 00ff 19       		.uleb128 0x19
 570 0100 03       		.uleb128 0x3
 571 0101 0E       		.uleb128 0xe
 572 0102 3A       		.uleb128 0x3a
 573 0103 0B       		.uleb128 0xb
 574 0104 3B       		.uleb128 0x3b
 575 0105 0B       		.uleb128 0xb
 576 0106 27       		.uleb128 0x27
 577 0107 19       		.uleb128 0x19
ARM GAS  C:\Users\xavieran\AppData\Local\Temp\ccbgUBIz.s 			page 12


 578 0108 3C       		.uleb128 0x3c
 579 0109 19       		.uleb128 0x19
 580 010a 00       		.byte	0
 581 010b 00       		.byte	0
 582 010c 00       		.byte	0
 583              		.section	.debug_loc,"",%progbits
 584              	.Ldebug_loc0:
 585              	.LLST0:
 586 0000 00000000 		.4byte	.LVL0
 587 0004 06000000 		.4byte	.LVL1
 588 0008 0100     		.2byte	0x1
 589 000a 50       		.byte	0x50
 590 000b 06000000 		.4byte	.LVL1
 591 000f 10000000 		.4byte	.LFE63
 592 0013 0400     		.2byte	0x4
 593 0015 F3       		.byte	0xf3
 594 0016 01       		.uleb128 0x1
 595 0017 50       		.byte	0x50
 596 0018 9F       		.byte	0x9f
 597 0019 00000000 		.4byte	0
 598 001d 00000000 		.4byte	0
 599              		.section	.debug_aranges,"",%progbits
 600 0000 24000000 		.4byte	0x24
 601 0004 0200     		.2byte	0x2
 602 0006 00000000 		.4byte	.Ldebug_info0
 603 000a 04       		.byte	0x4
 604 000b 00       		.byte	0
 605 000c 0000     		.2byte	0
 606 000e 0000     		.2byte	0
 607 0010 00000000 		.4byte	.LFB63
 608 0014 10000000 		.4byte	.LFE63-.LFB63
 609 0018 00000000 		.4byte	.LFB64
 610 001c 0E000000 		.4byte	.LFE64-.LFB64
 611 0020 00000000 		.4byte	0
 612 0024 00000000 		.4byte	0
 613              		.section	.debug_ranges,"",%progbits
 614              	.Ldebug_ranges0:
 615 0000 00000000 		.4byte	.LFB63
 616 0004 10000000 		.4byte	.LFE63
 617 0008 00000000 		.4byte	.LFB64
 618 000c 0E000000 		.4byte	.LFE64
 619 0010 00000000 		.4byte	0
 620 0014 00000000 		.4byte	0
 621              		.section	.debug_line,"",%progbits
 622              	.Ldebug_line0:
 623 0000 88010000 		.section	.debug_str,"MS",%progbits,1
 623      02006101 
 623      00000201 
 623      FB0E0D00 
 623      01010101 
 624              	.LASF6:
 625 0000 6C6F6E67 		.ascii	"long long int\000"
 625      206C6F6E 
 625      6720696E 
 625      7400
 626              	.LASF27:
 627 000e 73746172 		.ascii	"start_arm\000"
ARM GAS  C:\Users\xavieran\AppData\Local\Temp\ccbgUBIz.s 			page 13


 627      745F6172 
 627      6D00
 628              	.LASF23:
 629 0018 2E5C6172 		.ascii	".\\arm.c\000"
 629      6D2E6300 
 630              	.LASF9:
 631 0020 5F5F696E 		.ascii	"__int32_t\000"
 631      7433325F 
 631      7400
 632              	.LASF18:
 633 002a 43616D65 		.ascii	"Camera_framebuffer\000"
 633      72615F66 
 633      72616D65 
 633      62756666 
 633      657200
 634              	.LASF10:
 635 003d 696E7433 		.ascii	"int32_t\000"
 635      325F7400 
 636              	.LASF13:
 637 0045 666C6F61 		.ascii	"float\000"
 637      7400
 638              	.LASF1:
 639 004b 756E7369 		.ascii	"unsigned char\000"
 639      676E6564 
 639      20636861 
 639      7200
 640              	.LASF5:
 641 0059 6C6F6E67 		.ascii	"long unsigned int\000"
 641      20756E73 
 641      69676E65 
 641      6420696E 
 641      7400
 642              	.LASF3:
 643 006b 73686F72 		.ascii	"short unsigned int\000"
 643      7420756E 
 643      7369676E 
 643      65642069 
 643      6E7400
 644              	.LASF29:
 645 007e 41726D5F 		.ascii	"Arm_PWM_Start\000"
 645      50574D5F 
 645      53746172 
 645      7400
 646              	.LASF17:
 647 008c 49544D5F 		.ascii	"ITM_RxBuffer\000"
 647      52784275 
 647      66666572 
 647      00
 648              	.LASF14:
 649 0099 646F7562 		.ascii	"double\000"
 649      6C6500
 650              	.LASF20:
 651 00a0 50574D5F 		.ascii	"PWM_VAL\000"
 651      56414C00 
 652              	.LASF12:
 653 00a8 75696E74 		.ascii	"uint16\000"
 653      313600
ARM GAS  C:\Users\xavieran\AppData\Local\Temp\ccbgUBIz.s 			page 14


 654              	.LASF8:
 655 00af 756E7369 		.ascii	"unsigned int\000"
 655      676E6564 
 655      20696E74 
 655      00
 656              	.LASF24:
 657 00bc 433A5C55 		.ascii	"C:\\Users\\xavieran\\Desktop\\ECE3091\\PSOCProjects"
 657      73657273 
 657      5C786176 
 657      69657261 
 657      6E5C4465 
 658 00ea 5C454E47 		.ascii	"\\ENG3091_MandM\\ENG3091_MandM.cydsn\000"
 658      33303931 
 658      5F4D616E 
 658      644D5C45 
 658      4E473330 
 659              	.LASF7:
 660 010d 6C6F6E67 		.ascii	"long long unsigned int\000"
 660      206C6F6E 
 660      6720756E 
 660      7369676E 
 660      65642069 
 661              	.LASF19:
 662 0124 61726D5F 		.ascii	"arm_levels\000"
 662      6C657665 
 662      6C7300
 663              	.LASF25:
 664 012f 61726D5F 		.ascii	"arm_set_level\000"
 664      7365745F 
 664      6C657665 
 664      6C00
 665              	.LASF22:
 666 013d 474E5520 		.ascii	"GNU C 4.8.4 20140526 (release) [ARM/embedded-4_8-br"
 666      4320342E 
 666      382E3420 
 666      32303134 
 666      30353236 
 667 0170 616E6368 		.ascii	"anch revision 211358] -mcpu=cortex-m3 -mthumb -g -O"
 667      20726576 
 667      6973696F 
 667      6E203231 
 667      31333538 
 668 01a3 67202D66 		.ascii	"g -ffunction-sections\000"
 668      66756E63 
 668      74696F6E 
 668      2D736563 
 668      74696F6E 
 669              	.LASF16:
 670 01b9 73697A65 		.ascii	"sizetype\000"
 670      74797065 
 670      00
 671              	.LASF26:
 672 01c2 6C657665 		.ascii	"level\000"
 672      6C00
 673              	.LASF15:
 674 01c8 63686172 		.ascii	"char\000"
 674      00
ARM GAS  C:\Users\xavieran\AppData\Local\Temp\ccbgUBIz.s 			page 15


 675              	.LASF2:
 676 01cd 73686F72 		.ascii	"short int\000"
 676      7420696E 
 676      7400
 677              	.LASF11:
 678 01d7 75696E74 		.ascii	"uint8\000"
 678      3800
 679              	.LASF21:
 680 01dd 6F757453 		.ascii	"outString\000"
 680      7472696E 
 680      6700
 681              	.LASF4:
 682 01e7 6C6F6E67 		.ascii	"long int\000"
 682      20696E74 
 682      00
 683              	.LASF0:
 684 01f0 7369676E 		.ascii	"signed char\000"
 684      65642063 
 684      68617200 
 685              	.LASF28:
 686 01fc 41726D5F 		.ascii	"Arm_PWM_WriteCompare\000"
 686      50574D5F 
 686      57726974 
 686      65436F6D 
 686      70617265 
 687              		.ident	"GCC: (GNU Tools for ARM Embedded Processors) 4.8.4 20140526 (release) [ARM/embedded-4_8-br
