ARM GAS  C:\Users\xavieran\AppData\Local\Temp\ccAHBJce.s 			page 1


   1              		.syntax unified
   2              		.cpu cortex-m3
   3              		.fpu softvfp
   4              		.eabi_attribute 20, 1
   5              		.eabi_attribute 21, 1
   6              		.eabi_attribute 23, 3
   7              		.eabi_attribute 24, 1
   8              		.eabi_attribute 25, 1
   9              		.eabi_attribute 26, 1
  10              		.eabi_attribute 30, 1
  11              		.eabi_attribute 34, 1
  12              		.eabi_attribute 18, 4
  13              		.thumb
  14              		.file	"Arm_PWM_PM.c"
  15              		.text
  16              	.Ltext0:
  17              		.cfi_sections	.debug_frame
  18              		.section	.text.Arm_PWM_SaveConfig,"ax",%progbits
  19              		.align	2
  20              		.global	Arm_PWM_SaveConfig
  21              		.thumb
  22              		.thumb_func
  23              		.type	Arm_PWM_SaveConfig, %function
  24              	Arm_PWM_SaveConfig:
  25              	.LFB0:
  26              		.file 1 ".\\Generated_Source\\PSoC5\\Arm_PWM_PM.c"
   1:.\Generated_Source\PSoC5/Arm_PWM_PM.c **** /*******************************************************************************
   2:.\Generated_Source\PSoC5/Arm_PWM_PM.c **** * File Name: Arm_PWM_PM.c
   3:.\Generated_Source\PSoC5/Arm_PWM_PM.c **** * Version 3.30
   4:.\Generated_Source\PSoC5/Arm_PWM_PM.c **** *
   5:.\Generated_Source\PSoC5/Arm_PWM_PM.c **** * Description:
   6:.\Generated_Source\PSoC5/Arm_PWM_PM.c **** *  This file provides the power management source code to API for the
   7:.\Generated_Source\PSoC5/Arm_PWM_PM.c **** *  PWM.
   8:.\Generated_Source\PSoC5/Arm_PWM_PM.c **** *
   9:.\Generated_Source\PSoC5/Arm_PWM_PM.c **** * Note:
  10:.\Generated_Source\PSoC5/Arm_PWM_PM.c **** *
  11:.\Generated_Source\PSoC5/Arm_PWM_PM.c **** ********************************************************************************
  12:.\Generated_Source\PSoC5/Arm_PWM_PM.c **** * Copyright 2008-2014, Cypress Semiconductor Corporation.  All rights reserved.
  13:.\Generated_Source\PSoC5/Arm_PWM_PM.c **** * You may use this file only in accordance with the license, terms, conditions,
  14:.\Generated_Source\PSoC5/Arm_PWM_PM.c **** * disclaimers, and limitations in the end user license agreement accompanying
  15:.\Generated_Source\PSoC5/Arm_PWM_PM.c **** * the software package with which this file was provided.
  16:.\Generated_Source\PSoC5/Arm_PWM_PM.c **** *******************************************************************************/
  17:.\Generated_Source\PSoC5/Arm_PWM_PM.c **** 
  18:.\Generated_Source\PSoC5/Arm_PWM_PM.c **** #include "Arm_PWM.h"
  19:.\Generated_Source\PSoC5/Arm_PWM_PM.c **** 
  20:.\Generated_Source\PSoC5/Arm_PWM_PM.c **** static Arm_PWM_backupStruct Arm_PWM_backup;
  21:.\Generated_Source\PSoC5/Arm_PWM_PM.c **** 
  22:.\Generated_Source\PSoC5/Arm_PWM_PM.c **** 
  23:.\Generated_Source\PSoC5/Arm_PWM_PM.c **** /*******************************************************************************
  24:.\Generated_Source\PSoC5/Arm_PWM_PM.c **** * Function Name: Arm_PWM_SaveConfig
  25:.\Generated_Source\PSoC5/Arm_PWM_PM.c **** ********************************************************************************
  26:.\Generated_Source\PSoC5/Arm_PWM_PM.c **** *
  27:.\Generated_Source\PSoC5/Arm_PWM_PM.c **** * Summary:
  28:.\Generated_Source\PSoC5/Arm_PWM_PM.c **** *  Saves the current user configuration of the component.
  29:.\Generated_Source\PSoC5/Arm_PWM_PM.c **** *
  30:.\Generated_Source\PSoC5/Arm_PWM_PM.c **** * Parameters:
  31:.\Generated_Source\PSoC5/Arm_PWM_PM.c **** *  None
ARM GAS  C:\Users\xavieran\AppData\Local\Temp\ccAHBJce.s 			page 2


  32:.\Generated_Source\PSoC5/Arm_PWM_PM.c **** *
  33:.\Generated_Source\PSoC5/Arm_PWM_PM.c **** * Return:
  34:.\Generated_Source\PSoC5/Arm_PWM_PM.c **** *  None
  35:.\Generated_Source\PSoC5/Arm_PWM_PM.c **** *
  36:.\Generated_Source\PSoC5/Arm_PWM_PM.c **** * Global variables:
  37:.\Generated_Source\PSoC5/Arm_PWM_PM.c **** *  Arm_PWM_backup:  Variables of this global structure are modified to
  38:.\Generated_Source\PSoC5/Arm_PWM_PM.c **** *  store the values of non retention configuration registers when Sleep() API is
  39:.\Generated_Source\PSoC5/Arm_PWM_PM.c **** *  called.
  40:.\Generated_Source\PSoC5/Arm_PWM_PM.c **** *
  41:.\Generated_Source\PSoC5/Arm_PWM_PM.c **** *******************************************************************************/
  42:.\Generated_Source\PSoC5/Arm_PWM_PM.c **** void Arm_PWM_SaveConfig(void) 
  43:.\Generated_Source\PSoC5/Arm_PWM_PM.c **** {
  27              		.loc 1 43 0
  28              		.cfi_startproc
  29              		@ args = 0, pretend = 0, frame = 0
  30              		@ frame_needed = 0, uses_anonymous_args = 0
  31 0000 10B5     		push	{r4, lr}
  32              		.cfi_def_cfa_offset 8
  33              		.cfi_offset 4, -8
  34              		.cfi_offset 14, -4
  44:.\Generated_Source\PSoC5/Arm_PWM_PM.c **** 
  45:.\Generated_Source\PSoC5/Arm_PWM_PM.c ****     #if(!Arm_PWM_UsingFixedFunction)
  46:.\Generated_Source\PSoC5/Arm_PWM_PM.c ****         #if(!Arm_PWM_PWMModeIsCenterAligned)
  47:.\Generated_Source\PSoC5/Arm_PWM_PM.c ****             Arm_PWM_backup.PWMPeriod = Arm_PWM_ReadPeriod();
  35              		.loc 1 47 0
  36 0002 FFF7FEFF 		bl	Arm_PWM_ReadPeriod
  37              	.LVL0:
  38 0006 064C     		ldr	r4, .L2
  39 0008 A080     		strh	r0, [r4, #4]	@ movhi
  48:.\Generated_Source\PSoC5/Arm_PWM_PM.c ****         #endif /* (!Arm_PWM_PWMModeIsCenterAligned) */
  49:.\Generated_Source\PSoC5/Arm_PWM_PM.c ****         Arm_PWM_backup.PWMUdb = Arm_PWM_ReadCounter();
  40              		.loc 1 49 0
  41 000a FFF7FEFF 		bl	Arm_PWM_ReadCounter
  42              	.LVL1:
  43 000e 6080     		strh	r0, [r4, #2]	@ movhi
  50:.\Generated_Source\PSoC5/Arm_PWM_PM.c ****         #if (Arm_PWM_UseStatus)
  51:.\Generated_Source\PSoC5/Arm_PWM_PM.c ****             Arm_PWM_backup.InterruptMaskValue = Arm_PWM_STATUS_MASK;
  44              		.loc 1 51 0
  45 0010 044B     		ldr	r3, .L2+4
  46 0012 1B78     		ldrb	r3, [r3]	@ zero_extendqisi2
  47 0014 A371     		strb	r3, [r4, #6]
  52:.\Generated_Source\PSoC5/Arm_PWM_PM.c ****         #endif /* (Arm_PWM_UseStatus) */
  53:.\Generated_Source\PSoC5/Arm_PWM_PM.c **** 
  54:.\Generated_Source\PSoC5/Arm_PWM_PM.c ****         #if(Arm_PWM_DeadBandMode == Arm_PWM__B_PWM__DBM_256_CLOCKS || \
  55:.\Generated_Source\PSoC5/Arm_PWM_PM.c ****             Arm_PWM_DeadBandMode == Arm_PWM__B_PWM__DBM_2_4_CLOCKS)
  56:.\Generated_Source\PSoC5/Arm_PWM_PM.c ****             Arm_PWM_backup.PWMdeadBandValue = Arm_PWM_ReadDeadTime();
  57:.\Generated_Source\PSoC5/Arm_PWM_PM.c ****         #endif /*  deadband count is either 2-4 clocks or 256 clocks */
  58:.\Generated_Source\PSoC5/Arm_PWM_PM.c **** 
  59:.\Generated_Source\PSoC5/Arm_PWM_PM.c ****         #if(Arm_PWM_KillModeMinTime)
  60:.\Generated_Source\PSoC5/Arm_PWM_PM.c ****              Arm_PWM_backup.PWMKillCounterPeriod = Arm_PWM_ReadKillTime();
  61:.\Generated_Source\PSoC5/Arm_PWM_PM.c ****         #endif /* (Arm_PWM_KillModeMinTime) */
  62:.\Generated_Source\PSoC5/Arm_PWM_PM.c **** 
  63:.\Generated_Source\PSoC5/Arm_PWM_PM.c ****         #if(Arm_PWM_UseControl)
  64:.\Generated_Source\PSoC5/Arm_PWM_PM.c ****             Arm_PWM_backup.PWMControlRegister = Arm_PWM_ReadControlRegister();
  48              		.loc 1 64 0
  49 0016 FFF7FEFF 		bl	Arm_PWM_ReadControlRegister
  50              	.LVL2:
ARM GAS  C:\Users\xavieran\AppData\Local\Temp\ccAHBJce.s 			page 3


  51 001a E071     		strb	r0, [r4, #7]
  52 001c 10BD     		pop	{r4, pc}
  53              	.L3:
  54 001e 00BF     		.align	2
  55              	.L2:
  56 0020 00000000 		.word	.LANCHOR0
  57 0024 83640040 		.word	1073767555
  58              		.cfi_endproc
  59              	.LFE0:
  60              		.size	Arm_PWM_SaveConfig, .-Arm_PWM_SaveConfig
  61              		.section	.text.Arm_PWM_RestoreConfig,"ax",%progbits
  62              		.align	2
  63              		.global	Arm_PWM_RestoreConfig
  64              		.thumb
  65              		.thumb_func
  66              		.type	Arm_PWM_RestoreConfig, %function
  67              	Arm_PWM_RestoreConfig:
  68              	.LFB1:
  65:.\Generated_Source\PSoC5/Arm_PWM_PM.c ****         #endif /* (Arm_PWM_UseControl) */
  66:.\Generated_Source\PSoC5/Arm_PWM_PM.c ****     #endif  /* (!Arm_PWM_UsingFixedFunction) */
  67:.\Generated_Source\PSoC5/Arm_PWM_PM.c **** }
  68:.\Generated_Source\PSoC5/Arm_PWM_PM.c **** 
  69:.\Generated_Source\PSoC5/Arm_PWM_PM.c **** 
  70:.\Generated_Source\PSoC5/Arm_PWM_PM.c **** /*******************************************************************************
  71:.\Generated_Source\PSoC5/Arm_PWM_PM.c **** * Function Name: Arm_PWM_RestoreConfig
  72:.\Generated_Source\PSoC5/Arm_PWM_PM.c **** ********************************************************************************
  73:.\Generated_Source\PSoC5/Arm_PWM_PM.c **** *
  74:.\Generated_Source\PSoC5/Arm_PWM_PM.c **** * Summary:
  75:.\Generated_Source\PSoC5/Arm_PWM_PM.c **** *  Restores the current user configuration of the component.
  76:.\Generated_Source\PSoC5/Arm_PWM_PM.c **** *
  77:.\Generated_Source\PSoC5/Arm_PWM_PM.c **** * Parameters:
  78:.\Generated_Source\PSoC5/Arm_PWM_PM.c **** *  None
  79:.\Generated_Source\PSoC5/Arm_PWM_PM.c **** *
  80:.\Generated_Source\PSoC5/Arm_PWM_PM.c **** * Return:
  81:.\Generated_Source\PSoC5/Arm_PWM_PM.c **** *  None
  82:.\Generated_Source\PSoC5/Arm_PWM_PM.c **** *
  83:.\Generated_Source\PSoC5/Arm_PWM_PM.c **** * Global variables:
  84:.\Generated_Source\PSoC5/Arm_PWM_PM.c **** *  Arm_PWM_backup:  Variables of this global structure are used to
  85:.\Generated_Source\PSoC5/Arm_PWM_PM.c **** *  restore the values of non retention registers on wakeup from sleep mode.
  86:.\Generated_Source\PSoC5/Arm_PWM_PM.c **** *
  87:.\Generated_Source\PSoC5/Arm_PWM_PM.c **** *******************************************************************************/
  88:.\Generated_Source\PSoC5/Arm_PWM_PM.c **** void Arm_PWM_RestoreConfig(void) 
  89:.\Generated_Source\PSoC5/Arm_PWM_PM.c **** {
  69              		.loc 1 89 0
  70              		.cfi_startproc
  71              		@ args = 0, pretend = 0, frame = 0
  72              		@ frame_needed = 0, uses_anonymous_args = 0
  73 0000 10B5     		push	{r4, lr}
  74              		.cfi_def_cfa_offset 8
  75              		.cfi_offset 4, -8
  76              		.cfi_offset 14, -4
  90:.\Generated_Source\PSoC5/Arm_PWM_PM.c ****         #if(!Arm_PWM_UsingFixedFunction)
  91:.\Generated_Source\PSoC5/Arm_PWM_PM.c ****             #if(!Arm_PWM_PWMModeIsCenterAligned)
  92:.\Generated_Source\PSoC5/Arm_PWM_PM.c ****                 Arm_PWM_WritePeriod(Arm_PWM_backup.PWMPeriod);
  77              		.loc 1 92 0
  78 0002 074C     		ldr	r4, .L5
  79 0004 A088     		ldrh	r0, [r4, #4]
ARM GAS  C:\Users\xavieran\AppData\Local\Temp\ccAHBJce.s 			page 4


  80 0006 FFF7FEFF 		bl	Arm_PWM_WritePeriod
  81              	.LVL3:
  93:.\Generated_Source\PSoC5/Arm_PWM_PM.c ****             #endif /* (!Arm_PWM_PWMModeIsCenterAligned) */
  94:.\Generated_Source\PSoC5/Arm_PWM_PM.c **** 
  95:.\Generated_Source\PSoC5/Arm_PWM_PM.c ****             Arm_PWM_WriteCounter(Arm_PWM_backup.PWMUdb);
  82              		.loc 1 95 0
  83 000a 6088     		ldrh	r0, [r4, #2]
  84 000c FFF7FEFF 		bl	Arm_PWM_WriteCounter
  85              	.LVL4:
  96:.\Generated_Source\PSoC5/Arm_PWM_PM.c **** 
  97:.\Generated_Source\PSoC5/Arm_PWM_PM.c ****             #if (Arm_PWM_UseStatus)
  98:.\Generated_Source\PSoC5/Arm_PWM_PM.c ****                 Arm_PWM_STATUS_MASK = Arm_PWM_backup.InterruptMaskValue;
  86              		.loc 1 98 0
  87 0010 A279     		ldrb	r2, [r4, #6]	@ zero_extendqisi2
  88 0012 044B     		ldr	r3, .L5+4
  89 0014 1A70     		strb	r2, [r3]
  99:.\Generated_Source\PSoC5/Arm_PWM_PM.c ****             #endif /* (Arm_PWM_UseStatus) */
 100:.\Generated_Source\PSoC5/Arm_PWM_PM.c **** 
 101:.\Generated_Source\PSoC5/Arm_PWM_PM.c ****             #if(Arm_PWM_DeadBandMode == Arm_PWM__B_PWM__DBM_256_CLOCKS || \
 102:.\Generated_Source\PSoC5/Arm_PWM_PM.c ****                 Arm_PWM_DeadBandMode == Arm_PWM__B_PWM__DBM_2_4_CLOCKS)
 103:.\Generated_Source\PSoC5/Arm_PWM_PM.c ****                 Arm_PWM_WriteDeadTime(Arm_PWM_backup.PWMdeadBandValue);
 104:.\Generated_Source\PSoC5/Arm_PWM_PM.c ****             #endif /* deadband count is either 2-4 clocks or 256 clocks */
 105:.\Generated_Source\PSoC5/Arm_PWM_PM.c **** 
 106:.\Generated_Source\PSoC5/Arm_PWM_PM.c ****             #if(Arm_PWM_KillModeMinTime)
 107:.\Generated_Source\PSoC5/Arm_PWM_PM.c ****                 Arm_PWM_WriteKillTime(Arm_PWM_backup.PWMKillCounterPeriod);
 108:.\Generated_Source\PSoC5/Arm_PWM_PM.c ****             #endif /* (Arm_PWM_KillModeMinTime) */
 109:.\Generated_Source\PSoC5/Arm_PWM_PM.c **** 
 110:.\Generated_Source\PSoC5/Arm_PWM_PM.c ****             #if(Arm_PWM_UseControl)
 111:.\Generated_Source\PSoC5/Arm_PWM_PM.c ****                 Arm_PWM_WriteControlRegister(Arm_PWM_backup.PWMControlRegister);
  90              		.loc 1 111 0
  91 0016 E079     		ldrb	r0, [r4, #7]	@ zero_extendqisi2
  92 0018 FFF7FEFF 		bl	Arm_PWM_WriteControlRegister
  93              	.LVL5:
  94 001c 10BD     		pop	{r4, pc}
  95              	.L6:
  96 001e 00BF     		.align	2
  97              	.L5:
  98 0020 00000000 		.word	.LANCHOR0
  99 0024 83640040 		.word	1073767555
 100              		.cfi_endproc
 101              	.LFE1:
 102              		.size	Arm_PWM_RestoreConfig, .-Arm_PWM_RestoreConfig
 103              		.section	.text.Arm_PWM_Sleep,"ax",%progbits
 104              		.align	2
 105              		.global	Arm_PWM_Sleep
 106              		.thumb
 107              		.thumb_func
 108              		.type	Arm_PWM_Sleep, %function
 109              	Arm_PWM_Sleep:
 110              	.LFB2:
 112:.\Generated_Source\PSoC5/Arm_PWM_PM.c ****             #endif /* (Arm_PWM_UseControl) */
 113:.\Generated_Source\PSoC5/Arm_PWM_PM.c ****         #endif  /* (!Arm_PWM_UsingFixedFunction) */
 114:.\Generated_Source\PSoC5/Arm_PWM_PM.c ****     }
 115:.\Generated_Source\PSoC5/Arm_PWM_PM.c **** 
 116:.\Generated_Source\PSoC5/Arm_PWM_PM.c **** 
 117:.\Generated_Source\PSoC5/Arm_PWM_PM.c **** /*******************************************************************************
 118:.\Generated_Source\PSoC5/Arm_PWM_PM.c **** * Function Name: Arm_PWM_Sleep
ARM GAS  C:\Users\xavieran\AppData\Local\Temp\ccAHBJce.s 			page 5


 119:.\Generated_Source\PSoC5/Arm_PWM_PM.c **** ********************************************************************************
 120:.\Generated_Source\PSoC5/Arm_PWM_PM.c **** *
 121:.\Generated_Source\PSoC5/Arm_PWM_PM.c **** * Summary:
 122:.\Generated_Source\PSoC5/Arm_PWM_PM.c **** *  Disables block's operation and saves the user configuration. Should be called
 123:.\Generated_Source\PSoC5/Arm_PWM_PM.c **** *  just prior to entering sleep.
 124:.\Generated_Source\PSoC5/Arm_PWM_PM.c **** *
 125:.\Generated_Source\PSoC5/Arm_PWM_PM.c **** * Parameters:
 126:.\Generated_Source\PSoC5/Arm_PWM_PM.c **** *  None
 127:.\Generated_Source\PSoC5/Arm_PWM_PM.c **** *
 128:.\Generated_Source\PSoC5/Arm_PWM_PM.c **** * Return:
 129:.\Generated_Source\PSoC5/Arm_PWM_PM.c **** *  None
 130:.\Generated_Source\PSoC5/Arm_PWM_PM.c **** *
 131:.\Generated_Source\PSoC5/Arm_PWM_PM.c **** * Global variables:
 132:.\Generated_Source\PSoC5/Arm_PWM_PM.c **** *  Arm_PWM_backup.PWMEnableState:  Is modified depending on the enable
 133:.\Generated_Source\PSoC5/Arm_PWM_PM.c **** *  state of the block before entering sleep mode.
 134:.\Generated_Source\PSoC5/Arm_PWM_PM.c **** *
 135:.\Generated_Source\PSoC5/Arm_PWM_PM.c **** *******************************************************************************/
 136:.\Generated_Source\PSoC5/Arm_PWM_PM.c **** void Arm_PWM_Sleep(void) 
 137:.\Generated_Source\PSoC5/Arm_PWM_PM.c **** {
 111              		.loc 1 137 0
 112              		.cfi_startproc
 113              		@ args = 0, pretend = 0, frame = 0
 114              		@ frame_needed = 0, uses_anonymous_args = 0
 115 0000 08B5     		push	{r3, lr}
 116              		.cfi_def_cfa_offset 8
 117              		.cfi_offset 3, -8
 118              		.cfi_offset 14, -4
 138:.\Generated_Source\PSoC5/Arm_PWM_PM.c ****     #if(Arm_PWM_UseControl)
 139:.\Generated_Source\PSoC5/Arm_PWM_PM.c ****         if(Arm_PWM_CTRL_ENABLE == (Arm_PWM_CONTROL & Arm_PWM_CTRL_ENABLE))
 119              		.loc 1 139 0
 120 0002 084B     		ldr	r3, .L10
 121 0004 1B78     		ldrb	r3, [r3]	@ zero_extendqisi2
 122 0006 13F0800F 		tst	r3, #128
 123 000a 03D0     		beq	.L8
 140:.\Generated_Source\PSoC5/Arm_PWM_PM.c ****         {
 141:.\Generated_Source\PSoC5/Arm_PWM_PM.c ****             /*Component is enabled */
 142:.\Generated_Source\PSoC5/Arm_PWM_PM.c ****             Arm_PWM_backup.PWMEnableState = 1u;
 124              		.loc 1 142 0
 125 000c 0122     		movs	r2, #1
 126 000e 064B     		ldr	r3, .L10+4
 127 0010 1A70     		strb	r2, [r3]
 128 0012 02E0     		b	.L9
 129              	.L8:
 143:.\Generated_Source\PSoC5/Arm_PWM_PM.c ****         }
 144:.\Generated_Source\PSoC5/Arm_PWM_PM.c ****         else
 145:.\Generated_Source\PSoC5/Arm_PWM_PM.c ****         {
 146:.\Generated_Source\PSoC5/Arm_PWM_PM.c ****             /* Component is disabled */
 147:.\Generated_Source\PSoC5/Arm_PWM_PM.c ****             Arm_PWM_backup.PWMEnableState = 0u;
 130              		.loc 1 147 0
 131 0014 0022     		movs	r2, #0
 132 0016 044B     		ldr	r3, .L10+4
 133 0018 1A70     		strb	r2, [r3]
 134              	.L9:
 148:.\Generated_Source\PSoC5/Arm_PWM_PM.c ****         }
 149:.\Generated_Source\PSoC5/Arm_PWM_PM.c ****     #endif /* (Arm_PWM_UseControl) */
 150:.\Generated_Source\PSoC5/Arm_PWM_PM.c **** 
 151:.\Generated_Source\PSoC5/Arm_PWM_PM.c ****     /* Stop component */
ARM GAS  C:\Users\xavieran\AppData\Local\Temp\ccAHBJce.s 			page 6


 152:.\Generated_Source\PSoC5/Arm_PWM_PM.c ****     Arm_PWM_Stop();
 135              		.loc 1 152 0
 136 001a FFF7FEFF 		bl	Arm_PWM_Stop
 137              	.LVL6:
 153:.\Generated_Source\PSoC5/Arm_PWM_PM.c **** 
 154:.\Generated_Source\PSoC5/Arm_PWM_PM.c ****     /* Save registers configuration */
 155:.\Generated_Source\PSoC5/Arm_PWM_PM.c ****     Arm_PWM_SaveConfig();
 138              		.loc 1 155 0
 139 001e FFF7FEFF 		bl	Arm_PWM_SaveConfig
 140              	.LVL7:
 141 0022 08BD     		pop	{r3, pc}
 142              	.L11:
 143              		.align	2
 144              	.L10:
 145 0024 73640040 		.word	1073767539
 146 0028 00000000 		.word	.LANCHOR0
 147              		.cfi_endproc
 148              	.LFE2:
 149              		.size	Arm_PWM_Sleep, .-Arm_PWM_Sleep
 150              		.section	.text.Arm_PWM_Wakeup,"ax",%progbits
 151              		.align	2
 152              		.global	Arm_PWM_Wakeup
 153              		.thumb
 154              		.thumb_func
 155              		.type	Arm_PWM_Wakeup, %function
 156              	Arm_PWM_Wakeup:
 157              	.LFB3:
 156:.\Generated_Source\PSoC5/Arm_PWM_PM.c **** }
 157:.\Generated_Source\PSoC5/Arm_PWM_PM.c **** 
 158:.\Generated_Source\PSoC5/Arm_PWM_PM.c **** 
 159:.\Generated_Source\PSoC5/Arm_PWM_PM.c **** /*******************************************************************************
 160:.\Generated_Source\PSoC5/Arm_PWM_PM.c **** * Function Name: Arm_PWM_Wakeup
 161:.\Generated_Source\PSoC5/Arm_PWM_PM.c **** ********************************************************************************
 162:.\Generated_Source\PSoC5/Arm_PWM_PM.c **** *
 163:.\Generated_Source\PSoC5/Arm_PWM_PM.c **** * Summary:
 164:.\Generated_Source\PSoC5/Arm_PWM_PM.c **** *  Restores and enables the user configuration. Should be called just after
 165:.\Generated_Source\PSoC5/Arm_PWM_PM.c **** *  awaking from sleep.
 166:.\Generated_Source\PSoC5/Arm_PWM_PM.c **** *
 167:.\Generated_Source\PSoC5/Arm_PWM_PM.c **** * Parameters:
 168:.\Generated_Source\PSoC5/Arm_PWM_PM.c **** *  None
 169:.\Generated_Source\PSoC5/Arm_PWM_PM.c **** *
 170:.\Generated_Source\PSoC5/Arm_PWM_PM.c **** * Return:
 171:.\Generated_Source\PSoC5/Arm_PWM_PM.c **** *  None
 172:.\Generated_Source\PSoC5/Arm_PWM_PM.c **** *
 173:.\Generated_Source\PSoC5/Arm_PWM_PM.c **** * Global variables:
 174:.\Generated_Source\PSoC5/Arm_PWM_PM.c **** *  Arm_PWM_backup.pwmEnable:  Is used to restore the enable state of
 175:.\Generated_Source\PSoC5/Arm_PWM_PM.c **** *  block on wakeup from sleep mode.
 176:.\Generated_Source\PSoC5/Arm_PWM_PM.c **** *
 177:.\Generated_Source\PSoC5/Arm_PWM_PM.c **** *******************************************************************************/
 178:.\Generated_Source\PSoC5/Arm_PWM_PM.c **** void Arm_PWM_Wakeup(void) 
 179:.\Generated_Source\PSoC5/Arm_PWM_PM.c **** {
 158              		.loc 1 179 0
 159              		.cfi_startproc
 160              		@ args = 0, pretend = 0, frame = 0
 161              		@ frame_needed = 0, uses_anonymous_args = 0
 162 0000 08B5     		push	{r3, lr}
 163              		.cfi_def_cfa_offset 8
ARM GAS  C:\Users\xavieran\AppData\Local\Temp\ccAHBJce.s 			page 7


 164              		.cfi_offset 3, -8
 165              		.cfi_offset 14, -4
 180:.\Generated_Source\PSoC5/Arm_PWM_PM.c ****      /* Restore registers values */
 181:.\Generated_Source\PSoC5/Arm_PWM_PM.c ****     Arm_PWM_RestoreConfig();
 166              		.loc 1 181 0
 167 0002 FFF7FEFF 		bl	Arm_PWM_RestoreConfig
 168              	.LVL8:
 182:.\Generated_Source\PSoC5/Arm_PWM_PM.c **** 
 183:.\Generated_Source\PSoC5/Arm_PWM_PM.c ****     if(Arm_PWM_backup.PWMEnableState != 0u)
 169              		.loc 1 183 0
 170 0006 034B     		ldr	r3, .L14
 171 0008 1B78     		ldrb	r3, [r3]	@ zero_extendqisi2
 172 000a 0BB1     		cbz	r3, .L12
 184:.\Generated_Source\PSoC5/Arm_PWM_PM.c ****     {
 185:.\Generated_Source\PSoC5/Arm_PWM_PM.c ****         /* Enable component's operation */
 186:.\Generated_Source\PSoC5/Arm_PWM_PM.c ****         Arm_PWM_Enable();
 173              		.loc 1 186 0
 174 000c FFF7FEFF 		bl	Arm_PWM_Enable
 175              	.LVL9:
 176              	.L12:
 177 0010 08BD     		pop	{r3, pc}
 178              	.L15:
 179 0012 00BF     		.align	2
 180              	.L14:
 181 0014 00000000 		.word	.LANCHOR0
 182              		.cfi_endproc
 183              	.LFE3:
 184              		.size	Arm_PWM_Wakeup, .-Arm_PWM_Wakeup
 185              		.bss
 186              		.align	2
 187              		.set	.LANCHOR0,. + 0
 188              		.type	Arm_PWM_backup, %object
 189              		.size	Arm_PWM_backup, 8
 190              	Arm_PWM_backup:
 191 0000 00000000 		.space	8
 191      00000000 
 192              		.text
 193              	.Letext0:
 194              		.file 2 ".\\Generated_Source\\PSoC5\\cytypes.h"
 195              		.file 3 ".\\Generated_Source\\PSoC5\\Arm_PWM.h"
 196              		.section	.debug_info,"",%progbits
 197              	.Ldebug_info0:
 198 0000 20020000 		.4byte	0x220
 199 0004 0400     		.2byte	0x4
 200 0006 00000000 		.4byte	.Ldebug_abbrev0
 201 000a 04       		.byte	0x4
 202 000b 01       		.uleb128 0x1
 203 000c EB010000 		.4byte	.LASF34
 204 0010 01       		.byte	0x1
 205 0011 21010000 		.4byte	.LASF35
 206 0015 6F010000 		.4byte	.LASF36
 207 0019 00000000 		.4byte	.Ldebug_ranges0+0
 208 001d 00000000 		.4byte	0
 209 0021 00000000 		.4byte	.Ldebug_line0
 210 0025 02       		.uleb128 0x2
 211 0026 01       		.byte	0x1
 212 0027 06       		.byte	0x6
ARM GAS  C:\Users\xavieran\AppData\Local\Temp\ccAHBJce.s 			page 8


 213 0028 BE020000 		.4byte	.LASF0
 214 002c 02       		.uleb128 0x2
 215 002d 01       		.byte	0x1
 216 002e 08       		.byte	0x8
 217 002f F0000000 		.4byte	.LASF1
 218 0033 02       		.uleb128 0x2
 219 0034 02       		.byte	0x2
 220 0035 05       		.byte	0x5
 221 0036 98020000 		.4byte	.LASF2
 222 003a 02       		.uleb128 0x2
 223 003b 02       		.byte	0x2
 224 003c 07       		.byte	0x7
 225 003d 49000000 		.4byte	.LASF3
 226 0041 02       		.uleb128 0x2
 227 0042 04       		.byte	0x4
 228 0043 05       		.byte	0x5
 229 0044 A2020000 		.4byte	.LASF4
 230 0048 02       		.uleb128 0x2
 231 0049 04       		.byte	0x4
 232 004a 07       		.byte	0x7
 233 004b A8000000 		.4byte	.LASF5
 234 004f 02       		.uleb128 0x2
 235 0050 08       		.byte	0x8
 236 0051 05       		.byte	0x5
 237 0052 70020000 		.4byte	.LASF6
 238 0056 02       		.uleb128 0x2
 239 0057 08       		.byte	0x8
 240 0058 07       		.byte	0x7
 241 0059 C0010000 		.4byte	.LASF7
 242 005d 03       		.uleb128 0x3
 243 005e 04       		.byte	0x4
 244 005f 05       		.byte	0x5
 245 0060 696E7400 		.ascii	"int\000"
 246 0064 02       		.uleb128 0x2
 247 0065 04       		.byte	0x4
 248 0066 07       		.byte	0x7
 249 0067 62010000 		.4byte	.LASF8
 250 006b 04       		.uleb128 0x4
 251 006c BA000000 		.4byte	.LASF9
 252 0070 02       		.byte	0x2
 253 0071 B3       		.byte	0xb3
 254 0072 2C000000 		.4byte	0x2c
 255 0076 04       		.uleb128 0x4
 256 0077 47010000 		.4byte	.LASF10
 257 007b 02       		.byte	0x2
 258 007c B4       		.byte	0xb4
 259 007d 3A000000 		.4byte	0x3a
 260 0081 02       		.uleb128 0x2
 261 0082 04       		.byte	0x4
 262 0083 04       		.byte	0x4
 263 0084 7E000000 		.4byte	.LASF11
 264 0088 02       		.uleb128 0x2
 265 0089 08       		.byte	0x8
 266 008a 04       		.byte	0x4
 267 008b FE000000 		.4byte	.LASF12
 268 008f 02       		.uleb128 0x2
 269 0090 01       		.byte	0x1
ARM GAS  C:\Users\xavieran\AppData\Local\Temp\ccAHBJce.s 			page 9


 270 0091 08       		.byte	0x8
 271 0092 93020000 		.4byte	.LASF13
 272 0096 05       		.uleb128 0x5
 273 0097 E6010000 		.4byte	.LASF14
 274 009b 02       		.byte	0x2
 275 009c 5D01     		.2byte	0x15d
 276 009e A2000000 		.4byte	0xa2
 277 00a2 06       		.uleb128 0x6
 278 00a3 6B000000 		.4byte	0x6b
 279 00a7 02       		.uleb128 0x2
 280 00a8 04       		.byte	0x4
 281 00a9 07       		.byte	0x7
 282 00aa 67020000 		.4byte	.LASF15
 283 00ae 07       		.uleb128 0x7
 284 00af 08       		.byte	0x8
 285 00b0 03       		.byte	0x3
 286 00b1 6B       		.byte	0x6b
 287 00b2 F3000000 		.4byte	0xf3
 288 00b6 08       		.uleb128 0x8
 289 00b7 99000000 		.4byte	.LASF16
 290 00bb 03       		.byte	0x3
 291 00bc 6E       		.byte	0x6e
 292 00bd 6B000000 		.4byte	0x6b
 293 00c1 00       		.byte	0
 294 00c2 08       		.uleb128 0x8
 295 00c3 00000000 		.4byte	.LASF17
 296 00c7 03       		.byte	0x3
 297 00c8 71       		.byte	0x71
 298 00c9 76000000 		.4byte	0x76
 299 00cd 02       		.byte	0x2
 300 00ce 08       		.uleb128 0x8
 301 00cf 07000000 		.4byte	.LASF18
 302 00d3 03       		.byte	0x3
 303 00d4 73       		.byte	0x73
 304 00d5 76000000 		.4byte	0x76
 305 00d9 04       		.byte	0x4
 306 00da 08       		.uleb128 0x8
 307 00db E6020000 		.4byte	.LASF19
 308 00df 03       		.byte	0x3
 309 00e0 76       		.byte	0x76
 310 00e1 6B000000 		.4byte	0x6b
 311 00e5 06       		.byte	0x6
 312 00e6 08       		.uleb128 0x8
 313 00e7 DD000000 		.4byte	.LASF20
 314 00eb 03       		.byte	0x3
 315 00ec 86       		.byte	0x86
 316 00ed 6B000000 		.4byte	0x6b
 317 00f1 07       		.byte	0x7
 318 00f2 00       		.byte	0
 319 00f3 04       		.uleb128 0x4
 320 00f4 7E020000 		.4byte	.LASF21
 321 00f8 03       		.byte	0x3
 322 00f9 8B       		.byte	0x8b
 323 00fa AE000000 		.4byte	0xae
 324 00fe 09       		.uleb128 0x9
 325 00ff AB020000 		.4byte	.LASF22
 326 0103 01       		.byte	0x1
ARM GAS  C:\Users\xavieran\AppData\Local\Temp\ccAHBJce.s 			page 10


 327 0104 2A       		.byte	0x2a
 328 0105 00000000 		.4byte	.LFB0
 329 0109 28000000 		.4byte	.LFE0-.LFB0
 330 010d 01       		.uleb128 0x1
 331 010e 9C       		.byte	0x9c
 332 010f 2F010000 		.4byte	0x12f
 333 0113 0A       		.uleb128 0xa
 334 0114 06000000 		.4byte	.LVL0
 335 0118 C1010000 		.4byte	0x1c1
 336 011c 0A       		.uleb128 0xa
 337 011d 0E000000 		.4byte	.LVL1
 338 0121 CC010000 		.4byte	0x1cc
 339 0125 0A       		.uleb128 0xa
 340 0126 1A000000 		.4byte	.LVL2
 341 012a D7010000 		.4byte	0x1d7
 342 012e 00       		.byte	0
 343 012f 09       		.uleb128 0x9
 344 0130 20000000 		.4byte	.LASF23
 345 0134 01       		.byte	0x1
 346 0135 58       		.byte	0x58
 347 0136 00000000 		.4byte	.LFB1
 348 013a 28000000 		.4byte	.LFE1-.LFB1
 349 013e 01       		.uleb128 0x1
 350 013f 9C       		.byte	0x9c
 351 0140 60010000 		.4byte	0x160
 352 0144 0A       		.uleb128 0xa
 353 0145 0A000000 		.4byte	.LVL3
 354 0149 E2010000 		.4byte	0x1e2
 355 014d 0A       		.uleb128 0xa
 356 014e 10000000 		.4byte	.LVL4
 357 0152 F3010000 		.4byte	0x1f3
 358 0156 0A       		.uleb128 0xa
 359 0157 1C000000 		.4byte	.LVL5
 360 015b 04020000 		.4byte	0x204
 361 015f 00       		.byte	0
 362 0160 09       		.uleb128 0x9
 363 0161 5C000000 		.4byte	.LASF24
 364 0165 01       		.byte	0x1
 365 0166 88       		.byte	0x88
 366 0167 00000000 		.4byte	.LFB2
 367 016b 2C000000 		.4byte	.LFE2-.LFB2
 368 016f 01       		.uleb128 0x1
 369 0170 9C       		.byte	0x9c
 370 0171 88010000 		.4byte	0x188
 371 0175 0A       		.uleb128 0xa
 372 0176 1E000000 		.4byte	.LVL6
 373 017a 15020000 		.4byte	0x215
 374 017e 0A       		.uleb128 0xa
 375 017f 22000000 		.4byte	.LVL7
 376 0183 FE000000 		.4byte	0xfe
 377 0187 00       		.byte	0
 378 0188 09       		.uleb128 0x9
 379 0189 11000000 		.4byte	.LASF25
 380 018d 01       		.byte	0x1
 381 018e B2       		.byte	0xb2
 382 018f 00000000 		.4byte	.LFB3
 383 0193 18000000 		.4byte	.LFE3-.LFB3
ARM GAS  C:\Users\xavieran\AppData\Local\Temp\ccAHBJce.s 			page 11


 384 0197 01       		.uleb128 0x1
 385 0198 9C       		.byte	0x9c
 386 0199 B0010000 		.4byte	0x1b0
 387 019d 0A       		.uleb128 0xa
 388 019e 06000000 		.4byte	.LVL8
 389 01a2 2F010000 		.4byte	0x12f
 390 01a6 0A       		.uleb128 0xa
 391 01a7 10000000 		.4byte	.LVL9
 392 01ab 1C020000 		.4byte	0x21c
 393 01af 00       		.byte	0
 394 01b0 0B       		.uleb128 0xb
 395 01b1 D7020000 		.4byte	.LASF37
 396 01b5 01       		.byte	0x1
 397 01b6 14       		.byte	0x14
 398 01b7 F3000000 		.4byte	0xf3
 399 01bb 05       		.uleb128 0x5
 400 01bc 03       		.byte	0x3
 401 01bd 00000000 		.4byte	Arm_PWM_backup
 402 01c1 0C       		.uleb128 0xc
 403 01c2 36000000 		.4byte	.LASF26
 404 01c6 03       		.byte	0x3
 405 01c7 C0       		.byte	0xc0
 406 01c8 76000000 		.4byte	0x76
 407 01cc 0C       		.uleb128 0xc
 408 01cd 6A000000 		.4byte	.LASF27
 409 01d1 03       		.byte	0x3
 410 01d2 B3       		.byte	0xb3
 411 01d3 76000000 		.4byte	0x76
 412 01d7 0C       		.uleb128 0xc
 413 01d8 05010000 		.4byte	.LASF28
 414 01dc 03       		.byte	0x3
 415 01dd 9D       		.byte	0x9d
 416 01de 6B000000 		.4byte	0x6b
 417 01e2 0D       		.uleb128 0xd
 418 01e3 4E010000 		.4byte	.LASF29
 419 01e7 03       		.byte	0x3
 420 01e8 BE       		.byte	0xbe
 421 01e9 F3010000 		.4byte	0x1f3
 422 01ed 0E       		.uleb128 0xe
 423 01ee 76000000 		.4byte	0x76
 424 01f2 00       		.byte	0
 425 01f3 0D       		.uleb128 0xd
 426 01f4 84000000 		.4byte	.LASF30
 427 01f8 03       		.byte	0x3
 428 01f9 BA       		.byte	0xba
 429 01fa 04020000 		.4byte	0x204
 430 01fe 0E       		.uleb128 0xe
 431 01ff 76000000 		.4byte	0x76
 432 0203 00       		.byte	0
 433 0204 0D       		.uleb128 0xd
 434 0205 C0000000 		.4byte	.LASF31
 435 0209 03       		.byte	0x3
 436 020a 9E       		.byte	0x9e
 437 020b 15020000 		.4byte	0x215
 438 020f 0E       		.uleb128 0xe
 439 0210 6B000000 		.4byte	0x6b
 440 0214 00       		.byte	0
ARM GAS  C:\Users\xavieran\AppData\Local\Temp\ccAHBJce.s 			page 12


 441 0215 0F       		.uleb128 0xf
 442 0216 CA020000 		.4byte	.LASF32
 443 021a 03       		.byte	0x3
 444 021b 93       		.byte	0x93
 445 021c 0F       		.uleb128 0xf
 446 021d D7010000 		.4byte	.LASF33
 447 0221 03       		.byte	0x3
 448 0222 DB       		.byte	0xdb
 449 0223 00       		.byte	0
 450              		.section	.debug_abbrev,"",%progbits
 451              	.Ldebug_abbrev0:
 452 0000 01       		.uleb128 0x1
 453 0001 11       		.uleb128 0x11
 454 0002 01       		.byte	0x1
 455 0003 25       		.uleb128 0x25
 456 0004 0E       		.uleb128 0xe
 457 0005 13       		.uleb128 0x13
 458 0006 0B       		.uleb128 0xb
 459 0007 03       		.uleb128 0x3
 460 0008 0E       		.uleb128 0xe
 461 0009 1B       		.uleb128 0x1b
 462 000a 0E       		.uleb128 0xe
 463 000b 55       		.uleb128 0x55
 464 000c 17       		.uleb128 0x17
 465 000d 11       		.uleb128 0x11
 466 000e 01       		.uleb128 0x1
 467 000f 10       		.uleb128 0x10
 468 0010 17       		.uleb128 0x17
 469 0011 00       		.byte	0
 470 0012 00       		.byte	0
 471 0013 02       		.uleb128 0x2
 472 0014 24       		.uleb128 0x24
 473 0015 00       		.byte	0
 474 0016 0B       		.uleb128 0xb
 475 0017 0B       		.uleb128 0xb
 476 0018 3E       		.uleb128 0x3e
 477 0019 0B       		.uleb128 0xb
 478 001a 03       		.uleb128 0x3
 479 001b 0E       		.uleb128 0xe
 480 001c 00       		.byte	0
 481 001d 00       		.byte	0
 482 001e 03       		.uleb128 0x3
 483 001f 24       		.uleb128 0x24
 484 0020 00       		.byte	0
 485 0021 0B       		.uleb128 0xb
 486 0022 0B       		.uleb128 0xb
 487 0023 3E       		.uleb128 0x3e
 488 0024 0B       		.uleb128 0xb
 489 0025 03       		.uleb128 0x3
 490 0026 08       		.uleb128 0x8
 491 0027 00       		.byte	0
 492 0028 00       		.byte	0
 493 0029 04       		.uleb128 0x4
 494 002a 16       		.uleb128 0x16
 495 002b 00       		.byte	0
 496 002c 03       		.uleb128 0x3
 497 002d 0E       		.uleb128 0xe
ARM GAS  C:\Users\xavieran\AppData\Local\Temp\ccAHBJce.s 			page 13


 498 002e 3A       		.uleb128 0x3a
 499 002f 0B       		.uleb128 0xb
 500 0030 3B       		.uleb128 0x3b
 501 0031 0B       		.uleb128 0xb
 502 0032 49       		.uleb128 0x49
 503 0033 13       		.uleb128 0x13
 504 0034 00       		.byte	0
 505 0035 00       		.byte	0
 506 0036 05       		.uleb128 0x5
 507 0037 16       		.uleb128 0x16
 508 0038 00       		.byte	0
 509 0039 03       		.uleb128 0x3
 510 003a 0E       		.uleb128 0xe
 511 003b 3A       		.uleb128 0x3a
 512 003c 0B       		.uleb128 0xb
 513 003d 3B       		.uleb128 0x3b
 514 003e 05       		.uleb128 0x5
 515 003f 49       		.uleb128 0x49
 516 0040 13       		.uleb128 0x13
 517 0041 00       		.byte	0
 518 0042 00       		.byte	0
 519 0043 06       		.uleb128 0x6
 520 0044 35       		.uleb128 0x35
 521 0045 00       		.byte	0
 522 0046 49       		.uleb128 0x49
 523 0047 13       		.uleb128 0x13
 524 0048 00       		.byte	0
 525 0049 00       		.byte	0
 526 004a 07       		.uleb128 0x7
 527 004b 13       		.uleb128 0x13
 528 004c 01       		.byte	0x1
 529 004d 0B       		.uleb128 0xb
 530 004e 0B       		.uleb128 0xb
 531 004f 3A       		.uleb128 0x3a
 532 0050 0B       		.uleb128 0xb
 533 0051 3B       		.uleb128 0x3b
 534 0052 0B       		.uleb128 0xb
 535 0053 01       		.uleb128 0x1
 536 0054 13       		.uleb128 0x13
 537 0055 00       		.byte	0
 538 0056 00       		.byte	0
 539 0057 08       		.uleb128 0x8
 540 0058 0D       		.uleb128 0xd
 541 0059 00       		.byte	0
 542 005a 03       		.uleb128 0x3
 543 005b 0E       		.uleb128 0xe
 544 005c 3A       		.uleb128 0x3a
 545 005d 0B       		.uleb128 0xb
 546 005e 3B       		.uleb128 0x3b
 547 005f 0B       		.uleb128 0xb
 548 0060 49       		.uleb128 0x49
 549 0061 13       		.uleb128 0x13
 550 0062 38       		.uleb128 0x38
 551 0063 0B       		.uleb128 0xb
 552 0064 00       		.byte	0
 553 0065 00       		.byte	0
 554 0066 09       		.uleb128 0x9
ARM GAS  C:\Users\xavieran\AppData\Local\Temp\ccAHBJce.s 			page 14


 555 0067 2E       		.uleb128 0x2e
 556 0068 01       		.byte	0x1
 557 0069 3F       		.uleb128 0x3f
 558 006a 19       		.uleb128 0x19
 559 006b 03       		.uleb128 0x3
 560 006c 0E       		.uleb128 0xe
 561 006d 3A       		.uleb128 0x3a
 562 006e 0B       		.uleb128 0xb
 563 006f 3B       		.uleb128 0x3b
 564 0070 0B       		.uleb128 0xb
 565 0071 27       		.uleb128 0x27
 566 0072 19       		.uleb128 0x19
 567 0073 11       		.uleb128 0x11
 568 0074 01       		.uleb128 0x1
 569 0075 12       		.uleb128 0x12
 570 0076 06       		.uleb128 0x6
 571 0077 40       		.uleb128 0x40
 572 0078 18       		.uleb128 0x18
 573 0079 9742     		.uleb128 0x2117
 574 007b 19       		.uleb128 0x19
 575 007c 01       		.uleb128 0x1
 576 007d 13       		.uleb128 0x13
 577 007e 00       		.byte	0
 578 007f 00       		.byte	0
 579 0080 0A       		.uleb128 0xa
 580 0081 898201   		.uleb128 0x4109
 581 0084 00       		.byte	0
 582 0085 11       		.uleb128 0x11
 583 0086 01       		.uleb128 0x1
 584 0087 31       		.uleb128 0x31
 585 0088 13       		.uleb128 0x13
 586 0089 00       		.byte	0
 587 008a 00       		.byte	0
 588 008b 0B       		.uleb128 0xb
 589 008c 34       		.uleb128 0x34
 590 008d 00       		.byte	0
 591 008e 03       		.uleb128 0x3
 592 008f 0E       		.uleb128 0xe
 593 0090 3A       		.uleb128 0x3a
 594 0091 0B       		.uleb128 0xb
 595 0092 3B       		.uleb128 0x3b
 596 0093 0B       		.uleb128 0xb
 597 0094 49       		.uleb128 0x49
 598 0095 13       		.uleb128 0x13
 599 0096 02       		.uleb128 0x2
 600 0097 18       		.uleb128 0x18
 601 0098 00       		.byte	0
 602 0099 00       		.byte	0
 603 009a 0C       		.uleb128 0xc
 604 009b 2E       		.uleb128 0x2e
 605 009c 00       		.byte	0
 606 009d 3F       		.uleb128 0x3f
 607 009e 19       		.uleb128 0x19
 608 009f 03       		.uleb128 0x3
 609 00a0 0E       		.uleb128 0xe
 610 00a1 3A       		.uleb128 0x3a
 611 00a2 0B       		.uleb128 0xb
ARM GAS  C:\Users\xavieran\AppData\Local\Temp\ccAHBJce.s 			page 15


 612 00a3 3B       		.uleb128 0x3b
 613 00a4 0B       		.uleb128 0xb
 614 00a5 27       		.uleb128 0x27
 615 00a6 19       		.uleb128 0x19
 616 00a7 49       		.uleb128 0x49
 617 00a8 13       		.uleb128 0x13
 618 00a9 3C       		.uleb128 0x3c
 619 00aa 19       		.uleb128 0x19
 620 00ab 00       		.byte	0
 621 00ac 00       		.byte	0
 622 00ad 0D       		.uleb128 0xd
 623 00ae 2E       		.uleb128 0x2e
 624 00af 01       		.byte	0x1
 625 00b0 3F       		.uleb128 0x3f
 626 00b1 19       		.uleb128 0x19
 627 00b2 03       		.uleb128 0x3
 628 00b3 0E       		.uleb128 0xe
 629 00b4 3A       		.uleb128 0x3a
 630 00b5 0B       		.uleb128 0xb
 631 00b6 3B       		.uleb128 0x3b
 632 00b7 0B       		.uleb128 0xb
 633 00b8 27       		.uleb128 0x27
 634 00b9 19       		.uleb128 0x19
 635 00ba 3C       		.uleb128 0x3c
 636 00bb 19       		.uleb128 0x19
 637 00bc 01       		.uleb128 0x1
 638 00bd 13       		.uleb128 0x13
 639 00be 00       		.byte	0
 640 00bf 00       		.byte	0
 641 00c0 0E       		.uleb128 0xe
 642 00c1 05       		.uleb128 0x5
 643 00c2 00       		.byte	0
 644 00c3 49       		.uleb128 0x49
 645 00c4 13       		.uleb128 0x13
 646 00c5 00       		.byte	0
 647 00c6 00       		.byte	0
 648 00c7 0F       		.uleb128 0xf
 649 00c8 2E       		.uleb128 0x2e
 650 00c9 00       		.byte	0
 651 00ca 3F       		.uleb128 0x3f
 652 00cb 19       		.uleb128 0x19
 653 00cc 03       		.uleb128 0x3
 654 00cd 0E       		.uleb128 0xe
 655 00ce 3A       		.uleb128 0x3a
 656 00cf 0B       		.uleb128 0xb
 657 00d0 3B       		.uleb128 0x3b
 658 00d1 0B       		.uleb128 0xb
 659 00d2 27       		.uleb128 0x27
 660 00d3 19       		.uleb128 0x19
 661 00d4 3C       		.uleb128 0x3c
 662 00d5 19       		.uleb128 0x19
 663 00d6 00       		.byte	0
 664 00d7 00       		.byte	0
 665 00d8 00       		.byte	0
 666              		.section	.debug_aranges,"",%progbits
 667 0000 34000000 		.4byte	0x34
 668 0004 0200     		.2byte	0x2
ARM GAS  C:\Users\xavieran\AppData\Local\Temp\ccAHBJce.s 			page 16


 669 0006 00000000 		.4byte	.Ldebug_info0
 670 000a 04       		.byte	0x4
 671 000b 00       		.byte	0
 672 000c 0000     		.2byte	0
 673 000e 0000     		.2byte	0
 674 0010 00000000 		.4byte	.LFB0
 675 0014 28000000 		.4byte	.LFE0-.LFB0
 676 0018 00000000 		.4byte	.LFB1
 677 001c 28000000 		.4byte	.LFE1-.LFB1
 678 0020 00000000 		.4byte	.LFB2
 679 0024 2C000000 		.4byte	.LFE2-.LFB2
 680 0028 00000000 		.4byte	.LFB3
 681 002c 18000000 		.4byte	.LFE3-.LFB3
 682 0030 00000000 		.4byte	0
 683 0034 00000000 		.4byte	0
 684              		.section	.debug_ranges,"",%progbits
 685              	.Ldebug_ranges0:
 686 0000 00000000 		.4byte	.LFB0
 687 0004 28000000 		.4byte	.LFE0
 688 0008 00000000 		.4byte	.LFB1
 689 000c 28000000 		.4byte	.LFE1
 690 0010 00000000 		.4byte	.LFB2
 691 0014 2C000000 		.4byte	.LFE2
 692 0018 00000000 		.4byte	.LFB3
 693 001c 18000000 		.4byte	.LFE3
 694 0020 00000000 		.4byte	0
 695 0024 00000000 		.4byte	0
 696              		.section	.debug_line,"",%progbits
 697              	.Ldebug_line0:
 698 0000 AF000000 		.section	.debug_str,"MS",%progbits,1
 698      02005600 
 698      00000201 
 698      FB0E0D00 
 698      01010101 
 699              	.LASF17:
 700 0000 50574D55 		.ascii	"PWMUdb\000"
 700      646200
 701              	.LASF18:
 702 0007 50574D50 		.ascii	"PWMPeriod\000"
 702      6572696F 
 702      6400
 703              	.LASF25:
 704 0011 41726D5F 		.ascii	"Arm_PWM_Wakeup\000"
 704      50574D5F 
 704      57616B65 
 704      757000
 705              	.LASF23:
 706 0020 41726D5F 		.ascii	"Arm_PWM_RestoreConfig\000"
 706      50574D5F 
 706      52657374 
 706      6F726543 
 706      6F6E6669 
 707              	.LASF26:
 708 0036 41726D5F 		.ascii	"Arm_PWM_ReadPeriod\000"
 708      50574D5F 
 708      52656164 
 708      50657269 
ARM GAS  C:\Users\xavieran\AppData\Local\Temp\ccAHBJce.s 			page 17


 708      6F6400
 709              	.LASF3:
 710 0049 73686F72 		.ascii	"short unsigned int\000"
 710      7420756E 
 710      7369676E 
 710      65642069 
 710      6E7400
 711              	.LASF24:
 712 005c 41726D5F 		.ascii	"Arm_PWM_Sleep\000"
 712      50574D5F 
 712      536C6565 
 712      7000
 713              	.LASF27:
 714 006a 41726D5F 		.ascii	"Arm_PWM_ReadCounter\000"
 714      50574D5F 
 714      52656164 
 714      436F756E 
 714      74657200 
 715              	.LASF11:
 716 007e 666C6F61 		.ascii	"float\000"
 716      7400
 717              	.LASF30:
 718 0084 41726D5F 		.ascii	"Arm_PWM_WriteCounter\000"
 718      50574D5F 
 718      57726974 
 718      65436F75 
 718      6E746572 
 719              	.LASF16:
 720 0099 50574D45 		.ascii	"PWMEnableState\000"
 720      6E61626C 
 720      65537461 
 720      746500
 721              	.LASF5:
 722 00a8 6C6F6E67 		.ascii	"long unsigned int\000"
 722      20756E73 
 722      69676E65 
 722      6420696E 
 722      7400
 723              	.LASF9:
 724 00ba 75696E74 		.ascii	"uint8\000"
 724      3800
 725              	.LASF31:
 726 00c0 41726D5F 		.ascii	"Arm_PWM_WriteControlRegister\000"
 726      50574D5F 
 726      57726974 
 726      65436F6E 
 726      74726F6C 
 727              	.LASF20:
 728 00dd 50574D43 		.ascii	"PWMControlRegister\000"
 728      6F6E7472 
 728      6F6C5265 
 728      67697374 
 728      657200
 729              	.LASF1:
 730 00f0 756E7369 		.ascii	"unsigned char\000"
 730      676E6564 
 730      20636861 
ARM GAS  C:\Users\xavieran\AppData\Local\Temp\ccAHBJce.s 			page 18


 730      7200
 731              	.LASF12:
 732 00fe 646F7562 		.ascii	"double\000"
 732      6C6500
 733              	.LASF28:
 734 0105 41726D5F 		.ascii	"Arm_PWM_ReadControlRegister\000"
 734      50574D5F 
 734      52656164 
 734      436F6E74 
 734      726F6C52 
 735              	.LASF35:
 736 0121 2E5C4765 		.ascii	".\\Generated_Source\\PSoC5\\Arm_PWM_PM.c\000"
 736      6E657261 
 736      7465645F 
 736      536F7572 
 736      63655C50 
 737              	.LASF10:
 738 0147 75696E74 		.ascii	"uint16\000"
 738      313600
 739              	.LASF29:
 740 014e 41726D5F 		.ascii	"Arm_PWM_WritePeriod\000"
 740      50574D5F 
 740      57726974 
 740      65506572 
 740      696F6400 
 741              	.LASF8:
 742 0162 756E7369 		.ascii	"unsigned int\000"
 742      676E6564 
 742      20696E74 
 742      00
 743              	.LASF36:
 744 016f 433A5C55 		.ascii	"C:\\Users\\xavieran\\Desktop\\ECE3091\\PSOCProjects"
 744      73657273 
 744      5C786176 
 744      69657261 
 744      6E5C4465 
 745 019d 5C454E47 		.ascii	"\\ENG3091_MandM\\ENG3091_MandM.cydsn\000"
 745      33303931 
 745      5F4D616E 
 745      644D5C45 
 745      4E473330 
 746              	.LASF7:
 747 01c0 6C6F6E67 		.ascii	"long long unsigned int\000"
 747      206C6F6E 
 747      6720756E 
 747      7369676E 
 747      65642069 
 748              	.LASF33:
 749 01d7 41726D5F 		.ascii	"Arm_PWM_Enable\000"
 749      50574D5F 
 749      456E6162 
 749      6C6500
 750              	.LASF14:
 751 01e6 72656738 		.ascii	"reg8\000"
 751      00
 752              	.LASF34:
 753 01eb 474E5520 		.ascii	"GNU C 4.8.4 20140526 (release) [ARM/embedded-4_8-br"
ARM GAS  C:\Users\xavieran\AppData\Local\Temp\ccAHBJce.s 			page 19


 753      4320342E 
 753      382E3420 
 753      32303134 
 753      30353236 
 754 021e 616E6368 		.ascii	"anch revision 211358] -mcpu=cortex-m3 -mthumb -g -O"
 754      20726576 
 754      6973696F 
 754      6E203231 
 754      31333538 
 755 0251 67202D66 		.ascii	"g -ffunction-sections\000"
 755      66756E63 
 755      74696F6E 
 755      2D736563 
 755      74696F6E 
 756              	.LASF15:
 757 0267 73697A65 		.ascii	"sizetype\000"
 757      74797065 
 757      00
 758              	.LASF6:
 759 0270 6C6F6E67 		.ascii	"long long int\000"
 759      206C6F6E 
 759      6720696E 
 759      7400
 760              	.LASF21:
 761 027e 41726D5F 		.ascii	"Arm_PWM_backupStruct\000"
 761      50574D5F 
 761      6261636B 
 761      75705374 
 761      72756374 
 762              	.LASF13:
 763 0293 63686172 		.ascii	"char\000"
 763      00
 764              	.LASF2:
 765 0298 73686F72 		.ascii	"short int\000"
 765      7420696E 
 765      7400
 766              	.LASF4:
 767 02a2 6C6F6E67 		.ascii	"long int\000"
 767      20696E74 
 767      00
 768              	.LASF22:
 769 02ab 41726D5F 		.ascii	"Arm_PWM_SaveConfig\000"
 769      50574D5F 
 769      53617665 
 769      436F6E66 
 769      696700
 770              	.LASF0:
 771 02be 7369676E 		.ascii	"signed char\000"
 771      65642063 
 771      68617200 
 772              	.LASF32:
 773 02ca 41726D5F 		.ascii	"Arm_PWM_Stop\000"
 773      50574D5F 
 773      53746F70 
 773      00
 774              	.LASF37:
 775 02d7 41726D5F 		.ascii	"Arm_PWM_backup\000"
ARM GAS  C:\Users\xavieran\AppData\Local\Temp\ccAHBJce.s 			page 20


 775      50574D5F 
 775      6261636B 
 775      757000
 776              	.LASF19:
 777 02e6 496E7465 		.ascii	"InterruptMaskValue\000"
 777      72727570 
 777      744D6173 
 777      6B56616C 
 777      756500
 778              		.ident	"GCC: (GNU Tools for ARM Embedded Processors) 4.8.4 20140526 (release) [ARM/embedded-4_8-br
