ARM GAS  C:\Users\xavieran\AppData\Local\Temp\ccKbBOgn.s 			page 1


   1              		.syntax unified
   2              		.cpu cortex-m3
   3              		.fpu softvfp
   4              		.eabi_attribute 20, 1
   5              		.eabi_attribute 21, 1
   6              		.eabi_attribute 23, 3
   7              		.eabi_attribute 24, 1
   8              		.eabi_attribute 25, 1
   9              		.eabi_attribute 26, 1
  10              		.eabi_attribute 30, 1
  11              		.eabi_attribute 34, 1
  12              		.eabi_attribute 18, 4
  13              		.thumb
  14              		.file	"blob_stats.c"
  15              		.text
  16              	.Ltext0:
  17              		.cfi_sections	.debug_frame
  18              		.section	.text.blob_comp,"ax",%progbits
  19              		.align	2
  20              		.global	blob_comp
  21              		.thumb
  22              		.thumb_func
  23              		.type	blob_comp, %function
  24              	blob_comp:
  25              	.LFB65:
  26              		.file 1 ".\\blob_stats.c"
   1:.\blob_stats.c **** #include <stdlib.h>
   2:.\blob_stats.c **** #include <project.h>
   3:.\blob_stats.c **** #include <my_camera_functions.h>
   4:.\blob_stats.c **** 
   5:.\blob_stats.c **** #define NUMBER_OF_BLOBS 100
   6:.\blob_stats.c **** #define PIXELS_FROM_CENTRE 4
   7:.\blob_stats.c **** 
   8:.\blob_stats.c **** typedef struct
   9:.\blob_stats.c **** {
  10:.\blob_stats.c ****     int colour;
  11:.\blob_stats.c ****     uint16 size;
  12:.\blob_stats.c ****     uint32 x_sum,y_sum;
  13:.\blob_stats.c **** } blob;
  14:.\blob_stats.c **** 
  15:.\blob_stats.c **** blob blobs[NUMBER_OF_BLOBS];
  16:.\blob_stats.c **** 
  17:.\blob_stats.c **** int blob_comp(const void *a, const void *b);
  18:.\blob_stats.c **** 
  19:.\blob_stats.c **** void blob_detect()
  20:.\blob_stats.c **** {
  21:.\blob_stats.c **** 	int labels[88];
  22:.\blob_stats.c **** 	int x,y,keep,drop,colour,current_available_label = 0;
  23:.\blob_stats.c ****     int i;
  24:.\blob_stats.c **** 	memset(blobs,0,sizeof(blobs));
  25:.\blob_stats.c **** 	memset(labels,-1,sizeof(labels));
  26:.\blob_stats.c **** 	for(y = 1; y < 144; y++)
  27:.\blob_stats.c **** 	{
  28:.\blob_stats.c **** 		for(x = 1; x < 88; x++)
  29:.\blob_stats.c **** 		{
  30:.\blob_stats.c **** 			if(PixelColour(x,y) == NONE)
  31:.\blob_stats.c **** 			{
ARM GAS  C:\Users\xavieran\AppData\Local\Temp\ccKbBOgn.s 			page 2


  32:.\blob_stats.c **** 				labels[x] = -1;
  33:.\blob_stats.c **** 			}
  34:.\blob_stats.c **** 			else if(PixelColour(x,y) == PixelColour(x-1,y))
  35:.\blob_stats.c **** 			{
  36:.\blob_stats.c **** 				if(PixelColour(x,y) == PixelColour(x,y-1) && labels[x] != labels[x-1])
  37:.\blob_stats.c **** 				{
  38:.\blob_stats.c **** 					keep = labels[x-1];
  39:.\blob_stats.c **** 					drop = labels[x];
  40:.\blob_stats.c **** 
  41:.\blob_stats.c **** 					//Merge Blobs
  42:.\blob_stats.c **** 					blobs[labels[x-1]].size += blobs[labels[x]].size;
  43:.\blob_stats.c **** 					blobs[labels[x-1]].x_sum += blobs[labels[x]].x_sum;
  44:.\blob_stats.c **** 					blobs[labels[x-1]].y_sum += blobs[labels[x]].y_sum;
  45:.\blob_stats.c **** 
  46:.\blob_stats.c **** 					//Drop Blob
  47:.\blob_stats.c **** 					blobs[labels[x]].colour = NONE;
  48:.\blob_stats.c **** 					blobs[labels[x]].size = 0;
  49:.\blob_stats.c **** 					blobs[labels[x]].x_sum = 0;
  50:.\blob_stats.c **** 					blobs[labels[x]].y_sum = 0;
  51:.\blob_stats.c **** 					for(i = x; i < 88; i++)
  52:.\blob_stats.c **** 					{
  53:.\blob_stats.c **** 						if(labels[i] == drop)
  54:.\blob_stats.c **** 						{
  55:.\blob_stats.c **** 							labels[i] = keep;
  56:.\blob_stats.c **** 						}
  57:.\blob_stats.c **** 					}
  58:.\blob_stats.c **** 				}
  59:.\blob_stats.c **** 				labels[x] = labels[x-1];
  60:.\blob_stats.c **** 			}
  61:.\blob_stats.c **** 			else if(PixelColour(x,y) == PixelColour(x,y-1))
  62:.\blob_stats.c **** 			{
  63:.\blob_stats.c **** 				// Same as above, but not to the left. An "Edge"
  64:.\blob_stats.c **** 				labels[x] = labels[x];
  65:.\blob_stats.c **** 			}
  66:.\blob_stats.c **** 			else
  67:.\blob_stats.c **** 			{
  68:.\blob_stats.c **** 				//New Label
  69:.\blob_stats.c **** 				labels[x] = current_available_label++;
  70:.\blob_stats.c **** 			}
  71:.\blob_stats.c **** 			if(labels[x] != -1)
  72:.\blob_stats.c **** 			{
  73:.\blob_stats.c **** 				blobs[labels[x]].colour = PixelColour(x,y);
  74:.\blob_stats.c **** 				blobs[labels[x]].size++;
  75:.\blob_stats.c **** 				blobs[labels[x]].x_sum += x;
  76:.\blob_stats.c **** 				blobs[labels[y]].y_sum += (y * 2);
  77:.\blob_stats.c **** 			}
  78:.\blob_stats.c **** 		}
  79:.\blob_stats.c **** 	}
  80:.\blob_stats.c ****     // THE MOST IMPORTANT LINE IN BLOB STATS
  81:.\blob_stats.c ****     qsort(blobs,NUMBER_OF_BLOBS,sizeof(blob),blob_comp);           
  82:.\blob_stats.c **** }
  83:.\blob_stats.c **** 
  84:.\blob_stats.c **** uint16 blob_count(int size)
  85:.\blob_stats.c **** {
  86:.\blob_stats.c **** 	uint16 count = 0; 
  87:.\blob_stats.c ****     int i;
  88:.\blob_stats.c **** 	for(i = 0; i < NUMBER_OF_BLOBS; i++)
ARM GAS  C:\Users\xavieran\AppData\Local\Temp\ccKbBOgn.s 			page 3


  89:.\blob_stats.c **** 	{
  90:.\blob_stats.c **** 		if(blobs[i].size >= size)
  91:.\blob_stats.c **** 		{
  92:.\blob_stats.c **** 			count++;
  93:.\blob_stats.c **** 		}
  94:.\blob_stats.c **** 	}
  95:.\blob_stats.c **** 	return count;
  96:.\blob_stats.c **** }
  97:.\blob_stats.c **** 
  98:.\blob_stats.c **** int blob_comp(const void *a, const void *b)
  99:.\blob_stats.c **** {
  27              		.loc 1 99 0
  28              		.cfi_startproc
  29              		@ args = 0, pretend = 0, frame = 32
  30              		@ frame_needed = 0, uses_anonymous_args = 0
  31              		@ link register save eliminated.
  32              	.LVL0:
  33 0000 30B4     		push	{r4, r5}
  34              		.cfi_def_cfa_offset 8
  35              		.cfi_offset 4, -8
  36              		.cfi_offset 5, -4
  37 0002 88B0     		sub	sp, sp, #32
  38              		.cfi_def_cfa_offset 40
  39 0004 0D46     		mov	r5, r1
 100:.\blob_stats.c ****     blob b1 = *((blob *) a);
  40              		.loc 1 100 0
  41 0006 0FC8     		ldmia	r0, {r0, r1, r2, r3}
  42              	.LVL1:
  43 0008 08AC     		add	r4, sp, #32
  44 000a 04E90F00 		stmdb	r4, {r0, r1, r2, r3}
 101:.\blob_stats.c ****     blob b2 = *((blob *) b);
  45              		.loc 1 101 0
  46 000e 95E80F00 		ldmia	r5, {r0, r1, r2, r3}
  47 0012 8DE80F00 		stmia	sp, {r0, r1, r2, r3}
 102:.\blob_stats.c ****     
 103:.\blob_stats.c ****     if(b1.size > b2.size)
  48              		.loc 1 103 0
  49 0016 BDF81420 		ldrh	r2, [sp, #20]
  50 001a BDF80430 		ldrh	r3, [sp, #4]
  51 001e 9A42     		cmp	r2, r3
  52 0020 02D8     		bhi	.L3
 104:.\blob_stats.c ****     {
 105:.\blob_stats.c ****         return -1;
 106:.\blob_stats.c ****     }
 107:.\blob_stats.c ****     else if(b2.size > b1.size)
  53              		.loc 1 107 0
  54 0022 04D2     		bcs	.L4
 108:.\blob_stats.c ****     {
 109:.\blob_stats.c ****         return 1;
  55              		.loc 1 109 0
  56 0024 0120     		movs	r0, #1
  57 0026 03E0     		b	.L2
  58              	.L3:
 105:.\blob_stats.c ****         return -1;
  59              		.loc 1 105 0
  60 0028 4FF0FF30 		mov	r0, #-1
  61 002c 00E0     		b	.L2
ARM GAS  C:\Users\xavieran\AppData\Local\Temp\ccKbBOgn.s 			page 4


  62              	.L4:
 110:.\blob_stats.c ****     }
 111:.\blob_stats.c ****     else return 0;
  63              		.loc 1 111 0
  64 002e 0020     		movs	r0, #0
  65              	.L2:
 112:.\blob_stats.c **** }
  66              		.loc 1 112 0
  67 0030 08B0     		add	sp, sp, #32
  68              		@ sp needed
  69 0032 30BC     		pop	{r4, r5}
  70              	.LVL2:
  71 0034 7047     		bx	lr
  72              		.cfi_endproc
  73              	.LFE65:
  74              		.size	blob_comp, .-blob_comp
  75 0036 00BF     		.section	.text.blob_detect,"ax",%progbits
  76              		.align	2
  77              		.global	blob_detect
  78              		.thumb
  79              		.thumb_func
  80              		.type	blob_detect, %function
  81              	blob_detect:
  82              	.LFB63:
  20:.\blob_stats.c **** {
  83              		.loc 1 20 0
  84              		.cfi_startproc
  85              		@ args = 0, pretend = 0, frame = 360
  86              		@ frame_needed = 0, uses_anonymous_args = 0
  87 0000 2DE9F04F 		push	{r4, r5, r6, r7, r8, r9, r10, fp, lr}
  88              		.cfi_def_cfa_offset 36
  89              		.cfi_offset 4, -36
  90              		.cfi_offset 5, -32
  91              		.cfi_offset 6, -28
  92              		.cfi_offset 7, -24
  93              		.cfi_offset 8, -20
  94              		.cfi_offset 9, -16
  95              		.cfi_offset 10, -12
  96              		.cfi_offset 11, -8
  97              		.cfi_offset 14, -4
  98 0004 DBB0     		sub	sp, sp, #364
  99              		.cfi_def_cfa_offset 400
 100              	.LVL3:
  24:.\blob_stats.c **** 	memset(blobs,0,sizeof(blobs));
 101              		.loc 1 24 0
 102 0006 6548     		ldr	r0, .L18
 103 0008 0021     		movs	r1, #0
 104 000a 4FF4C862 		mov	r2, #1600
 105 000e FFF7FEFF 		bl	memset
 106              	.LVL4:
  25:.\blob_stats.c **** 	memset(labels,-1,sizeof(labels));
 107              		.loc 1 25 0
 108 0012 02A8     		add	r0, sp, #8
 109 0014 4FF0FF31 		mov	r1, #-1
 110 0018 4FF4B072 		mov	r2, #352
 111 001c FFF7FEFF 		bl	memset
 112              	.LVL5:
ARM GAS  C:\Users\xavieran\AppData\Local\Temp\ccKbBOgn.s 			page 5


  22:.\blob_stats.c **** 	int x,y,keep,drop,colour,current_available_label = 0;
 113              		.loc 1 22 0
 114 0020 4FF0000B 		mov	fp, #0
  26:.\blob_stats.c **** 	for(y = 1; y < 144; y++)
 115              		.loc 1 26 0
 116 0024 4FF00108 		mov	r8, #1
  73:.\blob_stats.c **** 				blobs[labels[x]].colour = PixelColour(x,y);
 117              		.loc 1 73 0
 118 0028 5C4F     		ldr	r7, .L18
  26:.\blob_stats.c **** 	for(y = 1; y < 144; y++)
 119              		.loc 1 26 0
 120 002a AAE0     		b	.L6
 121              	.LVL6:
 122              	.L15:
  30:.\blob_stats.c **** 			if(PixelColour(x,y) == NONE)
 123              		.loc 1 30 0
 124 002c E5B2     		uxtb	r5, r4
 125 002e 2846     		mov	r0, r5
 126 0030 3146     		mov	r1, r6
 127 0032 FFF7FEFF 		bl	PixelColour
 128              	.LVL7:
 129 0036 28B9     		cbnz	r0, .L7
  32:.\blob_stats.c **** 				labels[x] = -1;
 130              		.loc 1 32 0
 131 0038 4FF0FF33 		mov	r3, #-1
 132 003c 02A8     		add	r0, sp, #8
 133 003e 40F82430 		str	r3, [r0, r4, lsl #2]
 134 0042 72E0     		b	.L8
 135              	.L7:
  34:.\blob_stats.c **** 			else if(PixelColour(x,y) == PixelColour(x-1,y))
 136              		.loc 1 34 0
 137 0044 2846     		mov	r0, r5
 138 0046 3146     		mov	r1, r6
 139 0048 FFF7FEFF 		bl	PixelColour
 140              	.LVL8:
 141 004c 8146     		mov	r9, r0
 142 004e 681E     		subs	r0, r5, #1
 143 0050 C0B2     		uxtb	r0, r0
 144 0052 3146     		mov	r1, r6
 145 0054 FFF7FEFF 		bl	PixelColour
 146              	.LVL9:
 147 0058 8145     		cmp	r9, r0
 148 005a 56D1     		bne	.L9
  36:.\blob_stats.c **** 				if(PixelColour(x,y) == PixelColour(x,y-1) && labels[x] != labels[x-1])
 149              		.loc 1 36 0
 150 005c 2846     		mov	r0, r5
 151 005e 3146     		mov	r1, r6
 152 0060 FFF7FEFF 		bl	PixelColour
 153              	.LVL10:
 154 0064 8146     		mov	r9, r0
 155 0066 2846     		mov	r0, r5
 156 0068 5146     		mov	r1, r10
 157 006a FFF7FEFF 		bl	PixelColour
 158              	.LVL11:
 159 006e 8145     		cmp	r9, r0
 160 0070 43D1     		bne	.L10
  36:.\blob_stats.c **** 				if(PixelColour(x,y) == PixelColour(x,y-1) && labels[x] != labels[x-1])
ARM GAS  C:\Users\xavieran\AppData\Local\Temp\ccKbBOgn.s 			page 6


 161              		.loc 1 36 0 is_stmt 0 discriminator 1
 162 0072 02A9     		add	r1, sp, #8
 163 0074 51F82430 		ldr	r3, [r1, r4, lsl #2]
 164 0078 621E     		subs	r2, r4, #1
 165 007a 51F82220 		ldr	r2, [r1, r2, lsl #2]
 166 007e 9342     		cmp	r3, r2
 167 0080 3BD0     		beq	.L10
 168              	.LVL12:
  42:.\blob_stats.c **** 					blobs[labels[x-1]].size += blobs[labels[x]].size;
 169              		.loc 1 42 0 is_stmt 1
 170 0082 4FEA031C 		lsl	ip, r3, #4
 171 0086 CDF804C0 		str	ip, [sp, #4]
 172 008a E646     		mov	lr, ip
 173 008c BE44     		add	lr, lr, r7
 174 008e BEF80400 		ldrh	r0, [lr, #4]
 175 0092 07EB0219 		add	r9, r7, r2, lsl #4
 176 0096 B9F80410 		ldrh	r1, [r9, #4]
 177 009a 0144     		add	r1, r1, r0
 178 009c A9F80410 		strh	r1, [r9, #4]	@ movhi
  43:.\blob_stats.c **** 					blobs[labels[x-1]].x_sum += blobs[labels[x]].x_sum;
 179              		.loc 1 43 0
 180 00a0 0EF10800 		add	r0, lr, #8
 181 00a4 0090     		str	r0, [sp]
 182 00a6 09F1080C 		add	ip, r9, #8
 183 00aa DEF80810 		ldr	r1, [lr, #8]
 184 00ae D9F80800 		ldr	r0, [r9, #8]
 185 00b2 0144     		add	r1, r1, r0
 186 00b4 C9F80810 		str	r1, [r9, #8]
  44:.\blob_stats.c **** 					blobs[labels[x-1]].y_sum += blobs[labels[x]].y_sum;
 187              		.loc 1 44 0
 188 00b8 0099     		ldr	r1, [sp]
 189 00ba 4868     		ldr	r0, [r1, #4]
 190 00bc D9F80C90 		ldr	r9, [r9, #12]
 191 00c0 8144     		add	r9, r9, r0
 192 00c2 CCF80490 		str	r9, [ip, #4]
  47:.\blob_stats.c **** 					blobs[labels[x]].colour = NONE;
 193              		.loc 1 47 0
 194 00c6 0021     		movs	r1, #0
 195 00c8 DDF804C0 		ldr	ip, [sp, #4]
 196 00cc 47F80C10 		str	r1, [r7, ip]
  48:.\blob_stats.c **** 					blobs[labels[x]].size = 0;
 197              		.loc 1 48 0
 198 00d0 AEF80410 		strh	r1, [lr, #4]	@ movhi
  49:.\blob_stats.c **** 					blobs[labels[x]].x_sum = 0;
 199              		.loc 1 49 0
 200 00d4 CEF80810 		str	r1, [lr, #8]
  50:.\blob_stats.c **** 					blobs[labels[x]].y_sum = 0;
 201              		.loc 1 50 0
 202 00d8 DDF800E0 		ldr	lr, [sp]
 203 00dc CEF80410 		str	r1, [lr, #4]
 204              	.LVL13:
  51:.\blob_stats.c **** 					for(i = x; i < 88; i++)
 205              		.loc 1 51 0
 206 00e0 2146     		mov	r1, r4
 207 00e2 08E0     		b	.L11
 208              	.LVL14:
 209              	.L13:
ARM GAS  C:\Users\xavieran\AppData\Local\Temp\ccKbBOgn.s 			page 7


  53:.\blob_stats.c **** 						if(labels[i] == drop)
 210              		.loc 1 53 0
 211 00e4 0DF1080C 		add	ip, sp, #8
 212 00e8 5CF82100 		ldr	r0, [ip, r1, lsl #2]
 213 00ec 8342     		cmp	r3, r0
 214 00ee 01D1     		bne	.L12
  55:.\blob_stats.c **** 							labels[i] = keep;
 215              		.loc 1 55 0
 216 00f0 4CF82120 		str	r2, [ip, r1, lsl #2]
 217              	.L12:
  51:.\blob_stats.c **** 					for(i = x; i < 88; i++)
 218              		.loc 1 51 0
 219 00f4 0131     		adds	r1, r1, #1
 220              	.LVL15:
 221              	.L11:
  51:.\blob_stats.c **** 					for(i = x; i < 88; i++)
 222              		.loc 1 51 0 is_stmt 0 discriminator 1
 223 00f6 5729     		cmp	r1, #87
 224 00f8 F4DD     		ble	.L13
 225              	.LVL16:
 226              	.L10:
  59:.\blob_stats.c **** 				labels[x] = labels[x-1];
 227              		.loc 1 59 0 is_stmt 1
 228 00fa 631E     		subs	r3, r4, #1
 229 00fc 0DF1080E 		add	lr, sp, #8
 230 0100 5EF82330 		ldr	r3, [lr, r3, lsl #2]
 231 0104 4EF82430 		str	r3, [lr, r4, lsl #2]
 232 0108 0FE0     		b	.L8
 233              	.L9:
  61:.\blob_stats.c **** 			else if(PixelColour(x,y) == PixelColour(x,y-1))
 234              		.loc 1 61 0
 235 010a 2846     		mov	r0, r5
 236 010c 3146     		mov	r1, r6
 237 010e FFF7FEFF 		bl	PixelColour
 238              	.LVL17:
 239 0112 8146     		mov	r9, r0
 240 0114 2846     		mov	r0, r5
 241 0116 5146     		mov	r1, r10
 242 0118 FFF7FEFF 		bl	PixelColour
 243              	.LVL18:
 244 011c 8145     		cmp	r9, r0
 245 011e 04D0     		beq	.L8
 246              	.LVL19:
  69:.\blob_stats.c **** 				labels[x] = current_available_label++;
 247              		.loc 1 69 0
 248 0120 02A8     		add	r0, sp, #8
 249 0122 40F824B0 		str	fp, [r0, r4, lsl #2]
 250 0126 0BF1010B 		add	fp, fp, #1
 251              	.LVL20:
 252              	.L8:
  71:.\blob_stats.c **** 			if(labels[x] != -1)
 253              		.loc 1 71 0
 254 012a 02A9     		add	r1, sp, #8
 255 012c 51F82490 		ldr	r9, [r1, r4, lsl #2]
 256 0130 B9F1FF3F 		cmp	r9, #-1
 257 0134 18D0     		beq	.L14
  73:.\blob_stats.c **** 				blobs[labels[x]].colour = PixelColour(x,y);
ARM GAS  C:\Users\xavieran\AppData\Local\Temp\ccKbBOgn.s 			page 8


 258              		.loc 1 73 0
 259 0136 2846     		mov	r0, r5
 260 0138 3146     		mov	r1, r6
 261 013a FFF7FEFF 		bl	PixelColour
 262              	.LVL21:
 263 013e 4FEA0919 		lsl	r9, r9, #4
 264 0142 07EB0903 		add	r3, r7, r9
 265 0146 47F80900 		str	r0, [r7, r9]
  74:.\blob_stats.c **** 				blobs[labels[x]].size++;
 266              		.loc 1 74 0
 267 014a 9A88     		ldrh	r2, [r3, #4]
 268 014c 0132     		adds	r2, r2, #1
 269 014e 9A80     		strh	r2, [r3, #4]	@ movhi
  75:.\blob_stats.c **** 				blobs[labels[x]].x_sum += x;
 270              		.loc 1 75 0
 271 0150 9A68     		ldr	r2, [r3, #8]
 272 0152 2244     		add	r2, r2, r4
 273 0154 9A60     		str	r2, [r3, #8]
  76:.\blob_stats.c **** 				blobs[labels[y]].y_sum += (y * 2);
 274              		.loc 1 76 0
 275 0156 02AA     		add	r2, sp, #8
 276 0158 52F82830 		ldr	r3, [r2, r8, lsl #2]
 277 015c 07EB0313 		add	r3, r7, r3, lsl #4
 278 0160 DA68     		ldr	r2, [r3, #12]
 279 0162 02EB4802 		add	r2, r2, r8, lsl #1
 280 0166 DA60     		str	r2, [r3, #12]
 281              	.L14:
  28:.\blob_stats.c **** 		for(x = 1; x < 88; x++)
 282              		.loc 1 28 0
 283 0168 0134     		adds	r4, r4, #1
 284              	.LVL22:
 285 016a 05E0     		b	.L16
 286              	.LVL23:
 287              	.L17:
 288 016c 0124     		movs	r4, #1
  30:.\blob_stats.c **** 			if(PixelColour(x,y) == NONE)
 289              		.loc 1 30 0
 290 016e 5FFA88F6 		uxtb	r6, r8
  61:.\blob_stats.c **** 			else if(PixelColour(x,y) == PixelColour(x,y-1))
 291              		.loc 1 61 0
 292 0172 731E     		subs	r3, r6, #1
 293 0174 5FFA83FA 		uxtb	r10, r3
 294              	.L16:
 295              	.LVL24:
  28:.\blob_stats.c **** 		for(x = 1; x < 88; x++)
 296              		.loc 1 28 0 discriminator 1
 297 0178 572C     		cmp	r4, #87
 298 017a 7FF757AF 		ble	.L15
  26:.\blob_stats.c **** 	for(y = 1; y < 144; y++)
 299              		.loc 1 26 0
 300 017e 08F10108 		add	r8, r8, #1
 301              	.LVL25:
 302              	.L6:
  26:.\blob_stats.c **** 	for(y = 1; y < 144; y++)
 303              		.loc 1 26 0 is_stmt 0 discriminator 1
 304 0182 B8F18F0F 		cmp	r8, #143
 305 0186 F1DD     		ble	.L17
ARM GAS  C:\Users\xavieran\AppData\Local\Temp\ccKbBOgn.s 			page 9


  81:.\blob_stats.c ****     qsort(blobs,NUMBER_OF_BLOBS,sizeof(blob),blob_comp);           
 306              		.loc 1 81 0 is_stmt 1
 307 0188 0448     		ldr	r0, .L18
 308 018a 6421     		movs	r1, #100
 309 018c 1022     		movs	r2, #16
 310 018e 044B     		ldr	r3, .L18+4
 311 0190 FFF7FEFF 		bl	qsort
 312              	.LVL26:
  82:.\blob_stats.c **** }
 313              		.loc 1 82 0
 314 0194 5BB0     		add	sp, sp, #364
 315              		@ sp needed
 316 0196 BDE8F08F 		pop	{r4, r5, r6, r7, r8, r9, r10, fp, pc}
 317              	.LVL27:
 318              	.L19:
 319 019a 00BF     		.align	2
 320              	.L18:
 321 019c 00000000 		.word	blobs
 322 01a0 00000000 		.word	blob_comp
 323              		.cfi_endproc
 324              	.LFE63:
 325              		.size	blob_detect, .-blob_detect
 326              		.section	.text.blob_count,"ax",%progbits
 327              		.align	2
 328              		.global	blob_count
 329              		.thumb
 330              		.thumb_func
 331              		.type	blob_count, %function
 332              	blob_count:
 333              	.LFB64:
  85:.\blob_stats.c **** {
 334              		.loc 1 85 0
 335              		.cfi_startproc
 336              		@ args = 0, pretend = 0, frame = 0
 337              		@ frame_needed = 0, uses_anonymous_args = 0
 338              		@ link register save eliminated.
 339              	.LVL28:
 340 0000 10B4     		push	{r4}
 341              		.cfi_def_cfa_offset 4
 342              		.cfi_offset 4, -4
 343              	.LVL29:
  88:.\blob_stats.c **** 	for(i = 0; i < NUMBER_OF_BLOBS; i++)
 344              		.loc 1 88 0
 345 0002 0023     		movs	r3, #0
  86:.\blob_stats.c **** 	uint16 count = 0; 
 346              		.loc 1 86 0
 347 0004 1946     		mov	r1, r3
  90:.\blob_stats.c **** 		if(blobs[i].size >= size)
 348              		.loc 1 90 0
 349 0006 084C     		ldr	r4, .L24
  88:.\blob_stats.c **** 	for(i = 0; i < NUMBER_OF_BLOBS; i++)
 350              		.loc 1 88 0
 351 0008 07E0     		b	.L21
 352              	.LVL30:
 353              	.L23:
  90:.\blob_stats.c **** 		if(blobs[i].size >= size)
 354              		.loc 1 90 0
ARM GAS  C:\Users\xavieran\AppData\Local\Temp\ccKbBOgn.s 			page 10


 355 000a 04EB0312 		add	r2, r4, r3, lsl #4
 356 000e 9288     		ldrh	r2, [r2, #4]
 357 0010 8242     		cmp	r2, r0
 358 0012 01DB     		blt	.L22
  92:.\blob_stats.c **** 			count++;
 359              		.loc 1 92 0
 360 0014 0131     		adds	r1, r1, #1
 361              	.LVL31:
 362 0016 89B2     		uxth	r1, r1
 363              	.LVL32:
 364              	.L22:
  88:.\blob_stats.c **** 	for(i = 0; i < NUMBER_OF_BLOBS; i++)
 365              		.loc 1 88 0
 366 0018 0133     		adds	r3, r3, #1
 367              	.LVL33:
 368              	.L21:
  88:.\blob_stats.c **** 	for(i = 0; i < NUMBER_OF_BLOBS; i++)
 369              		.loc 1 88 0 is_stmt 0 discriminator 1
 370 001a 632B     		cmp	r3, #99
 371 001c F5DD     		ble	.L23
  96:.\blob_stats.c **** }
 372              		.loc 1 96 0 is_stmt 1
 373 001e 0846     		mov	r0, r1
 374              	.LVL34:
 375 0020 5DF8044B 		ldr	r4, [sp], #4
 376 0024 7047     		bx	lr
 377              	.L25:
 378 0026 00BF     		.align	2
 379              	.L24:
 380 0028 00000000 		.word	blobs
 381              		.cfi_endproc
 382              	.LFE64:
 383              		.size	blob_count, .-blob_count
 384              		.section	.text.to_nearest_blob,"ax",%progbits
 385              		.align	2
 386              		.global	to_nearest_blob
 387              		.thumb
 388              		.thumb_func
 389              		.type	to_nearest_blob, %function
 390              	to_nearest_blob:
 391              	.LFB66:
 113:.\blob_stats.c **** 
 114:.\blob_stats.c **** int to_nearest_blob(int colour,int size)
 115:.\blob_stats.c **** {
 392              		.loc 1 115 0
 393              		.cfi_startproc
 394              		@ args = 0, pretend = 0, frame = 0
 395              		@ frame_needed = 0, uses_anonymous_args = 0
 396              		@ link register save eliminated.
 397              	.LVL35:
 398 0000 30B4     		push	{r4, r5}
 399              		.cfi_def_cfa_offset 8
 400              		.cfi_offset 4, -8
 401              		.cfi_offset 5, -4
 402              	.LVL36:
 116:.\blob_stats.c ****      // 0 center, + => Blob to Right, - => Blob to Left, -1 No blobs big enough
 117:.\blob_stats.c **** 
ARM GAS  C:\Users\xavieran\AppData\Local\Temp\ccKbBOgn.s 			page 11


 118:.\blob_stats.c ****     int cx, cy, i;
 119:.\blob_stats.c ****     for(i = 0; i < 255; i++)
 403              		.loc 1 119 0
 404 0002 0023     		movs	r3, #0
 120:.\blob_stats.c ****     {
 121:.\blob_stats.c ****         if(blobs[i].size < size)
 405              		.loc 1 121 0
 406 0004 184C     		ldr	r4, .L33
 119:.\blob_stats.c ****     for(i = 0; i < 255; i++)
 407              		.loc 1 119 0
 408 0006 23E0     		b	.L27
 409              	.LVL37:
 410              	.L30:
 411              		.loc 1 121 0
 412 0008 04EB0312 		add	r2, r4, r3, lsl #4
 413 000c 9288     		ldrh	r2, [r2, #4]
 414 000e 8A42     		cmp	r2, r1
 415 0010 23DB     		blt	.L31
 122:.\blob_stats.c ****         {
 123:.\blob_stats.c ****             return -1;
 124:.\blob_stats.c ****         }
 125:.\blob_stats.c ****         if(blobs[i].colour == colour)
 416              		.loc 1 125 0
 417 0012 1D01     		lsls	r5, r3, #4
 418 0014 6559     		ldr	r5, [r4, r5]
 419 0016 8542     		cmp	r5, r0
 420 0018 19D1     		bne	.L29
 126:.\blob_stats.c ****         {
 127:.\blob_stats.c ****             cx = blobs[i].x_sum/blobs[i].size;
 421              		.loc 1 127 0
 422 001a 1349     		ldr	r1, .L33
 423              	.LVL38:
 424 001c 01EB0313 		add	r3, r1, r3, lsl #4
 425              	.LVL39:
 426 0020 9868     		ldr	r0, [r3, #8]
 427              	.LVL40:
 428 0022 B0FBF2F0 		udiv	r0, r0, r2
 429              	.LVL41:
 128:.\blob_stats.c ****             cy = blobs[i].y_sum/blobs[i].size;
 430              		.loc 1 128 0
 431 0026 DB68     		ldr	r3, [r3, #12]
 432 0028 B3FBF2F2 		udiv	r2, r3, r2
 433              	.LVL42:
 129:.\blob_stats.c ****             Camera_framebuffer[cy][cx][0] = 255;
 434              		.loc 1 129 0
 435 002c 0F49     		ldr	r1, .L33+4
 436 002e 5823     		movs	r3, #88
 437 0030 03FB0202 		mla	r2, r3, r2, r0
 438              	.LVL43:
 439 0034 FF23     		movs	r3, #255
 440 0036 01F82230 		strb	r3, [r1, r2, lsl #2]
 130:.\blob_stats.c ****             Camera_framebuffer[cy][cx][2] = 255;
 441              		.loc 1 130 0
 442 003a 01EB8202 		add	r2, r1, r2, lsl #2
 443 003e 9370     		strb	r3, [r2, #2]
 131:.\blob_stats.c ****             if((cx - 44) >= -PIXELS_FROM_CENTRE && (cx-44) <= PIXELS_FROM_CENTRE)
 444              		.loc 1 131 0
ARM GAS  C:\Users\xavieran\AppData\Local\Temp\ccKbBOgn.s 			page 12


 445 0040 A0F12803 		sub	r3, r0, #40
 446 0044 082B     		cmp	r3, #8
 447 0046 0BD9     		bls	.L32
 132:.\blob_stats.c ****             {
 133:.\blob_stats.c ****                 return 0;
 134:.\blob_stats.c ****             }
 135:.\blob_stats.c ****             else
 136:.\blob_stats.c ****             {
 137:.\blob_stats.c ****             	return 44-cx;
 448              		.loc 1 137 0
 449 0048 C0F12C00 		rsb	r0, r0, #44
 450              	.LVL44:
 451 004c 09E0     		b	.L28
 452              	.LVL45:
 453              	.L29:
 119:.\blob_stats.c ****     for(i = 0; i < 255; i++)
 454              		.loc 1 119 0
 455 004e 0133     		adds	r3, r3, #1
 456              	.LVL46:
 457              	.L27:
 119:.\blob_stats.c ****     for(i = 0; i < 255; i++)
 458              		.loc 1 119 0 is_stmt 0 discriminator 1
 459 0050 FE2B     		cmp	r3, #254
 460 0052 D9DD     		ble	.L30
 138:.\blob_stats.c ****             }
 139:.\blob_stats.c ****         }
 140:.\blob_stats.c ****     }
 141:.\blob_stats.c ****     return -1;
 461              		.loc 1 141 0 is_stmt 1
 462 0054 4FF0FF30 		mov	r0, #-1
 463              	.LVL47:
 464 0058 03E0     		b	.L28
 465              	.LVL48:
 466              	.L31:
 123:.\blob_stats.c ****             return -1;
 467              		.loc 1 123 0
 468 005a 4FF0FF30 		mov	r0, #-1
 469              	.LVL49:
 470 005e 00E0     		b	.L28
 471              	.LVL50:
 472              	.L32:
 133:.\blob_stats.c ****                 return 0;
 473              		.loc 1 133 0
 474 0060 0020     		movs	r0, #0
 475              	.LVL51:
 476              	.L28:
 142:.\blob_stats.c **** }
 477              		.loc 1 142 0
 478 0062 30BC     		pop	{r4, r5}
 479 0064 7047     		bx	lr
 480              	.L34:
 481 0066 00BF     		.align	2
 482              	.L33:
 483 0068 00000000 		.word	blobs
 484 006c 00000000 		.word	Camera_framebuffer
 485              		.cfi_endproc
 486              	.LFE66:
ARM GAS  C:\Users\xavieran\AppData\Local\Temp\ccKbBOgn.s 			page 13


 487              		.size	to_nearest_blob, .-to_nearest_blob
 488              		.comm	blobs,1600,4
 489              		.comm	Camera_framebuffer,50688,4
 490              		.text
 491              	.Letext0:
 492              		.file 2 "c:\\program files (x86)\\cypress\\psoc creator\\3.2\\psoc creator\\import\\gnu\\arm\\4.8.
 493              		.file 3 "c:\\program files (x86)\\cypress\\psoc creator\\3.2\\psoc creator\\import\\gnu\\arm\\4.8.
 494              		.file 4 "c:\\program files (x86)\\cypress\\psoc creator\\3.2\\psoc creator\\import\\gnu\\arm\\4.8.
 495              		.file 5 "c:\\program files (x86)\\cypress\\psoc creator\\3.2\\psoc creator\\import\\gnu\\arm\\4.8.
 496              		.file 6 "Generated_Source\\PSoC5/cytypes.h"
 497              		.file 7 "Generated_Source\\PSoC5/core_cm3.h"
 498              		.file 8 "Generated_Source\\PSoC5/Camera.h"
 499              		.file 9 "c:\\program files (x86)\\cypress\\psoc creator\\3.2\\psoc creator\\import\\gnu\\arm\\4.8.
 500              		.file 10 "./my_camera_functions.h"
 501              		.section	.debug_info,"",%progbits
 502              	.Ldebug_info0:
 503 0000 EB040000 		.4byte	0x4eb
 504 0004 0400     		.2byte	0x4
 505 0006 00000000 		.4byte	.Ldebug_abbrev0
 506 000a 04       		.byte	0x4
 507 000b 01       		.uleb128 0x1
 508 000c 89010000 		.4byte	.LASF41
 509 0010 01       		.byte	0x1
 510 0011 7A010000 		.4byte	.LASF42
 511 0015 FC000000 		.4byte	.LASF43
 512 0019 00000000 		.4byte	.Ldebug_ranges0+0
 513 001d 00000000 		.4byte	0
 514 0021 00000000 		.4byte	.Ldebug_line0
 515 0025 02       		.uleb128 0x2
 516 0026 05000000 		.4byte	.LASF5
 517 002a 02       		.byte	0x2
 518 002b D4       		.byte	0xd4
 519 002c 30000000 		.4byte	0x30
 520 0030 03       		.uleb128 0x3
 521 0031 04       		.byte	0x4
 522 0032 07       		.byte	0x7
 523 0033 EF000000 		.4byte	.LASF0
 524 0037 04       		.uleb128 0x4
 525 0038 04       		.byte	0x4
 526 0039 05       		.byte	0x5
 527 003a 696E7400 		.ascii	"int\000"
 528 003e 03       		.uleb128 0x3
 529 003f 01       		.byte	0x1
 530 0040 06       		.byte	0x6
 531 0041 50020000 		.4byte	.LASF1
 532 0045 03       		.uleb128 0x3
 533 0046 01       		.byte	0x1
 534 0047 08       		.byte	0x8
 535 0048 9D000000 		.4byte	.LASF2
 536 004c 03       		.uleb128 0x3
 537 004d 02       		.byte	0x2
 538 004e 05       		.byte	0x5
 539 004f 3D000000 		.4byte	.LASF3
 540 0053 03       		.uleb128 0x3
 541 0054 02       		.byte	0x2
 542 0055 07       		.byte	0x7
 543 0056 63020000 		.4byte	.LASF4
ARM GAS  C:\Users\xavieran\AppData\Local\Temp\ccKbBOgn.s 			page 14


 544 005a 02       		.uleb128 0x2
 545 005b 11000000 		.4byte	.LASF6
 546 005f 03       		.byte	0x3
 547 0060 37       		.byte	0x37
 548 0061 65000000 		.4byte	0x65
 549 0065 03       		.uleb128 0x3
 550 0066 04       		.byte	0x4
 551 0067 05       		.byte	0x5
 552 0068 41020000 		.4byte	.LASF7
 553 006c 03       		.uleb128 0x3
 554 006d 04       		.byte	0x4
 555 006e 07       		.byte	0x7
 556 006f B2000000 		.4byte	.LASF8
 557 0073 03       		.uleb128 0x3
 558 0074 08       		.byte	0x8
 559 0075 05       		.byte	0x5
 560 0076 33020000 		.4byte	.LASF9
 561 007a 03       		.uleb128 0x3
 562 007b 08       		.byte	0x8
 563 007c 07       		.byte	0x7
 564 007d 4D010000 		.4byte	.LASF10
 565 0081 03       		.uleb128 0x3
 566 0082 04       		.byte	0x4
 567 0083 07       		.byte	0x7
 568 0084 05020000 		.4byte	.LASF11
 569 0088 05       		.uleb128 0x5
 570 0089 04       		.byte	0x4
 571 008a 03       		.uleb128 0x3
 572 008b 01       		.byte	0x1
 573 008c 08       		.byte	0x8
 574 008d 1C020000 		.4byte	.LASF12
 575 0091 02       		.uleb128 0x2
 576 0092 0E020000 		.4byte	.LASF13
 577 0096 04       		.byte	0x4
 578 0097 36       		.byte	0x36
 579 0098 9C000000 		.4byte	0x9c
 580 009c 06       		.uleb128 0x6
 581 009d 04       		.byte	0x4
 582 009e A2000000 		.4byte	0xa2
 583 00a2 07       		.uleb128 0x7
 584 00a3 37000000 		.4byte	0x37
 585 00a7 B6000000 		.4byte	0xb6
 586 00ab 08       		.uleb128 0x8
 587 00ac B6000000 		.4byte	0xb6
 588 00b0 08       		.uleb128 0x8
 589 00b1 B6000000 		.4byte	0xb6
 590 00b5 00       		.byte	0
 591 00b6 06       		.uleb128 0x6
 592 00b7 04       		.byte	0x4
 593 00b8 BC000000 		.4byte	0xbc
 594 00bc 09       		.uleb128 0x9
 595 00bd 02       		.uleb128 0x2
 596 00be 6B000000 		.4byte	.LASF14
 597 00c2 05       		.byte	0x5
 598 00c3 41       		.byte	0x41
 599 00c4 5A000000 		.4byte	0x5a
 600 00c8 02       		.uleb128 0x2
ARM GAS  C:\Users\xavieran\AppData\Local\Temp\ccKbBOgn.s 			page 15


 601 00c9 2D020000 		.4byte	.LASF15
 602 00cd 06       		.byte	0x6
 603 00ce B3       		.byte	0xb3
 604 00cf 45000000 		.4byte	0x45
 605 00d3 02       		.uleb128 0x2
 606 00d4 D4000000 		.4byte	.LASF16
 607 00d8 06       		.byte	0x6
 608 00d9 B4       		.byte	0xb4
 609 00da 53000000 		.4byte	0x53
 610 00de 02       		.uleb128 0x2
 611 00df DB000000 		.4byte	.LASF17
 612 00e3 06       		.byte	0x6
 613 00e4 B5       		.byte	0xb5
 614 00e5 6C000000 		.4byte	0x6c
 615 00e9 03       		.uleb128 0x3
 616 00ea 04       		.byte	0x4
 617 00eb 04       		.byte	0x4
 618 00ec 73000000 		.4byte	.LASF18
 619 00f0 03       		.uleb128 0x3
 620 00f1 08       		.byte	0x8
 621 00f2 04       		.byte	0x4
 622 00f3 5C020000 		.4byte	.LASF19
 623 00f7 0A       		.uleb128 0xa
 624 00f8 01       		.byte	0x1
 625 00f9 0A       		.byte	0xa
 626 00fa 1F       		.byte	0x1f
 627 00fb 18010000 		.4byte	0x118
 628 00ff 0B       		.uleb128 0xb
 629 0100 0C000000 		.4byte	.LASF20
 630 0104 00       		.sleb128 0
 631 0105 0C       		.uleb128 0xc
 632 0106 52454400 		.ascii	"RED\000"
 633 010a 01       		.sleb128 1
 634 010b 0B       		.uleb128 0xb
 635 010c E9000000 		.4byte	.LASF21
 636 0110 02       		.sleb128 2
 637 0111 0B       		.uleb128 0xb
 638 0112 53000000 		.4byte	.LASF22
 639 0116 03       		.sleb128 3
 640 0117 00       		.byte	0
 641 0118 0D       		.uleb128 0xd
 642 0119 10       		.byte	0x10
 643 011a 01       		.byte	0x1
 644 011b 08       		.byte	0x8
 645 011c 51010000 		.4byte	0x151
 646 0120 0E       		.uleb128 0xe
 647 0121 E2000000 		.4byte	.LASF23
 648 0125 01       		.byte	0x1
 649 0126 0A       		.byte	0xa
 650 0127 37000000 		.4byte	0x37
 651 012b 00       		.byte	0
 652 012c 0E       		.uleb128 0xe
 653 012d 7F000000 		.4byte	.LASF24
 654 0131 01       		.byte	0x1
 655 0132 0B       		.byte	0xb
 656 0133 D3000000 		.4byte	0xd3
 657 0137 04       		.byte	0x4
ARM GAS  C:\Users\xavieran\AppData\Local\Temp\ccKbBOgn.s 			page 16


 658 0138 0E       		.uleb128 0xe
 659 0139 74010000 		.4byte	.LASF25
 660 013d 01       		.byte	0x1
 661 013e 0C       		.byte	0xc
 662 013f DE000000 		.4byte	0xde
 663 0143 08       		.byte	0x8
 664 0144 0E       		.uleb128 0xe
 665 0145 4A020000 		.4byte	.LASF26
 666 0149 01       		.byte	0x1
 667 014a 0C       		.byte	0xc
 668 014b DE000000 		.4byte	0xde
 669 014f 0C       		.byte	0xc
 670 0150 00       		.byte	0
 671 0151 02       		.uleb128 0x2
 672 0152 00000000 		.4byte	.LASF27
 673 0156 01       		.byte	0x1
 674 0157 0D       		.byte	0xd
 675 0158 18010000 		.4byte	0x118
 676 015c 0F       		.uleb128 0xf
 677 015d 1B000000 		.4byte	.LASF32
 678 0161 01       		.byte	0x1
 679 0162 62       		.byte	0x62
 680 0163 37000000 		.4byte	0x37
 681 0167 00000000 		.4byte	.LFB65
 682 016b 36000000 		.4byte	.LFE65-.LFB65
 683 016f 01       		.uleb128 0x1
 684 0170 9C       		.byte	0x9c
 685 0171 AA010000 		.4byte	0x1aa
 686 0175 10       		.uleb128 0x10
 687 0176 6100     		.ascii	"a\000"
 688 0178 01       		.byte	0x1
 689 0179 62       		.byte	0x62
 690 017a B6000000 		.4byte	0xb6
 691 017e 00000000 		.4byte	.LLST0
 692 0182 10       		.uleb128 0x10
 693 0183 6200     		.ascii	"b\000"
 694 0185 01       		.byte	0x1
 695 0186 62       		.byte	0x62
 696 0187 B6000000 		.4byte	0xb6
 697 018b 21000000 		.4byte	.LLST1
 698 018f 11       		.uleb128 0x11
 699 0190 623100   		.ascii	"b1\000"
 700 0193 01       		.byte	0x1
 701 0194 64       		.byte	0x64
 702 0195 51010000 		.4byte	0x151
 703 0199 02       		.uleb128 0x2
 704 019a 91       		.byte	0x91
 705 019b 68       		.sleb128 -24
 706 019c 11       		.uleb128 0x11
 707 019d 623200   		.ascii	"b2\000"
 708 01a0 01       		.byte	0x1
 709 01a1 65       		.byte	0x65
 710 01a2 51010000 		.4byte	0x151
 711 01a6 02       		.uleb128 0x2
 712 01a7 91       		.byte	0x91
 713 01a8 58       		.sleb128 -40
 714 01a9 00       		.byte	0
ARM GAS  C:\Users\xavieran\AppData\Local\Temp\ccKbBOgn.s 			page 17


 715 01aa 12       		.uleb128 0x12
 716 01ab 76020000 		.4byte	.LASF44
 717 01af 01       		.byte	0x1
 718 01b0 13       		.byte	0x13
 719 01b1 00000000 		.4byte	.LFB63
 720 01b5 A4010000 		.4byte	.LFE63-.LFB63
 721 01b9 01       		.uleb128 0x1
 722 01ba 9C       		.byte	0x9c
 723 01bb 67030000 		.4byte	0x367
 724 01bf 13       		.uleb128 0x13
 725 01c0 89000000 		.4byte	.LASF28
 726 01c4 01       		.byte	0x1
 727 01c5 15       		.byte	0x15
 728 01c6 67030000 		.4byte	0x367
 729 01ca 03       		.uleb128 0x3
 730 01cb 91       		.byte	0x91
 731 01cc F87C     		.sleb128 -392
 732 01ce 14       		.uleb128 0x14
 733 01cf 7800     		.ascii	"x\000"
 734 01d1 01       		.byte	0x1
 735 01d2 16       		.byte	0x16
 736 01d3 37000000 		.4byte	0x37
 737 01d7 4D000000 		.4byte	.LLST2
 738 01db 14       		.uleb128 0x14
 739 01dc 7900     		.ascii	"y\000"
 740 01de 01       		.byte	0x1
 741 01df 16       		.byte	0x16
 742 01e0 37000000 		.4byte	0x37
 743 01e4 6B000000 		.4byte	.LLST3
 744 01e8 15       		.uleb128 0x15
 745 01e9 84000000 		.4byte	.LASF29
 746 01ed 01       		.byte	0x1
 747 01ee 16       		.byte	0x16
 748 01ef 37000000 		.4byte	0x37
 749 01f3 8A000000 		.4byte	.LLST4
 750 01f7 15       		.uleb128 0x15
 751 01f8 6F010000 		.4byte	.LASF30
 752 01fc 01       		.byte	0x1
 753 01fd 16       		.byte	0x16
 754 01fe 37000000 		.4byte	0x37
 755 0202 9D000000 		.4byte	.LLST5
 756 0206 16       		.uleb128 0x16
 757 0207 E2000000 		.4byte	.LASF23
 758 020b 01       		.byte	0x1
 759 020c 16       		.byte	0x16
 760 020d 37000000 		.4byte	0x37
 761 0211 15       		.uleb128 0x15
 762 0212 25000000 		.4byte	.LASF31
 763 0216 01       		.byte	0x1
 764 0217 16       		.byte	0x16
 765 0218 37000000 		.4byte	0x37
 766 021c B0000000 		.4byte	.LLST6
 767 0220 14       		.uleb128 0x14
 768 0221 6900     		.ascii	"i\000"
 769 0223 01       		.byte	0x1
 770 0224 17       		.byte	0x17
 771 0225 37000000 		.4byte	0x37
ARM GAS  C:\Users\xavieran\AppData\Local\Temp\ccKbBOgn.s 			page 18


 772 0229 E7000000 		.4byte	.LLST7
 773 022d 17       		.uleb128 0x17
 774 022e 12000000 		.4byte	.LVL4
 775 0232 7C040000 		.4byte	0x47c
 776 0236 50020000 		.4byte	0x250
 777 023a 18       		.uleb128 0x18
 778 023b 01       		.uleb128 0x1
 779 023c 52       		.byte	0x52
 780 023d 03       		.uleb128 0x3
 781 023e 0A       		.byte	0xa
 782 023f 4006     		.2byte	0x640
 783 0241 18       		.uleb128 0x18
 784 0242 01       		.uleb128 0x1
 785 0243 51       		.byte	0x51
 786 0244 01       		.uleb128 0x1
 787 0245 30       		.byte	0x30
 788 0246 18       		.uleb128 0x18
 789 0247 01       		.uleb128 0x1
 790 0248 50       		.byte	0x50
 791 0249 05       		.uleb128 0x5
 792 024a 03       		.byte	0x3
 793 024b 00000000 		.4byte	blobs
 794 024f 00       		.byte	0
 795 0250 17       		.uleb128 0x17
 796 0251 20000000 		.4byte	.LVL5
 797 0255 99040000 		.4byte	0x499
 798 0259 72020000 		.4byte	0x272
 799 025d 18       		.uleb128 0x18
 800 025e 01       		.uleb128 0x1
 801 025f 52       		.byte	0x52
 802 0260 03       		.uleb128 0x3
 803 0261 0A       		.byte	0xa
 804 0262 6001     		.2byte	0x160
 805 0264 18       		.uleb128 0x18
 806 0265 01       		.uleb128 0x1
 807 0266 51       		.byte	0x51
 808 0267 02       		.uleb128 0x2
 809 0268 09       		.byte	0x9
 810 0269 FF       		.byte	0xff
 811 026a 18       		.uleb128 0x18
 812 026b 01       		.uleb128 0x1
 813 026c 50       		.byte	0x50
 814 026d 03       		.uleb128 0x3
 815 026e 91       		.byte	0x91
 816 026f F87C     		.sleb128 -392
 817 0271 00       		.byte	0
 818 0272 17       		.uleb128 0x17
 819 0273 36000000 		.4byte	.LVL7
 820 0277 B8040000 		.4byte	0x4b8
 821 027b 8C020000 		.4byte	0x28c
 822 027f 18       		.uleb128 0x18
 823 0280 01       		.uleb128 0x1
 824 0281 51       		.byte	0x51
 825 0282 02       		.uleb128 0x2
 826 0283 76       		.byte	0x76
 827 0284 00       		.sleb128 0
 828 0285 18       		.uleb128 0x18
ARM GAS  C:\Users\xavieran\AppData\Local\Temp\ccKbBOgn.s 			page 19


 829 0286 01       		.uleb128 0x1
 830 0287 50       		.byte	0x50
 831 0288 02       		.uleb128 0x2
 832 0289 75       		.byte	0x75
 833 028a 00       		.sleb128 0
 834 028b 00       		.byte	0
 835 028c 17       		.uleb128 0x17
 836 028d 4C000000 		.4byte	.LVL8
 837 0291 B8040000 		.4byte	0x4b8
 838 0295 A6020000 		.4byte	0x2a6
 839 0299 18       		.uleb128 0x18
 840 029a 01       		.uleb128 0x1
 841 029b 51       		.byte	0x51
 842 029c 02       		.uleb128 0x2
 843 029d 76       		.byte	0x76
 844 029e 00       		.sleb128 0
 845 029f 18       		.uleb128 0x18
 846 02a0 01       		.uleb128 0x1
 847 02a1 50       		.byte	0x50
 848 02a2 02       		.uleb128 0x2
 849 02a3 75       		.byte	0x75
 850 02a4 00       		.sleb128 0
 851 02a5 00       		.byte	0
 852 02a6 17       		.uleb128 0x17
 853 02a7 58000000 		.4byte	.LVL9
 854 02ab B8040000 		.4byte	0x4b8
 855 02af C0020000 		.4byte	0x2c0
 856 02b3 18       		.uleb128 0x18
 857 02b4 01       		.uleb128 0x1
 858 02b5 51       		.byte	0x51
 859 02b6 02       		.uleb128 0x2
 860 02b7 76       		.byte	0x76
 861 02b8 00       		.sleb128 0
 862 02b9 18       		.uleb128 0x18
 863 02ba 01       		.uleb128 0x1
 864 02bb 50       		.byte	0x50
 865 02bc 02       		.uleb128 0x2
 866 02bd 75       		.byte	0x75
 867 02be 7F       		.sleb128 -1
 868 02bf 00       		.byte	0
 869 02c0 17       		.uleb128 0x17
 870 02c1 64000000 		.4byte	.LVL10
 871 02c5 B8040000 		.4byte	0x4b8
 872 02c9 DA020000 		.4byte	0x2da
 873 02cd 18       		.uleb128 0x18
 874 02ce 01       		.uleb128 0x1
 875 02cf 51       		.byte	0x51
 876 02d0 02       		.uleb128 0x2
 877 02d1 76       		.byte	0x76
 878 02d2 00       		.sleb128 0
 879 02d3 18       		.uleb128 0x18
 880 02d4 01       		.uleb128 0x1
 881 02d5 50       		.byte	0x50
 882 02d6 02       		.uleb128 0x2
 883 02d7 75       		.byte	0x75
 884 02d8 00       		.sleb128 0
 885 02d9 00       		.byte	0
ARM GAS  C:\Users\xavieran\AppData\Local\Temp\ccKbBOgn.s 			page 20


 886 02da 17       		.uleb128 0x17
 887 02db 6E000000 		.4byte	.LVL11
 888 02df B8040000 		.4byte	0x4b8
 889 02e3 F4020000 		.4byte	0x2f4
 890 02e7 18       		.uleb128 0x18
 891 02e8 01       		.uleb128 0x1
 892 02e9 51       		.byte	0x51
 893 02ea 02       		.uleb128 0x2
 894 02eb 7A       		.byte	0x7a
 895 02ec 00       		.sleb128 0
 896 02ed 18       		.uleb128 0x18
 897 02ee 01       		.uleb128 0x1
 898 02ef 50       		.byte	0x50
 899 02f0 02       		.uleb128 0x2
 900 02f1 75       		.byte	0x75
 901 02f2 00       		.sleb128 0
 902 02f3 00       		.byte	0
 903 02f4 17       		.uleb128 0x17
 904 02f5 12010000 		.4byte	.LVL17
 905 02f9 B8040000 		.4byte	0x4b8
 906 02fd 0E030000 		.4byte	0x30e
 907 0301 18       		.uleb128 0x18
 908 0302 01       		.uleb128 0x1
 909 0303 51       		.byte	0x51
 910 0304 02       		.uleb128 0x2
 911 0305 76       		.byte	0x76
 912 0306 00       		.sleb128 0
 913 0307 18       		.uleb128 0x18
 914 0308 01       		.uleb128 0x1
 915 0309 50       		.byte	0x50
 916 030a 02       		.uleb128 0x2
 917 030b 75       		.byte	0x75
 918 030c 00       		.sleb128 0
 919 030d 00       		.byte	0
 920 030e 17       		.uleb128 0x17
 921 030f 1C010000 		.4byte	.LVL18
 922 0313 B8040000 		.4byte	0x4b8
 923 0317 28030000 		.4byte	0x328
 924 031b 18       		.uleb128 0x18
 925 031c 01       		.uleb128 0x1
 926 031d 51       		.byte	0x51
 927 031e 02       		.uleb128 0x2
 928 031f 7A       		.byte	0x7a
 929 0320 00       		.sleb128 0
 930 0321 18       		.uleb128 0x18
 931 0322 01       		.uleb128 0x1
 932 0323 50       		.byte	0x50
 933 0324 02       		.uleb128 0x2
 934 0325 75       		.byte	0x75
 935 0326 00       		.sleb128 0
 936 0327 00       		.byte	0
 937 0328 17       		.uleb128 0x17
 938 0329 3E010000 		.4byte	.LVL21
 939 032d B8040000 		.4byte	0x4b8
 940 0331 42030000 		.4byte	0x342
 941 0335 18       		.uleb128 0x18
 942 0336 01       		.uleb128 0x1
ARM GAS  C:\Users\xavieran\AppData\Local\Temp\ccKbBOgn.s 			page 21


 943 0337 51       		.byte	0x51
 944 0338 02       		.uleb128 0x2
 945 0339 76       		.byte	0x76
 946 033a 00       		.sleb128 0
 947 033b 18       		.uleb128 0x18
 948 033c 01       		.uleb128 0x1
 949 033d 50       		.byte	0x50
 950 033e 02       		.uleb128 0x2
 951 033f 75       		.byte	0x75
 952 0340 00       		.sleb128 0
 953 0341 00       		.byte	0
 954 0342 19       		.uleb128 0x19
 955 0343 94010000 		.4byte	.LVL26
 956 0347 D2040000 		.4byte	0x4d2
 957 034b 18       		.uleb128 0x18
 958 034c 01       		.uleb128 0x1
 959 034d 53       		.byte	0x53
 960 034e 05       		.uleb128 0x5
 961 034f 03       		.byte	0x3
 962 0350 00000000 		.4byte	blob_comp
 963 0354 18       		.uleb128 0x18
 964 0355 01       		.uleb128 0x1
 965 0356 52       		.byte	0x52
 966 0357 01       		.uleb128 0x1
 967 0358 40       		.byte	0x40
 968 0359 18       		.uleb128 0x18
 969 035a 01       		.uleb128 0x1
 970 035b 51       		.byte	0x51
 971 035c 02       		.uleb128 0x2
 972 035d 08       		.byte	0x8
 973 035e 64       		.byte	0x64
 974 035f 18       		.uleb128 0x18
 975 0360 01       		.uleb128 0x1
 976 0361 50       		.byte	0x50
 977 0362 02       		.uleb128 0x2
 978 0363 77       		.byte	0x77
 979 0364 00       		.sleb128 0
 980 0365 00       		.byte	0
 981 0366 00       		.byte	0
 982 0367 1A       		.uleb128 0x1a
 983 0368 37000000 		.4byte	0x37
 984 036c 77030000 		.4byte	0x377
 985 0370 1B       		.uleb128 0x1b
 986 0371 81000000 		.4byte	0x81
 987 0375 57       		.byte	0x57
 988 0376 00       		.byte	0
 989 0377 0F       		.uleb128 0xf
 990 0378 64010000 		.4byte	.LASF33
 991 037c 01       		.byte	0x1
 992 037d 54       		.byte	0x54
 993 037e D3000000 		.4byte	0xd3
 994 0382 00000000 		.4byte	.LFB64
 995 0386 2C000000 		.4byte	.LFE64-.LFB64
 996 038a 01       		.uleb128 0x1
 997 038b 9C       		.byte	0x9c
 998 038c BC030000 		.4byte	0x3bc
 999 0390 1C       		.uleb128 0x1c
ARM GAS  C:\Users\xavieran\AppData\Local\Temp\ccKbBOgn.s 			page 22


 1000 0391 7F000000 		.4byte	.LASF24
 1001 0395 01       		.byte	0x1
 1002 0396 54       		.byte	0x54
 1003 0397 37000000 		.4byte	0x37
 1004 039b 05010000 		.4byte	.LLST8
 1005 039f 15       		.uleb128 0x15
 1006 03a0 21020000 		.4byte	.LASF34
 1007 03a4 01       		.byte	0x1
 1008 03a5 56       		.byte	0x56
 1009 03a6 D3000000 		.4byte	0xd3
 1010 03aa 26010000 		.4byte	.LLST9
 1011 03ae 14       		.uleb128 0x14
 1012 03af 6900     		.ascii	"i\000"
 1013 03b1 01       		.byte	0x1
 1014 03b2 57       		.byte	0x57
 1015 03b3 37000000 		.4byte	0x37
 1016 03b7 5D010000 		.4byte	.LLST10
 1017 03bb 00       		.byte	0
 1018 03bc 0F       		.uleb128 0xf
 1019 03bd C4000000 		.4byte	.LASF35
 1020 03c1 01       		.byte	0x1
 1021 03c2 72       		.byte	0x72
 1022 03c3 37000000 		.4byte	0x37
 1023 03c7 00000000 		.4byte	.LFB66
 1024 03cb 70000000 		.4byte	.LFE66-.LFB66
 1025 03cf 01       		.uleb128 0x1
 1026 03d0 9C       		.byte	0x9c
 1027 03d1 1D040000 		.4byte	0x41d
 1028 03d5 1C       		.uleb128 0x1c
 1029 03d6 E2000000 		.4byte	.LASF23
 1030 03da 01       		.byte	0x1
 1031 03db 72       		.byte	0x72
 1032 03dc 37000000 		.4byte	0x37
 1033 03e0 7C010000 		.4byte	.LLST11
 1034 03e4 1C       		.uleb128 0x1c
 1035 03e5 7F000000 		.4byte	.LASF24
 1036 03e9 01       		.byte	0x1
 1037 03ea 72       		.byte	0x72
 1038 03eb 37000000 		.4byte	0x37
 1039 03ef CF010000 		.4byte	.LLST12
 1040 03f3 14       		.uleb128 0x14
 1041 03f4 637800   		.ascii	"cx\000"
 1042 03f7 01       		.byte	0x1
 1043 03f8 76       		.byte	0x76
 1044 03f9 37000000 		.4byte	0x37
 1045 03fd 09020000 		.4byte	.LLST13
 1046 0401 14       		.uleb128 0x14
 1047 0402 637900   		.ascii	"cy\000"
 1048 0405 01       		.byte	0x1
 1049 0406 76       		.byte	0x76
 1050 0407 37000000 		.4byte	0x37
 1051 040b 34020000 		.4byte	.LLST14
 1052 040f 14       		.uleb128 0x14
 1053 0410 6900     		.ascii	"i\000"
 1054 0412 01       		.byte	0x1
 1055 0413 76       		.byte	0x76
 1056 0414 37000000 		.4byte	0x37
ARM GAS  C:\Users\xavieran\AppData\Local\Temp\ccKbBOgn.s 			page 23


 1057 0418 47020000 		.4byte	.LLST15
 1058 041c 00       		.byte	0
 1059 041d 1D       		.uleb128 0x1d
 1060 041e 90000000 		.4byte	.LASF36
 1061 0422 07       		.byte	0x7
 1062 0423 2A06     		.2byte	0x62a
 1063 0425 29040000 		.4byte	0x429
 1064 0429 1E       		.uleb128 0x1e
 1065 042a BD000000 		.4byte	0xbd
 1066 042e 1A       		.uleb128 0x1a
 1067 042f C8000000 		.4byte	0xc8
 1068 0433 4A040000 		.4byte	0x44a
 1069 0437 1B       		.uleb128 0x1b
 1070 0438 81000000 		.4byte	0x81
 1071 043c 8F       		.byte	0x8f
 1072 043d 1B       		.uleb128 0x1b
 1073 043e 81000000 		.4byte	0x81
 1074 0442 57       		.byte	0x57
 1075 0443 1B       		.uleb128 0x1b
 1076 0444 81000000 		.4byte	0x81
 1077 0448 03       		.byte	0x3
 1078 0449 00       		.byte	0
 1079 044a 1F       		.uleb128 0x1f
 1080 044b 58000000 		.4byte	.LASF37
 1081 044f 08       		.byte	0x8
 1082 0450 08       		.byte	0x8
 1083 0451 2E040000 		.4byte	0x42e
 1084 0455 05       		.uleb128 0x5
 1085 0456 03       		.byte	0x3
 1086 0457 00000000 		.4byte	Camera_framebuffer
 1087 045b 1A       		.uleb128 0x1a
 1088 045c 51010000 		.4byte	0x151
 1089 0460 6B040000 		.4byte	0x46b
 1090 0464 1B       		.uleb128 0x1b
 1091 0465 81000000 		.4byte	0x81
 1092 0469 63       		.byte	0x63
 1093 046a 00       		.byte	0
 1094 046b 1F       		.uleb128 0x1f
 1095 046c 27020000 		.4byte	.LASF38
 1096 0470 01       		.byte	0x1
 1097 0471 0F       		.byte	0xf
 1098 0472 5B040000 		.4byte	0x45b
 1099 0476 05       		.uleb128 0x5
 1100 0477 03       		.byte	0x3
 1101 0478 00000000 		.4byte	blobs
 1102 047c 20       		.uleb128 0x20
 1103 047d AB000000 		.4byte	.LASF39
 1104 0481 88000000 		.4byte	0x88
 1105 0485 99040000 		.4byte	0x499
 1106 0489 08       		.uleb128 0x8
 1107 048a 88000000 		.4byte	0x88
 1108 048e 08       		.uleb128 0x8
 1109 048f 37000000 		.4byte	0x37
 1110 0493 08       		.uleb128 0x8
 1111 0494 81000000 		.4byte	0x81
 1112 0498 00       		.byte	0
 1113 0499 21       		.uleb128 0x21
ARM GAS  C:\Users\xavieran\AppData\Local\Temp\ccKbBOgn.s 			page 24


 1114 049a AB000000 		.4byte	.LASF39
 1115 049e 09       		.byte	0x9
 1116 049f 19       		.byte	0x19
 1117 04a0 88000000 		.4byte	0x88
 1118 04a4 B8040000 		.4byte	0x4b8
 1119 04a8 08       		.uleb128 0x8
 1120 04a9 88000000 		.4byte	0x88
 1121 04ad 08       		.uleb128 0x8
 1122 04ae 37000000 		.4byte	0x37
 1123 04b2 08       		.uleb128 0x8
 1124 04b3 25000000 		.4byte	0x25
 1125 04b7 00       		.byte	0
 1126 04b8 21       		.uleb128 0x21
 1127 04b9 47000000 		.4byte	.LASF40
 1128 04bd 0A       		.byte	0xa
 1129 04be 16       		.byte	0x16
 1130 04bf C8000000 		.4byte	0xc8
 1131 04c3 D2040000 		.4byte	0x4d2
 1132 04c7 08       		.uleb128 0x8
 1133 04c8 C8000000 		.4byte	0xc8
 1134 04cc 08       		.uleb128 0x8
 1135 04cd C8000000 		.4byte	0xc8
 1136 04d1 00       		.byte	0
 1137 04d2 22       		.uleb128 0x22
 1138 04d3 79000000 		.4byte	.LASF45
 1139 04d7 04       		.byte	0x4
 1140 04d8 7B       		.byte	0x7b
 1141 04d9 08       		.uleb128 0x8
 1142 04da 88000000 		.4byte	0x88
 1143 04de 08       		.uleb128 0x8
 1144 04df 25000000 		.4byte	0x25
 1145 04e3 08       		.uleb128 0x8
 1146 04e4 25000000 		.4byte	0x25
 1147 04e8 08       		.uleb128 0x8
 1148 04e9 91000000 		.4byte	0x91
 1149 04ed 00       		.byte	0
 1150 04ee 00       		.byte	0
 1151              		.section	.debug_abbrev,"",%progbits
 1152              	.Ldebug_abbrev0:
 1153 0000 01       		.uleb128 0x1
 1154 0001 11       		.uleb128 0x11
 1155 0002 01       		.byte	0x1
 1156 0003 25       		.uleb128 0x25
 1157 0004 0E       		.uleb128 0xe
 1158 0005 13       		.uleb128 0x13
 1159 0006 0B       		.uleb128 0xb
 1160 0007 03       		.uleb128 0x3
 1161 0008 0E       		.uleb128 0xe
 1162 0009 1B       		.uleb128 0x1b
 1163 000a 0E       		.uleb128 0xe
 1164 000b 55       		.uleb128 0x55
 1165 000c 17       		.uleb128 0x17
 1166 000d 11       		.uleb128 0x11
 1167 000e 01       		.uleb128 0x1
 1168 000f 10       		.uleb128 0x10
 1169 0010 17       		.uleb128 0x17
 1170 0011 00       		.byte	0
ARM GAS  C:\Users\xavieran\AppData\Local\Temp\ccKbBOgn.s 			page 25


 1171 0012 00       		.byte	0
 1172 0013 02       		.uleb128 0x2
 1173 0014 16       		.uleb128 0x16
 1174 0015 00       		.byte	0
 1175 0016 03       		.uleb128 0x3
 1176 0017 0E       		.uleb128 0xe
 1177 0018 3A       		.uleb128 0x3a
 1178 0019 0B       		.uleb128 0xb
 1179 001a 3B       		.uleb128 0x3b
 1180 001b 0B       		.uleb128 0xb
 1181 001c 49       		.uleb128 0x49
 1182 001d 13       		.uleb128 0x13
 1183 001e 00       		.byte	0
 1184 001f 00       		.byte	0
 1185 0020 03       		.uleb128 0x3
 1186 0021 24       		.uleb128 0x24
 1187 0022 00       		.byte	0
 1188 0023 0B       		.uleb128 0xb
 1189 0024 0B       		.uleb128 0xb
 1190 0025 3E       		.uleb128 0x3e
 1191 0026 0B       		.uleb128 0xb
 1192 0027 03       		.uleb128 0x3
 1193 0028 0E       		.uleb128 0xe
 1194 0029 00       		.byte	0
 1195 002a 00       		.byte	0
 1196 002b 04       		.uleb128 0x4
 1197 002c 24       		.uleb128 0x24
 1198 002d 00       		.byte	0
 1199 002e 0B       		.uleb128 0xb
 1200 002f 0B       		.uleb128 0xb
 1201 0030 3E       		.uleb128 0x3e
 1202 0031 0B       		.uleb128 0xb
 1203 0032 03       		.uleb128 0x3
 1204 0033 08       		.uleb128 0x8
 1205 0034 00       		.byte	0
 1206 0035 00       		.byte	0
 1207 0036 05       		.uleb128 0x5
 1208 0037 0F       		.uleb128 0xf
 1209 0038 00       		.byte	0
 1210 0039 0B       		.uleb128 0xb
 1211 003a 0B       		.uleb128 0xb
 1212 003b 00       		.byte	0
 1213 003c 00       		.byte	0
 1214 003d 06       		.uleb128 0x6
 1215 003e 0F       		.uleb128 0xf
 1216 003f 00       		.byte	0
 1217 0040 0B       		.uleb128 0xb
 1218 0041 0B       		.uleb128 0xb
 1219 0042 49       		.uleb128 0x49
 1220 0043 13       		.uleb128 0x13
 1221 0044 00       		.byte	0
 1222 0045 00       		.byte	0
 1223 0046 07       		.uleb128 0x7
 1224 0047 15       		.uleb128 0x15
 1225 0048 01       		.byte	0x1
 1226 0049 27       		.uleb128 0x27
 1227 004a 19       		.uleb128 0x19
ARM GAS  C:\Users\xavieran\AppData\Local\Temp\ccKbBOgn.s 			page 26


 1228 004b 49       		.uleb128 0x49
 1229 004c 13       		.uleb128 0x13
 1230 004d 01       		.uleb128 0x1
 1231 004e 13       		.uleb128 0x13
 1232 004f 00       		.byte	0
 1233 0050 00       		.byte	0
 1234 0051 08       		.uleb128 0x8
 1235 0052 05       		.uleb128 0x5
 1236 0053 00       		.byte	0
 1237 0054 49       		.uleb128 0x49
 1238 0055 13       		.uleb128 0x13
 1239 0056 00       		.byte	0
 1240 0057 00       		.byte	0
 1241 0058 09       		.uleb128 0x9
 1242 0059 26       		.uleb128 0x26
 1243 005a 00       		.byte	0
 1244 005b 00       		.byte	0
 1245 005c 00       		.byte	0
 1246 005d 0A       		.uleb128 0xa
 1247 005e 04       		.uleb128 0x4
 1248 005f 01       		.byte	0x1
 1249 0060 0B       		.uleb128 0xb
 1250 0061 0B       		.uleb128 0xb
 1251 0062 3A       		.uleb128 0x3a
 1252 0063 0B       		.uleb128 0xb
 1253 0064 3B       		.uleb128 0x3b
 1254 0065 0B       		.uleb128 0xb
 1255 0066 01       		.uleb128 0x1
 1256 0067 13       		.uleb128 0x13
 1257 0068 00       		.byte	0
 1258 0069 00       		.byte	0
 1259 006a 0B       		.uleb128 0xb
 1260 006b 28       		.uleb128 0x28
 1261 006c 00       		.byte	0
 1262 006d 03       		.uleb128 0x3
 1263 006e 0E       		.uleb128 0xe
 1264 006f 1C       		.uleb128 0x1c
 1265 0070 0D       		.uleb128 0xd
 1266 0071 00       		.byte	0
 1267 0072 00       		.byte	0
 1268 0073 0C       		.uleb128 0xc
 1269 0074 28       		.uleb128 0x28
 1270 0075 00       		.byte	0
 1271 0076 03       		.uleb128 0x3
 1272 0077 08       		.uleb128 0x8
 1273 0078 1C       		.uleb128 0x1c
 1274 0079 0D       		.uleb128 0xd
 1275 007a 00       		.byte	0
 1276 007b 00       		.byte	0
 1277 007c 0D       		.uleb128 0xd
 1278 007d 13       		.uleb128 0x13
 1279 007e 01       		.byte	0x1
 1280 007f 0B       		.uleb128 0xb
 1281 0080 0B       		.uleb128 0xb
 1282 0081 3A       		.uleb128 0x3a
 1283 0082 0B       		.uleb128 0xb
 1284 0083 3B       		.uleb128 0x3b
ARM GAS  C:\Users\xavieran\AppData\Local\Temp\ccKbBOgn.s 			page 27


 1285 0084 0B       		.uleb128 0xb
 1286 0085 01       		.uleb128 0x1
 1287 0086 13       		.uleb128 0x13
 1288 0087 00       		.byte	0
 1289 0088 00       		.byte	0
 1290 0089 0E       		.uleb128 0xe
 1291 008a 0D       		.uleb128 0xd
 1292 008b 00       		.byte	0
 1293 008c 03       		.uleb128 0x3
 1294 008d 0E       		.uleb128 0xe
 1295 008e 3A       		.uleb128 0x3a
 1296 008f 0B       		.uleb128 0xb
 1297 0090 3B       		.uleb128 0x3b
 1298 0091 0B       		.uleb128 0xb
 1299 0092 49       		.uleb128 0x49
 1300 0093 13       		.uleb128 0x13
 1301 0094 38       		.uleb128 0x38
 1302 0095 0B       		.uleb128 0xb
 1303 0096 00       		.byte	0
 1304 0097 00       		.byte	0
 1305 0098 0F       		.uleb128 0xf
 1306 0099 2E       		.uleb128 0x2e
 1307 009a 01       		.byte	0x1
 1308 009b 3F       		.uleb128 0x3f
 1309 009c 19       		.uleb128 0x19
 1310 009d 03       		.uleb128 0x3
 1311 009e 0E       		.uleb128 0xe
 1312 009f 3A       		.uleb128 0x3a
 1313 00a0 0B       		.uleb128 0xb
 1314 00a1 3B       		.uleb128 0x3b
 1315 00a2 0B       		.uleb128 0xb
 1316 00a3 27       		.uleb128 0x27
 1317 00a4 19       		.uleb128 0x19
 1318 00a5 49       		.uleb128 0x49
 1319 00a6 13       		.uleb128 0x13
 1320 00a7 11       		.uleb128 0x11
 1321 00a8 01       		.uleb128 0x1
 1322 00a9 12       		.uleb128 0x12
 1323 00aa 06       		.uleb128 0x6
 1324 00ab 40       		.uleb128 0x40
 1325 00ac 18       		.uleb128 0x18
 1326 00ad 9742     		.uleb128 0x2117
 1327 00af 19       		.uleb128 0x19
 1328 00b0 01       		.uleb128 0x1
 1329 00b1 13       		.uleb128 0x13
 1330 00b2 00       		.byte	0
 1331 00b3 00       		.byte	0
 1332 00b4 10       		.uleb128 0x10
 1333 00b5 05       		.uleb128 0x5
 1334 00b6 00       		.byte	0
 1335 00b7 03       		.uleb128 0x3
 1336 00b8 08       		.uleb128 0x8
 1337 00b9 3A       		.uleb128 0x3a
 1338 00ba 0B       		.uleb128 0xb
 1339 00bb 3B       		.uleb128 0x3b
 1340 00bc 0B       		.uleb128 0xb
 1341 00bd 49       		.uleb128 0x49
ARM GAS  C:\Users\xavieran\AppData\Local\Temp\ccKbBOgn.s 			page 28


 1342 00be 13       		.uleb128 0x13
 1343 00bf 02       		.uleb128 0x2
 1344 00c0 17       		.uleb128 0x17
 1345 00c1 00       		.byte	0
 1346 00c2 00       		.byte	0
 1347 00c3 11       		.uleb128 0x11
 1348 00c4 34       		.uleb128 0x34
 1349 00c5 00       		.byte	0
 1350 00c6 03       		.uleb128 0x3
 1351 00c7 08       		.uleb128 0x8
 1352 00c8 3A       		.uleb128 0x3a
 1353 00c9 0B       		.uleb128 0xb
 1354 00ca 3B       		.uleb128 0x3b
 1355 00cb 0B       		.uleb128 0xb
 1356 00cc 49       		.uleb128 0x49
 1357 00cd 13       		.uleb128 0x13
 1358 00ce 02       		.uleb128 0x2
 1359 00cf 18       		.uleb128 0x18
 1360 00d0 00       		.byte	0
 1361 00d1 00       		.byte	0
 1362 00d2 12       		.uleb128 0x12
 1363 00d3 2E       		.uleb128 0x2e
 1364 00d4 01       		.byte	0x1
 1365 00d5 3F       		.uleb128 0x3f
 1366 00d6 19       		.uleb128 0x19
 1367 00d7 03       		.uleb128 0x3
 1368 00d8 0E       		.uleb128 0xe
 1369 00d9 3A       		.uleb128 0x3a
 1370 00da 0B       		.uleb128 0xb
 1371 00db 3B       		.uleb128 0x3b
 1372 00dc 0B       		.uleb128 0xb
 1373 00dd 11       		.uleb128 0x11
 1374 00de 01       		.uleb128 0x1
 1375 00df 12       		.uleb128 0x12
 1376 00e0 06       		.uleb128 0x6
 1377 00e1 40       		.uleb128 0x40
 1378 00e2 18       		.uleb128 0x18
 1379 00e3 9742     		.uleb128 0x2117
 1380 00e5 19       		.uleb128 0x19
 1381 00e6 01       		.uleb128 0x1
 1382 00e7 13       		.uleb128 0x13
 1383 00e8 00       		.byte	0
 1384 00e9 00       		.byte	0
 1385 00ea 13       		.uleb128 0x13
 1386 00eb 34       		.uleb128 0x34
 1387 00ec 00       		.byte	0
 1388 00ed 03       		.uleb128 0x3
 1389 00ee 0E       		.uleb128 0xe
 1390 00ef 3A       		.uleb128 0x3a
 1391 00f0 0B       		.uleb128 0xb
 1392 00f1 3B       		.uleb128 0x3b
 1393 00f2 0B       		.uleb128 0xb
 1394 00f3 49       		.uleb128 0x49
 1395 00f4 13       		.uleb128 0x13
 1396 00f5 02       		.uleb128 0x2
 1397 00f6 18       		.uleb128 0x18
 1398 00f7 00       		.byte	0
ARM GAS  C:\Users\xavieran\AppData\Local\Temp\ccKbBOgn.s 			page 29


 1399 00f8 00       		.byte	0
 1400 00f9 14       		.uleb128 0x14
 1401 00fa 34       		.uleb128 0x34
 1402 00fb 00       		.byte	0
 1403 00fc 03       		.uleb128 0x3
 1404 00fd 08       		.uleb128 0x8
 1405 00fe 3A       		.uleb128 0x3a
 1406 00ff 0B       		.uleb128 0xb
 1407 0100 3B       		.uleb128 0x3b
 1408 0101 0B       		.uleb128 0xb
 1409 0102 49       		.uleb128 0x49
 1410 0103 13       		.uleb128 0x13
 1411 0104 02       		.uleb128 0x2
 1412 0105 17       		.uleb128 0x17
 1413 0106 00       		.byte	0
 1414 0107 00       		.byte	0
 1415 0108 15       		.uleb128 0x15
 1416 0109 34       		.uleb128 0x34
 1417 010a 00       		.byte	0
 1418 010b 03       		.uleb128 0x3
 1419 010c 0E       		.uleb128 0xe
 1420 010d 3A       		.uleb128 0x3a
 1421 010e 0B       		.uleb128 0xb
 1422 010f 3B       		.uleb128 0x3b
 1423 0110 0B       		.uleb128 0xb
 1424 0111 49       		.uleb128 0x49
 1425 0112 13       		.uleb128 0x13
 1426 0113 02       		.uleb128 0x2
 1427 0114 17       		.uleb128 0x17
 1428 0115 00       		.byte	0
 1429 0116 00       		.byte	0
 1430 0117 16       		.uleb128 0x16
 1431 0118 34       		.uleb128 0x34
 1432 0119 00       		.byte	0
 1433 011a 03       		.uleb128 0x3
 1434 011b 0E       		.uleb128 0xe
 1435 011c 3A       		.uleb128 0x3a
 1436 011d 0B       		.uleb128 0xb
 1437 011e 3B       		.uleb128 0x3b
 1438 011f 0B       		.uleb128 0xb
 1439 0120 49       		.uleb128 0x49
 1440 0121 13       		.uleb128 0x13
 1441 0122 00       		.byte	0
 1442 0123 00       		.byte	0
 1443 0124 17       		.uleb128 0x17
 1444 0125 898201   		.uleb128 0x4109
 1445 0128 01       		.byte	0x1
 1446 0129 11       		.uleb128 0x11
 1447 012a 01       		.uleb128 0x1
 1448 012b 31       		.uleb128 0x31
 1449 012c 13       		.uleb128 0x13
 1450 012d 01       		.uleb128 0x1
 1451 012e 13       		.uleb128 0x13
 1452 012f 00       		.byte	0
 1453 0130 00       		.byte	0
 1454 0131 18       		.uleb128 0x18
 1455 0132 8A8201   		.uleb128 0x410a
ARM GAS  C:\Users\xavieran\AppData\Local\Temp\ccKbBOgn.s 			page 30


 1456 0135 00       		.byte	0
 1457 0136 02       		.uleb128 0x2
 1458 0137 18       		.uleb128 0x18
 1459 0138 9142     		.uleb128 0x2111
 1460 013a 18       		.uleb128 0x18
 1461 013b 00       		.byte	0
 1462 013c 00       		.byte	0
 1463 013d 19       		.uleb128 0x19
 1464 013e 898201   		.uleb128 0x4109
 1465 0141 01       		.byte	0x1
 1466 0142 11       		.uleb128 0x11
 1467 0143 01       		.uleb128 0x1
 1468 0144 31       		.uleb128 0x31
 1469 0145 13       		.uleb128 0x13
 1470 0146 00       		.byte	0
 1471 0147 00       		.byte	0
 1472 0148 1A       		.uleb128 0x1a
 1473 0149 01       		.uleb128 0x1
 1474 014a 01       		.byte	0x1
 1475 014b 49       		.uleb128 0x49
 1476 014c 13       		.uleb128 0x13
 1477 014d 01       		.uleb128 0x1
 1478 014e 13       		.uleb128 0x13
 1479 014f 00       		.byte	0
 1480 0150 00       		.byte	0
 1481 0151 1B       		.uleb128 0x1b
 1482 0152 21       		.uleb128 0x21
 1483 0153 00       		.byte	0
 1484 0154 49       		.uleb128 0x49
 1485 0155 13       		.uleb128 0x13
 1486 0156 2F       		.uleb128 0x2f
 1487 0157 0B       		.uleb128 0xb
 1488 0158 00       		.byte	0
 1489 0159 00       		.byte	0
 1490 015a 1C       		.uleb128 0x1c
 1491 015b 05       		.uleb128 0x5
 1492 015c 00       		.byte	0
 1493 015d 03       		.uleb128 0x3
 1494 015e 0E       		.uleb128 0xe
 1495 015f 3A       		.uleb128 0x3a
 1496 0160 0B       		.uleb128 0xb
 1497 0161 3B       		.uleb128 0x3b
 1498 0162 0B       		.uleb128 0xb
 1499 0163 49       		.uleb128 0x49
 1500 0164 13       		.uleb128 0x13
 1501 0165 02       		.uleb128 0x2
 1502 0166 17       		.uleb128 0x17
 1503 0167 00       		.byte	0
 1504 0168 00       		.byte	0
 1505 0169 1D       		.uleb128 0x1d
 1506 016a 34       		.uleb128 0x34
 1507 016b 00       		.byte	0
 1508 016c 03       		.uleb128 0x3
 1509 016d 0E       		.uleb128 0xe
 1510 016e 3A       		.uleb128 0x3a
 1511 016f 0B       		.uleb128 0xb
 1512 0170 3B       		.uleb128 0x3b
ARM GAS  C:\Users\xavieran\AppData\Local\Temp\ccKbBOgn.s 			page 31


 1513 0171 05       		.uleb128 0x5
 1514 0172 49       		.uleb128 0x49
 1515 0173 13       		.uleb128 0x13
 1516 0174 3F       		.uleb128 0x3f
 1517 0175 19       		.uleb128 0x19
 1518 0176 3C       		.uleb128 0x3c
 1519 0177 19       		.uleb128 0x19
 1520 0178 00       		.byte	0
 1521 0179 00       		.byte	0
 1522 017a 1E       		.uleb128 0x1e
 1523 017b 35       		.uleb128 0x35
 1524 017c 00       		.byte	0
 1525 017d 49       		.uleb128 0x49
 1526 017e 13       		.uleb128 0x13
 1527 017f 00       		.byte	0
 1528 0180 00       		.byte	0
 1529 0181 1F       		.uleb128 0x1f
 1530 0182 34       		.uleb128 0x34
 1531 0183 00       		.byte	0
 1532 0184 03       		.uleb128 0x3
 1533 0185 0E       		.uleb128 0xe
 1534 0186 3A       		.uleb128 0x3a
 1535 0187 0B       		.uleb128 0xb
 1536 0188 3B       		.uleb128 0x3b
 1537 0189 0B       		.uleb128 0xb
 1538 018a 49       		.uleb128 0x49
 1539 018b 13       		.uleb128 0x13
 1540 018c 3F       		.uleb128 0x3f
 1541 018d 19       		.uleb128 0x19
 1542 018e 02       		.uleb128 0x2
 1543 018f 18       		.uleb128 0x18
 1544 0190 00       		.byte	0
 1545 0191 00       		.byte	0
 1546 0192 20       		.uleb128 0x20
 1547 0193 2E       		.uleb128 0x2e
 1548 0194 01       		.byte	0x1
 1549 0195 3F       		.uleb128 0x3f
 1550 0196 19       		.uleb128 0x19
 1551 0197 03       		.uleb128 0x3
 1552 0198 0E       		.uleb128 0xe
 1553 0199 27       		.uleb128 0x27
 1554 019a 19       		.uleb128 0x19
 1555 019b 49       		.uleb128 0x49
 1556 019c 13       		.uleb128 0x13
 1557 019d 34       		.uleb128 0x34
 1558 019e 19       		.uleb128 0x19
 1559 019f 3C       		.uleb128 0x3c
 1560 01a0 19       		.uleb128 0x19
 1561 01a1 01       		.uleb128 0x1
 1562 01a2 13       		.uleb128 0x13
 1563 01a3 00       		.byte	0
 1564 01a4 00       		.byte	0
 1565 01a5 21       		.uleb128 0x21
 1566 01a6 2E       		.uleb128 0x2e
 1567 01a7 01       		.byte	0x1
 1568 01a8 3F       		.uleb128 0x3f
 1569 01a9 19       		.uleb128 0x19
ARM GAS  C:\Users\xavieran\AppData\Local\Temp\ccKbBOgn.s 			page 32


 1570 01aa 03       		.uleb128 0x3
 1571 01ab 0E       		.uleb128 0xe
 1572 01ac 3A       		.uleb128 0x3a
 1573 01ad 0B       		.uleb128 0xb
 1574 01ae 3B       		.uleb128 0x3b
 1575 01af 0B       		.uleb128 0xb
 1576 01b0 27       		.uleb128 0x27
 1577 01b1 19       		.uleb128 0x19
 1578 01b2 49       		.uleb128 0x49
 1579 01b3 13       		.uleb128 0x13
 1580 01b4 3C       		.uleb128 0x3c
 1581 01b5 19       		.uleb128 0x19
 1582 01b6 01       		.uleb128 0x1
 1583 01b7 13       		.uleb128 0x13
 1584 01b8 00       		.byte	0
 1585 01b9 00       		.byte	0
 1586 01ba 22       		.uleb128 0x22
 1587 01bb 2E       		.uleb128 0x2e
 1588 01bc 01       		.byte	0x1
 1589 01bd 3F       		.uleb128 0x3f
 1590 01be 19       		.uleb128 0x19
 1591 01bf 03       		.uleb128 0x3
 1592 01c0 0E       		.uleb128 0xe
 1593 01c1 3A       		.uleb128 0x3a
 1594 01c2 0B       		.uleb128 0xb
 1595 01c3 3B       		.uleb128 0x3b
 1596 01c4 0B       		.uleb128 0xb
 1597 01c5 27       		.uleb128 0x27
 1598 01c6 19       		.uleb128 0x19
 1599 01c7 3C       		.uleb128 0x3c
 1600 01c8 19       		.uleb128 0x19
 1601 01c9 00       		.byte	0
 1602 01ca 00       		.byte	0
 1603 01cb 00       		.byte	0
 1604              		.section	.debug_loc,"",%progbits
 1605              	.Ldebug_loc0:
 1606              	.LLST0:
 1607 0000 00000000 		.4byte	.LVL0
 1608 0004 08000000 		.4byte	.LVL1
 1609 0008 0100     		.2byte	0x1
 1610 000a 50       		.byte	0x50
 1611 000b 08000000 		.4byte	.LVL1
 1612 000f 36000000 		.4byte	.LFE65
 1613 0013 0400     		.2byte	0x4
 1614 0015 F3       		.byte	0xf3
 1615 0016 01       		.uleb128 0x1
 1616 0017 50       		.byte	0x50
 1617 0018 9F       		.byte	0x9f
 1618 0019 00000000 		.4byte	0
 1619 001d 00000000 		.4byte	0
 1620              	.LLST1:
 1621 0021 00000000 		.4byte	.LVL0
 1622 0025 08000000 		.4byte	.LVL1
 1623 0029 0100     		.2byte	0x1
 1624 002b 51       		.byte	0x51
 1625 002c 08000000 		.4byte	.LVL1
 1626 0030 34000000 		.4byte	.LVL2
ARM GAS  C:\Users\xavieran\AppData\Local\Temp\ccKbBOgn.s 			page 33


 1627 0034 0100     		.2byte	0x1
 1628 0036 55       		.byte	0x55
 1629 0037 34000000 		.4byte	.LVL2
 1630 003b 36000000 		.4byte	.LFE65
 1631 003f 0400     		.2byte	0x4
 1632 0041 F3       		.byte	0xf3
 1633 0042 01       		.uleb128 0x1
 1634 0043 51       		.byte	0x51
 1635 0044 9F       		.byte	0x9f
 1636 0045 00000000 		.4byte	0
 1637 0049 00000000 		.4byte	0
 1638              	.LLST2:
 1639 004d 2C000000 		.4byte	.LVL6
 1640 0051 6C010000 		.4byte	.LVL23
 1641 0055 0100     		.2byte	0x1
 1642 0057 54       		.byte	0x54
 1643 0058 78010000 		.4byte	.LVL24
 1644 005c 82010000 		.4byte	.LVL25
 1645 0060 0100     		.2byte	0x1
 1646 0062 54       		.byte	0x54
 1647 0063 00000000 		.4byte	0
 1648 0067 00000000 		.4byte	0
 1649              	.LLST3:
 1650 006b 20000000 		.4byte	.LVL5
 1651 006f 2C000000 		.4byte	.LVL6
 1652 0073 0200     		.2byte	0x2
 1653 0075 31       		.byte	0x31
 1654 0076 9F       		.byte	0x9f
 1655 0077 2C000000 		.4byte	.LVL6
 1656 007b 9A010000 		.4byte	.LVL27
 1657 007f 0100     		.2byte	0x1
 1658 0081 58       		.byte	0x58
 1659 0082 00000000 		.4byte	0
 1660 0086 00000000 		.4byte	0
 1661              	.LLST4:
 1662 008a 82000000 		.4byte	.LVL12
 1663 008e FA000000 		.4byte	.LVL16
 1664 0092 0100     		.2byte	0x1
 1665 0094 52       		.byte	0x52
 1666 0095 00000000 		.4byte	0
 1667 0099 00000000 		.4byte	0
 1668              	.LLST5:
 1669 009d 82000000 		.4byte	.LVL12
 1670 00a1 FA000000 		.4byte	.LVL16
 1671 00a5 0100     		.2byte	0x1
 1672 00a7 53       		.byte	0x53
 1673 00a8 00000000 		.4byte	0
 1674 00ac 00000000 		.4byte	0
 1675              	.LLST6:
 1676 00b0 06000000 		.4byte	.LVL3
 1677 00b4 2C000000 		.4byte	.LVL6
 1678 00b8 0200     		.2byte	0x2
 1679 00ba 30       		.byte	0x30
 1680 00bb 9F       		.byte	0x9f
 1681 00bc 2C000000 		.4byte	.LVL6
 1682 00c0 20010000 		.4byte	.LVL19
 1683 00c4 0100     		.2byte	0x1
ARM GAS  C:\Users\xavieran\AppData\Local\Temp\ccKbBOgn.s 			page 34


 1684 00c6 5B       		.byte	0x5b
 1685 00c7 20010000 		.4byte	.LVL19
 1686 00cb 2A010000 		.4byte	.LVL20
 1687 00cf 0300     		.2byte	0x3
 1688 00d1 7B       		.byte	0x7b
 1689 00d2 01       		.sleb128 1
 1690 00d3 9F       		.byte	0x9f
 1691 00d4 2A010000 		.4byte	.LVL20
 1692 00d8 9A010000 		.4byte	.LVL27
 1693 00dc 0100     		.2byte	0x1
 1694 00de 5B       		.byte	0x5b
 1695 00df 00000000 		.4byte	0
 1696 00e3 00000000 		.4byte	0
 1697              	.LLST7:
 1698 00e7 E0000000 		.4byte	.LVL13
 1699 00eb E4000000 		.4byte	.LVL14
 1700 00ef 0100     		.2byte	0x1
 1701 00f1 54       		.byte	0x54
 1702 00f2 E4000000 		.4byte	.LVL14
 1703 00f6 FA000000 		.4byte	.LVL16
 1704 00fa 0100     		.2byte	0x1
 1705 00fc 51       		.byte	0x51
 1706 00fd 00000000 		.4byte	0
 1707 0101 00000000 		.4byte	0
 1708              	.LLST8:
 1709 0105 00000000 		.4byte	.LVL28
 1710 0109 20000000 		.4byte	.LVL34
 1711 010d 0100     		.2byte	0x1
 1712 010f 50       		.byte	0x50
 1713 0110 20000000 		.4byte	.LVL34
 1714 0114 2C000000 		.4byte	.LFE64
 1715 0118 0400     		.2byte	0x4
 1716 011a F3       		.byte	0xf3
 1717 011b 01       		.uleb128 0x1
 1718 011c 50       		.byte	0x50
 1719 011d 9F       		.byte	0x9f
 1720 011e 00000000 		.4byte	0
 1721 0122 00000000 		.4byte	0
 1722              	.LLST9:
 1723 0126 02000000 		.4byte	.LVL29
 1724 012a 0A000000 		.4byte	.LVL30
 1725 012e 0200     		.2byte	0x2
 1726 0130 30       		.byte	0x30
 1727 0131 9F       		.byte	0x9f
 1728 0132 0A000000 		.4byte	.LVL30
 1729 0136 16000000 		.4byte	.LVL31
 1730 013a 0100     		.2byte	0x1
 1731 013c 51       		.byte	0x51
 1732 013d 16000000 		.4byte	.LVL31
 1733 0141 18000000 		.4byte	.LVL32
 1734 0145 0300     		.2byte	0x3
 1735 0147 71       		.byte	0x71
 1736 0148 7F       		.sleb128 -1
 1737 0149 9F       		.byte	0x9f
 1738 014a 18000000 		.4byte	.LVL32
 1739 014e 2C000000 		.4byte	.LFE64
 1740 0152 0100     		.2byte	0x1
ARM GAS  C:\Users\xavieran\AppData\Local\Temp\ccKbBOgn.s 			page 35


 1741 0154 51       		.byte	0x51
 1742 0155 00000000 		.4byte	0
 1743 0159 00000000 		.4byte	0
 1744              	.LLST10:
 1745 015d 02000000 		.4byte	.LVL29
 1746 0161 0A000000 		.4byte	.LVL30
 1747 0165 0200     		.2byte	0x2
 1748 0167 30       		.byte	0x30
 1749 0168 9F       		.byte	0x9f
 1750 0169 0A000000 		.4byte	.LVL30
 1751 016d 2C000000 		.4byte	.LFE64
 1752 0171 0100     		.2byte	0x1
 1753 0173 53       		.byte	0x53
 1754 0174 00000000 		.4byte	0
 1755 0178 00000000 		.4byte	0
 1756              	.LLST11:
 1757 017c 00000000 		.4byte	.LVL35
 1758 0180 22000000 		.4byte	.LVL40
 1759 0184 0100     		.2byte	0x1
 1760 0186 50       		.byte	0x50
 1761 0187 22000000 		.4byte	.LVL40
 1762 018b 4E000000 		.4byte	.LVL45
 1763 018f 0400     		.2byte	0x4
 1764 0191 F3       		.byte	0xf3
 1765 0192 01       		.uleb128 0x1
 1766 0193 50       		.byte	0x50
 1767 0194 9F       		.byte	0x9f
 1768 0195 4E000000 		.4byte	.LVL45
 1769 0199 58000000 		.4byte	.LVL47
 1770 019d 0100     		.2byte	0x1
 1771 019f 50       		.byte	0x50
 1772 01a0 58000000 		.4byte	.LVL47
 1773 01a4 5A000000 		.4byte	.LVL48
 1774 01a8 0400     		.2byte	0x4
 1775 01aa F3       		.byte	0xf3
 1776 01ab 01       		.uleb128 0x1
 1777 01ac 50       		.byte	0x50
 1778 01ad 9F       		.byte	0x9f
 1779 01ae 5A000000 		.4byte	.LVL48
 1780 01b2 5E000000 		.4byte	.LVL49
 1781 01b6 0100     		.2byte	0x1
 1782 01b8 50       		.byte	0x50
 1783 01b9 5E000000 		.4byte	.LVL49
 1784 01bd 70000000 		.4byte	.LFE66
 1785 01c1 0400     		.2byte	0x4
 1786 01c3 F3       		.byte	0xf3
 1787 01c4 01       		.uleb128 0x1
 1788 01c5 50       		.byte	0x50
 1789 01c6 9F       		.byte	0x9f
 1790 01c7 00000000 		.4byte	0
 1791 01cb 00000000 		.4byte	0
 1792              	.LLST12:
 1793 01cf 00000000 		.4byte	.LVL35
 1794 01d3 1C000000 		.4byte	.LVL38
 1795 01d7 0100     		.2byte	0x1
 1796 01d9 51       		.byte	0x51
 1797 01da 1C000000 		.4byte	.LVL38
ARM GAS  C:\Users\xavieran\AppData\Local\Temp\ccKbBOgn.s 			page 36


 1798 01de 4E000000 		.4byte	.LVL45
 1799 01e2 0400     		.2byte	0x4
 1800 01e4 F3       		.byte	0xf3
 1801 01e5 01       		.uleb128 0x1
 1802 01e6 51       		.byte	0x51
 1803 01e7 9F       		.byte	0x9f
 1804 01e8 4E000000 		.4byte	.LVL45
 1805 01ec 60000000 		.4byte	.LVL50
 1806 01f0 0100     		.2byte	0x1
 1807 01f2 51       		.byte	0x51
 1808 01f3 60000000 		.4byte	.LVL50
 1809 01f7 70000000 		.4byte	.LFE66
 1810 01fb 0400     		.2byte	0x4
 1811 01fd F3       		.byte	0xf3
 1812 01fe 01       		.uleb128 0x1
 1813 01ff 51       		.byte	0x51
 1814 0200 9F       		.byte	0x9f
 1815 0201 00000000 		.4byte	0
 1816 0205 00000000 		.4byte	0
 1817              	.LLST13:
 1818 0209 26000000 		.4byte	.LVL41
 1819 020d 4C000000 		.4byte	.LVL44
 1820 0211 0100     		.2byte	0x1
 1821 0213 50       		.byte	0x50
 1822 0214 4C000000 		.4byte	.LVL44
 1823 0218 4E000000 		.4byte	.LVL45
 1824 021c 0300     		.2byte	0x3
 1825 021e 73       		.byte	0x73
 1826 021f 28       		.sleb128 40
 1827 0220 9F       		.byte	0x9f
 1828 0221 60000000 		.4byte	.LVL50
 1829 0225 62000000 		.4byte	.LVL51
 1830 0229 0100     		.2byte	0x1
 1831 022b 50       		.byte	0x50
 1832 022c 00000000 		.4byte	0
 1833 0230 00000000 		.4byte	0
 1834              	.LLST14:
 1835 0234 2C000000 		.4byte	.LVL42
 1836 0238 34000000 		.4byte	.LVL43
 1837 023c 0100     		.2byte	0x1
 1838 023e 52       		.byte	0x52
 1839 023f 00000000 		.4byte	0
 1840 0243 00000000 		.4byte	0
 1841              	.LLST15:
 1842 0247 02000000 		.4byte	.LVL36
 1843 024b 08000000 		.4byte	.LVL37
 1844 024f 0200     		.2byte	0x2
 1845 0251 30       		.byte	0x30
 1846 0252 9F       		.byte	0x9f
 1847 0253 08000000 		.4byte	.LVL37
 1848 0257 20000000 		.4byte	.LVL39
 1849 025b 0100     		.2byte	0x1
 1850 025d 53       		.byte	0x53
 1851 025e 4E000000 		.4byte	.LVL45
 1852 0262 60000000 		.4byte	.LVL50
 1853 0266 0100     		.2byte	0x1
 1854 0268 53       		.byte	0x53
ARM GAS  C:\Users\xavieran\AppData\Local\Temp\ccKbBOgn.s 			page 37


 1855 0269 00000000 		.4byte	0
 1856 026d 00000000 		.4byte	0
 1857              		.section	.debug_aranges,"",%progbits
 1858 0000 34000000 		.4byte	0x34
 1859 0004 0200     		.2byte	0x2
 1860 0006 00000000 		.4byte	.Ldebug_info0
 1861 000a 04       		.byte	0x4
 1862 000b 00       		.byte	0
 1863 000c 0000     		.2byte	0
 1864 000e 0000     		.2byte	0
 1865 0010 00000000 		.4byte	.LFB65
 1866 0014 36000000 		.4byte	.LFE65-.LFB65
 1867 0018 00000000 		.4byte	.LFB63
 1868 001c A4010000 		.4byte	.LFE63-.LFB63
 1869 0020 00000000 		.4byte	.LFB64
 1870 0024 2C000000 		.4byte	.LFE64-.LFB64
 1871 0028 00000000 		.4byte	.LFB66
 1872 002c 70000000 		.4byte	.LFE66-.LFB66
 1873 0030 00000000 		.4byte	0
 1874 0034 00000000 		.4byte	0
 1875              		.section	.debug_ranges,"",%progbits
 1876              	.Ldebug_ranges0:
 1877 0000 00000000 		.4byte	.LFB65
 1878 0004 36000000 		.4byte	.LFE65
 1879 0008 00000000 		.4byte	.LFB63
 1880 000c A4010000 		.4byte	.LFE63
 1881 0010 00000000 		.4byte	.LFB64
 1882 0014 2C000000 		.4byte	.LFE64
 1883 0018 00000000 		.4byte	.LFB66
 1884 001c 70000000 		.4byte	.LFE66
 1885 0020 00000000 		.4byte	0
 1886 0024 00000000 		.4byte	0
 1887              		.section	.debug_line,"",%progbits
 1888              	.Ldebug_line0:
 1889 0000 D6020000 		.section	.debug_str,"MS",%progbits,1
 1889      02001002 
 1889      00000201 
 1889      FB0E0D00 
 1889      01010101 
 1890              	.LASF27:
 1891 0000 626C6F62 		.ascii	"blob\000"
 1891      00
 1892              	.LASF5:
 1893 0005 73697A65 		.ascii	"size_t\000"
 1893      5F7400
 1894              	.LASF20:
 1895 000c 4E4F4E45 		.ascii	"NONE\000"
 1895      00
 1896              	.LASF6:
 1897 0011 5F5F696E 		.ascii	"__int32_t\000"
 1897      7433325F 
 1897      7400
 1898              	.LASF32:
 1899 001b 626C6F62 		.ascii	"blob_comp\000"
 1899      5F636F6D 
 1899      7000
 1900              	.LASF31:
ARM GAS  C:\Users\xavieran\AppData\Local\Temp\ccKbBOgn.s 			page 38


 1901 0025 63757272 		.ascii	"current_available_label\000"
 1901      656E745F 
 1901      61766169 
 1901      6C61626C 
 1901      655F6C61 
 1902              	.LASF3:
 1903 003d 73686F72 		.ascii	"short int\000"
 1903      7420696E 
 1903      7400
 1904              	.LASF40:
 1905 0047 50697865 		.ascii	"PixelColour\000"
 1905      6C436F6C 
 1905      6F757200 
 1906              	.LASF22:
 1907 0053 424C5545 		.ascii	"BLUE\000"
 1907      00
 1908              	.LASF37:
 1909 0058 43616D65 		.ascii	"Camera_framebuffer\000"
 1909      72615F66 
 1909      72616D65 
 1909      62756666 
 1909      657200
 1910              	.LASF14:
 1911 006b 696E7433 		.ascii	"int32_t\000"
 1911      325F7400 
 1912              	.LASF18:
 1913 0073 666C6F61 		.ascii	"float\000"
 1913      7400
 1914              	.LASF45:
 1915 0079 71736F72 		.ascii	"qsort\000"
 1915      7400
 1916              	.LASF24:
 1917 007f 73697A65 		.ascii	"size\000"
 1917      00
 1918              	.LASF29:
 1919 0084 6B656570 		.ascii	"keep\000"
 1919      00
 1920              	.LASF28:
 1921 0089 6C616265 		.ascii	"labels\000"
 1921      6C7300
 1922              	.LASF36:
 1923 0090 49544D5F 		.ascii	"ITM_RxBuffer\000"
 1923      52784275 
 1923      66666572 
 1923      00
 1924              	.LASF2:
 1925 009d 756E7369 		.ascii	"unsigned char\000"
 1925      676E6564 
 1925      20636861 
 1925      7200
 1926              	.LASF39:
 1927 00ab 6D656D73 		.ascii	"memset\000"
 1927      657400
 1928              	.LASF8:
 1929 00b2 6C6F6E67 		.ascii	"long unsigned int\000"
 1929      20756E73 
 1929      69676E65 
ARM GAS  C:\Users\xavieran\AppData\Local\Temp\ccKbBOgn.s 			page 39


 1929      6420696E 
 1929      7400
 1930              	.LASF35:
 1931 00c4 746F5F6E 		.ascii	"to_nearest_blob\000"
 1931      65617265 
 1931      73745F62 
 1931      6C6F6200 
 1932              	.LASF16:
 1933 00d4 75696E74 		.ascii	"uint16\000"
 1933      313600
 1934              	.LASF17:
 1935 00db 75696E74 		.ascii	"uint32\000"
 1935      333200
 1936              	.LASF23:
 1937 00e2 636F6C6F 		.ascii	"colour\000"
 1937      757200
 1938              	.LASF21:
 1939 00e9 47524545 		.ascii	"GREEN\000"
 1939      4E00
 1940              	.LASF0:
 1941 00ef 756E7369 		.ascii	"unsigned int\000"
 1941      676E6564 
 1941      20696E74 
 1941      00
 1942              	.LASF43:
 1943 00fc 433A5C55 		.ascii	"C:\\Users\\xavieran\\Desktop\\ECE3091\\PSOCProjects"
 1943      73657273 
 1943      5C786176 
 1943      69657261 
 1943      6E5C4465 
 1944 012a 5C454E47 		.ascii	"\\ENG3091_MandM\\ENG3091_MandM.cydsn\000"
 1944      33303931 
 1944      5F4D616E 
 1944      644D5C45 
 1944      4E473330 
 1945              	.LASF10:
 1946 014d 6C6F6E67 		.ascii	"long long unsigned int\000"
 1946      206C6F6E 
 1946      6720756E 
 1946      7369676E 
 1946      65642069 
 1947              	.LASF33:
 1948 0164 626C6F62 		.ascii	"blob_count\000"
 1948      5F636F75 
 1948      6E7400
 1949              	.LASF30:
 1950 016f 64726F70 		.ascii	"drop\000"
 1950      00
 1951              	.LASF25:
 1952 0174 785F7375 		.ascii	"x_sum\000"
 1952      6D00
 1953              	.LASF42:
 1954 017a 2E5C626C 		.ascii	".\\blob_stats.c\000"
 1954      6F625F73 
 1954      74617473 
 1954      2E6300
 1955              	.LASF41:
ARM GAS  C:\Users\xavieran\AppData\Local\Temp\ccKbBOgn.s 			page 40


 1956 0189 474E5520 		.ascii	"GNU C 4.8.4 20140526 (release) [ARM/embedded-4_8-br"
 1956      4320342E 
 1956      382E3420 
 1956      32303134 
 1956      30353236 
 1957 01bc 616E6368 		.ascii	"anch revision 211358] -mcpu=cortex-m3 -mthumb -g -O"
 1957      20726576 
 1957      6973696F 
 1957      6E203231 
 1957      31333538 
 1958 01ef 67202D66 		.ascii	"g -ffunction-sections\000"
 1958      66756E63 
 1958      74696F6E 
 1958      2D736563 
 1958      74696F6E 
 1959              	.LASF11:
 1960 0205 73697A65 		.ascii	"sizetype\000"
 1960      74797065 
 1960      00
 1961              	.LASF13:
 1962 020e 5F5F636F 		.ascii	"__compar_fn_t\000"
 1962      6D706172 
 1962      5F666E5F 
 1962      7400
 1963              	.LASF12:
 1964 021c 63686172 		.ascii	"char\000"
 1964      00
 1965              	.LASF34:
 1966 0221 636F756E 		.ascii	"count\000"
 1966      7400
 1967              	.LASF38:
 1968 0227 626C6F62 		.ascii	"blobs\000"
 1968      7300
 1969              	.LASF15:
 1970 022d 75696E74 		.ascii	"uint8\000"
 1970      3800
 1971              	.LASF9:
 1972 0233 6C6F6E67 		.ascii	"long long int\000"
 1972      206C6F6E 
 1972      6720696E 
 1972      7400
 1973              	.LASF7:
 1974 0241 6C6F6E67 		.ascii	"long int\000"
 1974      20696E74 
 1974      00
 1975              	.LASF26:
 1976 024a 795F7375 		.ascii	"y_sum\000"
 1976      6D00
 1977              	.LASF1:
 1978 0250 7369676E 		.ascii	"signed char\000"
 1978      65642063 
 1978      68617200 
 1979              	.LASF19:
 1980 025c 646F7562 		.ascii	"double\000"
 1980      6C6500
 1981              	.LASF4:
 1982 0263 73686F72 		.ascii	"short unsigned int\000"
ARM GAS  C:\Users\xavieran\AppData\Local\Temp\ccKbBOgn.s 			page 41


 1982      7420756E 
 1982      7369676E 
 1982      65642069 
 1982      6E7400
 1983              	.LASF44:
 1984 0276 626C6F62 		.ascii	"blob_detect\000"
 1984      5F646574 
 1984      65637400 
 1985              		.ident	"GCC: (GNU Tools for ARM Embedded Processors) 4.8.4 20140526 (release) [ARM/embedded-4_8-br
