--------------- Build Started: 09/21/2015 20:04:46 Project: ENG3091_MandM, Configuration: ARM GCC 4.8.4 Debug ---------------
The code generation step is up to date.
arm-none-eabi-gcc.exe -mcpu=cortex-m3 -mthumb -Wno-main -I. -IGenerated_Source\PSoC5 -Wa,-alh=.\CortexM3\ARM_GCC_484\Debug/main.lst -g -D DEBUG -Wall -ffunction-sections -Og -c .\main.c -o .\CortexM3\ARM_GCC_484\Debug\main.o
.\main.c: In function 'main':
.\main.c:119:11: warning: unused variable 'alevel' [-Wunused-variable]
     uint8 alevel = 0;
           ^
.\main.c:104:9: warning: unused variable 'i' [-Wunused-variable]
     int i;
         ^
.\main.c:103:10: warning: unused variable 'RGB' [-Wunused-variable]
     char RGB[] = {'K','R','G','B'};
          ^
.\main.c:102:9: warning: unused variable 'stack' [-Wunused-variable]
     int stack[3];
         ^
.\main.c:71:10: warning: unused variable 'display' [-Wunused-variable]
     char display[2][30];
          ^
arm-none-eabi-ar.exe -rs .\CortexM3\ARM_GCC_484\Debug\ENG3091_MandM.a .\CortexM3\ARM_GCC_484\Debug\cyfitter_cfg.o .\CortexM3\ARM_GCC_484\Debug\Bootloadable.o .\CortexM3\ARM_GCC_484\Debug\RS.o .\CortexM3\ARM_GCC_484\Debug\E.o .\CortexM3\ARM_GCC_484\Debug\D4.o .\CortexM3\ARM_GCC_484\Debug\D5.o .\CortexM3\ARM_GCC_484\Debug\D6.o .\CortexM3\ARM_GCC_484\Debug\D7.o .\CortexM3\ARM_GCC_484\Debug\V0.o .\CortexM3\ARM_GCC_484\Debug\USB.o .\CortexM3\ARM_GCC_484\Debug\USB_audio.o .\CortexM3\ARM_GCC_484\Debug\USB_boot.o .\CortexM3\ARM_GCC_484\Debug\USB_cdc.o .\CortexM3\ARM_GCC_484\Debug\USB_cls.o .\CortexM3\ARM_GCC_484\Debug\USB_descr.o .\CortexM3\ARM_GCC_484\Debug\USB_drv.o .\CortexM3\ARM_GCC_484\Debug\USB_episr.o .\CortexM3\ARM_GCC_484\Debug\USB_hid.o .\CortexM3\ARM_GCC_484\Debug\USB_pm.o .\CortexM3\ARM_GCC_484\Debug\USB_std.o .\CortexM3\ARM_GCC_484\Debug\USB_vnd.o .\CortexM3\ARM_GCC_484\Debug\USB_midi.o .\CortexM3\ARM_GCC_484\Debug\SDAT_A.o .\CortexM3\ARM_GCC_484\Debug\SCLK_A.o .\CortexM3\ARM_GCC_484\Debug\sclk_a_isr.o .\CortexM3\ARM_GCC_484\Debug\SCLK_B.o .\CortexM3\ARM_GCC_484\Debug\SDAT_B.o .\CortexM3\ARM_GCC_484\Debug\sclk_b_isr.o .\CortexM3\ARM_GCC_484\Debug\timer_clock.o .\CortexM3\ARM_GCC_484\Debug\Timer.o .\CortexM3\ARM_GCC_484\Debug\Timer_PM.o .\CortexM3\ARM_GCC_484\Debug\RED.o .\CortexM3\ARM_GCC_484\Debug\WHITE.o .\CortexM3\ARM_GCC_484\Debug\BLUE.o .\CortexM3\ARM_GCC_484\Debug\ORANGE.o .\CortexM3\ARM_GCC_484\Debug\USB_Dm.o .\CortexM3\ARM_GCC_484\Debug\USB_Dp.o .\CortexM3\ARM_GCC_484\Debug\CyBootAsmGnu.o .\CortexM3\ARM_GCC_484\Debug\CyDmac.o .\CortexM3\ARM_GCC_484\Debug\CyFlash.o .\CortexM3\ARM_GCC_484\Debug\CyLib.o .\CortexM3\ARM_GCC_484\Debug\cyPm.o .\CortexM3\ARM_GCC_484\Debug\CySpc.o .\CortexM3\ARM_GCC_484\Debug\cyutils.o .\CortexM3\ARM_GCC_484\Debug\LCD.o .\CortexM3\ARM_GCC_484\Debug\LCD_PM.o .\CortexM3\ARM_GCC_484\Debug\LCD_Cntl_Port.o .\CortexM3\ARM_GCC_484\Debug\LCD_Cntl_Port_PM.o .\CortexM3\ARM_GCC_484\Debug\but1.o .\CortexM3\ARM_GCC_484\Debug\but0.o .\CortexM3\ARM_GCC_484\Debug\Button_PWM.o .\CortexM3\ARM_GCC_484\Debug\Button_PWM_PM.o .\CortexM3\ARM_GCC_484\Debug\CAM_CLK.o .\CortexM3\ARM_GCC_484\Debug\ISR_CHECKP.o .\CortexM3\ARM_GCC_484\Debug\MOTOR_R.o .\CortexM3\ARM_GCC_484\Debug\MOTOR_R_PM.o .\CortexM3\ARM_GCC_484\Debug\MOTOR_L.o .\CortexM3\ARM_GCC_484\Debug\MOTOR_L_PM.o .\CortexM3\ARM_GCC_484\Debug\MLEN.o .\CortexM3\ARM_GCC_484\Debug\MLIN1.o .\CortexM3\ARM_GCC_484\Debug\MLIN2.o .\CortexM3\ARM_GCC_484\Debug\MREN.o .\CortexM3\ARM_GCC_484\Debug\MRIN1.o .\CortexM3\ARM_GCC_484\Debug\MRIN2.o .\CortexM3\ARM_GCC_484\Debug\Gripper_PWM.o .\CortexM3\ARM_GCC_484\Debug\Gripper_PWM_PM.o .\CortexM3\ARM_GCC_484\Debug\I2C_SDA.o .\CortexM3\ARM_GCC_484\Debug\I2C_SCL.o .\CortexM3\ARM_GCC_484\Debug\I2C.o .\CortexM3\ARM_GCC_484\Debug\I2C_BOOT.o .\CortexM3\ARM_GCC_484\Debug\I2C_INT.o .\CortexM3\ARM_GCC_484\Debug\I2C_PM.o .\CortexM3\ARM_GCC_484\Debug\I2C_SLAVE.o .\CortexM3\ARM_GCC_484\Debug\I2C_MASTER.o .\CortexM3\ARM_GCC_484\Debug\Motor_Clock.o .\CortexM3\ARM_GCC_484\Debug\BUT_CLOCK.o .\CortexM3\ARM_GCC_484\Debug\HC_PWM.o .\CortexM3\ARM_GCC_484\Debug\HC_PWM_PM.o .\CortexM3\ARM_GCC_484\Debug\HC_ECHO.o .\CortexM3\ARM_GCC_484\Debug\HC_ISR.o .\CortexM3\ARM_GCC_484\Debug\HC_Timer.o .\CortexM3\ARM_GCC_484\Debug\HC_Timer_PM.o .\CortexM3\ARM_GCC_484\Debug\HC_CLOCK.o .\CortexM3\ARM_GCC_484\Debug\HC_TRIG.o .\CortexM3\ARM_GCC_484\Debug\Arm_PWM.o .\CortexM3\ARM_GCC_484\Debug\Arm_PWM_PM.o .\CortexM3\ARM_GCC_484\Debug\GRIPPER_PIN.o .\CortexM3\ARM_GCC_484\Debug\I2C_IntClock.o .\CortexM3\ARM_GCC_484\Debug\COMPASS_DRDY.o .\CortexM3\ARM_GCC_484\Debug\Compass_DRDY_ISR.o .\CortexM3\ARM_GCC_484\Debug\ARM_PIN.o .\CortexM3\ARM_GCC_484\Debug\Camera_settings.o .\CortexM3\ARM_GCC_484\Debug\Camera.o .\CortexM3\ARM_GCC_484\Debug\Camera_DMA_dma.o .\CortexM3\ARM_GCC_484\Debug\Camera_VSYNC.o .\CortexM3\ARM_GCC_484\Debug\Camera_SIOD.o .\CortexM3\ARM_GCC_484\Debug\Camera_SIOC.o .\CortexM3\ARM_GCC_484\Debug\Camera_I2C.o .\CortexM3\ARM_GCC_484\Debug\Camera_I2C_BOOT.o .\CortexM3\ARM_GCC_484\Debug\Camera_I2C_INT.o .\CortexM3\ARM_GCC_484\Debug\Camera_I2C_PM.o .\CortexM3\ARM_GCC_484\Debug\Camera_I2C_SLAVE.o .\CortexM3\ARM_GCC_484\Debug\Camera_I2C_MASTER.o
arm-none-eabi-ar.exe: creating .\CortexM3\ARM_GCC_484\Debug\ENG3091_MandM.a
arm-none-eabi-gcc.exe -Wl,--start-group -o .\CortexM3\ARM_GCC_484\Debug\ENG3091_MandM.elf .\CortexM3\ARM_GCC_484\Debug\main.o .\CortexM3\ARM_GCC_484\Debug\mouse_a.o .\CortexM3\ARM_GCC_484\Debug\mouse_b.o .\CortexM3\ARM_GCC_484\Debug\motor.o .\CortexM3\ARM_GCC_484\Debug\navigation.o .\CortexM3\ARM_GCC_484\Debug\arm.o .\CortexM3\ARM_GCC_484\Debug\gripper.o .\CortexM3\ARM_GCC_484\Debug\misc.o .\CortexM3\ARM_GCC_484\Debug\mice.o .\CortexM3\ARM_GCC_484\Debug\buttons.o .\CortexM3\ARM_GCC_484\Debug\compass.o .\CortexM3\ARM_GCC_484\Debug\ultrasonic.o .\CortexM3\ARM_GCC_484\Debug\blob_stats.o .\CortexM3\ARM_GCC_484\Debug\my_camera_functions.o .\CortexM3\ARM_GCC_484\Debug\maintest.o .\CortexM3\ARM_GCC_484\Debug\cybootloader.o .\CortexM3\ARM_GCC_484\Debug\cymetadata.o .\CortexM3\ARM_GCC_484\Debug\Cm3Start.o .\CortexM3\ARM_GCC_484\Debug\ENG3091_MandM.a "C:\Program Files (x86)\Cypress\PSoC Creator\3.2\PSoC Creator\psoc\content\cycomponentlibrary\CyComponentLibrary.cylib\CortexM3\ARM_GCC_484\Debug\CyComponentLibrary.a" -mcpu=cortex-m3 -mthumb -g -ffunction-sections -Og -l m -Wl,-Map,.\CortexM3\ARM_GCC_484\Debug/ENG3091_MandM.map -T Generated_Source\PSoC5\cm3gcc.ld -specs=nano.specs -Wl,--gc-sections -Wl,--end-group
cyelftool.exe -B C:\Users\xavieran\Desktop\ECE3091\PSOCProjects\ENG3091_MandM\ENG3091_MandM.cydsn\CortexM3\ARM_GCC_484\Debug\ENG3091_MandM.elf --flash_row_size 256 --flash_size 262144 --flash_array_size 65536 --ee_array 64 --ee_row_size 16
cyelftool.exe -S C:\Users\xavieran\Desktop\ECE3091\PSOCProjects\ENG3091_MandM\ENG3091_MandM.cydsn\CortexM3\ARM_GCC_484\Debug\ENG3091_MandM.elf
Flash used: 39680 of 262144 bytes (15.1 %). Bootloader: 9984 bytes. Application: 29440 bytes. Metadata: 256 bytes.
SRAM used: 60885 of 65536 bytes (92.9 %). Stack: 2048 bytes. Heap: 128 bytes.
--------------- Build Succeeded: 09/21/2015 20:04:49 ---------------
