ARM GAS  C:\Users\xavieran\AppData\Local\Temp\ccXQpnxb.s 			page 1


   1              		.syntax unified
   2              		.cpu cortex-m3
   3              		.fpu softvfp
   4              		.eabi_attribute 20, 1
   5              		.eabi_attribute 21, 1
   6              		.eabi_attribute 23, 3
   7              		.eabi_attribute 24, 1
   8              		.eabi_attribute 25, 1
   9              		.eabi_attribute 26, 1
  10              		.eabi_attribute 30, 1
  11              		.eabi_attribute 34, 1
  12              		.eabi_attribute 18, 4
  13              		.thumb
  14              		.file	"compass.c"
  15              		.text
  16              	.Ltext0:
  17              		.cfi_sections	.debug_frame
  18              		.section	.text.DRDY_INTERRUPT,"ax",%progbits
  19              		.align	2
  20              		.global	DRDY_INTERRUPT
  21              		.thumb
  22              		.thumb_func
  23              		.type	DRDY_INTERRUPT, %function
  24              	DRDY_INTERRUPT:
  25              	.LFB63:
  26              		.file 1 ".\\compass.c"
   1:.\compass.c   **** /* ========================================
   2:.\compass.c   ****  *
   3:.\compass.c   ****  * Copyright YOUR COMPANY, THE YEAR
   4:.\compass.c   ****  * All Rights Reserved
   5:.\compass.c   ****  * UNPUBLISHED, LICENSED SOFTWARE.
   6:.\compass.c   ****  *
   7:.\compass.c   ****  * CONFIDENTIAL AND PROPRIETARY INFORMATION
   8:.\compass.c   ****  * WHICH IS THE PROPERTY OF your company.
   9:.\compass.c   ****  *
  10:.\compass.c   ****  * ========================================
  11:.\compass.c   **** */
  12:.\compass.c   **** 
  13:.\compass.c   **** /** HOW TO USE THIS MODULE **
  14:.\compass.c   ****  * 1. Start the compass with start_compass()
  15:.\compass.c   ****  * 2. Monitor the compass_ready variable, if it is true, then you
  16:.\compass.c   ****  *    can call compass_read() to refresh the compass data
  17:.\compass.c   ****  * 3. Read from compass x,y,z and heading to get the heading info
  18:.\compass.c   ****  */
  19:.\compass.c   **** 
  20:.\compass.c   **** /* Example code to put in main loop
  21:.\compass.c   **** //Read the compass when it is ready for reading
  22:.\compass.c   **** if (compass_ready){
  23:.\compass.c   ****     compass_ready = 0;
  24:.\compass.c   ****     compass_read();
  25:.\compass.c   ****     //Access compass_x, compass_y, etc.
  26:.\compass.c   **** }
  27:.\compass.c   **** */
  28:.\compass.c   **** 
  29:.\compass.c   **** #include <project.h>
  30:.\compass.c   **** #include <compass.h>
  31:.\compass.c   **** #include <math.h>
ARM GAS  C:\Users\xavieran\AppData\Local\Temp\ccXQpnxb.s 			page 2


  32:.\compass.c   **** 
  33:.\compass.c   **** int16 compass_x;
  34:.\compass.c   **** int16 compass_y;
  35:.\compass.c   **** int16 compass_z;
  36:.\compass.c   **** int16 compass_heading; //0-360 degrees
  37:.\compass.c   **** volatile uint8 compass_ready;
  38:.\compass.c   **** 
  39:.\compass.c   **** int16 original_compass_heading; //this makes our compass relative
  40:.\compass.c   **** 
  41:.\compass.c   **** // These calibration values can be found by plotting the x,y pairs
  42:.\compass.c   **** // whilst turning the compass through 360 degrees, then moving the 
  43:.\compass.c   **** // resulting circle to center on the origin
  44:.\compass.c   **** //AT HOME
  45:.\compass.c   **** //#define CALIBRATION_X -25
  46:.\compass.c   **** //#define CALIBRATION_Y 50
  47:.\compass.c   **** //AT THE LAB/ARENA
  48:.\compass.c   **** #define CALIBRATION_X 25
  49:.\compass.c   **** #define CALIBRATION_Y -25
  50:.\compass.c   **** CY_ISR(DRDY_INTERRUPT){
  27              		.loc 1 50 0
  28              		.cfi_startproc
  29              		@ args = 0, pretend = 0, frame = 0
  30              		@ frame_needed = 0, uses_anonymous_args = 0
  31 0000 08B5     		push	{r3, lr}
  32              		.cfi_def_cfa_offset 8
  33              		.cfi_offset 3, -8
  34              		.cfi_offset 14, -4
  51:.\compass.c   ****     compass_ready = 1;
  35              		.loc 1 51 0
  36 0002 0122     		movs	r2, #1
  37 0004 024B     		ldr	r3, .L2
  38 0006 1A70     		strb	r2, [r3]
  52:.\compass.c   ****     Compass_DRDY_ISR_ClearPending();
  39              		.loc 1 52 0
  40 0008 FFF7FEFF 		bl	Compass_DRDY_ISR_ClearPending
  41              	.LVL0:
  42 000c 08BD     		pop	{r3, pc}
  43              	.L3:
  44 000e 00BF     		.align	2
  45              	.L2:
  46 0010 00000000 		.word	compass_ready
  47              		.cfi_endproc
  48              	.LFE63:
  49              		.size	DRDY_INTERRUPT, .-DRDY_INTERRUPT
  50              		.global	__aeabi_i2d
  51              		.global	__aeabi_dsub
  52              		.global	__aeabi_dmul
  53              		.section	.text.calculate_circular_functions,"ax",%progbits
  54              		.align	2
  55              		.global	calculate_circular_functions
  56              		.thumb
  57              		.thumb_func
  58              		.type	calculate_circular_functions, %function
  59              	calculate_circular_functions:
  60              	.LFB64:
  53:.\compass.c   **** }
  54:.\compass.c   **** 
ARM GAS  C:\Users\xavieran\AppData\Local\Temp\ccXQpnxb.s 			page 3


  55:.\compass.c   **** //These are lookup tables storing sin and cos values in degrees
  56:.\compass.c   **** double SinDeg[360];
  57:.\compass.c   **** double CosDeg[360];
  58:.\compass.c   **** 
  59:.\compass.c   **** void calculate_circular_functions(){
  61              		.loc 1 59 0
  62              		.cfi_startproc
  63              		@ args = 0, pretend = 0, frame = 0
  64              		@ frame_needed = 0, uses_anonymous_args = 0
  65 0000 2DE9F84F 		push	{r3, r4, r5, r6, r7, r8, r9, r10, fp, lr}
  66              		.cfi_def_cfa_offset 40
  67              		.cfi_offset 3, -40
  68              		.cfi_offset 4, -36
  69              		.cfi_offset 5, -32
  70              		.cfi_offset 6, -28
  71              		.cfi_offset 7, -24
  72              		.cfi_offset 8, -20
  73              		.cfi_offset 9, -16
  74              		.cfi_offset 10, -12
  75              		.cfi_offset 11, -8
  76              		.cfi_offset 14, -4
  77              	.LVL1:
  60:.\compass.c   ****     int i;
  61:.\compass.c   ****     for (i = 0; i < 360; i++){
  78              		.loc 1 61 0
  79 0004 4FF0000A 		mov	r10, #0
  62:.\compass.c   ****         SinDeg[i] = sin((((double) i) - 180) * (M_PI / 180.0));
  80              		.loc 1 62 0
  81 0008 0026     		movs	r6, #0
  82 000a 174F     		ldr	r7, .L7+8
  83 000c 0FF25009 		adr	r9, .L7
  84 0010 D9E90089 		ldrd	r8, [r9]
  61:.\compass.c   ****     for (i = 0; i < 360; i++){
  85              		.loc 1 61 0
  86 0014 1EE0     		b	.L5
  87              	.LVL2:
  88              	.L6:
  89              		.loc 1 62 0 discriminator 2
  90 0016 5046     		mov	r0, r10
  91 0018 FFF7FEFF 		bl	__aeabi_i2d
  92              	.LVL3:
  93 001c 3246     		mov	r2, r6
  94 001e 3B46     		mov	r3, r7
  95 0020 FFF7FEFF 		bl	__aeabi_dsub
  96              	.LVL4:
  97 0024 4246     		mov	r2, r8
  98 0026 4B46     		mov	r3, r9
  99 0028 FFF7FEFF 		bl	__aeabi_dmul
 100              	.LVL5:
 101 002c 0446     		mov	r4, r0
 102 002e 0D46     		mov	r5, r1
 103 0030 FFF7FEFF 		bl	sin
 104              	.LVL6:
 105 0034 4FEACA0B 		lsl	fp, r10, #3
 106 0038 0C4B     		ldr	r3, .L7+12
 107 003a 5B44     		add	r3, r3, fp
 108 003c C3E90001 		strd	r0, [r3]
ARM GAS  C:\Users\xavieran\AppData\Local\Temp\ccXQpnxb.s 			page 4


  63:.\compass.c   ****         CosDeg[i] = cos((((double) i) - 180) * (M_PI / 180.0));
 109              		.loc 1 63 0 discriminator 2
 110 0040 2046     		mov	r0, r4
 111 0042 2946     		mov	r1, r5
 112 0044 FFF7FEFF 		bl	cos
 113              	.LVL7:
 114 0048 094B     		ldr	r3, .L7+16
 115 004a 9B44     		add	fp, fp, r3
 116 004c CBE90001 		strd	r0, [fp]
  61:.\compass.c   ****     for (i = 0; i < 360; i++){
 117              		.loc 1 61 0 discriminator 2
 118 0050 0AF1010A 		add	r10, r10, #1
 119              	.LVL8:
 120              	.L5:
  61:.\compass.c   ****     for (i = 0; i < 360; i++){
 121              		.loc 1 61 0 is_stmt 0 discriminator 1
 122 0054 BAF5B47F 		cmp	r10, #360
 123 0058 DDDB     		blt	.L6
  64:.\compass.c   ****     }
  65:.\compass.c   **** }
 124              		.loc 1 65 0 is_stmt 1
 125 005a BDE8F88F 		pop	{r3, r4, r5, r6, r7, r8, r9, r10, fp, pc}
 126              	.LVL9:
 127              	.L8:
 128 005e 00BF     		.align	3
 129              	.L7:
 130 0060 399D52A2 		.word	-1571644103
 131 0064 46DF913F 		.word	1066524486
 132 0068 00806640 		.word	1080459264
 133 006c 00000000 		.word	SinDeg
 134 0070 00000000 		.word	CosDeg
 135              		.cfi_endproc
 136              	.LFE64:
 137              		.size	calculate_circular_functions, .-calculate_circular_functions
 138 0074 AFF30080 		.section	.text.start_compass,"ax",%progbits
 139              		.align	2
 140              		.global	start_compass
 141              		.thumb
 142              		.thumb_func
 143              		.type	start_compass, %function
 144              	start_compass:
 145              	.LFB65:
  66:.\compass.c   **** 
  67:.\compass.c   **** void start_compass(){
 146              		.loc 1 67 0
 147              		.cfi_startproc
 148              		@ args = 0, pretend = 0, frame = 0
 149              		@ frame_needed = 0, uses_anonymous_args = 0
 150 0000 10B5     		push	{r4, lr}
 151              		.cfi_def_cfa_offset 8
 152              		.cfi_offset 4, -8
 153              		.cfi_offset 14, -4
  68:.\compass.c   ****     compass_ready = 0;
 154              		.loc 1 68 0
 155 0002 0024     		movs	r4, #0
 156 0004 1A4B     		ldr	r3, .L10
 157 0006 1C70     		strb	r4, [r3]
ARM GAS  C:\Users\xavieran\AppData\Local\Temp\ccXQpnxb.s 			page 5


  69:.\compass.c   ****     compass_x = 0;
 158              		.loc 1 69 0
 159 0008 1A4B     		ldr	r3, .L10+4
 160 000a 1C80     		strh	r4, [r3]	@ movhi
  70:.\compass.c   ****     compass_y = 0;
 161              		.loc 1 70 0
 162 000c 1A4B     		ldr	r3, .L10+8
 163 000e 1C80     		strh	r4, [r3]	@ movhi
  71:.\compass.c   ****     compass_z = 0;
 164              		.loc 1 71 0
 165 0010 1A4B     		ldr	r3, .L10+12
 166 0012 1C80     		strh	r4, [r3]	@ movhi
  72:.\compass.c   ****     compass_heading = 0;
 167              		.loc 1 72 0
 168 0014 1A4B     		ldr	r3, .L10+16
 169 0016 1C80     		strh	r4, [r3]	@ movhi
  73:.\compass.c   ****     original_compass_heading = 0;
 170              		.loc 1 73 0
 171 0018 1A4B     		ldr	r3, .L10+20
 172 001a 1C80     		strh	r4, [r3]	@ movhi
  74:.\compass.c   ****     
  75:.\compass.c   ****     I2C_Start();
 173              		.loc 1 75 0
 174 001c FFF7FEFF 		bl	I2C_Start
 175              	.LVL10:
  76:.\compass.c   ****     //Write configuration register A
  77:.\compass.c   ****     I2C_MasterSendStart(COMPASS_ADDR, I2C_WRITE_XFER_MODE); 
 176              		.loc 1 77 0
 177 0020 1E20     		movs	r0, #30
 178 0022 2146     		mov	r1, r4
 179 0024 FFF7FEFF 		bl	I2C_MasterSendStart
 180              	.LVL11:
  78:.\compass.c   ****     I2C_MasterWriteByte(COMPASS_REG_CONF_A);
 181              		.loc 1 78 0
 182 0028 2046     		mov	r0, r4
 183 002a FFF7FEFF 		bl	I2C_MasterWriteByte
 184              	.LVL12:
  79:.\compass.c   ****     I2C_MasterWriteByte(COMPASS_DAT_CONF_A);
 185              		.loc 1 79 0
 186 002e 7020     		movs	r0, #112
 187 0030 FFF7FEFF 		bl	I2C_MasterWriteByte
 188              	.LVL13:
  80:.\compass.c   ****     I2C_MasterSendStop();
 189              		.loc 1 80 0
 190 0034 FFF7FEFF 		bl	I2C_MasterSendStop
 191              	.LVL14:
  81:.\compass.c   ****     //Write configuration register A    
  82:.\compass.c   ****     I2C_MasterSendStart(COMPASS_ADDR, I2C_WRITE_XFER_MODE); 
 192              		.loc 1 82 0
 193 0038 1E20     		movs	r0, #30
 194 003a 2146     		mov	r1, r4
 195 003c FFF7FEFF 		bl	I2C_MasterSendStart
 196              	.LVL15:
  83:.\compass.c   ****     I2C_MasterWriteByte(COMPASS_REG_CONF_B);
 197              		.loc 1 83 0
 198 0040 0120     		movs	r0, #1
 199 0042 FFF7FEFF 		bl	I2C_MasterWriteByte
ARM GAS  C:\Users\xavieran\AppData\Local\Temp\ccXQpnxb.s 			page 6


 200              	.LVL16:
  84:.\compass.c   ****     I2C_MasterWriteByte(COMPASS_DAT_CONF_B);
 201              		.loc 1 84 0
 202 0046 2020     		movs	r0, #32
 203 0048 FFF7FEFF 		bl	I2C_MasterWriteByte
 204              	.LVL17:
  85:.\compass.c   ****     I2C_MasterSendStop();
 205              		.loc 1 85 0
 206 004c FFF7FEFF 		bl	I2C_MasterSendStop
 207              	.LVL18:
  86:.\compass.c   ****     //Write mode register
  87:.\compass.c   ****     I2C_MasterSendStart(COMPASS_ADDR, I2C_WRITE_XFER_MODE); 
 208              		.loc 1 87 0
 209 0050 1E20     		movs	r0, #30
 210 0052 2146     		mov	r1, r4
 211 0054 FFF7FEFF 		bl	I2C_MasterSendStart
 212              	.LVL19:
  88:.\compass.c   ****     I2C_MasterWriteByte(COMPASS_REG_MODE);
 213              		.loc 1 88 0
 214 0058 0220     		movs	r0, #2
 215 005a FFF7FEFF 		bl	I2C_MasterWriteByte
 216              	.LVL20:
  89:.\compass.c   ****     I2C_MasterWriteByte(COMPASS_DAT_MODE);
 217              		.loc 1 89 0
 218 005e 2046     		mov	r0, r4
 219 0060 FFF7FEFF 		bl	I2C_MasterWriteByte
 220              	.LVL21:
  90:.\compass.c   ****     I2C_MasterSendStop();
 221              		.loc 1 90 0
 222 0064 FFF7FEFF 		bl	I2C_MasterSendStop
 223              	.LVL22:
  91:.\compass.c   ****     
  92:.\compass.c   ****     Compass_DRDY_ISR_StartEx(DRDY_INTERRUPT);
 224              		.loc 1 92 0
 225 0068 0748     		ldr	r0, .L10+24
 226 006a FFF7FEFF 		bl	Compass_DRDY_ISR_StartEx
 227              	.LVL23:
 228 006e 10BD     		pop	{r4, pc}
 229              	.L11:
 230              		.align	2
 231              	.L10:
 232 0070 00000000 		.word	compass_ready
 233 0074 00000000 		.word	compass_x
 234 0078 00000000 		.word	compass_y
 235 007c 00000000 		.word	compass_z
 236 0080 00000000 		.word	compass_heading
 237 0084 00000000 		.word	original_compass_heading
 238 0088 00000000 		.word	DRDY_INTERRUPT
 239              		.cfi_endproc
 240              	.LFE65:
 241              		.size	start_compass, .-start_compass
 242              		.global	__aeabi_dadd
 243              		.global	__aeabi_d2iz
 244              		.section	.text.compass_read,"ax",%progbits
 245              		.align	2
 246              		.global	compass_read
 247              		.thumb
ARM GAS  C:\Users\xavieran\AppData\Local\Temp\ccXQpnxb.s 			page 7


 248              		.thumb_func
 249              		.type	compass_read, %function
 250              	compass_read:
 251              	.LFB66:
  93:.\compass.c   **** }
  94:.\compass.c   **** 
  95:.\compass.c   **** 
  96:.\compass.c   **** void compass_read(){
 252              		.loc 1 96 0
 253              		.cfi_startproc
 254              		@ args = 0, pretend = 0, frame = 0
 255              		@ frame_needed = 0, uses_anonymous_args = 0
 256 0000 2DE9F843 		push	{r3, r4, r5, r6, r7, r8, r9, lr}
 257              		.cfi_def_cfa_offset 32
 258              		.cfi_offset 3, -32
 259              		.cfi_offset 4, -28
 260              		.cfi_offset 5, -24
 261              		.cfi_offset 6, -20
 262              		.cfi_offset 7, -16
 263              		.cfi_offset 8, -12
 264              		.cfi_offset 9, -8
 265              		.cfi_offset 14, -4
  97:.\compass.c   ****     uint8 data[6] = {0, 0, 0, 0, 0, 0};
  98:.\compass.c   ****     //Set the compass internal address pointer to xh
  99:.\compass.c   ****     I2C_MasterSendStart(COMPASS_ADDR, I2C_WRITE_XFER_MODE);
 266              		.loc 1 99 0
 267 0004 1E20     		movs	r0, #30
 268 0006 0021     		movs	r1, #0
 269 0008 FFF7FEFF 		bl	I2C_MasterSendStart
 270              	.LVL24:
 100:.\compass.c   ****     I2C_MasterWriteByte(0x03);
 271              		.loc 1 100 0
 272 000c 0320     		movs	r0, #3
 273 000e FFF7FEFF 		bl	I2C_MasterWriteByte
 274              	.LVL25:
 101:.\compass.c   ****     I2C_MasterSendStop();
 275              		.loc 1 101 0
 276 0012 FFF7FEFF 		bl	I2C_MasterSendStop
 277              	.LVL26:
 102:.\compass.c   ****     //Read six bytes
 103:.\compass.c   ****     I2C_MasterSendStart(COMPASS_ADDR, I2C_READ_XFER_MODE);
 278              		.loc 1 103 0
 279 0016 1E20     		movs	r0, #30
 280 0018 0121     		movs	r1, #1
 281 001a FFF7FEFF 		bl	I2C_MasterSendStart
 282              	.LVL27:
 104:.\compass.c   ****     data[0] = I2C_MasterReadByte(I2C_ACK_DATA);
 283              		.loc 1 104 0
 284 001e 0120     		movs	r0, #1
 285 0020 FFF7FEFF 		bl	I2C_MasterReadByte
 286              	.LVL28:
 287 0024 8146     		mov	r9, r0
 105:.\compass.c   ****     data[1] = I2C_MasterReadByte(I2C_ACK_DATA);
 288              		.loc 1 105 0
 289 0026 0120     		movs	r0, #1
 290 0028 FFF7FEFF 		bl	I2C_MasterReadByte
 291              	.LVL29:
ARM GAS  C:\Users\xavieran\AppData\Local\Temp\ccXQpnxb.s 			page 8


 292 002c 8046     		mov	r8, r0
 106:.\compass.c   ****     data[2] = I2C_MasterReadByte(I2C_ACK_DATA);
 293              		.loc 1 106 0
 294 002e 0120     		movs	r0, #1
 295 0030 FFF7FEFF 		bl	I2C_MasterReadByte
 296              	.LVL30:
 297 0034 0746     		mov	r7, r0
 107:.\compass.c   ****     data[3] = I2C_MasterReadByte(I2C_ACK_DATA);
 298              		.loc 1 107 0
 299 0036 0120     		movs	r0, #1
 300 0038 FFF7FEFF 		bl	I2C_MasterReadByte
 301              	.LVL31:
 302 003c 0646     		mov	r6, r0
 108:.\compass.c   ****     data[4] = I2C_MasterReadByte(I2C_ACK_DATA);
 303              		.loc 1 108 0
 304 003e 0120     		movs	r0, #1
 305 0040 FFF7FEFF 		bl	I2C_MasterReadByte
 306              	.LVL32:
 307 0044 0546     		mov	r5, r0
 109:.\compass.c   ****     data[5] = I2C_MasterReadByte(I2C_NAK_DATA);
 308              		.loc 1 109 0
 309 0046 0020     		movs	r0, #0
 310 0048 FFF7FEFF 		bl	I2C_MasterReadByte
 311              	.LVL33:
 312 004c 0446     		mov	r4, r0
 110:.\compass.c   ****     I2C_MasterSendStop();
 313              		.loc 1 110 0
 314 004e FFF7FEFF 		bl	I2C_MasterSendStop
 315              	.LVL34:
 111:.\compass.c   ****     
 112:.\compass.c   ****     compass_x = ((data[0] << 8) | data[1]);
 316              		.loc 1 112 0
 317 0052 48EA0923 		orr	r3, r8, r9, lsl #8
 318 0056 9BB2     		uxth	r3, r3
 319 0058 1F4A     		ldr	r2, .L13+8
 320 005a 1380     		strh	r3, [r2]	@ movhi
 113:.\compass.c   ****     compass_z = (data[2] << 8) | data[3];//Bizarrely, the device reads x,z,y...
 321              		.loc 1 113 0
 322 005c 46EA0726 		orr	r6, r6, r7, lsl #8
 323 0060 1E4A     		ldr	r2, .L13+12
 324 0062 1680     		strh	r6, [r2]	@ movhi
 114:.\compass.c   ****     compass_y = ((data[4] << 8) | data[5]);
 325              		.loc 1 114 0
 326 0064 44EA0520 		orr	r0, r4, r5, lsl #8
 327 0068 80B2     		uxth	r0, r0
 328 006a 1D4A     		ldr	r2, .L13+16
 329 006c 1080     		strh	r0, [r2]	@ movhi
 115:.\compass.c   ****     compass_heading = atan2((double) (compass_y + CALIBRATION_Y), 
 330              		.loc 1 115 0
 331 006e 00B2     		sxth	r0, r0
 116:.\compass.c   ****                             (double) (compass_x + CALIBRATION_X)) * 
 332              		.loc 1 116 0
 333 0070 1BB2     		sxth	r3, r3
 334 0072 03F11906 		add	r6, r3, #25
 115:.\compass.c   ****     compass_heading = atan2((double) (compass_y + CALIBRATION_Y), 
 335              		.loc 1 115 0
 336 0076 1938     		subs	r0, r0, #25
ARM GAS  C:\Users\xavieran\AppData\Local\Temp\ccXQpnxb.s 			page 9


 337 0078 FFF7FEFF 		bl	__aeabi_i2d
 338              	.LVL35:
 339 007c 0446     		mov	r4, r0
 340 007e 0D46     		mov	r5, r1
 341 0080 3046     		mov	r0, r6
 342 0082 FFF7FEFF 		bl	__aeabi_i2d
 343              	.LVL36:
 344 0086 0246     		mov	r2, r0
 345 0088 0B46     		mov	r3, r1
 346 008a 2046     		mov	r0, r4
 347 008c 2946     		mov	r1, r5
 348 008e FFF7FEFF 		bl	atan2
 349              	.LVL37:
 350              		.loc 1 116 0
 351 0092 0FA3     		adr	r3, .L13
 352 0094 D3E90023 		ldrd	r2, [r3]
 353 0098 FFF7FEFF 		bl	__aeabi_dmul
 354              	.LVL38:
 117:.\compass.c   ****                             (180/M_PI) + 180 - original_compass_heading;
 355              		.loc 1 117 0
 356 009c 0022     		movs	r2, #0
 357 009e 114B     		ldr	r3, .L13+20
 358 00a0 FFF7FEFF 		bl	__aeabi_dadd
 359              	.LVL39:
 360 00a4 0446     		mov	r4, r0
 361 00a6 0D46     		mov	r5, r1
 362 00a8 0F4B     		ldr	r3, .L13+24
 363 00aa B3F90000 		ldrsh	r0, [r3]
 364 00ae FFF7FEFF 		bl	__aeabi_i2d
 365              	.LVL40:
 366 00b2 0246     		mov	r2, r0
 367 00b4 0B46     		mov	r3, r1
 368 00b6 2046     		mov	r0, r4
 369 00b8 2946     		mov	r1, r5
 370 00ba FFF7FEFF 		bl	__aeabi_dsub
 371              	.LVL41:
 115:.\compass.c   ****     compass_heading = atan2((double) (compass_y + CALIBRATION_Y), 
 372              		.loc 1 115 0
 373 00be FFF7FEFF 		bl	__aeabi_d2iz
 374              	.LVL42:
 375 00c2 0A4B     		ldr	r3, .L13+28
 376 00c4 1880     		strh	r0, [r3]	@ movhi
 377 00c6 BDE8F883 		pop	{r3, r4, r5, r6, r7, r8, r9, pc}
 378              	.L14:
 379 00ca 00BFAFF3 		.align	3
 379      0080
 380              	.L13:
 381 00d0 F8C1631A 		.word	442745336
 382 00d4 DCA54C40 		.word	1078765020
 383 00d8 00000000 		.word	compass_x
 384 00dc 00000000 		.word	compass_z
 385 00e0 00000000 		.word	compass_y
 386 00e4 00806640 		.word	1080459264
 387 00e8 00000000 		.word	original_compass_heading
 388 00ec 00000000 		.word	compass_heading
 389              		.cfi_endproc
 390              	.LFE66:
ARM GAS  C:\Users\xavieran\AppData\Local\Temp\ccXQpnxb.s 			page 10


 391              		.size	compass_read, .-compass_read
 392              		.comm	CosDeg,2880,8
 393              		.comm	SinDeg,2880,8
 394              		.comm	original_compass_heading,2,2
 395              		.comm	compass_ready,1,1
 396              		.comm	compass_heading,2,2
 397              		.comm	compass_z,2,2
 398              		.comm	compass_y,2,2
 399              		.comm	compass_x,2,2
 400              		.comm	Camera_framebuffer,50688,4
 401              		.text
 402              	.Letext0:
 403              		.file 2 "c:\\program files (x86)\\cypress\\psoc creator\\3.2\\psoc creator\\import\\gnu\\arm\\4.8.
 404              		.file 3 "c:\\program files (x86)\\cypress\\psoc creator\\3.2\\psoc creator\\import\\gnu\\arm\\4.8.
 405              		.file 4 "Generated_Source\\PSoC5/cytypes.h"
 406              		.file 5 "Generated_Source\\PSoC5/core_cm3.h"
 407              		.file 6 "Generated_Source\\PSoC5/Camera.h"
 408              		.file 7 "c:\\program files (x86)\\cypress\\psoc creator\\3.2\\psoc creator\\import\\gnu\\arm\\4.8.
 409              		.file 8 "Generated_Source\\PSoC5/Compass_DRDY_ISR.h"
 410              		.file 9 "Generated_Source\\PSoC5/I2C.h"
 411              		.section	.debug_info,"",%progbits
 412              	.Ldebug_info0:
 413 0000 B7040000 		.4byte	0x4b7
 414 0004 0400     		.2byte	0x4
 415 0006 00000000 		.4byte	.Ldebug_abbrev0
 416 000a 04       		.byte	0x4
 417 000b 01       		.uleb128 0x1
 418 000c E7010000 		.4byte	.LASF39
 419 0010 01       		.byte	0x1
 420 0011 07030000 		.4byte	.LASF40
 421 0015 72010000 		.4byte	.LASF41
 422 0019 00000000 		.4byte	.Ldebug_ranges0+0
 423 001d 00000000 		.4byte	0
 424 0021 00000000 		.4byte	.Ldebug_line0
 425 0025 02       		.uleb128 0x2
 426 0026 01       		.byte	0x1
 427 0027 06       		.byte	0x6
 428 0028 D2020000 		.4byte	.LASF0
 429 002c 02       		.uleb128 0x2
 430 002d 01       		.byte	0x1
 431 002e 08       		.byte	0x8
 432 002f CF000000 		.4byte	.LASF1
 433 0033 02       		.uleb128 0x2
 434 0034 02       		.byte	0x2
 435 0035 05       		.byte	0x5
 436 0036 A0020000 		.4byte	.LASF2
 437 003a 02       		.uleb128 0x2
 438 003b 02       		.byte	0x2
 439 003c 07       		.byte	0x7
 440 003d F5000000 		.4byte	.LASF3
 441 0041 03       		.uleb128 0x3
 442 0042 46000000 		.4byte	.LASF9
 443 0046 02       		.byte	0x2
 444 0047 37       		.byte	0x37
 445 0048 4C000000 		.4byte	0x4c
 446 004c 02       		.uleb128 0x2
 447 004d 04       		.byte	0x4
ARM GAS  C:\Users\xavieran\AppData\Local\Temp\ccXQpnxb.s 			page 11


 448 004e 05       		.byte	0x5
 449 004f BD020000 		.4byte	.LASF4
 450 0053 02       		.uleb128 0x2
 451 0054 04       		.byte	0x4
 452 0055 07       		.byte	0x7
 453 0056 E3000000 		.4byte	.LASF5
 454 005a 02       		.uleb128 0x2
 455 005b 08       		.byte	0x8
 456 005c 05       		.byte	0x5
 457 005d 6C020000 		.4byte	.LASF6
 458 0061 02       		.uleb128 0x2
 459 0062 08       		.byte	0x8
 460 0063 07       		.byte	0x7
 461 0064 C3010000 		.4byte	.LASF7
 462 0068 04       		.uleb128 0x4
 463 0069 04       		.byte	0x4
 464 006a 05       		.byte	0x5
 465 006b 696E7400 		.ascii	"int\000"
 466 006f 02       		.uleb128 0x2
 467 0070 04       		.byte	0x4
 468 0071 07       		.byte	0x7
 469 0072 65010000 		.4byte	.LASF8
 470 0076 03       		.uleb128 0x3
 471 0077 85020000 		.4byte	.LASF10
 472 007b 03       		.byte	0x3
 473 007c 41       		.byte	0x41
 474 007d 41000000 		.4byte	0x41
 475 0081 03       		.uleb128 0x3
 476 0082 AA020000 		.4byte	.LASF11
 477 0086 04       		.byte	0x4
 478 0087 B3       		.byte	0xb3
 479 0088 2C000000 		.4byte	0x2c
 480 008c 03       		.uleb128 0x3
 481 008d DD000000 		.4byte	.LASF12
 482 0091 04       		.byte	0x4
 483 0092 B7       		.byte	0xb7
 484 0093 33000000 		.4byte	0x33
 485 0097 02       		.uleb128 0x2
 486 0098 04       		.byte	0x4
 487 0099 04       		.byte	0x4
 488 009a C4000000 		.4byte	.LASF13
 489 009e 02       		.uleb128 0x2
 490 009f 08       		.byte	0x8
 491 00a0 04       		.byte	0x4
 492 00a1 A0000000 		.4byte	.LASF14
 493 00a5 02       		.uleb128 0x2
 494 00a6 01       		.byte	0x1
 495 00a7 08       		.byte	0x8
 496 00a8 80020000 		.4byte	.LASF15
 497 00ac 05       		.uleb128 0x5
 498 00ad 81000000 		.4byte	0x81
 499 00b1 06       		.uleb128 0x6
 500 00b2 DA010000 		.4byte	.LASF16
 501 00b6 04       		.byte	0x4
 502 00b7 6F01     		.2byte	0x16f
 503 00b9 BD000000 		.4byte	0xbd
 504 00bd 07       		.uleb128 0x7
ARM GAS  C:\Users\xavieran\AppData\Local\Temp\ccXQpnxb.s 			page 12


 505 00be 04       		.byte	0x4
 506 00bf C3000000 		.4byte	0xc3
 507 00c3 08       		.uleb128 0x8
 508 00c4 02       		.uleb128 0x2
 509 00c5 04       		.byte	0x4
 510 00c6 07       		.byte	0x7
 511 00c7 63020000 		.4byte	.LASF17
 512 00cb 02       		.uleb128 0x2
 513 00cc 08       		.byte	0x8
 514 00cd 04       		.byte	0x4
 515 00ce C6020000 		.4byte	.LASF18
 516 00d2 09       		.uleb128 0x9
 517 00d3 07000000 		.4byte	.LASF19
 518 00d7 01       		.byte	0x1
 519 00d8 32       		.byte	0x32
 520 00d9 00000000 		.4byte	.LFB63
 521 00dd 14000000 		.4byte	.LFE63-.LFB63
 522 00e1 01       		.uleb128 0x1
 523 00e2 9C       		.byte	0x9c
 524 00e3 F1000000 		.4byte	0xf1
 525 00e7 0A       		.uleb128 0xa
 526 00e8 0C000000 		.4byte	.LVL0
 527 00ec 0C040000 		.4byte	0x40c
 528 00f0 00       		.byte	0
 529 00f1 0B       		.uleb128 0xb
 530 00f2 29000000 		.4byte	.LASF42
 531 00f6 01       		.byte	0x1
 532 00f7 3B       		.byte	0x3b
 533 00f8 00000000 		.4byte	.LFB64
 534 00fc 74000000 		.4byte	.LFE64-.LFB64
 535 0100 01       		.uleb128 0x1
 536 0101 9C       		.byte	0x9c
 537 0102 26010000 		.4byte	0x126
 538 0106 0C       		.uleb128 0xc
 539 0107 6900     		.ascii	"i\000"
 540 0109 01       		.byte	0x1
 541 010a 3C       		.byte	0x3c
 542 010b 68000000 		.4byte	0x68
 543 010f 00000000 		.4byte	.LLST0
 544 0113 0A       		.uleb128 0xa
 545 0114 34000000 		.4byte	.LVL6
 546 0118 13040000 		.4byte	0x413
 547 011c 0A       		.uleb128 0xa
 548 011d 48000000 		.4byte	.LVL7
 549 0121 28040000 		.4byte	0x428
 550 0125 00       		.byte	0
 551 0126 09       		.uleb128 0x9
 552 0127 57010000 		.4byte	.LASF20
 553 012b 01       		.byte	0x1
 554 012c 43       		.byte	0x43
 555 012d 00000000 		.4byte	.LFB65
 556 0131 8C000000 		.4byte	.LFE65-.LFB65
 557 0135 01       		.uleb128 0x1
 558 0136 9C       		.byte	0x9c
 559 0137 34020000 		.4byte	0x234
 560 013b 0A       		.uleb128 0xa
 561 013c 20000000 		.4byte	.LVL10
ARM GAS  C:\Users\xavieran\AppData\Local\Temp\ccXQpnxb.s 			page 13


 562 0140 3D040000 		.4byte	0x43d
 563 0144 0D       		.uleb128 0xd
 564 0145 28000000 		.4byte	.LVL11
 565 0149 44040000 		.4byte	0x444
 566 014d 5D010000 		.4byte	0x15d
 567 0151 0E       		.uleb128 0xe
 568 0152 01       		.uleb128 0x1
 569 0153 51       		.byte	0x51
 570 0154 02       		.uleb128 0x2
 571 0155 74       		.byte	0x74
 572 0156 00       		.sleb128 0
 573 0157 0E       		.uleb128 0xe
 574 0158 01       		.uleb128 0x1
 575 0159 50       		.byte	0x50
 576 015a 01       		.uleb128 0x1
 577 015b 4E       		.byte	0x4e
 578 015c 00       		.byte	0
 579 015d 0D       		.uleb128 0xd
 580 015e 2E000000 		.4byte	.LVL12
 581 0162 5E040000 		.4byte	0x45e
 582 0166 71010000 		.4byte	0x171
 583 016a 0E       		.uleb128 0xe
 584 016b 01       		.uleb128 0x1
 585 016c 50       		.byte	0x50
 586 016d 02       		.uleb128 0x2
 587 016e 74       		.byte	0x74
 588 016f 00       		.sleb128 0
 589 0170 00       		.byte	0
 590 0171 0D       		.uleb128 0xd
 591 0172 34000000 		.4byte	.LVL13
 592 0176 5E040000 		.4byte	0x45e
 593 017a 85010000 		.4byte	0x185
 594 017e 0E       		.uleb128 0xe
 595 017f 01       		.uleb128 0x1
 596 0180 50       		.byte	0x50
 597 0181 02       		.uleb128 0x2
 598 0182 08       		.byte	0x8
 599 0183 70       		.byte	0x70
 600 0184 00       		.byte	0
 601 0185 0A       		.uleb128 0xa
 602 0186 38000000 		.4byte	.LVL14
 603 018a 73040000 		.4byte	0x473
 604 018e 0D       		.uleb128 0xd
 605 018f 40000000 		.4byte	.LVL15
 606 0193 44040000 		.4byte	0x444
 607 0197 A7010000 		.4byte	0x1a7
 608 019b 0E       		.uleb128 0xe
 609 019c 01       		.uleb128 0x1
 610 019d 51       		.byte	0x51
 611 019e 02       		.uleb128 0x2
 612 019f 74       		.byte	0x74
 613 01a0 00       		.sleb128 0
 614 01a1 0E       		.uleb128 0xe
 615 01a2 01       		.uleb128 0x1
 616 01a3 50       		.byte	0x50
 617 01a4 01       		.uleb128 0x1
 618 01a5 4E       		.byte	0x4e
ARM GAS  C:\Users\xavieran\AppData\Local\Temp\ccXQpnxb.s 			page 14


 619 01a6 00       		.byte	0
 620 01a7 0D       		.uleb128 0xd
 621 01a8 46000000 		.4byte	.LVL16
 622 01ac 5E040000 		.4byte	0x45e
 623 01b0 BA010000 		.4byte	0x1ba
 624 01b4 0E       		.uleb128 0xe
 625 01b5 01       		.uleb128 0x1
 626 01b6 50       		.byte	0x50
 627 01b7 01       		.uleb128 0x1
 628 01b8 31       		.byte	0x31
 629 01b9 00       		.byte	0
 630 01ba 0D       		.uleb128 0xd
 631 01bb 4C000000 		.4byte	.LVL17
 632 01bf 5E040000 		.4byte	0x45e
 633 01c3 CE010000 		.4byte	0x1ce
 634 01c7 0E       		.uleb128 0xe
 635 01c8 01       		.uleb128 0x1
 636 01c9 50       		.byte	0x50
 637 01ca 02       		.uleb128 0x2
 638 01cb 08       		.byte	0x8
 639 01cc 20       		.byte	0x20
 640 01cd 00       		.byte	0
 641 01ce 0A       		.uleb128 0xa
 642 01cf 50000000 		.4byte	.LVL18
 643 01d3 73040000 		.4byte	0x473
 644 01d7 0D       		.uleb128 0xd
 645 01d8 58000000 		.4byte	.LVL19
 646 01dc 44040000 		.4byte	0x444
 647 01e0 F0010000 		.4byte	0x1f0
 648 01e4 0E       		.uleb128 0xe
 649 01e5 01       		.uleb128 0x1
 650 01e6 51       		.byte	0x51
 651 01e7 02       		.uleb128 0x2
 652 01e8 74       		.byte	0x74
 653 01e9 00       		.sleb128 0
 654 01ea 0E       		.uleb128 0xe
 655 01eb 01       		.uleb128 0x1
 656 01ec 50       		.byte	0x50
 657 01ed 01       		.uleb128 0x1
 658 01ee 4E       		.byte	0x4e
 659 01ef 00       		.byte	0
 660 01f0 0D       		.uleb128 0xd
 661 01f1 5E000000 		.4byte	.LVL20
 662 01f5 5E040000 		.4byte	0x45e
 663 01f9 03020000 		.4byte	0x203
 664 01fd 0E       		.uleb128 0xe
 665 01fe 01       		.uleb128 0x1
 666 01ff 50       		.byte	0x50
 667 0200 01       		.uleb128 0x1
 668 0201 32       		.byte	0x32
 669 0202 00       		.byte	0
 670 0203 0D       		.uleb128 0xd
 671 0204 64000000 		.4byte	.LVL21
 672 0208 5E040000 		.4byte	0x45e
 673 020c 17020000 		.4byte	0x217
 674 0210 0E       		.uleb128 0xe
 675 0211 01       		.uleb128 0x1
ARM GAS  C:\Users\xavieran\AppData\Local\Temp\ccXQpnxb.s 			page 15


 676 0212 50       		.byte	0x50
 677 0213 02       		.uleb128 0x2
 678 0214 74       		.byte	0x74
 679 0215 00       		.sleb128 0
 680 0216 00       		.byte	0
 681 0217 0A       		.uleb128 0xa
 682 0218 68000000 		.4byte	.LVL22
 683 021c 73040000 		.4byte	0x473
 684 0220 0F       		.uleb128 0xf
 685 0221 6E000000 		.4byte	.LVL23
 686 0225 7E040000 		.4byte	0x47e
 687 0229 0E       		.uleb128 0xe
 688 022a 01       		.uleb128 0x1
 689 022b 50       		.byte	0x50
 690 022c 05       		.uleb128 0x5
 691 022d 03       		.byte	0x3
 692 022e 00000000 		.4byte	DRDY_INTERRUPT
 693 0232 00       		.byte	0
 694 0233 00       		.byte	0
 695 0234 10       		.uleb128 0x10
 696 0235 B0020000 		.4byte	.LASF21
 697 0239 01       		.byte	0x1
 698 023a 60       		.byte	0x60
 699 023b 00000000 		.4byte	.LFB66
 700 023f F0000000 		.4byte	.LFE66-.LFB66
 701 0243 01       		.uleb128 0x1
 702 0244 9C       		.byte	0x9c
 703 0245 25030000 		.4byte	0x325
 704 0249 11       		.uleb128 0x11
 705 024a CA000000 		.4byte	.LASF43
 706 024e 01       		.byte	0x1
 707 024f 61       		.byte	0x61
 708 0250 25030000 		.4byte	0x325
 709 0254 0D       		.uleb128 0xd
 710 0255 0C000000 		.4byte	.LVL24
 711 0259 44040000 		.4byte	0x444
 712 025d 6C020000 		.4byte	0x26c
 713 0261 0E       		.uleb128 0xe
 714 0262 01       		.uleb128 0x1
 715 0263 51       		.byte	0x51
 716 0264 01       		.uleb128 0x1
 717 0265 30       		.byte	0x30
 718 0266 0E       		.uleb128 0xe
 719 0267 01       		.uleb128 0x1
 720 0268 50       		.byte	0x50
 721 0269 01       		.uleb128 0x1
 722 026a 4E       		.byte	0x4e
 723 026b 00       		.byte	0
 724 026c 0D       		.uleb128 0xd
 725 026d 12000000 		.4byte	.LVL25
 726 0271 5E040000 		.4byte	0x45e
 727 0275 7F020000 		.4byte	0x27f
 728 0279 0E       		.uleb128 0xe
 729 027a 01       		.uleb128 0x1
 730 027b 50       		.byte	0x50
 731 027c 01       		.uleb128 0x1
 732 027d 33       		.byte	0x33
ARM GAS  C:\Users\xavieran\AppData\Local\Temp\ccXQpnxb.s 			page 16


 733 027e 00       		.byte	0
 734 027f 0A       		.uleb128 0xa
 735 0280 16000000 		.4byte	.LVL26
 736 0284 73040000 		.4byte	0x473
 737 0288 0D       		.uleb128 0xd
 738 0289 1E000000 		.4byte	.LVL27
 739 028d 44040000 		.4byte	0x444
 740 0291 A0020000 		.4byte	0x2a0
 741 0295 0E       		.uleb128 0xe
 742 0296 01       		.uleb128 0x1
 743 0297 51       		.byte	0x51
 744 0298 01       		.uleb128 0x1
 745 0299 31       		.byte	0x31
 746 029a 0E       		.uleb128 0xe
 747 029b 01       		.uleb128 0x1
 748 029c 50       		.byte	0x50
 749 029d 01       		.uleb128 0x1
 750 029e 4E       		.byte	0x4e
 751 029f 00       		.byte	0
 752 02a0 0D       		.uleb128 0xd
 753 02a1 24000000 		.4byte	.LVL28
 754 02a5 8F040000 		.4byte	0x48f
 755 02a9 B3020000 		.4byte	0x2b3
 756 02ad 0E       		.uleb128 0xe
 757 02ae 01       		.uleb128 0x1
 758 02af 50       		.byte	0x50
 759 02b0 01       		.uleb128 0x1
 760 02b1 31       		.byte	0x31
 761 02b2 00       		.byte	0
 762 02b3 0D       		.uleb128 0xd
 763 02b4 2C000000 		.4byte	.LVL29
 764 02b8 8F040000 		.4byte	0x48f
 765 02bc C6020000 		.4byte	0x2c6
 766 02c0 0E       		.uleb128 0xe
 767 02c1 01       		.uleb128 0x1
 768 02c2 50       		.byte	0x50
 769 02c3 01       		.uleb128 0x1
 770 02c4 31       		.byte	0x31
 771 02c5 00       		.byte	0
 772 02c6 0D       		.uleb128 0xd
 773 02c7 34000000 		.4byte	.LVL30
 774 02cb 8F040000 		.4byte	0x48f
 775 02cf D9020000 		.4byte	0x2d9
 776 02d3 0E       		.uleb128 0xe
 777 02d4 01       		.uleb128 0x1
 778 02d5 50       		.byte	0x50
 779 02d6 01       		.uleb128 0x1
 780 02d7 31       		.byte	0x31
 781 02d8 00       		.byte	0
 782 02d9 0D       		.uleb128 0xd
 783 02da 3C000000 		.4byte	.LVL31
 784 02de 8F040000 		.4byte	0x48f
 785 02e2 EC020000 		.4byte	0x2ec
 786 02e6 0E       		.uleb128 0xe
 787 02e7 01       		.uleb128 0x1
 788 02e8 50       		.byte	0x50
 789 02e9 01       		.uleb128 0x1
ARM GAS  C:\Users\xavieran\AppData\Local\Temp\ccXQpnxb.s 			page 17


 790 02ea 31       		.byte	0x31
 791 02eb 00       		.byte	0
 792 02ec 0D       		.uleb128 0xd
 793 02ed 44000000 		.4byte	.LVL32
 794 02f1 8F040000 		.4byte	0x48f
 795 02f5 FF020000 		.4byte	0x2ff
 796 02f9 0E       		.uleb128 0xe
 797 02fa 01       		.uleb128 0x1
 798 02fb 50       		.byte	0x50
 799 02fc 01       		.uleb128 0x1
 800 02fd 31       		.byte	0x31
 801 02fe 00       		.byte	0
 802 02ff 0D       		.uleb128 0xd
 803 0300 4C000000 		.4byte	.LVL33
 804 0304 8F040000 		.4byte	0x48f
 805 0308 12030000 		.4byte	0x312
 806 030c 0E       		.uleb128 0xe
 807 030d 01       		.uleb128 0x1
 808 030e 50       		.byte	0x50
 809 030f 01       		.uleb128 0x1
 810 0310 30       		.byte	0x30
 811 0311 00       		.byte	0
 812 0312 0A       		.uleb128 0xa
 813 0313 52000000 		.4byte	.LVL34
 814 0317 73040000 		.4byte	0x473
 815 031b 0A       		.uleb128 0xa
 816 031c 92000000 		.4byte	.LVL37
 817 0320 A4040000 		.4byte	0x4a4
 818 0324 00       		.byte	0
 819 0325 12       		.uleb128 0x12
 820 0326 81000000 		.4byte	0x81
 821 032a 35030000 		.4byte	0x335
 822 032e 13       		.uleb128 0x13
 823 032f C4000000 		.4byte	0xc4
 824 0333 05       		.byte	0x5
 825 0334 00       		.byte	0
 826 0335 14       		.uleb128 0x14
 827 0336 1C010000 		.4byte	.LASF22
 828 033a 05       		.byte	0x5
 829 033b 2A06     		.2byte	0x62a
 830 033d 41030000 		.4byte	0x341
 831 0341 05       		.uleb128 0x5
 832 0342 76000000 		.4byte	0x76
 833 0346 12       		.uleb128 0x12
 834 0347 81000000 		.4byte	0x81
 835 034b 62030000 		.4byte	0x362
 836 034f 13       		.uleb128 0x13
 837 0350 C4000000 		.4byte	0xc4
 838 0354 8F       		.byte	0x8f
 839 0355 13       		.uleb128 0x13
 840 0356 C4000000 		.4byte	0xc4
 841 035a 57       		.byte	0x57
 842 035b 13       		.uleb128 0x13
 843 035c C4000000 		.4byte	0xc4
 844 0360 03       		.byte	0x3
 845 0361 00       		.byte	0
 846 0362 15       		.uleb128 0x15
ARM GAS  C:\Users\xavieran\AppData\Local\Temp\ccXQpnxb.s 			page 18


 847 0363 B1000000 		.4byte	.LASF23
 848 0367 06       		.byte	0x6
 849 0368 08       		.byte	0x8
 850 0369 46030000 		.4byte	0x346
 851 036d 05       		.uleb128 0x5
 852 036e 03       		.byte	0x3
 853 036f 00000000 		.4byte	Camera_framebuffer
 854 0373 15       		.uleb128 0x15
 855 0374 96000000 		.4byte	.LASF24
 856 0378 01       		.byte	0x1
 857 0379 21       		.byte	0x21
 858 037a 8C000000 		.4byte	0x8c
 859 037e 05       		.uleb128 0x5
 860 037f 03       		.byte	0x3
 861 0380 00000000 		.4byte	compass_x
 862 0384 15       		.uleb128 0x15
 863 0385 50000000 		.4byte	.LASF25
 864 0389 01       		.byte	0x1
 865 038a 22       		.byte	0x22
 866 038b 8C000000 		.4byte	0x8c
 867 038f 05       		.uleb128 0x5
 868 0390 03       		.byte	0x3
 869 0391 00000000 		.4byte	compass_y
 870 0395 15       		.uleb128 0x15
 871 0396 5A000000 		.4byte	.LASF26
 872 039a 01       		.byte	0x1
 873 039b 23       		.byte	0x23
 874 039c 8C000000 		.4byte	0x8c
 875 03a0 05       		.uleb128 0x5
 876 03a1 03       		.byte	0x3
 877 03a2 00000000 		.4byte	compass_z
 878 03a6 15       		.uleb128 0x15
 879 03a7 F7020000 		.4byte	.LASF27
 880 03ab 01       		.byte	0x1
 881 03ac 24       		.byte	0x24
 882 03ad 8C000000 		.4byte	0x8c
 883 03b1 05       		.uleb128 0x5
 884 03b2 03       		.byte	0x3
 885 03b3 00000000 		.4byte	compass_heading
 886 03b7 15       		.uleb128 0x15
 887 03b8 42010000 		.4byte	.LASF28
 888 03bc 01       		.byte	0x1
 889 03bd 25       		.byte	0x25
 890 03be AC000000 		.4byte	0xac
 891 03c2 05       		.uleb128 0x5
 892 03c3 03       		.byte	0x3
 893 03c4 00000000 		.4byte	compass_ready
 894 03c8 15       		.uleb128 0x15
 895 03c9 DE020000 		.4byte	.LASF29
 896 03cd 01       		.byte	0x1
 897 03ce 27       		.byte	0x27
 898 03cf 8C000000 		.4byte	0x8c
 899 03d3 05       		.uleb128 0x5
 900 03d4 03       		.byte	0x3
 901 03d5 00000000 		.4byte	original_compass_heading
 902 03d9 12       		.uleb128 0x12
 903 03da 9E000000 		.4byte	0x9e
ARM GAS  C:\Users\xavieran\AppData\Local\Temp\ccXQpnxb.s 			page 19


 904 03de EA030000 		.4byte	0x3ea
 905 03e2 16       		.uleb128 0x16
 906 03e3 C4000000 		.4byte	0xc4
 907 03e7 6701     		.2byte	0x167
 908 03e9 00       		.byte	0
 909 03ea 15       		.uleb128 0x15
 910 03eb 00000000 		.4byte	.LASF30
 911 03ef 01       		.byte	0x1
 912 03f0 38       		.byte	0x38
 913 03f1 D9030000 		.4byte	0x3d9
 914 03f5 05       		.uleb128 0x5
 915 03f6 03       		.byte	0x3
 916 03f7 00000000 		.4byte	SinDeg
 917 03fb 15       		.uleb128 0x15
 918 03fc 50010000 		.4byte	.LASF31
 919 0400 01       		.byte	0x1
 920 0401 39       		.byte	0x39
 921 0402 D9030000 		.4byte	0x3d9
 922 0406 05       		.uleb128 0x5
 923 0407 03       		.byte	0x3
 924 0408 00000000 		.4byte	CosDeg
 925 040c 17       		.uleb128 0x17
 926 040d 78000000 		.4byte	.LASF32
 927 0411 08       		.byte	0x8
 928 0412 28       		.byte	0x28
 929 0413 18       		.uleb128 0x18
 930 0414 73696E00 		.ascii	"sin\000"
 931 0418 07       		.byte	0x7
 932 0419 6E       		.byte	0x6e
 933 041a 9E000000 		.4byte	0x9e
 934 041e 28040000 		.4byte	0x428
 935 0422 19       		.uleb128 0x19
 936 0423 9E000000 		.4byte	0x9e
 937 0427 00       		.byte	0
 938 0428 18       		.uleb128 0x18
 939 0429 636F7300 		.ascii	"cos\000"
 940 042d 07       		.byte	0x7
 941 042e 6D       		.byte	0x6d
 942 042f 9E000000 		.4byte	0x9e
 943 0433 3D040000 		.4byte	0x43d
 944 0437 19       		.uleb128 0x19
 945 0438 9E000000 		.4byte	0x9e
 946 043c 00       		.byte	0
 947 043d 17       		.uleb128 0x17
 948 043e A7000000 		.4byte	.LASF33
 949 0442 09       		.byte	0x9
 950 0443 93       		.byte	0x93
 951 0444 1A       		.uleb128 0x1a
 952 0445 08010000 		.4byte	.LASF34
 953 0449 09       		.byte	0x9
 954 044a B1       		.byte	0xb1
 955 044b 81000000 		.4byte	0x81
 956 044f 5E040000 		.4byte	0x45e
 957 0453 19       		.uleb128 0x19
 958 0454 81000000 		.4byte	0x81
 959 0458 19       		.uleb128 0x19
 960 0459 81000000 		.4byte	0x81
ARM GAS  C:\Users\xavieran\AppData\Local\Temp\ccXQpnxb.s 			page 20


 961 045d 00       		.byte	0
 962 045e 1A       		.uleb128 0x1a
 963 045f 64000000 		.4byte	.LASF35
 964 0463 09       		.byte	0x9
 965 0464 B6       		.byte	0xb6
 966 0465 81000000 		.4byte	0x81
 967 0469 73040000 		.4byte	0x473
 968 046d 19       		.uleb128 0x19
 969 046e 81000000 		.4byte	0x81
 970 0472 00       		.byte	0
 971 0473 1B       		.uleb128 0x1b
 972 0474 16000000 		.4byte	.LASF44
 973 0478 09       		.byte	0x9
 974 0479 B5       		.byte	0xb5
 975 047a 81000000 		.4byte	0x81
 976 047e 1C       		.uleb128 0x1c
 977 047f 29010000 		.4byte	.LASF37
 978 0483 08       		.byte	0x8
 979 0484 18       		.byte	0x18
 980 0485 8F040000 		.4byte	0x48f
 981 0489 19       		.uleb128 0x19
 982 048a B1000000 		.4byte	0xb1
 983 048e 00       		.byte	0
 984 048f 1A       		.uleb128 0x1a
 985 0490 8D020000 		.4byte	.LASF36
 986 0494 09       		.byte	0x9
 987 0495 B7       		.byte	0xb7
 988 0496 81000000 		.4byte	0x81
 989 049a A4040000 		.4byte	0x4a4
 990 049e 19       		.uleb128 0x19
 991 049f 81000000 		.4byte	0x81
 992 04a3 00       		.byte	0
 993 04a4 1D       		.uleb128 0x1d
 994 04a5 7A020000 		.4byte	.LASF38
 995 04a9 07       		.byte	0x7
 996 04aa 7E       		.byte	0x7e
 997 04ab 9E000000 		.4byte	0x9e
 998 04af 19       		.uleb128 0x19
 999 04b0 9E000000 		.4byte	0x9e
 1000 04b4 19       		.uleb128 0x19
 1001 04b5 9E000000 		.4byte	0x9e
 1002 04b9 00       		.byte	0
 1003 04ba 00       		.byte	0
 1004              		.section	.debug_abbrev,"",%progbits
 1005              	.Ldebug_abbrev0:
 1006 0000 01       		.uleb128 0x1
 1007 0001 11       		.uleb128 0x11
 1008 0002 01       		.byte	0x1
 1009 0003 25       		.uleb128 0x25
 1010 0004 0E       		.uleb128 0xe
 1011 0005 13       		.uleb128 0x13
 1012 0006 0B       		.uleb128 0xb
 1013 0007 03       		.uleb128 0x3
 1014 0008 0E       		.uleb128 0xe
 1015 0009 1B       		.uleb128 0x1b
 1016 000a 0E       		.uleb128 0xe
 1017 000b 55       		.uleb128 0x55
ARM GAS  C:\Users\xavieran\AppData\Local\Temp\ccXQpnxb.s 			page 21


 1018 000c 17       		.uleb128 0x17
 1019 000d 11       		.uleb128 0x11
 1020 000e 01       		.uleb128 0x1
 1021 000f 10       		.uleb128 0x10
 1022 0010 17       		.uleb128 0x17
 1023 0011 00       		.byte	0
 1024 0012 00       		.byte	0
 1025 0013 02       		.uleb128 0x2
 1026 0014 24       		.uleb128 0x24
 1027 0015 00       		.byte	0
 1028 0016 0B       		.uleb128 0xb
 1029 0017 0B       		.uleb128 0xb
 1030 0018 3E       		.uleb128 0x3e
 1031 0019 0B       		.uleb128 0xb
 1032 001a 03       		.uleb128 0x3
 1033 001b 0E       		.uleb128 0xe
 1034 001c 00       		.byte	0
 1035 001d 00       		.byte	0
 1036 001e 03       		.uleb128 0x3
 1037 001f 16       		.uleb128 0x16
 1038 0020 00       		.byte	0
 1039 0021 03       		.uleb128 0x3
 1040 0022 0E       		.uleb128 0xe
 1041 0023 3A       		.uleb128 0x3a
 1042 0024 0B       		.uleb128 0xb
 1043 0025 3B       		.uleb128 0x3b
 1044 0026 0B       		.uleb128 0xb
 1045 0027 49       		.uleb128 0x49
 1046 0028 13       		.uleb128 0x13
 1047 0029 00       		.byte	0
 1048 002a 00       		.byte	0
 1049 002b 04       		.uleb128 0x4
 1050 002c 24       		.uleb128 0x24
 1051 002d 00       		.byte	0
 1052 002e 0B       		.uleb128 0xb
 1053 002f 0B       		.uleb128 0xb
 1054 0030 3E       		.uleb128 0x3e
 1055 0031 0B       		.uleb128 0xb
 1056 0032 03       		.uleb128 0x3
 1057 0033 08       		.uleb128 0x8
 1058 0034 00       		.byte	0
 1059 0035 00       		.byte	0
 1060 0036 05       		.uleb128 0x5
 1061 0037 35       		.uleb128 0x35
 1062 0038 00       		.byte	0
 1063 0039 49       		.uleb128 0x49
 1064 003a 13       		.uleb128 0x13
 1065 003b 00       		.byte	0
 1066 003c 00       		.byte	0
 1067 003d 06       		.uleb128 0x6
 1068 003e 16       		.uleb128 0x16
 1069 003f 00       		.byte	0
 1070 0040 03       		.uleb128 0x3
 1071 0041 0E       		.uleb128 0xe
 1072 0042 3A       		.uleb128 0x3a
 1073 0043 0B       		.uleb128 0xb
 1074 0044 3B       		.uleb128 0x3b
ARM GAS  C:\Users\xavieran\AppData\Local\Temp\ccXQpnxb.s 			page 22


 1075 0045 05       		.uleb128 0x5
 1076 0046 49       		.uleb128 0x49
 1077 0047 13       		.uleb128 0x13
 1078 0048 00       		.byte	0
 1079 0049 00       		.byte	0
 1080 004a 07       		.uleb128 0x7
 1081 004b 0F       		.uleb128 0xf
 1082 004c 00       		.byte	0
 1083 004d 0B       		.uleb128 0xb
 1084 004e 0B       		.uleb128 0xb
 1085 004f 49       		.uleb128 0x49
 1086 0050 13       		.uleb128 0x13
 1087 0051 00       		.byte	0
 1088 0052 00       		.byte	0
 1089 0053 08       		.uleb128 0x8
 1090 0054 15       		.uleb128 0x15
 1091 0055 00       		.byte	0
 1092 0056 27       		.uleb128 0x27
 1093 0057 19       		.uleb128 0x19
 1094 0058 00       		.byte	0
 1095 0059 00       		.byte	0
 1096 005a 09       		.uleb128 0x9
 1097 005b 2E       		.uleb128 0x2e
 1098 005c 01       		.byte	0x1
 1099 005d 3F       		.uleb128 0x3f
 1100 005e 19       		.uleb128 0x19
 1101 005f 03       		.uleb128 0x3
 1102 0060 0E       		.uleb128 0xe
 1103 0061 3A       		.uleb128 0x3a
 1104 0062 0B       		.uleb128 0xb
 1105 0063 3B       		.uleb128 0x3b
 1106 0064 0B       		.uleb128 0xb
 1107 0065 27       		.uleb128 0x27
 1108 0066 19       		.uleb128 0x19
 1109 0067 11       		.uleb128 0x11
 1110 0068 01       		.uleb128 0x1
 1111 0069 12       		.uleb128 0x12
 1112 006a 06       		.uleb128 0x6
 1113 006b 40       		.uleb128 0x40
 1114 006c 18       		.uleb128 0x18
 1115 006d 9742     		.uleb128 0x2117
 1116 006f 19       		.uleb128 0x19
 1117 0070 01       		.uleb128 0x1
 1118 0071 13       		.uleb128 0x13
 1119 0072 00       		.byte	0
 1120 0073 00       		.byte	0
 1121 0074 0A       		.uleb128 0xa
 1122 0075 898201   		.uleb128 0x4109
 1123 0078 00       		.byte	0
 1124 0079 11       		.uleb128 0x11
 1125 007a 01       		.uleb128 0x1
 1126 007b 31       		.uleb128 0x31
 1127 007c 13       		.uleb128 0x13
 1128 007d 00       		.byte	0
 1129 007e 00       		.byte	0
 1130 007f 0B       		.uleb128 0xb
 1131 0080 2E       		.uleb128 0x2e
ARM GAS  C:\Users\xavieran\AppData\Local\Temp\ccXQpnxb.s 			page 23


 1132 0081 01       		.byte	0x1
 1133 0082 3F       		.uleb128 0x3f
 1134 0083 19       		.uleb128 0x19
 1135 0084 03       		.uleb128 0x3
 1136 0085 0E       		.uleb128 0xe
 1137 0086 3A       		.uleb128 0x3a
 1138 0087 0B       		.uleb128 0xb
 1139 0088 3B       		.uleb128 0x3b
 1140 0089 0B       		.uleb128 0xb
 1141 008a 11       		.uleb128 0x11
 1142 008b 01       		.uleb128 0x1
 1143 008c 12       		.uleb128 0x12
 1144 008d 06       		.uleb128 0x6
 1145 008e 40       		.uleb128 0x40
 1146 008f 18       		.uleb128 0x18
 1147 0090 9642     		.uleb128 0x2116
 1148 0092 19       		.uleb128 0x19
 1149 0093 01       		.uleb128 0x1
 1150 0094 13       		.uleb128 0x13
 1151 0095 00       		.byte	0
 1152 0096 00       		.byte	0
 1153 0097 0C       		.uleb128 0xc
 1154 0098 34       		.uleb128 0x34
 1155 0099 00       		.byte	0
 1156 009a 03       		.uleb128 0x3
 1157 009b 08       		.uleb128 0x8
 1158 009c 3A       		.uleb128 0x3a
 1159 009d 0B       		.uleb128 0xb
 1160 009e 3B       		.uleb128 0x3b
 1161 009f 0B       		.uleb128 0xb
 1162 00a0 49       		.uleb128 0x49
 1163 00a1 13       		.uleb128 0x13
 1164 00a2 02       		.uleb128 0x2
 1165 00a3 17       		.uleb128 0x17
 1166 00a4 00       		.byte	0
 1167 00a5 00       		.byte	0
 1168 00a6 0D       		.uleb128 0xd
 1169 00a7 898201   		.uleb128 0x4109
 1170 00aa 01       		.byte	0x1
 1171 00ab 11       		.uleb128 0x11
 1172 00ac 01       		.uleb128 0x1
 1173 00ad 31       		.uleb128 0x31
 1174 00ae 13       		.uleb128 0x13
 1175 00af 01       		.uleb128 0x1
 1176 00b0 13       		.uleb128 0x13
 1177 00b1 00       		.byte	0
 1178 00b2 00       		.byte	0
 1179 00b3 0E       		.uleb128 0xe
 1180 00b4 8A8201   		.uleb128 0x410a
 1181 00b7 00       		.byte	0
 1182 00b8 02       		.uleb128 0x2
 1183 00b9 18       		.uleb128 0x18
 1184 00ba 9142     		.uleb128 0x2111
 1185 00bc 18       		.uleb128 0x18
 1186 00bd 00       		.byte	0
 1187 00be 00       		.byte	0
 1188 00bf 0F       		.uleb128 0xf
ARM GAS  C:\Users\xavieran\AppData\Local\Temp\ccXQpnxb.s 			page 24


 1189 00c0 898201   		.uleb128 0x4109
 1190 00c3 01       		.byte	0x1
 1191 00c4 11       		.uleb128 0x11
 1192 00c5 01       		.uleb128 0x1
 1193 00c6 31       		.uleb128 0x31
 1194 00c7 13       		.uleb128 0x13
 1195 00c8 00       		.byte	0
 1196 00c9 00       		.byte	0
 1197 00ca 10       		.uleb128 0x10
 1198 00cb 2E       		.uleb128 0x2e
 1199 00cc 01       		.byte	0x1
 1200 00cd 3F       		.uleb128 0x3f
 1201 00ce 19       		.uleb128 0x19
 1202 00cf 03       		.uleb128 0x3
 1203 00d0 0E       		.uleb128 0xe
 1204 00d1 3A       		.uleb128 0x3a
 1205 00d2 0B       		.uleb128 0xb
 1206 00d3 3B       		.uleb128 0x3b
 1207 00d4 0B       		.uleb128 0xb
 1208 00d5 27       		.uleb128 0x27
 1209 00d6 19       		.uleb128 0x19
 1210 00d7 11       		.uleb128 0x11
 1211 00d8 01       		.uleb128 0x1
 1212 00d9 12       		.uleb128 0x12
 1213 00da 06       		.uleb128 0x6
 1214 00db 40       		.uleb128 0x40
 1215 00dc 18       		.uleb128 0x18
 1216 00dd 9642     		.uleb128 0x2116
 1217 00df 19       		.uleb128 0x19
 1218 00e0 01       		.uleb128 0x1
 1219 00e1 13       		.uleb128 0x13
 1220 00e2 00       		.byte	0
 1221 00e3 00       		.byte	0
 1222 00e4 11       		.uleb128 0x11
 1223 00e5 34       		.uleb128 0x34
 1224 00e6 00       		.byte	0
 1225 00e7 03       		.uleb128 0x3
 1226 00e8 0E       		.uleb128 0xe
 1227 00e9 3A       		.uleb128 0x3a
 1228 00ea 0B       		.uleb128 0xb
 1229 00eb 3B       		.uleb128 0x3b
 1230 00ec 0B       		.uleb128 0xb
 1231 00ed 49       		.uleb128 0x49
 1232 00ee 13       		.uleb128 0x13
 1233 00ef 00       		.byte	0
 1234 00f0 00       		.byte	0
 1235 00f1 12       		.uleb128 0x12
 1236 00f2 01       		.uleb128 0x1
 1237 00f3 01       		.byte	0x1
 1238 00f4 49       		.uleb128 0x49
 1239 00f5 13       		.uleb128 0x13
 1240 00f6 01       		.uleb128 0x1
 1241 00f7 13       		.uleb128 0x13
 1242 00f8 00       		.byte	0
 1243 00f9 00       		.byte	0
 1244 00fa 13       		.uleb128 0x13
 1245 00fb 21       		.uleb128 0x21
ARM GAS  C:\Users\xavieran\AppData\Local\Temp\ccXQpnxb.s 			page 25


 1246 00fc 00       		.byte	0
 1247 00fd 49       		.uleb128 0x49
 1248 00fe 13       		.uleb128 0x13
 1249 00ff 2F       		.uleb128 0x2f
 1250 0100 0B       		.uleb128 0xb
 1251 0101 00       		.byte	0
 1252 0102 00       		.byte	0
 1253 0103 14       		.uleb128 0x14
 1254 0104 34       		.uleb128 0x34
 1255 0105 00       		.byte	0
 1256 0106 03       		.uleb128 0x3
 1257 0107 0E       		.uleb128 0xe
 1258 0108 3A       		.uleb128 0x3a
 1259 0109 0B       		.uleb128 0xb
 1260 010a 3B       		.uleb128 0x3b
 1261 010b 05       		.uleb128 0x5
 1262 010c 49       		.uleb128 0x49
 1263 010d 13       		.uleb128 0x13
 1264 010e 3F       		.uleb128 0x3f
 1265 010f 19       		.uleb128 0x19
 1266 0110 3C       		.uleb128 0x3c
 1267 0111 19       		.uleb128 0x19
 1268 0112 00       		.byte	0
 1269 0113 00       		.byte	0
 1270 0114 15       		.uleb128 0x15
 1271 0115 34       		.uleb128 0x34
 1272 0116 00       		.byte	0
 1273 0117 03       		.uleb128 0x3
 1274 0118 0E       		.uleb128 0xe
 1275 0119 3A       		.uleb128 0x3a
 1276 011a 0B       		.uleb128 0xb
 1277 011b 3B       		.uleb128 0x3b
 1278 011c 0B       		.uleb128 0xb
 1279 011d 49       		.uleb128 0x49
 1280 011e 13       		.uleb128 0x13
 1281 011f 3F       		.uleb128 0x3f
 1282 0120 19       		.uleb128 0x19
 1283 0121 02       		.uleb128 0x2
 1284 0122 18       		.uleb128 0x18
 1285 0123 00       		.byte	0
 1286 0124 00       		.byte	0
 1287 0125 16       		.uleb128 0x16
 1288 0126 21       		.uleb128 0x21
 1289 0127 00       		.byte	0
 1290 0128 49       		.uleb128 0x49
 1291 0129 13       		.uleb128 0x13
 1292 012a 2F       		.uleb128 0x2f
 1293 012b 05       		.uleb128 0x5
 1294 012c 00       		.byte	0
 1295 012d 00       		.byte	0
 1296 012e 17       		.uleb128 0x17
 1297 012f 2E       		.uleb128 0x2e
 1298 0130 00       		.byte	0
 1299 0131 3F       		.uleb128 0x3f
 1300 0132 19       		.uleb128 0x19
 1301 0133 03       		.uleb128 0x3
 1302 0134 0E       		.uleb128 0xe
ARM GAS  C:\Users\xavieran\AppData\Local\Temp\ccXQpnxb.s 			page 26


 1303 0135 3A       		.uleb128 0x3a
 1304 0136 0B       		.uleb128 0xb
 1305 0137 3B       		.uleb128 0x3b
 1306 0138 0B       		.uleb128 0xb
 1307 0139 27       		.uleb128 0x27
 1308 013a 19       		.uleb128 0x19
 1309 013b 3C       		.uleb128 0x3c
 1310 013c 19       		.uleb128 0x19
 1311 013d 00       		.byte	0
 1312 013e 00       		.byte	0
 1313 013f 18       		.uleb128 0x18
 1314 0140 2E       		.uleb128 0x2e
 1315 0141 01       		.byte	0x1
 1316 0142 3F       		.uleb128 0x3f
 1317 0143 19       		.uleb128 0x19
 1318 0144 03       		.uleb128 0x3
 1319 0145 08       		.uleb128 0x8
 1320 0146 3A       		.uleb128 0x3a
 1321 0147 0B       		.uleb128 0xb
 1322 0148 3B       		.uleb128 0x3b
 1323 0149 0B       		.uleb128 0xb
 1324 014a 27       		.uleb128 0x27
 1325 014b 19       		.uleb128 0x19
 1326 014c 49       		.uleb128 0x49
 1327 014d 13       		.uleb128 0x13
 1328 014e 3C       		.uleb128 0x3c
 1329 014f 19       		.uleb128 0x19
 1330 0150 01       		.uleb128 0x1
 1331 0151 13       		.uleb128 0x13
 1332 0152 00       		.byte	0
 1333 0153 00       		.byte	0
 1334 0154 19       		.uleb128 0x19
 1335 0155 05       		.uleb128 0x5
 1336 0156 00       		.byte	0
 1337 0157 49       		.uleb128 0x49
 1338 0158 13       		.uleb128 0x13
 1339 0159 00       		.byte	0
 1340 015a 00       		.byte	0
 1341 015b 1A       		.uleb128 0x1a
 1342 015c 2E       		.uleb128 0x2e
 1343 015d 01       		.byte	0x1
 1344 015e 3F       		.uleb128 0x3f
 1345 015f 19       		.uleb128 0x19
 1346 0160 03       		.uleb128 0x3
 1347 0161 0E       		.uleb128 0xe
 1348 0162 3A       		.uleb128 0x3a
 1349 0163 0B       		.uleb128 0xb
 1350 0164 3B       		.uleb128 0x3b
 1351 0165 0B       		.uleb128 0xb
 1352 0166 27       		.uleb128 0x27
 1353 0167 19       		.uleb128 0x19
 1354 0168 49       		.uleb128 0x49
 1355 0169 13       		.uleb128 0x13
 1356 016a 3C       		.uleb128 0x3c
 1357 016b 19       		.uleb128 0x19
 1358 016c 01       		.uleb128 0x1
 1359 016d 13       		.uleb128 0x13
ARM GAS  C:\Users\xavieran\AppData\Local\Temp\ccXQpnxb.s 			page 27


 1360 016e 00       		.byte	0
 1361 016f 00       		.byte	0
 1362 0170 1B       		.uleb128 0x1b
 1363 0171 2E       		.uleb128 0x2e
 1364 0172 00       		.byte	0
 1365 0173 3F       		.uleb128 0x3f
 1366 0174 19       		.uleb128 0x19
 1367 0175 03       		.uleb128 0x3
 1368 0176 0E       		.uleb128 0xe
 1369 0177 3A       		.uleb128 0x3a
 1370 0178 0B       		.uleb128 0xb
 1371 0179 3B       		.uleb128 0x3b
 1372 017a 0B       		.uleb128 0xb
 1373 017b 27       		.uleb128 0x27
 1374 017c 19       		.uleb128 0x19
 1375 017d 49       		.uleb128 0x49
 1376 017e 13       		.uleb128 0x13
 1377 017f 3C       		.uleb128 0x3c
 1378 0180 19       		.uleb128 0x19
 1379 0181 00       		.byte	0
 1380 0182 00       		.byte	0
 1381 0183 1C       		.uleb128 0x1c
 1382 0184 2E       		.uleb128 0x2e
 1383 0185 01       		.byte	0x1
 1384 0186 3F       		.uleb128 0x3f
 1385 0187 19       		.uleb128 0x19
 1386 0188 03       		.uleb128 0x3
 1387 0189 0E       		.uleb128 0xe
 1388 018a 3A       		.uleb128 0x3a
 1389 018b 0B       		.uleb128 0xb
 1390 018c 3B       		.uleb128 0x3b
 1391 018d 0B       		.uleb128 0xb
 1392 018e 27       		.uleb128 0x27
 1393 018f 19       		.uleb128 0x19
 1394 0190 3C       		.uleb128 0x3c
 1395 0191 19       		.uleb128 0x19
 1396 0192 01       		.uleb128 0x1
 1397 0193 13       		.uleb128 0x13
 1398 0194 00       		.byte	0
 1399 0195 00       		.byte	0
 1400 0196 1D       		.uleb128 0x1d
 1401 0197 2E       		.uleb128 0x2e
 1402 0198 01       		.byte	0x1
 1403 0199 3F       		.uleb128 0x3f
 1404 019a 19       		.uleb128 0x19
 1405 019b 03       		.uleb128 0x3
 1406 019c 0E       		.uleb128 0xe
 1407 019d 3A       		.uleb128 0x3a
 1408 019e 0B       		.uleb128 0xb
 1409 019f 3B       		.uleb128 0x3b
 1410 01a0 0B       		.uleb128 0xb
 1411 01a1 27       		.uleb128 0x27
 1412 01a2 19       		.uleb128 0x19
 1413 01a3 49       		.uleb128 0x49
 1414 01a4 13       		.uleb128 0x13
 1415 01a5 3C       		.uleb128 0x3c
 1416 01a6 19       		.uleb128 0x19
ARM GAS  C:\Users\xavieran\AppData\Local\Temp\ccXQpnxb.s 			page 28


 1417 01a7 00       		.byte	0
 1418 01a8 00       		.byte	0
 1419 01a9 00       		.byte	0
 1420              		.section	.debug_loc,"",%progbits
 1421              	.Ldebug_loc0:
 1422              	.LLST0:
 1423 0000 04000000 		.4byte	.LVL1
 1424 0004 16000000 		.4byte	.LVL2
 1425 0008 0200     		.2byte	0x2
 1426 000a 30       		.byte	0x30
 1427 000b 9F       		.byte	0x9f
 1428 000c 16000000 		.4byte	.LVL2
 1429 0010 5E000000 		.4byte	.LVL9
 1430 0014 0100     		.2byte	0x1
 1431 0016 5A       		.byte	0x5a
 1432 0017 00000000 		.4byte	0
 1433 001b 00000000 		.4byte	0
 1434              		.section	.debug_aranges,"",%progbits
 1435 0000 34000000 		.4byte	0x34
 1436 0004 0200     		.2byte	0x2
 1437 0006 00000000 		.4byte	.Ldebug_info0
 1438 000a 04       		.byte	0x4
 1439 000b 00       		.byte	0
 1440 000c 0000     		.2byte	0
 1441 000e 0000     		.2byte	0
 1442 0010 00000000 		.4byte	.LFB63
 1443 0014 14000000 		.4byte	.LFE63-.LFB63
 1444 0018 00000000 		.4byte	.LFB64
 1445 001c 74000000 		.4byte	.LFE64-.LFB64
 1446 0020 00000000 		.4byte	.LFB65
 1447 0024 8C000000 		.4byte	.LFE65-.LFB65
 1448 0028 00000000 		.4byte	.LFB66
 1449 002c F0000000 		.4byte	.LFE66-.LFB66
 1450 0030 00000000 		.4byte	0
 1451 0034 00000000 		.4byte	0
 1452              		.section	.debug_ranges,"",%progbits
 1453              	.Ldebug_ranges0:
 1454 0000 00000000 		.4byte	.LFB63
 1455 0004 14000000 		.4byte	.LFE63
 1456 0008 00000000 		.4byte	.LFB64
 1457 000c 74000000 		.4byte	.LFE64
 1458 0010 00000000 		.4byte	.LFB65
 1459 0014 8C000000 		.4byte	.LFE65
 1460 0018 00000000 		.4byte	.LFB66
 1461 001c F0000000 		.4byte	.LFE66
 1462 0020 00000000 		.4byte	0
 1463 0024 00000000 		.4byte	0
 1464              		.section	.debug_line,"",%progbits
 1465              	.Ldebug_line0:
 1466 0000 0A020000 		.section	.debug_str,"MS",%progbits,1
 1466      02008101 
 1466      00000201 
 1466      FB0E0D00 
 1466      01010101 
 1467              	.LASF30:
 1468 0000 53696E44 		.ascii	"SinDeg\000"
 1468      656700
ARM GAS  C:\Users\xavieran\AppData\Local\Temp\ccXQpnxb.s 			page 29


 1469              	.LASF19:
 1470 0007 44524459 		.ascii	"DRDY_INTERRUPT\000"
 1470      5F494E54 
 1470      45525255 
 1470      505400
 1471              	.LASF44:
 1472 0016 4932435F 		.ascii	"I2C_MasterSendStop\000"
 1472      4D617374 
 1472      65725365 
 1472      6E645374 
 1472      6F7000
 1473              	.LASF42:
 1474 0029 63616C63 		.ascii	"calculate_circular_functions\000"
 1474      756C6174 
 1474      655F6369 
 1474      7263756C 
 1474      61725F66 
 1475              	.LASF9:
 1476 0046 5F5F696E 		.ascii	"__int32_t\000"
 1476      7433325F 
 1476      7400
 1477              	.LASF25:
 1478 0050 636F6D70 		.ascii	"compass_y\000"
 1478      6173735F 
 1478      7900
 1479              	.LASF26:
 1480 005a 636F6D70 		.ascii	"compass_z\000"
 1480      6173735F 
 1480      7A00
 1481              	.LASF35:
 1482 0064 4932435F 		.ascii	"I2C_MasterWriteByte\000"
 1482      4D617374 
 1482      65725772 
 1482      69746542 
 1482      79746500 
 1483              	.LASF32:
 1484 0078 436F6D70 		.ascii	"Compass_DRDY_ISR_ClearPending\000"
 1484      6173735F 
 1484      44524459 
 1484      5F495352 
 1484      5F436C65 
 1485              	.LASF24:
 1486 0096 636F6D70 		.ascii	"compass_x\000"
 1486      6173735F 
 1486      7800
 1487              	.LASF14:
 1488 00a0 646F7562 		.ascii	"double\000"
 1488      6C6500
 1489              	.LASF33:
 1490 00a7 4932435F 		.ascii	"I2C_Start\000"
 1490      53746172 
 1490      7400
 1491              	.LASF23:
 1492 00b1 43616D65 		.ascii	"Camera_framebuffer\000"
 1492      72615F66 
 1492      72616D65 
 1492      62756666 
ARM GAS  C:\Users\xavieran\AppData\Local\Temp\ccXQpnxb.s 			page 30


 1492      657200
 1493              	.LASF13:
 1494 00c4 666C6F61 		.ascii	"float\000"
 1494      7400
 1495              	.LASF43:
 1496 00ca 64617461 		.ascii	"data\000"
 1496      00
 1497              	.LASF1:
 1498 00cf 756E7369 		.ascii	"unsigned char\000"
 1498      676E6564 
 1498      20636861 
 1498      7200
 1499              	.LASF12:
 1500 00dd 696E7431 		.ascii	"int16\000"
 1500      3600
 1501              	.LASF5:
 1502 00e3 6C6F6E67 		.ascii	"long unsigned int\000"
 1502      20756E73 
 1502      69676E65 
 1502      6420696E 
 1502      7400
 1503              	.LASF3:
 1504 00f5 73686F72 		.ascii	"short unsigned int\000"
 1504      7420756E 
 1504      7369676E 
 1504      65642069 
 1504      6E7400
 1505              	.LASF34:
 1506 0108 4932435F 		.ascii	"I2C_MasterSendStart\000"
 1506      4D617374 
 1506      65725365 
 1506      6E645374 
 1506      61727400 
 1507              	.LASF22:
 1508 011c 49544D5F 		.ascii	"ITM_RxBuffer\000"
 1508      52784275 
 1508      66666572 
 1508      00
 1509              	.LASF37:
 1510 0129 436F6D70 		.ascii	"Compass_DRDY_ISR_StartEx\000"
 1510      6173735F 
 1510      44524459 
 1510      5F495352 
 1510      5F537461 
 1511              	.LASF28:
 1512 0142 636F6D70 		.ascii	"compass_ready\000"
 1512      6173735F 
 1512      72656164 
 1512      7900
 1513              	.LASF31:
 1514 0150 436F7344 		.ascii	"CosDeg\000"
 1514      656700
 1515              	.LASF20:
 1516 0157 73746172 		.ascii	"start_compass\000"
 1516      745F636F 
 1516      6D706173 
 1516      7300
ARM GAS  C:\Users\xavieran\AppData\Local\Temp\ccXQpnxb.s 			page 31


 1517              	.LASF8:
 1518 0165 756E7369 		.ascii	"unsigned int\000"
 1518      676E6564 
 1518      20696E74 
 1518      00
 1519              	.LASF41:
 1520 0172 433A5C55 		.ascii	"C:\\Users\\xavieran\\Desktop\\ECE3091\\PSOCProjects"
 1520      73657273 
 1520      5C786176 
 1520      69657261 
 1520      6E5C4465 
 1521 01a0 5C454E47 		.ascii	"\\ENG3091_MandM\\ENG3091_MandM.cydsn\000"
 1521      33303931 
 1521      5F4D616E 
 1521      644D5C45 
 1521      4E473330 
 1522              	.LASF7:
 1523 01c3 6C6F6E67 		.ascii	"long long unsigned int\000"
 1523      206C6F6E 
 1523      6720756E 
 1523      7369676E 
 1523      65642069 
 1524              	.LASF16:
 1525 01da 63796973 		.ascii	"cyisraddress\000"
 1525      72616464 
 1525      72657373 
 1525      00
 1526              	.LASF39:
 1527 01e7 474E5520 		.ascii	"GNU C 4.8.4 20140526 (release) [ARM/embedded-4_8-br"
 1527      4320342E 
 1527      382E3420 
 1527      32303134 
 1527      30353236 
 1528 021a 616E6368 		.ascii	"anch revision 211358] -mcpu=cortex-m3 -mthumb -g -O"
 1528      20726576 
 1528      6973696F 
 1528      6E203231 
 1528      31333538 
 1529 024d 67202D66 		.ascii	"g -ffunction-sections\000"
 1529      66756E63 
 1529      74696F6E 
 1529      2D736563 
 1529      74696F6E 
 1530              	.LASF17:
 1531 0263 73697A65 		.ascii	"sizetype\000"
 1531      74797065 
 1531      00
 1532              	.LASF6:
 1533 026c 6C6F6E67 		.ascii	"long long int\000"
 1533      206C6F6E 
 1533      6720696E 
 1533      7400
 1534              	.LASF38:
 1535 027a 6174616E 		.ascii	"atan2\000"
 1535      3200
 1536              	.LASF15:
 1537 0280 63686172 		.ascii	"char\000"
ARM GAS  C:\Users\xavieran\AppData\Local\Temp\ccXQpnxb.s 			page 32


 1537      00
 1538              	.LASF10:
 1539 0285 696E7433 		.ascii	"int32_t\000"
 1539      325F7400 
 1540              	.LASF36:
 1541 028d 4932435F 		.ascii	"I2C_MasterReadByte\000"
 1541      4D617374 
 1541      65725265 
 1541      61644279 
 1541      746500
 1542              	.LASF2:
 1543 02a0 73686F72 		.ascii	"short int\000"
 1543      7420696E 
 1543      7400
 1544              	.LASF11:
 1545 02aa 75696E74 		.ascii	"uint8\000"
 1545      3800
 1546              	.LASF21:
 1547 02b0 636F6D70 		.ascii	"compass_read\000"
 1547      6173735F 
 1547      72656164 
 1547      00
 1548              	.LASF4:
 1549 02bd 6C6F6E67 		.ascii	"long int\000"
 1549      20696E74 
 1549      00
 1550              	.LASF18:
 1551 02c6 6C6F6E67 		.ascii	"long double\000"
 1551      20646F75 
 1551      626C6500 
 1552              	.LASF0:
 1553 02d2 7369676E 		.ascii	"signed char\000"
 1553      65642063 
 1553      68617200 
 1554              	.LASF29:
 1555 02de 6F726967 		.ascii	"original_compass_heading\000"
 1555      696E616C 
 1555      5F636F6D 
 1555      70617373 
 1555      5F686561 
 1556              	.LASF27:
 1557 02f7 636F6D70 		.ascii	"compass_heading\000"
 1557      6173735F 
 1557      68656164 
 1557      696E6700 
 1558              	.LASF40:
 1559 0307 2E5C636F 		.ascii	".\\compass.c\000"
 1559      6D706173 
 1559      732E6300 
 1560              		.ident	"GCC: (GNU Tools for ARM Embedded Processors) 4.8.4 20140526 (release) [ARM/embedded-4_8-br
