ARM GAS  C:\Users\xavieran\AppData\Local\Temp\cczO3UCA.s 			page 1


   1              		.syntax unified
   2              		.cpu cortex-m3
   3              		.fpu softvfp
   4              		.eabi_attribute 20, 1
   5              		.eabi_attribute 21, 1
   6              		.eabi_attribute 23, 3
   7              		.eabi_attribute 24, 1
   8              		.eabi_attribute 25, 1
   9              		.eabi_attribute 26, 1
  10              		.eabi_attribute 30, 1
  11              		.eabi_attribute 34, 1
  12              		.eabi_attribute 18, 4
  13              		.thumb
  14              		.file	"cymetadata.c"
  15              		.text
  16              	.Ltext0:
  17              		.cfi_sections	.debug_frame
  18              		.global	cy_meta_loadable
  19              		.section	.cyloadablemeta,"a",%progbits
  20              		.align	2
  21              		.type	cy_meta_loadable, %object
  22              		.size	cy_meta_loadable, 64
  23              	cy_meta_loadable:
  24 0000 00000000 		.space	64
  24      00000000 
  24      00000000 
  24      00000000 
  24      00000000 
  25              		.text
  26              	.Letext0:
  27              		.file 1 ".\\Generated_Source\\PSoC5\\cytypes.h"
  28              		.file 2 ".\\Generated_Source\\PSoC5\\cymetadata.c"
  29              		.section	.debug_info,"",%progbits
  30              	.Ldebug_info0:
  31 0000 AD000000 		.4byte	0xad
  32 0004 0400     		.2byte	0x4
  33 0006 00000000 		.4byte	.Ldebug_abbrev0
  34 000a 04       		.byte	0x4
  35 000b 01       		.uleb128 0x1
  36 000c EC000000 		.4byte	.LASF13
  37 0010 01       		.byte	0x1
  38 0011 00000000 		.4byte	.LASF14
  39 0015 73000000 		.4byte	.LASF15
  40 0019 00000000 		.4byte	.Ldebug_line0
  41 001d 02       		.uleb128 0x2
  42 001e 01       		.byte	0x1
  43 001f 06       		.byte	0x6
  44 0020 9D010000 		.4byte	.LASF0
  45 0024 02       		.uleb128 0x2
  46 0025 01       		.byte	0x1
  47 0026 08       		.byte	0x8
  48 0027 2C000000 		.4byte	.LASF1
  49 002b 02       		.uleb128 0x2
  50 002c 02       		.byte	0x2
  51 002d 05       		.byte	0x5
  52 002e 84010000 		.4byte	.LASF2
  53 0032 02       		.uleb128 0x2
ARM GAS  C:\Users\xavieran\AppData\Local\Temp\cczO3UCA.s 			page 2


  54 0033 02       		.byte	0x2
  55 0034 07       		.byte	0x7
  56 0035 4C000000 		.4byte	.LASF3
  57 0039 02       		.uleb128 0x2
  58 003a 04       		.byte	0x4
  59 003b 05       		.byte	0x5
  60 003c 94010000 		.4byte	.LASF4
  61 0040 02       		.uleb128 0x2
  62 0041 04       		.byte	0x4
  63 0042 07       		.byte	0x7
  64 0043 3A000000 		.4byte	.LASF5
  65 0047 02       		.uleb128 0x2
  66 0048 08       		.byte	0x8
  67 0049 05       		.byte	0x5
  68 004a 71010000 		.4byte	.LASF6
  69 004e 02       		.uleb128 0x2
  70 004f 08       		.byte	0x8
  71 0050 07       		.byte	0x7
  72 0051 C4000000 		.4byte	.LASF7
  73 0055 03       		.uleb128 0x3
  74 0056 04       		.byte	0x4
  75 0057 05       		.byte	0x5
  76 0058 696E7400 		.ascii	"int\000"
  77 005c 02       		.uleb128 0x2
  78 005d 04       		.byte	0x4
  79 005e 07       		.byte	0x7
  80 005f 66000000 		.4byte	.LASF8
  81 0063 04       		.uleb128 0x4
  82 0064 8E010000 		.4byte	.LASF16
  83 0068 01       		.byte	0x1
  84 0069 B3       		.byte	0xb3
  85 006a 24000000 		.4byte	0x24
  86 006e 02       		.uleb128 0x2
  87 006f 04       		.byte	0x4
  88 0070 04       		.byte	0x4
  89 0071 26000000 		.4byte	.LASF9
  90 0075 02       		.uleb128 0x2
  91 0076 08       		.byte	0x8
  92 0077 04       		.byte	0x4
  93 0078 5F000000 		.4byte	.LASF10
  94 007c 02       		.uleb128 0x2
  95 007d 01       		.byte	0x1
  96 007e 08       		.byte	0x8
  97 007f 7F010000 		.4byte	.LASF11
  98 0083 05       		.uleb128 0x5
  99 0084 63000000 		.4byte	0x63
 100 0088 93000000 		.4byte	0x93
 101 008c 06       		.uleb128 0x6
 102 008d 93000000 		.4byte	0x93
 103 0091 3F       		.byte	0x3f
 104 0092 00       		.byte	0
 105 0093 02       		.uleb128 0x2
 106 0094 04       		.byte	0x4
 107 0095 07       		.byte	0x7
 108 0096 68010000 		.4byte	.LASF12
 109 009a 07       		.uleb128 0x7
 110 009b DB000000 		.4byte	.LASF17
ARM GAS  C:\Users\xavieran\AppData\Local\Temp\cczO3UCA.s 			page 3


 111 009f 02       		.byte	0x2
 112 00a0 1C       		.byte	0x1c
 113 00a1 AB000000 		.4byte	0xab
 114 00a5 05       		.uleb128 0x5
 115 00a6 03       		.byte	0x3
 116 00a7 00000000 		.4byte	cy_meta_loadable
 117 00ab 08       		.uleb128 0x8
 118 00ac 83000000 		.4byte	0x83
 119 00b0 00       		.byte	0
 120              		.section	.debug_abbrev,"",%progbits
 121              	.Ldebug_abbrev0:
 122 0000 01       		.uleb128 0x1
 123 0001 11       		.uleb128 0x11
 124 0002 01       		.byte	0x1
 125 0003 25       		.uleb128 0x25
 126 0004 0E       		.uleb128 0xe
 127 0005 13       		.uleb128 0x13
 128 0006 0B       		.uleb128 0xb
 129 0007 03       		.uleb128 0x3
 130 0008 0E       		.uleb128 0xe
 131 0009 1B       		.uleb128 0x1b
 132 000a 0E       		.uleb128 0xe
 133 000b 10       		.uleb128 0x10
 134 000c 17       		.uleb128 0x17
 135 000d 00       		.byte	0
 136 000e 00       		.byte	0
 137 000f 02       		.uleb128 0x2
 138 0010 24       		.uleb128 0x24
 139 0011 00       		.byte	0
 140 0012 0B       		.uleb128 0xb
 141 0013 0B       		.uleb128 0xb
 142 0014 3E       		.uleb128 0x3e
 143 0015 0B       		.uleb128 0xb
 144 0016 03       		.uleb128 0x3
 145 0017 0E       		.uleb128 0xe
 146 0018 00       		.byte	0
 147 0019 00       		.byte	0
 148 001a 03       		.uleb128 0x3
 149 001b 24       		.uleb128 0x24
 150 001c 00       		.byte	0
 151 001d 0B       		.uleb128 0xb
 152 001e 0B       		.uleb128 0xb
 153 001f 3E       		.uleb128 0x3e
 154 0020 0B       		.uleb128 0xb
 155 0021 03       		.uleb128 0x3
 156 0022 08       		.uleb128 0x8
 157 0023 00       		.byte	0
 158 0024 00       		.byte	0
 159 0025 04       		.uleb128 0x4
 160 0026 16       		.uleb128 0x16
 161 0027 00       		.byte	0
 162 0028 03       		.uleb128 0x3
 163 0029 0E       		.uleb128 0xe
 164 002a 3A       		.uleb128 0x3a
 165 002b 0B       		.uleb128 0xb
 166 002c 3B       		.uleb128 0x3b
 167 002d 0B       		.uleb128 0xb
ARM GAS  C:\Users\xavieran\AppData\Local\Temp\cczO3UCA.s 			page 4


 168 002e 49       		.uleb128 0x49
 169 002f 13       		.uleb128 0x13
 170 0030 00       		.byte	0
 171 0031 00       		.byte	0
 172 0032 05       		.uleb128 0x5
 173 0033 01       		.uleb128 0x1
 174 0034 01       		.byte	0x1
 175 0035 49       		.uleb128 0x49
 176 0036 13       		.uleb128 0x13
 177 0037 01       		.uleb128 0x1
 178 0038 13       		.uleb128 0x13
 179 0039 00       		.byte	0
 180 003a 00       		.byte	0
 181 003b 06       		.uleb128 0x6
 182 003c 21       		.uleb128 0x21
 183 003d 00       		.byte	0
 184 003e 49       		.uleb128 0x49
 185 003f 13       		.uleb128 0x13
 186 0040 2F       		.uleb128 0x2f
 187 0041 0B       		.uleb128 0xb
 188 0042 00       		.byte	0
 189 0043 00       		.byte	0
 190 0044 07       		.uleb128 0x7
 191 0045 34       		.uleb128 0x34
 192 0046 00       		.byte	0
 193 0047 03       		.uleb128 0x3
 194 0048 0E       		.uleb128 0xe
 195 0049 3A       		.uleb128 0x3a
 196 004a 0B       		.uleb128 0xb
 197 004b 3B       		.uleb128 0x3b
 198 004c 0B       		.uleb128 0xb
 199 004d 49       		.uleb128 0x49
 200 004e 13       		.uleb128 0x13
 201 004f 3F       		.uleb128 0x3f
 202 0050 19       		.uleb128 0x19
 203 0051 02       		.uleb128 0x2
 204 0052 18       		.uleb128 0x18
 205 0053 00       		.byte	0
 206 0054 00       		.byte	0
 207 0055 08       		.uleb128 0x8
 208 0056 26       		.uleb128 0x26
 209 0057 00       		.byte	0
 210 0058 49       		.uleb128 0x49
 211 0059 13       		.uleb128 0x13
 212 005a 00       		.byte	0
 213 005b 00       		.byte	0
 214 005c 00       		.byte	0
 215              		.section	.debug_aranges,"",%progbits
 216 0000 14000000 		.4byte	0x14
 217 0004 0200     		.2byte	0x2
 218 0006 00000000 		.4byte	.Ldebug_info0
 219 000a 04       		.byte	0x4
 220 000b 00       		.byte	0
 221 000c 0000     		.2byte	0
 222 000e 0000     		.2byte	0
 223 0010 00000000 		.4byte	0
 224 0014 00000000 		.4byte	0
ARM GAS  C:\Users\xavieran\AppData\Local\Temp\cczO3UCA.s 			page 5


 225              		.section	.debug_line,"",%progbits
 226              	.Ldebug_line0:
 227 0000 4F000000 		.section	.debug_str,"MS",%progbits,1
 227      02004900 
 227      00000201 
 227      FB0E0D00 
 227      01010101 
 228              	.LASF14:
 229 0000 2E5C4765 		.ascii	".\\Generated_Source\\PSoC5\\cymetadata.c\000"
 229      6E657261 
 229      7465645F 
 229      536F7572 
 229      63655C50 
 230              	.LASF9:
 231 0026 666C6F61 		.ascii	"float\000"
 231      7400
 232              	.LASF1:
 233 002c 756E7369 		.ascii	"unsigned char\000"
 233      676E6564 
 233      20636861 
 233      7200
 234              	.LASF5:
 235 003a 6C6F6E67 		.ascii	"long unsigned int\000"
 235      20756E73 
 235      69676E65 
 235      6420696E 
 235      7400
 236              	.LASF3:
 237 004c 73686F72 		.ascii	"short unsigned int\000"
 237      7420756E 
 237      7369676E 
 237      65642069 
 237      6E7400
 238              	.LASF10:
 239 005f 646F7562 		.ascii	"double\000"
 239      6C6500
 240              	.LASF8:
 241 0066 756E7369 		.ascii	"unsigned int\000"
 241      676E6564 
 241      20696E74 
 241      00
 242              	.LASF15:
 243 0073 433A5C55 		.ascii	"C:\\Users\\xavieran\\Desktop\\ECE3091\\PSOCProjects"
 243      73657273 
 243      5C786176 
 243      69657261 
 243      6E5C4465 
 244 00a1 5C454E47 		.ascii	"\\ENG3091_MandM\\ENG3091_MandM.cydsn\000"
 244      33303931 
 244      5F4D616E 
 244      644D5C45 
 244      4E473330 
 245              	.LASF7:
 246 00c4 6C6F6E67 		.ascii	"long long unsigned int\000"
 246      206C6F6E 
 246      6720756E 
 246      7369676E 
ARM GAS  C:\Users\xavieran\AppData\Local\Temp\cczO3UCA.s 			page 6


 246      65642069 
 247              	.LASF17:
 248 00db 63795F6D 		.ascii	"cy_meta_loadable\000"
 248      6574615F 
 248      6C6F6164 
 248      61626C65 
 248      00
 249              	.LASF13:
 250 00ec 474E5520 		.ascii	"GNU C 4.8.4 20140526 (release) [ARM/embedded-4_8-br"
 250      4320342E 
 250      382E3420 
 250      32303134 
 250      30353236 
 251 011f 616E6368 		.ascii	"anch revision 211358] -mcpu=cortex-m3 -mthumb -g -O"
 251      20726576 
 251      6973696F 
 251      6E203231 
 251      31333538 
 252 0152 67202D66 		.ascii	"g -ffunction-sections\000"
 252      66756E63 
 252      74696F6E 
 252      2D736563 
 252      74696F6E 
 253              	.LASF12:
 254 0168 73697A65 		.ascii	"sizetype\000"
 254      74797065 
 254      00
 255              	.LASF6:
 256 0171 6C6F6E67 		.ascii	"long long int\000"
 256      206C6F6E 
 256      6720696E 
 256      7400
 257              	.LASF11:
 258 017f 63686172 		.ascii	"char\000"
 258      00
 259              	.LASF2:
 260 0184 73686F72 		.ascii	"short int\000"
 260      7420696E 
 260      7400
 261              	.LASF16:
 262 018e 75696E74 		.ascii	"uint8\000"
 262      3800
 263              	.LASF4:
 264 0194 6C6F6E67 		.ascii	"long int\000"
 264      20696E74 
 264      00
 265              	.LASF0:
 266 019d 7369676E 		.ascii	"signed char\000"
 266      65642063 
 266      68617200 
 267              		.ident	"GCC: (GNU Tools for ARM Embedded Processors) 4.8.4 20140526 (release) [ARM/embedded-4_8-br
