ARM GAS  C:\Users\xavieran\AppData\Local\Temp\ccqEw9vI.s 			page 1


   1              		.syntax unified
   2              		.cpu cortex-m3
   3              		.fpu softvfp
   4              		.eabi_attribute 20, 1
   5              		.eabi_attribute 21, 1
   6              		.eabi_attribute 23, 3
   7              		.eabi_attribute 24, 1
   8              		.eabi_attribute 25, 1
   9              		.eabi_attribute 26, 1
  10              		.eabi_attribute 30, 1
  11              		.eabi_attribute 34, 1
  12              		.eabi_attribute 18, 4
  13              		.thumb
  14              		.file	"gripper.c"
  15              		.text
  16              	.Ltext0:
  17              		.cfi_sections	.debug_frame
  18              		.section	.text.start_gripper,"ax",%progbits
  19              		.align	2
  20              		.global	start_gripper
  21              		.thumb
  22              		.thumb_func
  23              		.type	start_gripper, %function
  24              	start_gripper:
  25              	.LFB63:
  26              		.file 1 ".\\gripper.c"
   1:.\gripper.c   **** /* ========================================
   2:.\gripper.c   ****  *
   3:.\gripper.c   ****  * Copyright YOUR COMPANY, THE YEAR
   4:.\gripper.c   ****  * All Rights Reserved
   5:.\gripper.c   ****  * UNPUBLISHED, LICENSED SOFTWARE.
   6:.\gripper.c   ****  *
   7:.\gripper.c   ****  * CONFIDENTIAL AND PROPRIETARY INFORMATION
   8:.\gripper.c   ****  * WHICH IS THE PROPERTY OF your company.
   9:.\gripper.c   ****  *
  10:.\gripper.c   ****  * ========================================
  11:.\gripper.c   **** */
  12:.\gripper.c   **** /* ========================================
  13:.\gripper.c   ****  *
  14:.\gripper.c   ****  * Copyright YOUR COMPANY, THE YEAR
  15:.\gripper.c   ****  * All Rights Reserved
  16:.\gripper.c   ****  * UNPUBLISHED, LICENSED SOFTWARE.
  17:.\gripper.c   ****  *
  18:.\gripper.c   ****  * CONFIDENTIAL AND PROPRIETARY INFORMATION
  19:.\gripper.c   ****  * WHICH IS THE PROPERTY OF your company.
  20:.\gripper.c   ****  *
  21:.\gripper.c   ****  * ========================================
  22:.\gripper.c   **** */
  23:.\gripper.c   **** 
  24:.\gripper.c   **** /* [] END OF FILE */
  25:.\gripper.c   **** 
  26:.\gripper.c   **** #include <project.h>
  27:.\gripper.c   **** #include <stdio.h>
  28:.\gripper.c   **** 
  29:.\gripper.c   **** /* SERVO CONSTANTS */
  30:.\gripper.c   **** #define MINIMUM_POINT 18
  31:.\gripper.c   **** #define MAXIMUM_POINT 50
ARM GAS  C:\Users\xavieran\AppData\Local\Temp\ccqEw9vI.s 			page 2


  32:.\gripper.c   **** #define OPTIMAL_GRIP_POINT 29
  33:.\gripper.c   **** #define PICKUP_ANGLE_POINT 19
  34:.\gripper.c   **** #define PERIOD 799
  35:.\gripper.c   **** 
  36:.\gripper.c   **** /* EXTRA CONSTANTS */
  37:.\gripper.c   **** #define PAUSE 50
  38:.\gripper.c   ****  
  39:.\gripper.c   **** 
  40:.\gripper.c   **** 
  41:.\gripper.c   **** int PWM_VAL = 25;
  42:.\gripper.c   **** char outString[40];
  43:.\gripper.c   **** 
  44:.\gripper.c   **** void start_gripper(){
  27              		.loc 1 44 0
  28              		.cfi_startproc
  29              		@ args = 0, pretend = 0, frame = 0
  30              		@ frame_needed = 0, uses_anonymous_args = 0
  31 0000 08B5     		push	{r3, lr}
  32              		.cfi_def_cfa_offset 8
  33              		.cfi_offset 3, -8
  34              		.cfi_offset 14, -4
  45:.\gripper.c   ****     int i;
  46:.\gripper.c   ****     /* Initialize the motor controller */
  47:.\gripper.c   ****     Gripper_PWM_Start();
  35              		.loc 1 47 0
  36 0002 FFF7FEFF 		bl	Gripper_PWM_Start
  37              	.LVL0:
  48:.\gripper.c   ****     Gripper_PWM_WriteCompare(MAXIMUM_POINT);
  38              		.loc 1 48 0
  39 0006 3220     		movs	r0, #50
  40 0008 FFF7FEFF 		bl	Gripper_PWM_WriteCompare
  41              	.LVL1:
  42 000c 08BD     		pop	{r3, pc}
  43              		.cfi_endproc
  44              	.LFE63:
  45              		.size	start_gripper, .-start_gripper
  46 000e 00BF     		.section	.text.pickup_puck,"ax",%progbits
  47              		.align	2
  48              		.global	pickup_puck
  49              		.thumb
  50              		.thumb_func
  51              		.type	pickup_puck, %function
  52              	pickup_puck:
  53              	.LFB64:
  49:.\gripper.c   ****     /* Whats this for?
  50:.\gripper.c   ****     while(1)
  51:.\gripper.c   ****     {   
  52:.\gripper.c   ****         for(i = 0; i <= 100; i += 2)
  53:.\gripper.c   ****         {
  54:.\gripper.c   ****             Gripper_PWM_WriteCompare(i);
  55:.\gripper.c   ****             CyDelay(500);
  56:.\gripper.c   ****             Gripper_PWM_WriteCompare(i-1);
  57:.\gripper.c   ****             CyDelay(500);
  58:.\gripper.c   ****         }
  59:.\gripper.c   ****     }*/
  60:.\gripper.c   **** }
  61:.\gripper.c   **** 
ARM GAS  C:\Users\xavieran\AppData\Local\Temp\ccqEw9vI.s 			page 3


  62:.\gripper.c   **** void pickup_puck(){
  54              		.loc 1 62 0
  55              		.cfi_startproc
  56              		@ args = 0, pretend = 0, frame = 0
  57              		@ frame_needed = 0, uses_anonymous_args = 0
  58 0000 08B5     		push	{r3, lr}
  59              		.cfi_def_cfa_offset 8
  60              		.cfi_offset 3, -8
  61              		.cfi_offset 14, -4
  63:.\gripper.c   ****     /* Set Servo to Pickup Flat Puck */
  64:.\gripper.c   ****     Gripper_PWM_WriteCompare(OPTIMAL_GRIP_POINT);
  62              		.loc 1 64 0
  63 0002 1D20     		movs	r0, #29
  64 0004 FFF7FEFF 		bl	Gripper_PWM_WriteCompare
  65              	.LVL2:
  65:.\gripper.c   ****     CyDelay(PAUSE);
  66              		.loc 1 65 0
  67 0008 3220     		movs	r0, #50
  68 000a FFF7FEFF 		bl	CyDelay
  69              	.LVL3:
  70 000e 08BD     		pop	{r3, pc}
  71              		.cfi_endproc
  72              	.LFE64:
  73              		.size	pickup_puck, .-pickup_puck
  74              		.section	.text.drop_puck,"ax",%progbits
  75              		.align	2
  76              		.global	drop_puck
  77              		.thumb
  78              		.thumb_func
  79              		.type	drop_puck, %function
  80              	drop_puck:
  81              	.LFB65:
  66:.\gripper.c   ****     //TODO: Implement Potential Power Saving by Killing the PWM???
  67:.\gripper.c   **** }
  68:.\gripper.c   **** 
  69:.\gripper.c   **** void drop_puck(){
  82              		.loc 1 69 0
  83              		.cfi_startproc
  84              		@ args = 0, pretend = 0, frame = 0
  85              		@ frame_needed = 0, uses_anonymous_args = 0
  86 0000 08B5     		push	{r3, lr}
  87              		.cfi_def_cfa_offset 8
  88              		.cfi_offset 3, -8
  89              		.cfi_offset 14, -4
  70:.\gripper.c   ****     /* Set Servo to Drop Any Puck*/
  71:.\gripper.c   ****     Gripper_PWM_WriteCompare(MAXIMUM_POINT);
  90              		.loc 1 71 0
  91 0002 3220     		movs	r0, #50
  92 0004 FFF7FEFF 		bl	Gripper_PWM_WriteCompare
  93              	.LVL4:
  72:.\gripper.c   ****     CyDelay(PAUSE);
  94              		.loc 1 72 0
  95 0008 3220     		movs	r0, #50
  96 000a FFF7FEFF 		bl	CyDelay
  97              	.LVL5:
  98 000e 08BD     		pop	{r3, pc}
  99              		.cfi_endproc
ARM GAS  C:\Users\xavieran\AppData\Local\Temp\ccqEw9vI.s 			page 4


 100              	.LFE65:
 101              		.size	drop_puck, .-drop_puck
 102              		.section	.text.pickup_angled_puck,"ax",%progbits
 103              		.align	2
 104              		.global	pickup_angled_puck
 105              		.thumb
 106              		.thumb_func
 107              		.type	pickup_angled_puck, %function
 108              	pickup_angled_puck:
 109              	.LFB66:
  73:.\gripper.c   ****     //TODO: Implement Potential Power Saving by Killing the PWM???
  74:.\gripper.c   **** }
  75:.\gripper.c   **** 
  76:.\gripper.c   **** void pickup_angled_puck(){
 110              		.loc 1 76 0
 111              		.cfi_startproc
 112              		@ args = 0, pretend = 0, frame = 0
 113              		@ frame_needed = 0, uses_anonymous_args = 0
 114 0000 08B5     		push	{r3, lr}
 115              		.cfi_def_cfa_offset 8
 116              		.cfi_offset 3, -8
 117              		.cfi_offset 14, -4
  77:.\gripper.c   ****     /* Set Servo to Pickup Angled Puck*/
  78:.\gripper.c   ****     Gripper_PWM_WriteCompare(PICKUP_ANGLE_POINT);
 118              		.loc 1 78 0
 119 0002 1320     		movs	r0, #19
 120 0004 FFF7FEFF 		bl	Gripper_PWM_WriteCompare
 121              	.LVL6:
  79:.\gripper.c   ****     CyDelay(PAUSE);
 122              		.loc 1 79 0
 123 0008 3220     		movs	r0, #50
 124 000a FFF7FEFF 		bl	CyDelay
 125              	.LVL7:
 126 000e 08BD     		pop	{r3, pc}
 127              		.cfi_endproc
 128              	.LFE66:
 129              		.size	pickup_angled_puck, .-pickup_angled_puck
 130              		.section	.text.inc_gripper,"ax",%progbits
 131              		.align	2
 132              		.global	inc_gripper
 133              		.thumb
 134              		.thumb_func
 135              		.type	inc_gripper, %function
 136              	inc_gripper:
 137              	.LFB67:
  80:.\gripper.c   **** }
  81:.\gripper.c   **** 
  82:.\gripper.c   **** 
  83:.\gripper.c   **** /* LEGACY FUNCTIONS FOR TESTING */
  84:.\gripper.c   **** 
  85:.\gripper.c   **** void inc_gripper(){
 138              		.loc 1 85 0
 139              		.cfi_startproc
 140              		@ args = 0, pretend = 0, frame = 0
 141              		@ frame_needed = 0, uses_anonymous_args = 0
 142 0000 38B5     		push	{r3, r4, r5, lr}
 143              		.cfi_def_cfa_offset 16
ARM GAS  C:\Users\xavieran\AppData\Local\Temp\ccqEw9vI.s 			page 5


 144              		.cfi_offset 3, -16
 145              		.cfi_offset 4, -12
 146              		.cfi_offset 5, -8
 147              		.cfi_offset 14, -4
  86:.\gripper.c   ****     Gripper_PWM_WriteCompare(++PWM_VAL);
 148              		.loc 1 86 0
 149 0002 0C4C     		ldr	r4, .L6
 150 0004 2068     		ldr	r0, [r4]
 151 0006 0130     		adds	r0, r0, #1
 152 0008 2060     		str	r0, [r4]
 153 000a 80B2     		uxth	r0, r0
 154 000c FFF7FEFF 		bl	Gripper_PWM_WriteCompare
 155              	.LVL8:
  87:.\gripper.c   ****     LCD_ClearDisplay();
 156              		.loc 1 87 0
 157 0010 0120     		movs	r0, #1
 158 0012 FFF7FEFF 		bl	LCD_WriteControl
 159              	.LVL9:
  88:.\gripper.c   ****     sprintf(outString, "Servo Value: %d",PWM_VAL);
 160              		.loc 1 88 0
 161 0016 084D     		ldr	r5, .L6+4
 162 0018 2846     		mov	r0, r5
 163 001a 0849     		ldr	r1, .L6+8
 164 001c 2268     		ldr	r2, [r4]
 165 001e FFF7FEFF 		bl	sprintf
 166              	.LVL10:
  89:.\gripper.c   ****     LCD_PosPrintString(0, 0, outString);
 167              		.loc 1 89 0
 168 0022 0020     		movs	r0, #0
 169 0024 0146     		mov	r1, r0
 170 0026 FFF7FEFF 		bl	LCD_Position
 171              	.LVL11:
 172 002a 2846     		mov	r0, r5
 173 002c FFF7FEFF 		bl	LCD_PrintString
 174              	.LVL12:
 175 0030 38BD     		pop	{r3, r4, r5, pc}
 176              	.L7:
 177 0032 00BF     		.align	2
 178              	.L6:
 179 0034 00000000 		.word	.LANCHOR0
 180 0038 00000000 		.word	outString
 181 003c 00000000 		.word	.LC0
 182              		.cfi_endproc
 183              	.LFE67:
 184              		.size	inc_gripper, .-inc_gripper
 185              		.section	.text.dec_gripper,"ax",%progbits
 186              		.align	2
 187              		.global	dec_gripper
 188              		.thumb
 189              		.thumb_func
 190              		.type	dec_gripper, %function
 191              	dec_gripper:
 192              	.LFB68:
  90:.\gripper.c   ****     //for(PWM_VAL = 18; PWM_VAL <= 50; PWM_VAL++)
  91:.\gripper.c   ****     //{
  92:.\gripper.c   ****     //    Gripper_PWM_WriteCompare(PWM_VAL);
  93:.\gripper.c   ****     //    CyDelay(10);
ARM GAS  C:\Users\xavieran\AppData\Local\Temp\ccqEw9vI.s 			page 6


  94:.\gripper.c   ****     //}
  95:.\gripper.c   **** }
  96:.\gripper.c   **** 
  97:.\gripper.c   **** void dec_gripper(){
 193              		.loc 1 97 0
 194              		.cfi_startproc
 195              		@ args = 0, pretend = 0, frame = 0
 196              		@ frame_needed = 0, uses_anonymous_args = 0
 197 0000 38B5     		push	{r3, r4, r5, lr}
 198              		.cfi_def_cfa_offset 16
 199              		.cfi_offset 3, -16
 200              		.cfi_offset 4, -12
 201              		.cfi_offset 5, -8
 202              		.cfi_offset 14, -4
  98:.\gripper.c   ****     Gripper_PWM_WriteCompare(--PWM_VAL);
 203              		.loc 1 98 0
 204 0002 0C4C     		ldr	r4, .L9
 205 0004 2068     		ldr	r0, [r4]
 206 0006 0138     		subs	r0, r0, #1
 207 0008 2060     		str	r0, [r4]
 208 000a 80B2     		uxth	r0, r0
 209 000c FFF7FEFF 		bl	Gripper_PWM_WriteCompare
 210              	.LVL13:
  99:.\gripper.c   ****     LCD_ClearDisplay();
 211              		.loc 1 99 0
 212 0010 0120     		movs	r0, #1
 213 0012 FFF7FEFF 		bl	LCD_WriteControl
 214              	.LVL14:
 100:.\gripper.c   ****     sprintf(outString, "Servo Value: %d",PWM_VAL);
 215              		.loc 1 100 0
 216 0016 084D     		ldr	r5, .L9+4
 217 0018 2846     		mov	r0, r5
 218 001a 0849     		ldr	r1, .L9+8
 219 001c 2268     		ldr	r2, [r4]
 220 001e FFF7FEFF 		bl	sprintf
 221              	.LVL15:
 101:.\gripper.c   ****     LCD_PosPrintString(0, 0, outString);
 222              		.loc 1 101 0
 223 0022 0020     		movs	r0, #0
 224 0024 0146     		mov	r1, r0
 225 0026 FFF7FEFF 		bl	LCD_Position
 226              	.LVL16:
 227 002a 2846     		mov	r0, r5
 228 002c FFF7FEFF 		bl	LCD_PrintString
 229              	.LVL17:
 230 0030 38BD     		pop	{r3, r4, r5, pc}
 231              	.L10:
 232 0032 00BF     		.align	2
 233              	.L9:
 234 0034 00000000 		.word	.LANCHOR0
 235 0038 00000000 		.word	outString
 236 003c 00000000 		.word	.LC0
 237              		.cfi_endproc
 238              	.LFE68:
 239              		.size	dec_gripper, .-dec_gripper
 240              		.comm	outString,40,4
 241              		.global	PWM_VAL
ARM GAS  C:\Users\xavieran\AppData\Local\Temp\ccqEw9vI.s 			page 7


 242              		.comm	OV9650_1_framebuffer,50688,4
 243              		.data
 244              		.align	2
 245              		.set	.LANCHOR0,. + 0
 246              		.type	PWM_VAL, %object
 247              		.size	PWM_VAL, 4
 248              	PWM_VAL:
 249 0000 19000000 		.word	25
 250              		.section	.rodata.str1.4,"aMS",%progbits,1
 251              		.align	2
 252              	.LC0:
 253 0000 53657276 		.ascii	"Servo Value: %d\000"
 253      6F205661 
 253      6C75653A 
 253      20256400 
 254              		.text
 255              	.Letext0:
 256              		.file 2 "c:\\program files (x86)\\cypress\\psoc creator\\3.2\\psoc creator\\import\\gnu\\arm\\4.8.
 257              		.file 3 "c:\\program files (x86)\\cypress\\psoc creator\\3.2\\psoc creator\\import\\gnu\\arm\\4.8.
 258              		.file 4 "Generated_Source\\PSoC5/cytypes.h"
 259              		.file 5 "Generated_Source\\PSoC5/core_cm3.h"
 260              		.file 6 "Generated_Source\\PSoC5/OV9650_1.h"
 261              		.file 7 "Generated_Source\\PSoC5/Gripper_PWM.h"
 262              		.file 8 "Generated_Source\\PSoC5/CyLib.h"
 263              		.file 9 "Generated_Source\\PSoC5/LCD.h"
 264              		.file 10 "c:\\program files (x86)\\cypress\\psoc creator\\3.2\\psoc creator\\import\\gnu\\arm\\4.8
 265              		.section	.debug_info,"",%progbits
 266              	.Ldebug_info0:
 267 0000 A0030000 		.4byte	0x3a0
 268 0004 0400     		.2byte	0x4
 269 0006 00000000 		.4byte	.Ldebug_abbrev0
 270 000a 04       		.byte	0x4
 271 000b 01       		.uleb128 0x1
 272 000c 65010000 		.4byte	.LASF34
 273 0010 01       		.byte	0x1
 274 0011 E2000000 		.4byte	.LASF35
 275 0015 FB000000 		.4byte	.LASF36
 276 0019 00000000 		.4byte	.Ldebug_ranges0+0
 277 001d 00000000 		.4byte	0
 278 0021 00000000 		.4byte	.Ldebug_line0
 279 0025 02       		.uleb128 0x2
 280 0026 01       		.byte	0x1
 281 0027 06       		.byte	0x6
 282 0028 74020000 		.4byte	.LASF0
 283 002c 02       		.uleb128 0x2
 284 002d 01       		.byte	0x1
 285 002e 08       		.byte	0x8
 286 002f 57000000 		.4byte	.LASF1
 287 0033 02       		.uleb128 0x2
 288 0034 02       		.byte	0x2
 289 0035 05       		.byte	0x5
 290 0036 33020000 		.4byte	.LASF2
 291 003a 02       		.uleb128 0x2
 292 003b 02       		.byte	0x2
 293 003c 07       		.byte	0x7
 294 003d 89000000 		.4byte	.LASF3
 295 0041 03       		.uleb128 0x3
ARM GAS  C:\Users\xavieran\AppData\Local\Temp\ccqEw9vI.s 			page 8


 296 0042 15000000 		.4byte	.LASF9
 297 0046 02       		.byte	0x2
 298 0047 37       		.byte	0x37
 299 0048 4C000000 		.4byte	0x4c
 300 004c 02       		.uleb128 0x2
 301 004d 04       		.byte	0x4
 302 004e 05       		.byte	0x5
 303 004f 66020000 		.4byte	.LASF4
 304 0053 02       		.uleb128 0x2
 305 0054 04       		.byte	0x4
 306 0055 07       		.byte	0x7
 307 0056 77000000 		.4byte	.LASF5
 308 005a 02       		.uleb128 0x2
 309 005b 08       		.byte	0x8
 310 005c 05       		.byte	0x5
 311 005d F8010000 		.4byte	.LASF6
 312 0061 02       		.uleb128 0x2
 313 0062 08       		.byte	0x8
 314 0063 07       		.byte	0x7
 315 0064 2D000000 		.4byte	.LASF7
 316 0068 04       		.uleb128 0x4
 317 0069 04       		.byte	0x4
 318 006a 05       		.byte	0x5
 319 006b 696E7400 		.ascii	"int\000"
 320 006f 02       		.uleb128 0x2
 321 0070 04       		.byte	0x4
 322 0071 07       		.byte	0x7
 323 0072 EE000000 		.4byte	.LASF8
 324 0076 03       		.uleb128 0x3
 325 0077 1F000000 		.4byte	.LASF10
 326 007b 03       		.byte	0x3
 327 007c 41       		.byte	0x41
 328 007d 41000000 		.4byte	0x41
 329 0081 03       		.uleb128 0x3
 330 0082 3D020000 		.4byte	.LASF11
 331 0086 04       		.byte	0x4
 332 0087 B3       		.byte	0xb3
 333 0088 2C000000 		.4byte	0x2c
 334 008c 03       		.uleb128 0x3
 335 008d B0000000 		.4byte	.LASF12
 336 0091 04       		.byte	0x4
 337 0092 B4       		.byte	0xb4
 338 0093 3A000000 		.4byte	0x3a
 339 0097 03       		.uleb128 0x3
 340 0098 DB000000 		.4byte	.LASF13
 341 009c 04       		.byte	0x4
 342 009d B5       		.byte	0xb5
 343 009e 53000000 		.4byte	0x53
 344 00a2 02       		.uleb128 0x2
 345 00a3 04       		.byte	0x4
 346 00a4 04       		.byte	0x4
 347 00a5 27000000 		.4byte	.LASF14
 348 00a9 02       		.uleb128 0x2
 349 00aa 08       		.byte	0x8
 350 00ab 04       		.byte	0x4
 351 00ac A9000000 		.4byte	.LASF15
 352 00b0 03       		.uleb128 0x3
ARM GAS  C:\Users\xavieran\AppData\Local\Temp\ccqEw9vI.s 			page 9


 353 00b1 71000000 		.4byte	.LASF16
 354 00b5 04       		.byte	0x4
 355 00b6 C4       		.byte	0xc4
 356 00b7 BB000000 		.4byte	0xbb
 357 00bb 02       		.uleb128 0x2
 358 00bc 01       		.byte	0x1
 359 00bd 08       		.byte	0x8
 360 00be 6F020000 		.4byte	.LASF17
 361 00c2 02       		.uleb128 0x2
 362 00c3 04       		.byte	0x4
 363 00c4 07       		.byte	0x7
 364 00c5 EF010000 		.4byte	.LASF18
 365 00c9 05       		.uleb128 0x5
 366 00ca 04       		.byte	0x4
 367 00cb BB000000 		.4byte	0xbb
 368 00cf 05       		.uleb128 0x5
 369 00d0 04       		.byte	0x4
 370 00d1 D5000000 		.4byte	0xd5
 371 00d5 06       		.uleb128 0x6
 372 00d6 BB000000 		.4byte	0xbb
 373 00da 07       		.uleb128 0x7
 374 00db E1010000 		.4byte	.LASF19
 375 00df 01       		.byte	0x1
 376 00e0 2C       		.byte	0x2c
 377 00e1 00000000 		.4byte	.LFB63
 378 00e5 0E000000 		.4byte	.LFE63-.LFB63
 379 00e9 01       		.uleb128 0x1
 380 00ea 9C       		.byte	0x9c
 381 00eb 12010000 		.4byte	0x112
 382 00ef 08       		.uleb128 0x8
 383 00f0 6900     		.ascii	"i\000"
 384 00f2 01       		.byte	0x1
 385 00f3 2D       		.byte	0x2d
 386 00f4 68000000 		.4byte	0x68
 387 00f8 09       		.uleb128 0x9
 388 00f9 06000000 		.4byte	.LVL0
 389 00fd 1C030000 		.4byte	0x31c
 390 0101 0A       		.uleb128 0xa
 391 0102 0C000000 		.4byte	.LVL1
 392 0106 23030000 		.4byte	0x323
 393 010a 0B       		.uleb128 0xb
 394 010b 01       		.uleb128 0x1
 395 010c 50       		.byte	0x50
 396 010d 02       		.uleb128 0x2
 397 010e 08       		.byte	0x8
 398 010f 32       		.byte	0x32
 399 0110 00       		.byte	0
 400 0111 00       		.byte	0
 401 0112 07       		.uleb128 0x7
 402 0113 4C010000 		.4byte	.LASF20
 403 0117 01       		.byte	0x1
 404 0118 3E       		.byte	0x3e
 405 0119 00000000 		.4byte	.LFB64
 406 011d 10000000 		.4byte	.LFE64-.LFB64
 407 0121 01       		.uleb128 0x1
 408 0122 9C       		.byte	0x9c
 409 0123 4B010000 		.4byte	0x14b
ARM GAS  C:\Users\xavieran\AppData\Local\Temp\ccqEw9vI.s 			page 10


 410 0127 0C       		.uleb128 0xc
 411 0128 08000000 		.4byte	.LVL2
 412 012c 23030000 		.4byte	0x323
 413 0130 3A010000 		.4byte	0x13a
 414 0134 0B       		.uleb128 0xb
 415 0135 01       		.uleb128 0x1
 416 0136 50       		.byte	0x50
 417 0137 01       		.uleb128 0x1
 418 0138 4D       		.byte	0x4d
 419 0139 00       		.byte	0
 420 013a 0A       		.uleb128 0xa
 421 013b 0E000000 		.4byte	.LVL3
 422 013f 34030000 		.4byte	0x334
 423 0143 0B       		.uleb128 0xb
 424 0144 01       		.uleb128 0x1
 425 0145 50       		.byte	0x50
 426 0146 02       		.uleb128 0x2
 427 0147 08       		.byte	0x8
 428 0148 32       		.byte	0x32
 429 0149 00       		.byte	0
 430 014a 00       		.byte	0
 431 014b 07       		.uleb128 0x7
 432 014c 06020000 		.4byte	.LASF21
 433 0150 01       		.byte	0x1
 434 0151 45       		.byte	0x45
 435 0152 00000000 		.4byte	.LFB65
 436 0156 10000000 		.4byte	.LFE65-.LFB65
 437 015a 01       		.uleb128 0x1
 438 015b 9C       		.byte	0x9c
 439 015c 85010000 		.4byte	0x185
 440 0160 0C       		.uleb128 0xc
 441 0161 08000000 		.4byte	.LVL4
 442 0165 23030000 		.4byte	0x323
 443 0169 74010000 		.4byte	0x174
 444 016d 0B       		.uleb128 0xb
 445 016e 01       		.uleb128 0x1
 446 016f 50       		.byte	0x50
 447 0170 02       		.uleb128 0x2
 448 0171 08       		.byte	0x8
 449 0172 32       		.byte	0x32
 450 0173 00       		.byte	0
 451 0174 0A       		.uleb128 0xa
 452 0175 0E000000 		.4byte	.LVL5
 453 0179 34030000 		.4byte	0x334
 454 017d 0B       		.uleb128 0xb
 455 017e 01       		.uleb128 0x1
 456 017f 50       		.byte	0x50
 457 0180 02       		.uleb128 0x2
 458 0181 08       		.byte	0x8
 459 0182 32       		.byte	0x32
 460 0183 00       		.byte	0
 461 0184 00       		.byte	0
 462 0185 07       		.uleb128 0x7
 463 0186 44000000 		.4byte	.LASF22
 464 018a 01       		.byte	0x1
 465 018b 4C       		.byte	0x4c
 466 018c 00000000 		.4byte	.LFB66
ARM GAS  C:\Users\xavieran\AppData\Local\Temp\ccqEw9vI.s 			page 11


 467 0190 10000000 		.4byte	.LFE66-.LFB66
 468 0194 01       		.uleb128 0x1
 469 0195 9C       		.byte	0x9c
 470 0196 BE010000 		.4byte	0x1be
 471 019a 0C       		.uleb128 0xc
 472 019b 08000000 		.4byte	.LVL6
 473 019f 23030000 		.4byte	0x323
 474 01a3 AD010000 		.4byte	0x1ad
 475 01a7 0B       		.uleb128 0xb
 476 01a8 01       		.uleb128 0x1
 477 01a9 50       		.byte	0x50
 478 01aa 01       		.uleb128 0x1
 479 01ab 43       		.byte	0x43
 480 01ac 00       		.byte	0
 481 01ad 0A       		.uleb128 0xa
 482 01ae 0E000000 		.4byte	.LVL7
 483 01b2 34030000 		.4byte	0x334
 484 01b6 0B       		.uleb128 0xb
 485 01b7 01       		.uleb128 0x1
 486 01b8 50       		.byte	0x50
 487 01b9 02       		.uleb128 0x2
 488 01ba 08       		.byte	0x8
 489 01bb 32       		.byte	0x32
 490 01bc 00       		.byte	0
 491 01bd 00       		.byte	0
 492 01be 07       		.uleb128 0x7
 493 01bf CF000000 		.4byte	.LASF23
 494 01c3 01       		.byte	0x1
 495 01c4 55       		.byte	0x55
 496 01c5 00000000 		.4byte	.LFB67
 497 01c9 40000000 		.4byte	.LFE67-.LFB67
 498 01cd 01       		.uleb128 0x1
 499 01ce 9C       		.byte	0x9c
 500 01cf 35020000 		.4byte	0x235
 501 01d3 09       		.uleb128 0x9
 502 01d4 10000000 		.4byte	.LVL8
 503 01d8 23030000 		.4byte	0x323
 504 01dc 0C       		.uleb128 0xc
 505 01dd 16000000 		.4byte	.LVL9
 506 01e1 45030000 		.4byte	0x345
 507 01e5 EF010000 		.4byte	0x1ef
 508 01e9 0B       		.uleb128 0xb
 509 01ea 01       		.uleb128 0x1
 510 01eb 50       		.byte	0x50
 511 01ec 01       		.uleb128 0x1
 512 01ed 31       		.byte	0x31
 513 01ee 00       		.byte	0
 514 01ef 0C       		.uleb128 0xc
 515 01f0 22000000 		.4byte	.LVL10
 516 01f4 56030000 		.4byte	0x356
 517 01f8 0C020000 		.4byte	0x20c
 518 01fc 0B       		.uleb128 0xb
 519 01fd 01       		.uleb128 0x1
 520 01fe 51       		.byte	0x51
 521 01ff 05       		.uleb128 0x5
 522 0200 03       		.byte	0x3
 523 0201 00000000 		.4byte	.LC0
ARM GAS  C:\Users\xavieran\AppData\Local\Temp\ccqEw9vI.s 			page 12


 524 0205 0B       		.uleb128 0xb
 525 0206 01       		.uleb128 0x1
 526 0207 50       		.byte	0x50
 527 0208 02       		.uleb128 0x2
 528 0209 75       		.byte	0x75
 529 020a 00       		.sleb128 0
 530 020b 00       		.byte	0
 531 020c 0C       		.uleb128 0xc
 532 020d 2A000000 		.4byte	.LVL11
 533 0211 71030000 		.4byte	0x371
 534 0215 24020000 		.4byte	0x224
 535 0219 0B       		.uleb128 0xb
 536 021a 01       		.uleb128 0x1
 537 021b 51       		.byte	0x51
 538 021c 01       		.uleb128 0x1
 539 021d 30       		.byte	0x30
 540 021e 0B       		.uleb128 0xb
 541 021f 01       		.uleb128 0x1
 542 0220 50       		.byte	0x50
 543 0221 01       		.uleb128 0x1
 544 0222 30       		.byte	0x30
 545 0223 00       		.byte	0
 546 0224 0A       		.uleb128 0xa
 547 0225 30000000 		.4byte	.LVL12
 548 0229 87030000 		.4byte	0x387
 549 022d 0B       		.uleb128 0xb
 550 022e 01       		.uleb128 0x1
 551 022f 50       		.byte	0x50
 552 0230 02       		.uleb128 0x2
 553 0231 75       		.byte	0x75
 554 0232 00       		.sleb128 0
 555 0233 00       		.byte	0
 556 0234 00       		.byte	0
 557 0235 07       		.uleb128 0x7
 558 0236 65000000 		.4byte	.LASF24
 559 023a 01       		.byte	0x1
 560 023b 61       		.byte	0x61
 561 023c 00000000 		.4byte	.LFB68
 562 0240 40000000 		.4byte	.LFE68-.LFB68
 563 0244 01       		.uleb128 0x1
 564 0245 9C       		.byte	0x9c
 565 0246 AC020000 		.4byte	0x2ac
 566 024a 09       		.uleb128 0x9
 567 024b 10000000 		.4byte	.LVL13
 568 024f 23030000 		.4byte	0x323
 569 0253 0C       		.uleb128 0xc
 570 0254 16000000 		.4byte	.LVL14
 571 0258 45030000 		.4byte	0x345
 572 025c 66020000 		.4byte	0x266
 573 0260 0B       		.uleb128 0xb
 574 0261 01       		.uleb128 0x1
 575 0262 50       		.byte	0x50
 576 0263 01       		.uleb128 0x1
 577 0264 31       		.byte	0x31
 578 0265 00       		.byte	0
 579 0266 0C       		.uleb128 0xc
 580 0267 22000000 		.4byte	.LVL15
ARM GAS  C:\Users\xavieran\AppData\Local\Temp\ccqEw9vI.s 			page 13


 581 026b 56030000 		.4byte	0x356
 582 026f 83020000 		.4byte	0x283
 583 0273 0B       		.uleb128 0xb
 584 0274 01       		.uleb128 0x1
 585 0275 51       		.byte	0x51
 586 0276 05       		.uleb128 0x5
 587 0277 03       		.byte	0x3
 588 0278 00000000 		.4byte	.LC0
 589 027c 0B       		.uleb128 0xb
 590 027d 01       		.uleb128 0x1
 591 027e 50       		.byte	0x50
 592 027f 02       		.uleb128 0x2
 593 0280 75       		.byte	0x75
 594 0281 00       		.sleb128 0
 595 0282 00       		.byte	0
 596 0283 0C       		.uleb128 0xc
 597 0284 2A000000 		.4byte	.LVL16
 598 0288 71030000 		.4byte	0x371
 599 028c 9B020000 		.4byte	0x29b
 600 0290 0B       		.uleb128 0xb
 601 0291 01       		.uleb128 0x1
 602 0292 51       		.byte	0x51
 603 0293 01       		.uleb128 0x1
 604 0294 30       		.byte	0x30
 605 0295 0B       		.uleb128 0xb
 606 0296 01       		.uleb128 0x1
 607 0297 50       		.byte	0x50
 608 0298 01       		.uleb128 0x1
 609 0299 30       		.byte	0x30
 610 029a 00       		.byte	0
 611 029b 0A       		.uleb128 0xa
 612 029c 30000000 		.4byte	.LVL17
 613 02a0 87030000 		.4byte	0x387
 614 02a4 0B       		.uleb128 0xb
 615 02a5 01       		.uleb128 0x1
 616 02a6 50       		.byte	0x50
 617 02a7 02       		.uleb128 0x2
 618 02a8 75       		.byte	0x75
 619 02a9 00       		.sleb128 0
 620 02aa 00       		.byte	0
 621 02ab 00       		.byte	0
 622 02ac 0D       		.uleb128 0xd
 623 02ad 9C000000 		.4byte	.LASF25
 624 02b1 05       		.byte	0x5
 625 02b2 2A06     		.2byte	0x62a
 626 02b4 B8020000 		.4byte	0x2b8
 627 02b8 0E       		.uleb128 0xe
 628 02b9 76000000 		.4byte	0x76
 629 02bd 0F       		.uleb128 0xf
 630 02be 81000000 		.4byte	0x81
 631 02c2 D9020000 		.4byte	0x2d9
 632 02c6 10       		.uleb128 0x10
 633 02c7 C2000000 		.4byte	0xc2
 634 02cb 8F       		.byte	0x8f
 635 02cc 10       		.uleb128 0x10
 636 02cd C2000000 		.4byte	0xc2
 637 02d1 57       		.byte	0x57
ARM GAS  C:\Users\xavieran\AppData\Local\Temp\ccqEw9vI.s 			page 14


 638 02d2 10       		.uleb128 0x10
 639 02d3 C2000000 		.4byte	0xc2
 640 02d7 03       		.byte	0x3
 641 02d8 00       		.byte	0
 642 02d9 11       		.uleb128 0x11
 643 02da 00000000 		.4byte	.LASF26
 644 02de 06       		.byte	0x6
 645 02df 08       		.byte	0x8
 646 02e0 BD020000 		.4byte	0x2bd
 647 02e4 05       		.uleb128 0x5
 648 02e5 03       		.byte	0x3
 649 02e6 00000000 		.4byte	OV9650_1_framebuffer
 650 02ea 11       		.uleb128 0x11
 651 02eb B7000000 		.4byte	.LASF27
 652 02ef 01       		.byte	0x1
 653 02f0 29       		.byte	0x29
 654 02f1 68000000 		.4byte	0x68
 655 02f5 05       		.uleb128 0x5
 656 02f6 03       		.byte	0x3
 657 02f7 00000000 		.4byte	PWM_VAL
 658 02fb 0F       		.uleb128 0xf
 659 02fc BB000000 		.4byte	0xbb
 660 0300 0B030000 		.4byte	0x30b
 661 0304 10       		.uleb128 0x10
 662 0305 C2000000 		.4byte	0xc2
 663 0309 27       		.byte	0x27
 664 030a 00       		.byte	0
 665 030b 11       		.uleb128 0x11
 666 030c 43020000 		.4byte	.LASF28
 667 0310 01       		.byte	0x1
 668 0311 2A       		.byte	0x2a
 669 0312 FB020000 		.4byte	0x2fb
 670 0316 05       		.uleb128 0x5
 671 0317 03       		.byte	0x3
 672 0318 00000000 		.4byte	outString
 673 031c 12       		.uleb128 0x12
 674 031d 21020000 		.4byte	.LASF37
 675 0321 07       		.byte	0x7
 676 0322 92       		.byte	0x92
 677 0323 13       		.uleb128 0x13
 678 0324 4D020000 		.4byte	.LASF29
 679 0328 07       		.byte	0x7
 680 0329 C3       		.byte	0xc3
 681 032a 34030000 		.4byte	0x334
 682 032e 14       		.uleb128 0x14
 683 032f 8C000000 		.4byte	0x8c
 684 0333 00       		.byte	0
 685 0334 13       		.uleb128 0x13
 686 0335 88020000 		.4byte	.LASF30
 687 0339 08       		.byte	0x8
 688 033a 77       		.byte	0x77
 689 033b 45030000 		.4byte	0x345
 690 033f 14       		.uleb128 0x14
 691 0340 97000000 		.4byte	0x97
 692 0344 00       		.byte	0
 693 0345 13       		.uleb128 0x13
 694 0346 10020000 		.4byte	.LASF31
ARM GAS  C:\Users\xavieran\AppData\Local\Temp\ccqEw9vI.s 			page 15


 695 034a 09       		.byte	0x9
 696 034b 3A       		.byte	0x3a
 697 034c 56030000 		.4byte	0x356
 698 0350 14       		.uleb128 0x14
 699 0351 81000000 		.4byte	0x81
 700 0355 00       		.byte	0
 701 0356 15       		.uleb128 0x15
 702 0357 80020000 		.4byte	.LASF38
 703 035b 0A       		.byte	0xa
 704 035c D9       		.byte	0xd9
 705 035d 68000000 		.4byte	0x68
 706 0361 71030000 		.4byte	0x371
 707 0365 14       		.uleb128 0x14
 708 0366 C9000000 		.4byte	0xc9
 709 036a 14       		.uleb128 0x14
 710 036b CF000000 		.4byte	0xcf
 711 036f 16       		.uleb128 0x16
 712 0370 00       		.byte	0
 713 0371 13       		.uleb128 0x13
 714 0372 58010000 		.4byte	.LASF32
 715 0376 09       		.byte	0x9
 716 0377 3D       		.byte	0x3d
 717 0378 87030000 		.4byte	0x387
 718 037c 14       		.uleb128 0x14
 719 037d 81000000 		.4byte	0x81
 720 0381 14       		.uleb128 0x14
 721 0382 81000000 		.4byte	0x81
 722 0386 00       		.byte	0
 723 0387 13       		.uleb128 0x13
 724 0388 BF000000 		.4byte	.LASF33
 725 038c 09       		.byte	0x9
 726 038d 3C       		.byte	0x3c
 727 038e 98030000 		.4byte	0x398
 728 0392 14       		.uleb128 0x14
 729 0393 98030000 		.4byte	0x398
 730 0397 00       		.byte	0
 731 0398 05       		.uleb128 0x5
 732 0399 04       		.byte	0x4
 733 039a 9E030000 		.4byte	0x39e
 734 039e 06       		.uleb128 0x6
 735 039f B0000000 		.4byte	0xb0
 736 03a3 00       		.byte	0
 737              		.section	.debug_abbrev,"",%progbits
 738              	.Ldebug_abbrev0:
 739 0000 01       		.uleb128 0x1
 740 0001 11       		.uleb128 0x11
 741 0002 01       		.byte	0x1
 742 0003 25       		.uleb128 0x25
 743 0004 0E       		.uleb128 0xe
 744 0005 13       		.uleb128 0x13
 745 0006 0B       		.uleb128 0xb
 746 0007 03       		.uleb128 0x3
 747 0008 0E       		.uleb128 0xe
 748 0009 1B       		.uleb128 0x1b
 749 000a 0E       		.uleb128 0xe
 750 000b 55       		.uleb128 0x55
 751 000c 17       		.uleb128 0x17
ARM GAS  C:\Users\xavieran\AppData\Local\Temp\ccqEw9vI.s 			page 16


 752 000d 11       		.uleb128 0x11
 753 000e 01       		.uleb128 0x1
 754 000f 10       		.uleb128 0x10
 755 0010 17       		.uleb128 0x17
 756 0011 00       		.byte	0
 757 0012 00       		.byte	0
 758 0013 02       		.uleb128 0x2
 759 0014 24       		.uleb128 0x24
 760 0015 00       		.byte	0
 761 0016 0B       		.uleb128 0xb
 762 0017 0B       		.uleb128 0xb
 763 0018 3E       		.uleb128 0x3e
 764 0019 0B       		.uleb128 0xb
 765 001a 03       		.uleb128 0x3
 766 001b 0E       		.uleb128 0xe
 767 001c 00       		.byte	0
 768 001d 00       		.byte	0
 769 001e 03       		.uleb128 0x3
 770 001f 16       		.uleb128 0x16
 771 0020 00       		.byte	0
 772 0021 03       		.uleb128 0x3
 773 0022 0E       		.uleb128 0xe
 774 0023 3A       		.uleb128 0x3a
 775 0024 0B       		.uleb128 0xb
 776 0025 3B       		.uleb128 0x3b
 777 0026 0B       		.uleb128 0xb
 778 0027 49       		.uleb128 0x49
 779 0028 13       		.uleb128 0x13
 780 0029 00       		.byte	0
 781 002a 00       		.byte	0
 782 002b 04       		.uleb128 0x4
 783 002c 24       		.uleb128 0x24
 784 002d 00       		.byte	0
 785 002e 0B       		.uleb128 0xb
 786 002f 0B       		.uleb128 0xb
 787 0030 3E       		.uleb128 0x3e
 788 0031 0B       		.uleb128 0xb
 789 0032 03       		.uleb128 0x3
 790 0033 08       		.uleb128 0x8
 791 0034 00       		.byte	0
 792 0035 00       		.byte	0
 793 0036 05       		.uleb128 0x5
 794 0037 0F       		.uleb128 0xf
 795 0038 00       		.byte	0
 796 0039 0B       		.uleb128 0xb
 797 003a 0B       		.uleb128 0xb
 798 003b 49       		.uleb128 0x49
 799 003c 13       		.uleb128 0x13
 800 003d 00       		.byte	0
 801 003e 00       		.byte	0
 802 003f 06       		.uleb128 0x6
 803 0040 26       		.uleb128 0x26
 804 0041 00       		.byte	0
 805 0042 49       		.uleb128 0x49
 806 0043 13       		.uleb128 0x13
 807 0044 00       		.byte	0
 808 0045 00       		.byte	0
ARM GAS  C:\Users\xavieran\AppData\Local\Temp\ccqEw9vI.s 			page 17


 809 0046 07       		.uleb128 0x7
 810 0047 2E       		.uleb128 0x2e
 811 0048 01       		.byte	0x1
 812 0049 3F       		.uleb128 0x3f
 813 004a 19       		.uleb128 0x19
 814 004b 03       		.uleb128 0x3
 815 004c 0E       		.uleb128 0xe
 816 004d 3A       		.uleb128 0x3a
 817 004e 0B       		.uleb128 0xb
 818 004f 3B       		.uleb128 0x3b
 819 0050 0B       		.uleb128 0xb
 820 0051 11       		.uleb128 0x11
 821 0052 01       		.uleb128 0x1
 822 0053 12       		.uleb128 0x12
 823 0054 06       		.uleb128 0x6
 824 0055 40       		.uleb128 0x40
 825 0056 18       		.uleb128 0x18
 826 0057 9742     		.uleb128 0x2117
 827 0059 19       		.uleb128 0x19
 828 005a 01       		.uleb128 0x1
 829 005b 13       		.uleb128 0x13
 830 005c 00       		.byte	0
 831 005d 00       		.byte	0
 832 005e 08       		.uleb128 0x8
 833 005f 34       		.uleb128 0x34
 834 0060 00       		.byte	0
 835 0061 03       		.uleb128 0x3
 836 0062 08       		.uleb128 0x8
 837 0063 3A       		.uleb128 0x3a
 838 0064 0B       		.uleb128 0xb
 839 0065 3B       		.uleb128 0x3b
 840 0066 0B       		.uleb128 0xb
 841 0067 49       		.uleb128 0x49
 842 0068 13       		.uleb128 0x13
 843 0069 00       		.byte	0
 844 006a 00       		.byte	0
 845 006b 09       		.uleb128 0x9
 846 006c 898201   		.uleb128 0x4109
 847 006f 00       		.byte	0
 848 0070 11       		.uleb128 0x11
 849 0071 01       		.uleb128 0x1
 850 0072 31       		.uleb128 0x31
 851 0073 13       		.uleb128 0x13
 852 0074 00       		.byte	0
 853 0075 00       		.byte	0
 854 0076 0A       		.uleb128 0xa
 855 0077 898201   		.uleb128 0x4109
 856 007a 01       		.byte	0x1
 857 007b 11       		.uleb128 0x11
 858 007c 01       		.uleb128 0x1
 859 007d 31       		.uleb128 0x31
 860 007e 13       		.uleb128 0x13
 861 007f 00       		.byte	0
 862 0080 00       		.byte	0
 863 0081 0B       		.uleb128 0xb
 864 0082 8A8201   		.uleb128 0x410a
 865 0085 00       		.byte	0
ARM GAS  C:\Users\xavieran\AppData\Local\Temp\ccqEw9vI.s 			page 18


 866 0086 02       		.uleb128 0x2
 867 0087 18       		.uleb128 0x18
 868 0088 9142     		.uleb128 0x2111
 869 008a 18       		.uleb128 0x18
 870 008b 00       		.byte	0
 871 008c 00       		.byte	0
 872 008d 0C       		.uleb128 0xc
 873 008e 898201   		.uleb128 0x4109
 874 0091 01       		.byte	0x1
 875 0092 11       		.uleb128 0x11
 876 0093 01       		.uleb128 0x1
 877 0094 31       		.uleb128 0x31
 878 0095 13       		.uleb128 0x13
 879 0096 01       		.uleb128 0x1
 880 0097 13       		.uleb128 0x13
 881 0098 00       		.byte	0
 882 0099 00       		.byte	0
 883 009a 0D       		.uleb128 0xd
 884 009b 34       		.uleb128 0x34
 885 009c 00       		.byte	0
 886 009d 03       		.uleb128 0x3
 887 009e 0E       		.uleb128 0xe
 888 009f 3A       		.uleb128 0x3a
 889 00a0 0B       		.uleb128 0xb
 890 00a1 3B       		.uleb128 0x3b
 891 00a2 05       		.uleb128 0x5
 892 00a3 49       		.uleb128 0x49
 893 00a4 13       		.uleb128 0x13
 894 00a5 3F       		.uleb128 0x3f
 895 00a6 19       		.uleb128 0x19
 896 00a7 3C       		.uleb128 0x3c
 897 00a8 19       		.uleb128 0x19
 898 00a9 00       		.byte	0
 899 00aa 00       		.byte	0
 900 00ab 0E       		.uleb128 0xe
 901 00ac 35       		.uleb128 0x35
 902 00ad 00       		.byte	0
 903 00ae 49       		.uleb128 0x49
 904 00af 13       		.uleb128 0x13
 905 00b0 00       		.byte	0
 906 00b1 00       		.byte	0
 907 00b2 0F       		.uleb128 0xf
 908 00b3 01       		.uleb128 0x1
 909 00b4 01       		.byte	0x1
 910 00b5 49       		.uleb128 0x49
 911 00b6 13       		.uleb128 0x13
 912 00b7 01       		.uleb128 0x1
 913 00b8 13       		.uleb128 0x13
 914 00b9 00       		.byte	0
 915 00ba 00       		.byte	0
 916 00bb 10       		.uleb128 0x10
 917 00bc 21       		.uleb128 0x21
 918 00bd 00       		.byte	0
 919 00be 49       		.uleb128 0x49
 920 00bf 13       		.uleb128 0x13
 921 00c0 2F       		.uleb128 0x2f
 922 00c1 0B       		.uleb128 0xb
ARM GAS  C:\Users\xavieran\AppData\Local\Temp\ccqEw9vI.s 			page 19


 923 00c2 00       		.byte	0
 924 00c3 00       		.byte	0
 925 00c4 11       		.uleb128 0x11
 926 00c5 34       		.uleb128 0x34
 927 00c6 00       		.byte	0
 928 00c7 03       		.uleb128 0x3
 929 00c8 0E       		.uleb128 0xe
 930 00c9 3A       		.uleb128 0x3a
 931 00ca 0B       		.uleb128 0xb
 932 00cb 3B       		.uleb128 0x3b
 933 00cc 0B       		.uleb128 0xb
 934 00cd 49       		.uleb128 0x49
 935 00ce 13       		.uleb128 0x13
 936 00cf 3F       		.uleb128 0x3f
 937 00d0 19       		.uleb128 0x19
 938 00d1 02       		.uleb128 0x2
 939 00d2 18       		.uleb128 0x18
 940 00d3 00       		.byte	0
 941 00d4 00       		.byte	0
 942 00d5 12       		.uleb128 0x12
 943 00d6 2E       		.uleb128 0x2e
 944 00d7 00       		.byte	0
 945 00d8 3F       		.uleb128 0x3f
 946 00d9 19       		.uleb128 0x19
 947 00da 03       		.uleb128 0x3
 948 00db 0E       		.uleb128 0xe
 949 00dc 3A       		.uleb128 0x3a
 950 00dd 0B       		.uleb128 0xb
 951 00de 3B       		.uleb128 0x3b
 952 00df 0B       		.uleb128 0xb
 953 00e0 27       		.uleb128 0x27
 954 00e1 19       		.uleb128 0x19
 955 00e2 3C       		.uleb128 0x3c
 956 00e3 19       		.uleb128 0x19
 957 00e4 00       		.byte	0
 958 00e5 00       		.byte	0
 959 00e6 13       		.uleb128 0x13
 960 00e7 2E       		.uleb128 0x2e
 961 00e8 01       		.byte	0x1
 962 00e9 3F       		.uleb128 0x3f
 963 00ea 19       		.uleb128 0x19
 964 00eb 03       		.uleb128 0x3
 965 00ec 0E       		.uleb128 0xe
 966 00ed 3A       		.uleb128 0x3a
 967 00ee 0B       		.uleb128 0xb
 968 00ef 3B       		.uleb128 0x3b
 969 00f0 0B       		.uleb128 0xb
 970 00f1 27       		.uleb128 0x27
 971 00f2 19       		.uleb128 0x19
 972 00f3 3C       		.uleb128 0x3c
 973 00f4 19       		.uleb128 0x19
 974 00f5 01       		.uleb128 0x1
 975 00f6 13       		.uleb128 0x13
 976 00f7 00       		.byte	0
 977 00f8 00       		.byte	0
 978 00f9 14       		.uleb128 0x14
 979 00fa 05       		.uleb128 0x5
ARM GAS  C:\Users\xavieran\AppData\Local\Temp\ccqEw9vI.s 			page 20


 980 00fb 00       		.byte	0
 981 00fc 49       		.uleb128 0x49
 982 00fd 13       		.uleb128 0x13
 983 00fe 00       		.byte	0
 984 00ff 00       		.byte	0
 985 0100 15       		.uleb128 0x15
 986 0101 2E       		.uleb128 0x2e
 987 0102 01       		.byte	0x1
 988 0103 3F       		.uleb128 0x3f
 989 0104 19       		.uleb128 0x19
 990 0105 03       		.uleb128 0x3
 991 0106 0E       		.uleb128 0xe
 992 0107 3A       		.uleb128 0x3a
 993 0108 0B       		.uleb128 0xb
 994 0109 3B       		.uleb128 0x3b
 995 010a 0B       		.uleb128 0xb
 996 010b 27       		.uleb128 0x27
 997 010c 19       		.uleb128 0x19
 998 010d 49       		.uleb128 0x49
 999 010e 13       		.uleb128 0x13
 1000 010f 3C       		.uleb128 0x3c
 1001 0110 19       		.uleb128 0x19
 1002 0111 01       		.uleb128 0x1
 1003 0112 13       		.uleb128 0x13
 1004 0113 00       		.byte	0
 1005 0114 00       		.byte	0
 1006 0115 16       		.uleb128 0x16
 1007 0116 18       		.uleb128 0x18
 1008 0117 00       		.byte	0
 1009 0118 00       		.byte	0
 1010 0119 00       		.byte	0
 1011 011a 00       		.byte	0
 1012              		.section	.debug_aranges,"",%progbits
 1013 0000 44000000 		.4byte	0x44
 1014 0004 0200     		.2byte	0x2
 1015 0006 00000000 		.4byte	.Ldebug_info0
 1016 000a 04       		.byte	0x4
 1017 000b 00       		.byte	0
 1018 000c 0000     		.2byte	0
 1019 000e 0000     		.2byte	0
 1020 0010 00000000 		.4byte	.LFB63
 1021 0014 0E000000 		.4byte	.LFE63-.LFB63
 1022 0018 00000000 		.4byte	.LFB64
 1023 001c 10000000 		.4byte	.LFE64-.LFB64
 1024 0020 00000000 		.4byte	.LFB65
 1025 0024 10000000 		.4byte	.LFE65-.LFB65
 1026 0028 00000000 		.4byte	.LFB66
 1027 002c 10000000 		.4byte	.LFE66-.LFB66
 1028 0030 00000000 		.4byte	.LFB67
 1029 0034 40000000 		.4byte	.LFE67-.LFB67
 1030 0038 00000000 		.4byte	.LFB68
 1031 003c 40000000 		.4byte	.LFE68-.LFB68
 1032 0040 00000000 		.4byte	0
 1033 0044 00000000 		.4byte	0
 1034              		.section	.debug_ranges,"",%progbits
 1035              	.Ldebug_ranges0:
 1036 0000 00000000 		.4byte	.LFB63
ARM GAS  C:\Users\xavieran\AppData\Local\Temp\ccqEw9vI.s 			page 21


 1037 0004 0E000000 		.4byte	.LFE63
 1038 0008 00000000 		.4byte	.LFB64
 1039 000c 10000000 		.4byte	.LFE64
 1040 0010 00000000 		.4byte	.LFB65
 1041 0014 10000000 		.4byte	.LFE65
 1042 0018 00000000 		.4byte	.LFB66
 1043 001c 10000000 		.4byte	.LFE66
 1044 0020 00000000 		.4byte	.LFB67
 1045 0024 40000000 		.4byte	.LFE67
 1046 0028 00000000 		.4byte	.LFB68
 1047 002c 40000000 		.4byte	.LFE68
 1048 0030 00000000 		.4byte	0
 1049 0034 00000000 		.4byte	0
 1050              		.section	.debug_line,"",%progbits
 1051              	.Ldebug_line0:
 1052 0000 FE010000 		.section	.debug_str,"MS",%progbits,1
 1052      02008A01 
 1052      00000201 
 1052      FB0E0D00 
 1052      01010101 
 1053              	.LASF26:
 1054 0000 4F563936 		.ascii	"OV9650_1_framebuffer\000"
 1054      35305F31 
 1054      5F667261 
 1054      6D656275 
 1054      66666572 
 1055              	.LASF9:
 1056 0015 5F5F696E 		.ascii	"__int32_t\000"
 1056      7433325F 
 1056      7400
 1057              	.LASF10:
 1058 001f 696E7433 		.ascii	"int32_t\000"
 1058      325F7400 
 1059              	.LASF14:
 1060 0027 666C6F61 		.ascii	"float\000"
 1060      7400
 1061              	.LASF7:
 1062 002d 6C6F6E67 		.ascii	"long long unsigned int\000"
 1062      206C6F6E 
 1062      6720756E 
 1062      7369676E 
 1062      65642069 
 1063              	.LASF22:
 1064 0044 7069636B 		.ascii	"pickup_angled_puck\000"
 1064      75705F61 
 1064      6E676C65 
 1064      645F7075 
 1064      636B00
 1065              	.LASF1:
 1066 0057 756E7369 		.ascii	"unsigned char\000"
 1066      676E6564 
 1066      20636861 
 1066      7200
 1067              	.LASF24:
 1068 0065 6465635F 		.ascii	"dec_gripper\000"
 1068      67726970 
 1068      70657200 
ARM GAS  C:\Users\xavieran\AppData\Local\Temp\ccqEw9vI.s 			page 22


 1069              	.LASF16:
 1070 0071 63686172 		.ascii	"char8\000"
 1070      3800
 1071              	.LASF5:
 1072 0077 6C6F6E67 		.ascii	"long unsigned int\000"
 1072      20756E73 
 1072      69676E65 
 1072      6420696E 
 1072      7400
 1073              	.LASF3:
 1074 0089 73686F72 		.ascii	"short unsigned int\000"
 1074      7420756E 
 1074      7369676E 
 1074      65642069 
 1074      6E7400
 1075              	.LASF25:
 1076 009c 49544D5F 		.ascii	"ITM_RxBuffer\000"
 1076      52784275 
 1076      66666572 
 1076      00
 1077              	.LASF15:
 1078 00a9 646F7562 		.ascii	"double\000"
 1078      6C6500
 1079              	.LASF12:
 1080 00b0 75696E74 		.ascii	"uint16\000"
 1080      313600
 1081              	.LASF27:
 1082 00b7 50574D5F 		.ascii	"PWM_VAL\000"
 1082      56414C00 
 1083              	.LASF33:
 1084 00bf 4C43445F 		.ascii	"LCD_PrintString\000"
 1084      5072696E 
 1084      74537472 
 1084      696E6700 
 1085              	.LASF23:
 1086 00cf 696E635F 		.ascii	"inc_gripper\000"
 1086      67726970 
 1086      70657200 
 1087              	.LASF13:
 1088 00db 75696E74 		.ascii	"uint32\000"
 1088      333200
 1089              	.LASF35:
 1090 00e2 2E5C6772 		.ascii	".\\gripper.c\000"
 1090      69707065 
 1090      722E6300 
 1091              	.LASF8:
 1092 00ee 756E7369 		.ascii	"unsigned int\000"
 1092      676E6564 
 1092      20696E74 
 1092      00
 1093              	.LASF36:
 1094 00fb 433A5C55 		.ascii	"C:\\Users\\xavieran\\Desktop\\ECE3091\\PSOCProjects"
 1094      73657273 
 1094      5C786176 
 1094      69657261 
 1094      6E5C4465 
 1095 0129 5C454E47 		.ascii	"\\ENG3091_MandM\\ENG3091_MandM.cydsn\000"
ARM GAS  C:\Users\xavieran\AppData\Local\Temp\ccqEw9vI.s 			page 23


 1095      33303931 
 1095      5F4D616E 
 1095      644D5C45 
 1095      4E473330 
 1096              	.LASF20:
 1097 014c 7069636B 		.ascii	"pickup_puck\000"
 1097      75705F70 
 1097      75636B00 
 1098              	.LASF32:
 1099 0158 4C43445F 		.ascii	"LCD_Position\000"
 1099      506F7369 
 1099      74696F6E 
 1099      00
 1100              	.LASF34:
 1101 0165 474E5520 		.ascii	"GNU C 4.8.4 20140526 (release) [ARM/embedded-4_8-br"
 1101      4320342E 
 1101      382E3420 
 1101      32303134 
 1101      30353236 
 1102 0198 616E6368 		.ascii	"anch revision 211358] -mcpu=cortex-m3 -mthumb -g -O"
 1102      20726576 
 1102      6973696F 
 1102      6E203231 
 1102      31333538 
 1103 01cb 67202D66 		.ascii	"g -ffunction-sections\000"
 1103      66756E63 
 1103      74696F6E 
 1103      2D736563 
 1103      74696F6E 
 1104              	.LASF19:
 1105 01e1 73746172 		.ascii	"start_gripper\000"
 1105      745F6772 
 1105      69707065 
 1105      7200
 1106              	.LASF18:
 1107 01ef 73697A65 		.ascii	"sizetype\000"
 1107      74797065 
 1107      00
 1108              	.LASF6:
 1109 01f8 6C6F6E67 		.ascii	"long long int\000"
 1109      206C6F6E 
 1109      6720696E 
 1109      7400
 1110              	.LASF21:
 1111 0206 64726F70 		.ascii	"drop_puck\000"
 1111      5F707563 
 1111      6B00
 1112              	.LASF31:
 1113 0210 4C43445F 		.ascii	"LCD_WriteControl\000"
 1113      57726974 
 1113      65436F6E 
 1113      74726F6C 
 1113      00
 1114              	.LASF37:
 1115 0221 47726970 		.ascii	"Gripper_PWM_Start\000"
 1115      7065725F 
 1115      50574D5F 
ARM GAS  C:\Users\xavieran\AppData\Local\Temp\ccqEw9vI.s 			page 24


 1115      53746172 
 1115      7400
 1116              	.LASF2:
 1117 0233 73686F72 		.ascii	"short int\000"
 1117      7420696E 
 1117      7400
 1118              	.LASF11:
 1119 023d 75696E74 		.ascii	"uint8\000"
 1119      3800
 1120              	.LASF28:
 1121 0243 6F757453 		.ascii	"outString\000"
 1121      7472696E 
 1121      6700
 1122              	.LASF29:
 1123 024d 47726970 		.ascii	"Gripper_PWM_WriteCompare\000"
 1123      7065725F 
 1123      50574D5F 
 1123      57726974 
 1123      65436F6D 
 1124              	.LASF4:
 1125 0266 6C6F6E67 		.ascii	"long int\000"
 1125      20696E74 
 1125      00
 1126              	.LASF17:
 1127 026f 63686172 		.ascii	"char\000"
 1127      00
 1128              	.LASF0:
 1129 0274 7369676E 		.ascii	"signed char\000"
 1129      65642063 
 1129      68617200 
 1130              	.LASF38:
 1131 0280 73707269 		.ascii	"sprintf\000"
 1131      6E746600 
 1132              	.LASF30:
 1133 0288 43794465 		.ascii	"CyDelay\000"
 1133      6C617900 
 1134              		.ident	"GCC: (GNU Tools for ARM Embedded Processors) 4.8.4 20140526 (release) [ARM/embedded-4_8-br
