ARM GAS  C:\Users\xavieran\AppData\Local\Temp\ccDDxEKr.s 			page 1


   1              		.syntax unified
   2              		.cpu cortex-m3
   3              		.fpu softvfp
   4              		.eabi_attribute 20, 1
   5              		.eabi_attribute 21, 1
   6              		.eabi_attribute 23, 3
   7              		.eabi_attribute 24, 1
   8              		.eabi_attribute 25, 1
   9              		.eabi_attribute 26, 1
  10              		.eabi_attribute 30, 1
  11              		.eabi_attribute 34, 1
  12              		.eabi_attribute 18, 4
  13              		.thumb
  14              		.file	"I2C_PM.c"
  15              		.text
  16              	.Ltext0:
  17              		.cfi_sections	.debug_frame
  18              		.section	.text.I2C_SaveConfig,"ax",%progbits
  19              		.align	2
  20              		.global	I2C_SaveConfig
  21              		.thumb
  22              		.thumb_func
  23              		.type	I2C_SaveConfig, %function
  24              	I2C_SaveConfig:
  25              	.LFB0:
  26              		.file 1 ".\\Generated_Source\\PSoC5\\I2C_PM.c"
   1:.\Generated_Source\PSoC5/I2C_PM.c **** /*******************************************************************************
   2:.\Generated_Source\PSoC5/I2C_PM.c **** * File Name: I2C_PM.c
   3:.\Generated_Source\PSoC5/I2C_PM.c **** * Version 3.50
   4:.\Generated_Source\PSoC5/I2C_PM.c **** *
   5:.\Generated_Source\PSoC5/I2C_PM.c **** * Description:
   6:.\Generated_Source\PSoC5/I2C_PM.c **** *  This file provides low power mode APIs for the I2C component.
   7:.\Generated_Source\PSoC5/I2C_PM.c **** *
   8:.\Generated_Source\PSoC5/I2C_PM.c **** ********************************************************************************
   9:.\Generated_Source\PSoC5/I2C_PM.c **** * Copyright 2008-2015, Cypress Semiconductor Corporation. All rights reserved.
  10:.\Generated_Source\PSoC5/I2C_PM.c **** * You may use this file only in accordance with the license, terms, conditions,
  11:.\Generated_Source\PSoC5/I2C_PM.c **** * disclaimers, and limitations in the end user license agreement accompanying
  12:.\Generated_Source\PSoC5/I2C_PM.c **** * the software package with which this file was provided.
  13:.\Generated_Source\PSoC5/I2C_PM.c **** *******************************************************************************/
  14:.\Generated_Source\PSoC5/I2C_PM.c **** 
  15:.\Generated_Source\PSoC5/I2C_PM.c **** #include "I2C_PVT.h"
  16:.\Generated_Source\PSoC5/I2C_PM.c **** 
  17:.\Generated_Source\PSoC5/I2C_PM.c **** I2C_BACKUP_STRUCT I2C_backup =
  18:.\Generated_Source\PSoC5/I2C_PM.c **** {
  19:.\Generated_Source\PSoC5/I2C_PM.c ****     I2C_DISABLE,
  20:.\Generated_Source\PSoC5/I2C_PM.c **** 
  21:.\Generated_Source\PSoC5/I2C_PM.c **** #if (I2C_FF_IMPLEMENTED)
  22:.\Generated_Source\PSoC5/I2C_PM.c ****     I2C_DEFAULT_XCFG,
  23:.\Generated_Source\PSoC5/I2C_PM.c ****     I2C_DEFAULT_CFG,
  24:.\Generated_Source\PSoC5/I2C_PM.c ****     I2C_DEFAULT_ADDR,
  25:.\Generated_Source\PSoC5/I2C_PM.c ****     LO8(I2C_DEFAULT_DIVIDE_FACTOR),
  26:.\Generated_Source\PSoC5/I2C_PM.c ****     HI8(I2C_DEFAULT_DIVIDE_FACTOR),
  27:.\Generated_Source\PSoC5/I2C_PM.c **** #else  /* (I2C_UDB_IMPLEMENTED) */
  28:.\Generated_Source\PSoC5/I2C_PM.c ****     I2C_DEFAULT_CFG,
  29:.\Generated_Source\PSoC5/I2C_PM.c **** #endif /* (I2C_FF_IMPLEMENTED) */
  30:.\Generated_Source\PSoC5/I2C_PM.c **** 
  31:.\Generated_Source\PSoC5/I2C_PM.c **** #if (I2C_TIMEOUT_ENABLED)
ARM GAS  C:\Users\xavieran\AppData\Local\Temp\ccDDxEKr.s 			page 2


  32:.\Generated_Source\PSoC5/I2C_PM.c ****     I2C_DEFAULT_TMOUT_PERIOD,
  33:.\Generated_Source\PSoC5/I2C_PM.c ****     I2C_DEFAULT_TMOUT_INTR_MASK,
  34:.\Generated_Source\PSoC5/I2C_PM.c **** #endif /* (I2C_TIMEOUT_ENABLED) */
  35:.\Generated_Source\PSoC5/I2C_PM.c **** };
  36:.\Generated_Source\PSoC5/I2C_PM.c **** 
  37:.\Generated_Source\PSoC5/I2C_PM.c **** #if ((I2C_FF_IMPLEMENTED) && (I2C_WAKEUP_ENABLED))
  38:.\Generated_Source\PSoC5/I2C_PM.c ****     volatile uint8 I2C_wakeupSource;
  39:.\Generated_Source\PSoC5/I2C_PM.c **** #endif /* ((I2C_FF_IMPLEMENTED) && (I2C_WAKEUP_ENABLED)) */
  40:.\Generated_Source\PSoC5/I2C_PM.c **** 
  41:.\Generated_Source\PSoC5/I2C_PM.c **** 
  42:.\Generated_Source\PSoC5/I2C_PM.c **** /*******************************************************************************
  43:.\Generated_Source\PSoC5/I2C_PM.c **** * Function Name: I2C_SaveConfig
  44:.\Generated_Source\PSoC5/I2C_PM.c **** ********************************************************************************
  45:.\Generated_Source\PSoC5/I2C_PM.c **** *
  46:.\Generated_Source\PSoC5/I2C_PM.c **** * Summary:
  47:.\Generated_Source\PSoC5/I2C_PM.c **** *  The Enable wakeup from Sleep Mode selection influences this function
  48:.\Generated_Source\PSoC5/I2C_PM.c **** *  implementation:
  49:.\Generated_Source\PSoC5/I2C_PM.c **** *   Unchecked: Stores the component non-retention configuration registers.
  50:.\Generated_Source\PSoC5/I2C_PM.c **** *   Checked:   Disables the master, if it was enabled before, and enables
  51:.\Generated_Source\PSoC5/I2C_PM.c **** *              backup regulator of the I2C hardware. If a transaction intended
  52:.\Generated_Source\PSoC5/I2C_PM.c **** *              for component executes during this function call, it waits until
  53:.\Generated_Source\PSoC5/I2C_PM.c **** *              the current transaction is completed and I2C hardware is ready
  54:.\Generated_Source\PSoC5/I2C_PM.c **** *              to enter sleep mode. All subsequent I2C traffic is NAKed until
  55:.\Generated_Source\PSoC5/I2C_PM.c **** *              the device is put into sleep mode.
  56:.\Generated_Source\PSoC5/I2C_PM.c **** *
  57:.\Generated_Source\PSoC5/I2C_PM.c **** * Parameters:
  58:.\Generated_Source\PSoC5/I2C_PM.c **** *  None.
  59:.\Generated_Source\PSoC5/I2C_PM.c **** *
  60:.\Generated_Source\PSoC5/I2C_PM.c **** * Return:
  61:.\Generated_Source\PSoC5/I2C_PM.c **** *  None.
  62:.\Generated_Source\PSoC5/I2C_PM.c **** *
  63:.\Generated_Source\PSoC5/I2C_PM.c **** * Global Variables:
  64:.\Generated_Source\PSoC5/I2C_PM.c **** *  I2C_backup - The global variable used to save the component
  65:.\Generated_Source\PSoC5/I2C_PM.c **** *                            configuration and non-retention registers before
  66:.\Generated_Source\PSoC5/I2C_PM.c **** *                            entering the sleep mode.
  67:.\Generated_Source\PSoC5/I2C_PM.c **** *
  68:.\Generated_Source\PSoC5/I2C_PM.c **** * Reentrant:
  69:.\Generated_Source\PSoC5/I2C_PM.c **** *  No.
  70:.\Generated_Source\PSoC5/I2C_PM.c **** *
  71:.\Generated_Source\PSoC5/I2C_PM.c **** *******************************************************************************/
  72:.\Generated_Source\PSoC5/I2C_PM.c **** void I2C_SaveConfig(void) 
  73:.\Generated_Source\PSoC5/I2C_PM.c **** {
  27              		.loc 1 73 0
  28              		.cfi_startproc
  29              		@ args = 0, pretend = 0, frame = 0
  30              		@ frame_needed = 0, uses_anonymous_args = 0
  31              		@ link register save eliminated.
  74:.\Generated_Source\PSoC5/I2C_PM.c **** #if (I2C_FF_IMPLEMENTED)
  75:.\Generated_Source\PSoC5/I2C_PM.c ****     #if (I2C_WAKEUP_ENABLED)
  76:.\Generated_Source\PSoC5/I2C_PM.c ****         uint8 intState;
  77:.\Generated_Source\PSoC5/I2C_PM.c ****     #endif /* (I2C_WAKEUP_ENABLED) */
  78:.\Generated_Source\PSoC5/I2C_PM.c **** 
  79:.\Generated_Source\PSoC5/I2C_PM.c ****     /* Store registers before enter low power mode */
  80:.\Generated_Source\PSoC5/I2C_PM.c ****     I2C_backup.cfg     = I2C_CFG_REG;
  81:.\Generated_Source\PSoC5/I2C_PM.c ****     I2C_backup.xcfg    = I2C_XCFG_REG;
  82:.\Generated_Source\PSoC5/I2C_PM.c ****     I2C_backup.addr    = I2C_ADDR_REG;
  83:.\Generated_Source\PSoC5/I2C_PM.c ****     I2C_backup.clkDiv1 = I2C_CLKDIV1_REG;
ARM GAS  C:\Users\xavieran\AppData\Local\Temp\ccDDxEKr.s 			page 3


  84:.\Generated_Source\PSoC5/I2C_PM.c ****     I2C_backup.clkDiv2 = I2C_CLKDIV2_REG;
  85:.\Generated_Source\PSoC5/I2C_PM.c **** 
  86:.\Generated_Source\PSoC5/I2C_PM.c **** #if (I2C_WAKEUP_ENABLED)
  87:.\Generated_Source\PSoC5/I2C_PM.c ****     /* Disable master */
  88:.\Generated_Source\PSoC5/I2C_PM.c ****     I2C_CFG_REG &= (uint8) ~I2C_ENABLE_MASTER;
  89:.\Generated_Source\PSoC5/I2C_PM.c **** 
  90:.\Generated_Source\PSoC5/I2C_PM.c ****     /* Enable backup regulator to keep block powered in low power mode */
  91:.\Generated_Source\PSoC5/I2C_PM.c ****     intState = CyEnterCriticalSection();
  92:.\Generated_Source\PSoC5/I2C_PM.c ****     I2C_PWRSYS_CR1_REG |= I2C_PWRSYS_CR1_I2C_REG_BACKUP;
  93:.\Generated_Source\PSoC5/I2C_PM.c ****     CyExitCriticalSection(intState);
  94:.\Generated_Source\PSoC5/I2C_PM.c **** 
  95:.\Generated_Source\PSoC5/I2C_PM.c ****     /* 1) Set force NACK to ignore I2C transactions;
  96:.\Generated_Source\PSoC5/I2C_PM.c ****     *  2) Wait unti I2C is ready go to Sleep; !!
  97:.\Generated_Source\PSoC5/I2C_PM.c ****     *  3) These bits are cleared on wake up.
  98:.\Generated_Source\PSoC5/I2C_PM.c ****     */
  99:.\Generated_Source\PSoC5/I2C_PM.c ****     /* Wait when block is ready for sleep */
 100:.\Generated_Source\PSoC5/I2C_PM.c ****     I2C_XCFG_REG |= I2C_XCFG_FORCE_NACK;
 101:.\Generated_Source\PSoC5/I2C_PM.c ****     while (0u == (I2C_XCFG_REG & I2C_XCFG_RDY_TO_SLEEP))
 102:.\Generated_Source\PSoC5/I2C_PM.c ****     {
 103:.\Generated_Source\PSoC5/I2C_PM.c ****     }
 104:.\Generated_Source\PSoC5/I2C_PM.c **** 
 105:.\Generated_Source\PSoC5/I2C_PM.c ****     /* Setup wakeup interrupt */
 106:.\Generated_Source\PSoC5/I2C_PM.c ****     I2C_DisableInt();
 107:.\Generated_Source\PSoC5/I2C_PM.c ****     (void) CyIntSetVector(I2C_ISR_NUMBER, &I2C_WAKEUP_ISR);
 108:.\Generated_Source\PSoC5/I2C_PM.c ****     I2C_wakeupSource = 0u;
 109:.\Generated_Source\PSoC5/I2C_PM.c ****     I2C_EnableInt();
 110:.\Generated_Source\PSoC5/I2C_PM.c **** #endif /* (I2C_WAKEUP_ENABLED) */
 111:.\Generated_Source\PSoC5/I2C_PM.c **** 
 112:.\Generated_Source\PSoC5/I2C_PM.c **** #else
 113:.\Generated_Source\PSoC5/I2C_PM.c ****     /* Store only address match bit */
 114:.\Generated_Source\PSoC5/I2C_PM.c ****     I2C_backup.control = (I2C_CFG_REG & I2C_CTRL_ANY_ADDRESS_MASK);
  32              		.loc 1 114 0
  33 0000 034B     		ldr	r3, .L2
  34 0002 1A78     		ldrb	r2, [r3]	@ zero_extendqisi2
  35 0004 02F00802 		and	r2, r2, #8
  36 0008 024B     		ldr	r3, .L2+4
  37 000a 5A70     		strb	r2, [r3, #1]
  38 000c 7047     		bx	lr
  39              	.L3:
  40 000e 00BF     		.align	2
  41              	.L2:
  42 0010 7B640040 		.word	1073767547
  43 0014 00000000 		.word	.LANCHOR0
  44              		.cfi_endproc
  45              	.LFE0:
  46              		.size	I2C_SaveConfig, .-I2C_SaveConfig
  47              		.section	.text.I2C_Sleep,"ax",%progbits
  48              		.align	2
  49              		.global	I2C_Sleep
  50              		.thumb
  51              		.thumb_func
  52              		.type	I2C_Sleep, %function
  53              	I2C_Sleep:
  54              	.LFB1:
 115:.\Generated_Source\PSoC5/I2C_PM.c **** #endif /* (I2C_FF_IMPLEMENTED) */
 116:.\Generated_Source\PSoC5/I2C_PM.c **** 
 117:.\Generated_Source\PSoC5/I2C_PM.c **** #if (I2C_TIMEOUT_ENABLED)
ARM GAS  C:\Users\xavieran\AppData\Local\Temp\ccDDxEKr.s 			page 4


 118:.\Generated_Source\PSoC5/I2C_PM.c ****     I2C_TimeoutSaveConfig();
 119:.\Generated_Source\PSoC5/I2C_PM.c **** #endif /* (I2C_TIMEOUT_ENABLED) */
 120:.\Generated_Source\PSoC5/I2C_PM.c **** }
 121:.\Generated_Source\PSoC5/I2C_PM.c **** 
 122:.\Generated_Source\PSoC5/I2C_PM.c **** 
 123:.\Generated_Source\PSoC5/I2C_PM.c **** /*******************************************************************************
 124:.\Generated_Source\PSoC5/I2C_PM.c **** * Function Name: I2C_Sleep
 125:.\Generated_Source\PSoC5/I2C_PM.c **** ********************************************************************************
 126:.\Generated_Source\PSoC5/I2C_PM.c **** *
 127:.\Generated_Source\PSoC5/I2C_PM.c **** * Summary:
 128:.\Generated_Source\PSoC5/I2C_PM.c **** *  This is the preferred method to prepare the component before device enters
 129:.\Generated_Source\PSoC5/I2C_PM.c **** *  sleep mode. The Enable wakeup from Sleep Mode selection influences this
 130:.\Generated_Source\PSoC5/I2C_PM.c **** *  function implementation:
 131:.\Generated_Source\PSoC5/I2C_PM.c **** *   Unchecked: Checks current I2C component state, saves it, and disables the
 132:.\Generated_Source\PSoC5/I2C_PM.c **** *              component by calling I2C_Stop() if it is currently enabled.
 133:.\Generated_Source\PSoC5/I2C_PM.c **** *              I2C_SaveConfig() is then called to save the component
 134:.\Generated_Source\PSoC5/I2C_PM.c **** *              non-retention configuration registers.
 135:.\Generated_Source\PSoC5/I2C_PM.c **** *   Checked:   If a transaction intended for component executes during this
 136:.\Generated_Source\PSoC5/I2C_PM.c **** *              function call, it waits until the current transaction is
 137:.\Generated_Source\PSoC5/I2C_PM.c **** *              completed. All subsequent I2C traffic intended for component
 138:.\Generated_Source\PSoC5/I2C_PM.c **** *              is NAKed until the device is put to sleep mode. The address
 139:.\Generated_Source\PSoC5/I2C_PM.c **** *              match event wakes up the device.
 140:.\Generated_Source\PSoC5/I2C_PM.c **** *
 141:.\Generated_Source\PSoC5/I2C_PM.c **** * Parameters:
 142:.\Generated_Source\PSoC5/I2C_PM.c **** *  None.
 143:.\Generated_Source\PSoC5/I2C_PM.c **** *
 144:.\Generated_Source\PSoC5/I2C_PM.c **** * Return:
 145:.\Generated_Source\PSoC5/I2C_PM.c **** *  None.
 146:.\Generated_Source\PSoC5/I2C_PM.c **** *
 147:.\Generated_Source\PSoC5/I2C_PM.c **** * Reentrant:
 148:.\Generated_Source\PSoC5/I2C_PM.c **** *  No.
 149:.\Generated_Source\PSoC5/I2C_PM.c **** *
 150:.\Generated_Source\PSoC5/I2C_PM.c **** *******************************************************************************/
 151:.\Generated_Source\PSoC5/I2C_PM.c **** void I2C_Sleep(void) 
 152:.\Generated_Source\PSoC5/I2C_PM.c **** {
  55              		.loc 1 152 0
  56              		.cfi_startproc
  57              		@ args = 0, pretend = 0, frame = 0
  58              		@ frame_needed = 0, uses_anonymous_args = 0
  59 0000 08B5     		push	{r3, lr}
  60              		.cfi_def_cfa_offset 8
  61              		.cfi_offset 3, -8
  62              		.cfi_offset 14, -4
 153:.\Generated_Source\PSoC5/I2C_PM.c **** #if (I2C_WAKEUP_ENABLED)
 154:.\Generated_Source\PSoC5/I2C_PM.c ****     /* Do not enable block after exit low power mode if it is wakeup source */
 155:.\Generated_Source\PSoC5/I2C_PM.c ****     I2C_backup.enableState = I2C_DISABLE;
 156:.\Generated_Source\PSoC5/I2C_PM.c **** 
 157:.\Generated_Source\PSoC5/I2C_PM.c ****     #if (I2C_TIMEOUT_ENABLED)
 158:.\Generated_Source\PSoC5/I2C_PM.c ****         I2C_TimeoutStop();
 159:.\Generated_Source\PSoC5/I2C_PM.c ****     #endif /* (I2C_TIMEOUT_ENABLED) */
 160:.\Generated_Source\PSoC5/I2C_PM.c **** 
 161:.\Generated_Source\PSoC5/I2C_PM.c **** #else
 162:.\Generated_Source\PSoC5/I2C_PM.c ****     /* Store enable state */
 163:.\Generated_Source\PSoC5/I2C_PM.c ****     I2C_backup.enableState = (uint8) I2C_IS_ENABLED;
  63              		.loc 1 163 0
  64 0002 064B     		ldr	r3, .L6
  65 0004 1B78     		ldrb	r3, [r3]	@ zero_extendqisi2
ARM GAS  C:\Users\xavieran\AppData\Local\Temp\ccDDxEKr.s 			page 5


  66 0006 C3F34003 		ubfx	r3, r3, #1, #1
  67 000a 054A     		ldr	r2, .L6+4
  68 000c 1370     		strb	r3, [r2]
 164:.\Generated_Source\PSoC5/I2C_PM.c **** 
 165:.\Generated_Source\PSoC5/I2C_PM.c ****     if (0u != I2C_backup.enableState)
  69              		.loc 1 165 0
  70 000e 0BB1     		cbz	r3, .L5
 166:.\Generated_Source\PSoC5/I2C_PM.c ****     {
 167:.\Generated_Source\PSoC5/I2C_PM.c ****         I2C_Stop();
  71              		.loc 1 167 0
  72 0010 FFF7FEFF 		bl	I2C_Stop
  73              	.LVL0:
  74              	.L5:
 168:.\Generated_Source\PSoC5/I2C_PM.c ****     }
 169:.\Generated_Source\PSoC5/I2C_PM.c **** #endif /* (I2C_WAKEUP_ENABLED) */
 170:.\Generated_Source\PSoC5/I2C_PM.c **** 
 171:.\Generated_Source\PSoC5/I2C_PM.c ****     I2C_SaveConfig();
  75              		.loc 1 171 0
  76 0014 FFF7FEFF 		bl	I2C_SaveConfig
  77              	.LVL1:
  78 0018 08BD     		pop	{r3, pc}
  79              	.L7:
  80 001a 00BF     		.align	2
  81              	.L6:
  82 001c 7B640040 		.word	1073767547
  83 0020 00000000 		.word	.LANCHOR0
  84              		.cfi_endproc
  85              	.LFE1:
  86              		.size	I2C_Sleep, .-I2C_Sleep
  87              		.section	.text.I2C_RestoreConfig,"ax",%progbits
  88              		.align	2
  89              		.global	I2C_RestoreConfig
  90              		.thumb
  91              		.thumb_func
  92              		.type	I2C_RestoreConfig, %function
  93              	I2C_RestoreConfig:
  94              	.LFB2:
 172:.\Generated_Source\PSoC5/I2C_PM.c **** }
 173:.\Generated_Source\PSoC5/I2C_PM.c **** 
 174:.\Generated_Source\PSoC5/I2C_PM.c **** 
 175:.\Generated_Source\PSoC5/I2C_PM.c **** /*******************************************************************************
 176:.\Generated_Source\PSoC5/I2C_PM.c **** * Function Name: I2C_RestoreConfig
 177:.\Generated_Source\PSoC5/I2C_PM.c **** ********************************************************************************
 178:.\Generated_Source\PSoC5/I2C_PM.c **** *
 179:.\Generated_Source\PSoC5/I2C_PM.c **** * Summary:
 180:.\Generated_Source\PSoC5/I2C_PM.c **** *  The Enable wakeup from Sleep Mode selection influences this function
 181:.\Generated_Source\PSoC5/I2C_PM.c **** *  implementation:
 182:.\Generated_Source\PSoC5/I2C_PM.c **** *   Unchecked: Restores the component non-retention configuration registers
 183:.\Generated_Source\PSoC5/I2C_PM.c **** *              to the state they were in before I2C_Sleep() or I2C_SaveConfig()
 184:.\Generated_Source\PSoC5/I2C_PM.c **** *              was called.
 185:.\Generated_Source\PSoC5/I2C_PM.c **** *   Checked:   Disables the backup regulator of the I2C hardware. Sets up the
 186:.\Generated_Source\PSoC5/I2C_PM.c **** *              regular component interrupt handler and generates the component
 187:.\Generated_Source\PSoC5/I2C_PM.c **** *              interrupt if it was wake up source to release the bus and
 188:.\Generated_Source\PSoC5/I2C_PM.c **** *              continue in-coming I2C transaction.
 189:.\Generated_Source\PSoC5/I2C_PM.c **** *
 190:.\Generated_Source\PSoC5/I2C_PM.c **** * Parameters:
 191:.\Generated_Source\PSoC5/I2C_PM.c **** *  None.
ARM GAS  C:\Users\xavieran\AppData\Local\Temp\ccDDxEKr.s 			page 6


 192:.\Generated_Source\PSoC5/I2C_PM.c **** *
 193:.\Generated_Source\PSoC5/I2C_PM.c **** * Return:
 194:.\Generated_Source\PSoC5/I2C_PM.c **** *  None.
 195:.\Generated_Source\PSoC5/I2C_PM.c **** *
 196:.\Generated_Source\PSoC5/I2C_PM.c **** * Global Variables:
 197:.\Generated_Source\PSoC5/I2C_PM.c **** *  I2C_backup - The global variable used to save the component
 198:.\Generated_Source\PSoC5/I2C_PM.c **** *                            configuration and non-retention registers before
 199:.\Generated_Source\PSoC5/I2C_PM.c **** *                            exiting the sleep mode.
 200:.\Generated_Source\PSoC5/I2C_PM.c **** *
 201:.\Generated_Source\PSoC5/I2C_PM.c **** * Reentrant:
 202:.\Generated_Source\PSoC5/I2C_PM.c **** *  No.
 203:.\Generated_Source\PSoC5/I2C_PM.c **** *
 204:.\Generated_Source\PSoC5/I2C_PM.c **** * Side Effects:
 205:.\Generated_Source\PSoC5/I2C_PM.c **** *  Calling this function before I2C_SaveConfig() or
 206:.\Generated_Source\PSoC5/I2C_PM.c **** *  I2C_Sleep() will lead to unpredictable results.
 207:.\Generated_Source\PSoC5/I2C_PM.c **** *
 208:.\Generated_Source\PSoC5/I2C_PM.c **** *******************************************************************************/
 209:.\Generated_Source\PSoC5/I2C_PM.c **** void I2C_RestoreConfig(void) 
 210:.\Generated_Source\PSoC5/I2C_PM.c **** {
  95              		.loc 1 210 0
  96              		.cfi_startproc
  97              		@ args = 0, pretend = 0, frame = 0
  98              		@ frame_needed = 0, uses_anonymous_args = 0
  99              		@ link register save eliminated.
 211:.\Generated_Source\PSoC5/I2C_PM.c **** #if (I2C_FF_IMPLEMENTED)
 212:.\Generated_Source\PSoC5/I2C_PM.c ****     uint8 intState;
 213:.\Generated_Source\PSoC5/I2C_PM.c **** 
 214:.\Generated_Source\PSoC5/I2C_PM.c ****     if (I2C_CHECK_PWRSYS_I2C_BACKUP)
 215:.\Generated_Source\PSoC5/I2C_PM.c ****     /* Low power mode was Sleep - backup regulator is enabled */
 216:.\Generated_Source\PSoC5/I2C_PM.c ****     {
 217:.\Generated_Source\PSoC5/I2C_PM.c ****         /* Enable backup regulator in active mode */
 218:.\Generated_Source\PSoC5/I2C_PM.c ****         intState = CyEnterCriticalSection();
 219:.\Generated_Source\PSoC5/I2C_PM.c ****         I2C_PWRSYS_CR1_REG &= (uint8) ~I2C_PWRSYS_CR1_I2C_REG_BACKUP;
 220:.\Generated_Source\PSoC5/I2C_PM.c ****         CyExitCriticalSection(intState);
 221:.\Generated_Source\PSoC5/I2C_PM.c **** 
 222:.\Generated_Source\PSoC5/I2C_PM.c ****         /* Restore master */
 223:.\Generated_Source\PSoC5/I2C_PM.c ****         I2C_CFG_REG = I2C_backup.cfg;
 224:.\Generated_Source\PSoC5/I2C_PM.c ****     }
 225:.\Generated_Source\PSoC5/I2C_PM.c ****     else
 226:.\Generated_Source\PSoC5/I2C_PM.c ****     /* Low power mode was Hibernate - backup regulator is disabled. All registers are cleared */
 227:.\Generated_Source\PSoC5/I2C_PM.c ****     {
 228:.\Generated_Source\PSoC5/I2C_PM.c ****     #if (I2C_WAKEUP_ENABLED)
 229:.\Generated_Source\PSoC5/I2C_PM.c ****         /* Disable power to block before register restore */
 230:.\Generated_Source\PSoC5/I2C_PM.c ****         intState = CyEnterCriticalSection();
 231:.\Generated_Source\PSoC5/I2C_PM.c ****         I2C_ACT_PWRMGR_REG  &= (uint8) ~I2C_ACT_PWR_EN;
 232:.\Generated_Source\PSoC5/I2C_PM.c ****         I2C_STBY_PWRMGR_REG &= (uint8) ~I2C_STBY_PWR_EN;
 233:.\Generated_Source\PSoC5/I2C_PM.c ****         CyExitCriticalSection(intState);
 234:.\Generated_Source\PSoC5/I2C_PM.c **** 
 235:.\Generated_Source\PSoC5/I2C_PM.c ****         /* Enable component in I2C_Wakeup() after register restore */
 236:.\Generated_Source\PSoC5/I2C_PM.c ****         I2C_backup.enableState = I2C_ENABLE;
 237:.\Generated_Source\PSoC5/I2C_PM.c ****     #endif /* (I2C_WAKEUP_ENABLED) */
 238:.\Generated_Source\PSoC5/I2C_PM.c **** 
 239:.\Generated_Source\PSoC5/I2C_PM.c ****         /* Restore component registers after Hibernate */
 240:.\Generated_Source\PSoC5/I2C_PM.c ****         I2C_XCFG_REG    = I2C_backup.xcfg;
 241:.\Generated_Source\PSoC5/I2C_PM.c ****         I2C_CFG_REG     = I2C_backup.cfg;
 242:.\Generated_Source\PSoC5/I2C_PM.c ****         I2C_ADDR_REG    = I2C_backup.addr;
 243:.\Generated_Source\PSoC5/I2C_PM.c ****         I2C_CLKDIV1_REG = I2C_backup.clkDiv1;
ARM GAS  C:\Users\xavieran\AppData\Local\Temp\ccDDxEKr.s 			page 7


 244:.\Generated_Source\PSoC5/I2C_PM.c ****         I2C_CLKDIV2_REG = I2C_backup.clkDiv2;
 245:.\Generated_Source\PSoC5/I2C_PM.c ****     }
 246:.\Generated_Source\PSoC5/I2C_PM.c **** 
 247:.\Generated_Source\PSoC5/I2C_PM.c **** #if (I2C_WAKEUP_ENABLED)
 248:.\Generated_Source\PSoC5/I2C_PM.c ****     I2C_DisableInt();
 249:.\Generated_Source\PSoC5/I2C_PM.c ****     (void) CyIntSetVector(I2C_ISR_NUMBER, &I2C_ISR);
 250:.\Generated_Source\PSoC5/I2C_PM.c ****     if (0u != I2C_wakeupSource)
 251:.\Generated_Source\PSoC5/I2C_PM.c ****     {
 252:.\Generated_Source\PSoC5/I2C_PM.c ****         /* Generate interrupt to process incoming transaction */
 253:.\Generated_Source\PSoC5/I2C_PM.c ****         I2C_SetPendingInt();
 254:.\Generated_Source\PSoC5/I2C_PM.c ****     }
 255:.\Generated_Source\PSoC5/I2C_PM.c ****     I2C_EnableInt();
 256:.\Generated_Source\PSoC5/I2C_PM.c **** #endif /* (I2C_WAKEUP_ENABLED) */
 257:.\Generated_Source\PSoC5/I2C_PM.c **** 
 258:.\Generated_Source\PSoC5/I2C_PM.c **** #else
 259:.\Generated_Source\PSoC5/I2C_PM.c ****     I2C_CFG_REG = I2C_backup.control;
 100              		.loc 1 259 0
 101 0000 024B     		ldr	r3, .L9
 102 0002 5A78     		ldrb	r2, [r3, #1]	@ zero_extendqisi2
 103 0004 024B     		ldr	r3, .L9+4
 104 0006 1A70     		strb	r2, [r3]
 105 0008 7047     		bx	lr
 106              	.L10:
 107 000a 00BF     		.align	2
 108              	.L9:
 109 000c 00000000 		.word	.LANCHOR0
 110 0010 7B640040 		.word	1073767547
 111              		.cfi_endproc
 112              	.LFE2:
 113              		.size	I2C_RestoreConfig, .-I2C_RestoreConfig
 114              		.section	.text.I2C_Wakeup,"ax",%progbits
 115              		.align	2
 116              		.global	I2C_Wakeup
 117              		.thumb
 118              		.thumb_func
 119              		.type	I2C_Wakeup, %function
 120              	I2C_Wakeup:
 121              	.LFB3:
 260:.\Generated_Source\PSoC5/I2C_PM.c **** #endif /* (I2C_FF_IMPLEMENTED) */
 261:.\Generated_Source\PSoC5/I2C_PM.c **** 
 262:.\Generated_Source\PSoC5/I2C_PM.c **** #if (I2C_TIMEOUT_ENABLED)
 263:.\Generated_Source\PSoC5/I2C_PM.c ****     I2C_TimeoutRestoreConfig();
 264:.\Generated_Source\PSoC5/I2C_PM.c **** #endif /* (I2C_TIMEOUT_ENABLED) */
 265:.\Generated_Source\PSoC5/I2C_PM.c **** }
 266:.\Generated_Source\PSoC5/I2C_PM.c **** 
 267:.\Generated_Source\PSoC5/I2C_PM.c **** 
 268:.\Generated_Source\PSoC5/I2C_PM.c **** /*******************************************************************************
 269:.\Generated_Source\PSoC5/I2C_PM.c **** * Function Name: I2C_Wakeup
 270:.\Generated_Source\PSoC5/I2C_PM.c **** ********************************************************************************
 271:.\Generated_Source\PSoC5/I2C_PM.c **** *
 272:.\Generated_Source\PSoC5/I2C_PM.c **** * Summary:
 273:.\Generated_Source\PSoC5/I2C_PM.c **** *  This is the preferred method to prepare the component for active mode
 274:.\Generated_Source\PSoC5/I2C_PM.c **** *  operation (when device exits sleep mode). The Enable wakeup from Sleep Mode
 275:.\Generated_Source\PSoC5/I2C_PM.c **** *  selection influences this function implementation:
 276:.\Generated_Source\PSoC5/I2C_PM.c **** *   Unchecked: Restores the component non-retention configuration registers
 277:.\Generated_Source\PSoC5/I2C_PM.c **** *              by calling I2C_RestoreConfig(). If the component was enabled
 278:.\Generated_Source\PSoC5/I2C_PM.c **** *              before the I2C_Sleep() function was called, I2C_Wakeup()
ARM GAS  C:\Users\xavieran\AppData\Local\Temp\ccDDxEKr.s 			page 8


 279:.\Generated_Source\PSoC5/I2C_PM.c **** *              re-enables it.
 280:.\Generated_Source\PSoC5/I2C_PM.c **** *   Checked:   Enables  master functionality if it was enabled before sleep,
 281:.\Generated_Source\PSoC5/I2C_PM.c **** *              and disables the backup regulator of the I2C hardware.
 282:.\Generated_Source\PSoC5/I2C_PM.c **** *              The incoming transaction continues as soon as the regular
 283:.\Generated_Source\PSoC5/I2C_PM.c **** *              I2C interrupt handler is set up (global interrupts has to be
 284:.\Generated_Source\PSoC5/I2C_PM.c **** *              enabled to service I2C component interrupt).
 285:.\Generated_Source\PSoC5/I2C_PM.c **** *
 286:.\Generated_Source\PSoC5/I2C_PM.c **** * Parameters:
 287:.\Generated_Source\PSoC5/I2C_PM.c **** *  None.
 288:.\Generated_Source\PSoC5/I2C_PM.c **** *
 289:.\Generated_Source\PSoC5/I2C_PM.c **** * Return:
 290:.\Generated_Source\PSoC5/I2C_PM.c **** *  None.
 291:.\Generated_Source\PSoC5/I2C_PM.c **** *
 292:.\Generated_Source\PSoC5/I2C_PM.c **** * Reentrant:
 293:.\Generated_Source\PSoC5/I2C_PM.c **** *  No.
 294:.\Generated_Source\PSoC5/I2C_PM.c **** *
 295:.\Generated_Source\PSoC5/I2C_PM.c **** * Side Effects:
 296:.\Generated_Source\PSoC5/I2C_PM.c **** *  Calling this function before I2C_SaveConfig() or
 297:.\Generated_Source\PSoC5/I2C_PM.c **** *  I2C_Sleep() will lead to unpredictable results.
 298:.\Generated_Source\PSoC5/I2C_PM.c **** *
 299:.\Generated_Source\PSoC5/I2C_PM.c **** *******************************************************************************/
 300:.\Generated_Source\PSoC5/I2C_PM.c **** void I2C_Wakeup(void) 
 301:.\Generated_Source\PSoC5/I2C_PM.c **** {
 122              		.loc 1 301 0
 123              		.cfi_startproc
 124              		@ args = 0, pretend = 0, frame = 0
 125              		@ frame_needed = 0, uses_anonymous_args = 0
 126 0000 08B5     		push	{r3, lr}
 127              		.cfi_def_cfa_offset 8
 128              		.cfi_offset 3, -8
 129              		.cfi_offset 14, -4
 302:.\Generated_Source\PSoC5/I2C_PM.c ****     I2C_RestoreConfig();
 130              		.loc 1 302 0
 131 0002 FFF7FEFF 		bl	I2C_RestoreConfig
 132              	.LVL2:
 303:.\Generated_Source\PSoC5/I2C_PM.c **** 
 304:.\Generated_Source\PSoC5/I2C_PM.c ****     /* Restore component enable state */
 305:.\Generated_Source\PSoC5/I2C_PM.c ****     if (0u != I2C_backup.enableState)
 133              		.loc 1 305 0
 134 0006 044B     		ldr	r3, .L13
 135 0008 1B78     		ldrb	r3, [r3]	@ zero_extendqisi2
 136 000a 23B1     		cbz	r3, .L11
 306:.\Generated_Source\PSoC5/I2C_PM.c ****     {
 307:.\Generated_Source\PSoC5/I2C_PM.c ****         I2C_Enable();
 137              		.loc 1 307 0
 138 000c FFF7FEFF 		bl	I2C_Enable
 139              	.LVL3:
 308:.\Generated_Source\PSoC5/I2C_PM.c ****         I2C_EnableInt();
 140              		.loc 1 308 0
 141 0010 0422     		movs	r2, #4
 142 0012 024B     		ldr	r3, .L13+4
 143 0014 1A60     		str	r2, [r3]
 144              	.L11:
 145 0016 08BD     		pop	{r3, pc}
 146              	.L14:
 147              		.align	2
 148              	.L13:
ARM GAS  C:\Users\xavieran\AppData\Local\Temp\ccDDxEKr.s 			page 9


 149 0018 00000000 		.word	.LANCHOR0
 150 001c 00E100E0 		.word	-536813312
 151              		.cfi_endproc
 152              	.LFE3:
 153              		.size	I2C_Wakeup, .-I2C_Wakeup
 154              		.global	I2C_backup
 155              		.bss
 156              		.align	2
 157              		.set	.LANCHOR0,. + 0
 158              		.type	I2C_backup, %object
 159              		.size	I2C_backup, 2
 160              	I2C_backup:
 161 0000 0000     		.space	2
 162 0002 0000     		.text
 163              	.Letext0:
 164              		.file 2 ".\\Generated_Source\\PSoC5\\cytypes.h"
 165              		.file 3 ".\\Generated_Source\\PSoC5\\I2C.h"
 166              		.section	.debug_info,"",%progbits
 167              	.Ldebug_info0:
 168 0000 7A010000 		.4byte	0x17a
 169 0004 0400     		.2byte	0x4
 170 0006 00000000 		.4byte	.Ldebug_abbrev0
 171 000a 04       		.byte	0x4
 172 000b 01       		.uleb128 0x1
 173 000c 26010000 		.4byte	.LASF26
 174 0010 01       		.byte	0x1
 175 0011 2E000000 		.4byte	.LASF27
 176 0015 BE000000 		.4byte	.LASF28
 177 0019 00000000 		.4byte	.Ldebug_ranges0+0
 178 001d 00000000 		.4byte	0
 179 0021 00000000 		.4byte	.Ldebug_line0
 180 0025 02       		.uleb128 0x2
 181 0026 01       		.byte	0x1
 182 0027 06       		.byte	0x6
 183 0028 03020000 		.4byte	.LASF0
 184 002c 02       		.uleb128 0x2
 185 002d 01       		.byte	0x1
 186 002e 08       		.byte	0x8
 187 002f 65000000 		.4byte	.LASF1
 188 0033 02       		.uleb128 0x2
 189 0034 02       		.byte	0x2
 190 0035 05       		.byte	0x5
 191 0036 D0010000 		.4byte	.LASF2
 192 003a 02       		.uleb128 0x2
 193 003b 02       		.byte	0x2
 194 003c 07       		.byte	0x7
 195 003d 1B000000 		.4byte	.LASF3
 196 0041 02       		.uleb128 0x2
 197 0042 04       		.byte	0x4
 198 0043 05       		.byte	0x5
 199 0044 DA010000 		.4byte	.LASF4
 200 0048 02       		.uleb128 0x2
 201 0049 04       		.byte	0x4
 202 004a 07       		.byte	0x7
 203 004b 78000000 		.4byte	.LASF5
 204 004f 02       		.uleb128 0x2
 205 0050 08       		.byte	0x8
ARM GAS  C:\Users\xavieran\AppData\Local\Temp\ccDDxEKr.s 			page 10


 206 0051 05       		.byte	0x5
 207 0052 AB010000 		.4byte	.LASF6
 208 0056 02       		.uleb128 0x2
 209 0057 08       		.byte	0x8
 210 0058 07       		.byte	0x7
 211 0059 0F010000 		.4byte	.LASF7
 212 005d 03       		.uleb128 0x3
 213 005e 04       		.byte	0x4
 214 005f 05       		.byte	0x5
 215 0060 696E7400 		.ascii	"int\000"
 216 0064 02       		.uleb128 0x2
 217 0065 04       		.byte	0x4
 218 0066 07       		.byte	0x7
 219 0067 B1000000 		.4byte	.LASF8
 220 006b 04       		.uleb128 0x4
 221 006c 8A000000 		.4byte	.LASF9
 222 0070 02       		.byte	0x2
 223 0071 B3       		.byte	0xb3
 224 0072 2C000000 		.4byte	0x2c
 225 0076 04       		.uleb128 0x4
 226 0077 AA000000 		.4byte	.LASF10
 227 007b 02       		.byte	0x2
 228 007c B5       		.byte	0xb5
 229 007d 48000000 		.4byte	0x48
 230 0081 02       		.uleb128 0x2
 231 0082 04       		.byte	0x4
 232 0083 04       		.byte	0x4
 233 0084 5F000000 		.4byte	.LASF11
 234 0088 02       		.uleb128 0x2
 235 0089 08       		.byte	0x8
 236 008a 04       		.byte	0x4
 237 008b A3000000 		.4byte	.LASF12
 238 008f 02       		.uleb128 0x2
 239 0090 01       		.byte	0x1
 240 0091 08       		.byte	0x8
 241 0092 B9010000 		.4byte	.LASF13
 242 0096 05       		.uleb128 0x5
 243 0097 73000000 		.4byte	.LASF14
 244 009b 02       		.byte	0x2
 245 009c 5D01     		.2byte	0x15d
 246 009e A2000000 		.4byte	0xa2
 247 00a2 06       		.uleb128 0x6
 248 00a3 6B000000 		.4byte	0x6b
 249 00a7 05       		.uleb128 0x5
 250 00a8 15000000 		.4byte	.LASF15
 251 00ac 02       		.byte	0x2
 252 00ad 5F01     		.2byte	0x15f
 253 00af B3000000 		.4byte	0xb3
 254 00b3 06       		.uleb128 0x6
 255 00b4 76000000 		.4byte	0x76
 256 00b8 02       		.uleb128 0x2
 257 00b9 04       		.byte	0x4
 258 00ba 07       		.byte	0x7
 259 00bb A2010000 		.4byte	.LASF16
 260 00bf 07       		.uleb128 0x7
 261 00c0 02       		.byte	0x2
 262 00c1 03       		.byte	0x3
ARM GAS  C:\Users\xavieran\AppData\Local\Temp\ccDDxEKr.s 			page 11


 263 00c2 76       		.byte	0x76
 264 00c3 E0000000 		.4byte	0xe0
 265 00c7 08       		.uleb128 0x8
 266 00c8 E3010000 		.4byte	.LASF17
 267 00cc 03       		.byte	0x3
 268 00cd 78       		.byte	0x78
 269 00ce 6B000000 		.4byte	0x6b
 270 00d2 00       		.byte	0
 271 00d3 08       		.uleb128 0x8
 272 00d4 90000000 		.4byte	.LASF18
 273 00d8 03       		.byte	0x3
 274 00d9 81       		.byte	0x81
 275 00da 6B000000 		.4byte	0x6b
 276 00de 01       		.byte	0x1
 277 00df 00       		.byte	0
 278 00e0 04       		.uleb128 0x4
 279 00e1 BE010000 		.4byte	.LASF19
 280 00e5 03       		.byte	0x3
 281 00e6 89       		.byte	0x89
 282 00e7 BF000000 		.4byte	0xbf
 283 00eb 09       		.uleb128 0x9
 284 00ec 50000000 		.4byte	.LASF20
 285 00f0 01       		.byte	0x1
 286 00f1 48       		.byte	0x48
 287 00f2 00000000 		.4byte	.LFB0
 288 00f6 18000000 		.4byte	.LFE0-.LFB0
 289 00fa 01       		.uleb128 0x1
 290 00fb 9C       		.byte	0x9c
 291 00fc 0A       		.uleb128 0xa
 292 00fd 0B000000 		.4byte	.LASF22
 293 0101 01       		.byte	0x1
 294 0102 97       		.byte	0x97
 295 0103 00000000 		.4byte	.LFB1
 296 0107 24000000 		.4byte	.LFE1-.LFB1
 297 010b 01       		.uleb128 0x1
 298 010c 9C       		.byte	0x9c
 299 010d 24010000 		.4byte	0x124
 300 0111 0B       		.uleb128 0xb
 301 0112 14000000 		.4byte	.LVL0
 302 0116 6F010000 		.4byte	0x16f
 303 011a 0B       		.uleb128 0xb
 304 011b 18000000 		.4byte	.LVL1
 305 011f EB000000 		.4byte	0xeb
 306 0123 00       		.byte	0
 307 0124 09       		.uleb128 0x9
 308 0125 0F020000 		.4byte	.LASF21
 309 0129 01       		.byte	0x1
 310 012a D1       		.byte	0xd1
 311 012b 00000000 		.4byte	.LFB2
 312 012f 14000000 		.4byte	.LFE2-.LFB2
 313 0133 01       		.uleb128 0x1
 314 0134 9C       		.byte	0x9c
 315 0135 0C       		.uleb128 0xc
 316 0136 00000000 		.4byte	.LASF23
 317 013a 01       		.byte	0x1
 318 013b 2C01     		.2byte	0x12c
 319 013d 00000000 		.4byte	.LFB3
ARM GAS  C:\Users\xavieran\AppData\Local\Temp\ccDDxEKr.s 			page 12


 320 0141 20000000 		.4byte	.LFE3-.LFB3
 321 0145 01       		.uleb128 0x1
 322 0146 9C       		.byte	0x9c
 323 0147 5E010000 		.4byte	0x15e
 324 014b 0B       		.uleb128 0xb
 325 014c 06000000 		.4byte	.LVL2
 326 0150 24010000 		.4byte	0x124
 327 0154 0B       		.uleb128 0xb
 328 0155 10000000 		.4byte	.LVL3
 329 0159 76010000 		.4byte	0x176
 330 015d 00       		.byte	0
 331 015e 0D       		.uleb128 0xd
 332 015f EF010000 		.4byte	.LASF29
 333 0163 01       		.byte	0x1
 334 0164 11       		.byte	0x11
 335 0165 E0000000 		.4byte	0xe0
 336 0169 05       		.uleb128 0x5
 337 016a 03       		.byte	0x3
 338 016b 00000000 		.4byte	I2C_backup
 339 016f 0E       		.uleb128 0xe
 340 0170 FA010000 		.4byte	.LASF24
 341 0174 03       		.byte	0x3
 342 0175 94       		.byte	0x94
 343 0176 0E       		.uleb128 0xe
 344 0177 98000000 		.4byte	.LASF25
 345 017b 03       		.byte	0x3
 346 017c 91       		.byte	0x91
 347 017d 00       		.byte	0
 348              		.section	.debug_abbrev,"",%progbits
 349              	.Ldebug_abbrev0:
 350 0000 01       		.uleb128 0x1
 351 0001 11       		.uleb128 0x11
 352 0002 01       		.byte	0x1
 353 0003 25       		.uleb128 0x25
 354 0004 0E       		.uleb128 0xe
 355 0005 13       		.uleb128 0x13
 356 0006 0B       		.uleb128 0xb
 357 0007 03       		.uleb128 0x3
 358 0008 0E       		.uleb128 0xe
 359 0009 1B       		.uleb128 0x1b
 360 000a 0E       		.uleb128 0xe
 361 000b 55       		.uleb128 0x55
 362 000c 17       		.uleb128 0x17
 363 000d 11       		.uleb128 0x11
 364 000e 01       		.uleb128 0x1
 365 000f 10       		.uleb128 0x10
 366 0010 17       		.uleb128 0x17
 367 0011 00       		.byte	0
 368 0012 00       		.byte	0
 369 0013 02       		.uleb128 0x2
 370 0014 24       		.uleb128 0x24
 371 0015 00       		.byte	0
 372 0016 0B       		.uleb128 0xb
 373 0017 0B       		.uleb128 0xb
 374 0018 3E       		.uleb128 0x3e
 375 0019 0B       		.uleb128 0xb
 376 001a 03       		.uleb128 0x3
ARM GAS  C:\Users\xavieran\AppData\Local\Temp\ccDDxEKr.s 			page 13


 377 001b 0E       		.uleb128 0xe
 378 001c 00       		.byte	0
 379 001d 00       		.byte	0
 380 001e 03       		.uleb128 0x3
 381 001f 24       		.uleb128 0x24
 382 0020 00       		.byte	0
 383 0021 0B       		.uleb128 0xb
 384 0022 0B       		.uleb128 0xb
 385 0023 3E       		.uleb128 0x3e
 386 0024 0B       		.uleb128 0xb
 387 0025 03       		.uleb128 0x3
 388 0026 08       		.uleb128 0x8
 389 0027 00       		.byte	0
 390 0028 00       		.byte	0
 391 0029 04       		.uleb128 0x4
 392 002a 16       		.uleb128 0x16
 393 002b 00       		.byte	0
 394 002c 03       		.uleb128 0x3
 395 002d 0E       		.uleb128 0xe
 396 002e 3A       		.uleb128 0x3a
 397 002f 0B       		.uleb128 0xb
 398 0030 3B       		.uleb128 0x3b
 399 0031 0B       		.uleb128 0xb
 400 0032 49       		.uleb128 0x49
 401 0033 13       		.uleb128 0x13
 402 0034 00       		.byte	0
 403 0035 00       		.byte	0
 404 0036 05       		.uleb128 0x5
 405 0037 16       		.uleb128 0x16
 406 0038 00       		.byte	0
 407 0039 03       		.uleb128 0x3
 408 003a 0E       		.uleb128 0xe
 409 003b 3A       		.uleb128 0x3a
 410 003c 0B       		.uleb128 0xb
 411 003d 3B       		.uleb128 0x3b
 412 003e 05       		.uleb128 0x5
 413 003f 49       		.uleb128 0x49
 414 0040 13       		.uleb128 0x13
 415 0041 00       		.byte	0
 416 0042 00       		.byte	0
 417 0043 06       		.uleb128 0x6
 418 0044 35       		.uleb128 0x35
 419 0045 00       		.byte	0
 420 0046 49       		.uleb128 0x49
 421 0047 13       		.uleb128 0x13
 422 0048 00       		.byte	0
 423 0049 00       		.byte	0
 424 004a 07       		.uleb128 0x7
 425 004b 13       		.uleb128 0x13
 426 004c 01       		.byte	0x1
 427 004d 0B       		.uleb128 0xb
 428 004e 0B       		.uleb128 0xb
 429 004f 3A       		.uleb128 0x3a
 430 0050 0B       		.uleb128 0xb
 431 0051 3B       		.uleb128 0x3b
 432 0052 0B       		.uleb128 0xb
 433 0053 01       		.uleb128 0x1
ARM GAS  C:\Users\xavieran\AppData\Local\Temp\ccDDxEKr.s 			page 14


 434 0054 13       		.uleb128 0x13
 435 0055 00       		.byte	0
 436 0056 00       		.byte	0
 437 0057 08       		.uleb128 0x8
 438 0058 0D       		.uleb128 0xd
 439 0059 00       		.byte	0
 440 005a 03       		.uleb128 0x3
 441 005b 0E       		.uleb128 0xe
 442 005c 3A       		.uleb128 0x3a
 443 005d 0B       		.uleb128 0xb
 444 005e 3B       		.uleb128 0x3b
 445 005f 0B       		.uleb128 0xb
 446 0060 49       		.uleb128 0x49
 447 0061 13       		.uleb128 0x13
 448 0062 38       		.uleb128 0x38
 449 0063 0B       		.uleb128 0xb
 450 0064 00       		.byte	0
 451 0065 00       		.byte	0
 452 0066 09       		.uleb128 0x9
 453 0067 2E       		.uleb128 0x2e
 454 0068 00       		.byte	0
 455 0069 3F       		.uleb128 0x3f
 456 006a 19       		.uleb128 0x19
 457 006b 03       		.uleb128 0x3
 458 006c 0E       		.uleb128 0xe
 459 006d 3A       		.uleb128 0x3a
 460 006e 0B       		.uleb128 0xb
 461 006f 3B       		.uleb128 0x3b
 462 0070 0B       		.uleb128 0xb
 463 0071 27       		.uleb128 0x27
 464 0072 19       		.uleb128 0x19
 465 0073 11       		.uleb128 0x11
 466 0074 01       		.uleb128 0x1
 467 0075 12       		.uleb128 0x12
 468 0076 06       		.uleb128 0x6
 469 0077 40       		.uleb128 0x40
 470 0078 18       		.uleb128 0x18
 471 0079 9742     		.uleb128 0x2117
 472 007b 19       		.uleb128 0x19
 473 007c 00       		.byte	0
 474 007d 00       		.byte	0
 475 007e 0A       		.uleb128 0xa
 476 007f 2E       		.uleb128 0x2e
 477 0080 01       		.byte	0x1
 478 0081 3F       		.uleb128 0x3f
 479 0082 19       		.uleb128 0x19
 480 0083 03       		.uleb128 0x3
 481 0084 0E       		.uleb128 0xe
 482 0085 3A       		.uleb128 0x3a
 483 0086 0B       		.uleb128 0xb
 484 0087 3B       		.uleb128 0x3b
 485 0088 0B       		.uleb128 0xb
 486 0089 27       		.uleb128 0x27
 487 008a 19       		.uleb128 0x19
 488 008b 11       		.uleb128 0x11
 489 008c 01       		.uleb128 0x1
 490 008d 12       		.uleb128 0x12
ARM GAS  C:\Users\xavieran\AppData\Local\Temp\ccDDxEKr.s 			page 15


 491 008e 06       		.uleb128 0x6
 492 008f 40       		.uleb128 0x40
 493 0090 18       		.uleb128 0x18
 494 0091 9742     		.uleb128 0x2117
 495 0093 19       		.uleb128 0x19
 496 0094 01       		.uleb128 0x1
 497 0095 13       		.uleb128 0x13
 498 0096 00       		.byte	0
 499 0097 00       		.byte	0
 500 0098 0B       		.uleb128 0xb
 501 0099 898201   		.uleb128 0x4109
 502 009c 00       		.byte	0
 503 009d 11       		.uleb128 0x11
 504 009e 01       		.uleb128 0x1
 505 009f 31       		.uleb128 0x31
 506 00a0 13       		.uleb128 0x13
 507 00a1 00       		.byte	0
 508 00a2 00       		.byte	0
 509 00a3 0C       		.uleb128 0xc
 510 00a4 2E       		.uleb128 0x2e
 511 00a5 01       		.byte	0x1
 512 00a6 3F       		.uleb128 0x3f
 513 00a7 19       		.uleb128 0x19
 514 00a8 03       		.uleb128 0x3
 515 00a9 0E       		.uleb128 0xe
 516 00aa 3A       		.uleb128 0x3a
 517 00ab 0B       		.uleb128 0xb
 518 00ac 3B       		.uleb128 0x3b
 519 00ad 05       		.uleb128 0x5
 520 00ae 27       		.uleb128 0x27
 521 00af 19       		.uleb128 0x19
 522 00b0 11       		.uleb128 0x11
 523 00b1 01       		.uleb128 0x1
 524 00b2 12       		.uleb128 0x12
 525 00b3 06       		.uleb128 0x6
 526 00b4 40       		.uleb128 0x40
 527 00b5 18       		.uleb128 0x18
 528 00b6 9742     		.uleb128 0x2117
 529 00b8 19       		.uleb128 0x19
 530 00b9 01       		.uleb128 0x1
 531 00ba 13       		.uleb128 0x13
 532 00bb 00       		.byte	0
 533 00bc 00       		.byte	0
 534 00bd 0D       		.uleb128 0xd
 535 00be 34       		.uleb128 0x34
 536 00bf 00       		.byte	0
 537 00c0 03       		.uleb128 0x3
 538 00c1 0E       		.uleb128 0xe
 539 00c2 3A       		.uleb128 0x3a
 540 00c3 0B       		.uleb128 0xb
 541 00c4 3B       		.uleb128 0x3b
 542 00c5 0B       		.uleb128 0xb
 543 00c6 49       		.uleb128 0x49
 544 00c7 13       		.uleb128 0x13
 545 00c8 3F       		.uleb128 0x3f
 546 00c9 19       		.uleb128 0x19
 547 00ca 02       		.uleb128 0x2
ARM GAS  C:\Users\xavieran\AppData\Local\Temp\ccDDxEKr.s 			page 16


 548 00cb 18       		.uleb128 0x18
 549 00cc 00       		.byte	0
 550 00cd 00       		.byte	0
 551 00ce 0E       		.uleb128 0xe
 552 00cf 2E       		.uleb128 0x2e
 553 00d0 00       		.byte	0
 554 00d1 3F       		.uleb128 0x3f
 555 00d2 19       		.uleb128 0x19
 556 00d3 03       		.uleb128 0x3
 557 00d4 0E       		.uleb128 0xe
 558 00d5 3A       		.uleb128 0x3a
 559 00d6 0B       		.uleb128 0xb
 560 00d7 3B       		.uleb128 0x3b
 561 00d8 0B       		.uleb128 0xb
 562 00d9 27       		.uleb128 0x27
 563 00da 19       		.uleb128 0x19
 564 00db 3C       		.uleb128 0x3c
 565 00dc 19       		.uleb128 0x19
 566 00dd 00       		.byte	0
 567 00de 00       		.byte	0
 568 00df 00       		.byte	0
 569              		.section	.debug_aranges,"",%progbits
 570 0000 34000000 		.4byte	0x34
 571 0004 0200     		.2byte	0x2
 572 0006 00000000 		.4byte	.Ldebug_info0
 573 000a 04       		.byte	0x4
 574 000b 00       		.byte	0
 575 000c 0000     		.2byte	0
 576 000e 0000     		.2byte	0
 577 0010 00000000 		.4byte	.LFB0
 578 0014 18000000 		.4byte	.LFE0-.LFB0
 579 0018 00000000 		.4byte	.LFB1
 580 001c 24000000 		.4byte	.LFE1-.LFB1
 581 0020 00000000 		.4byte	.LFB2
 582 0024 14000000 		.4byte	.LFE2-.LFB2
 583 0028 00000000 		.4byte	.LFB3
 584 002c 20000000 		.4byte	.LFE3-.LFB3
 585 0030 00000000 		.4byte	0
 586 0034 00000000 		.4byte	0
 587              		.section	.debug_ranges,"",%progbits
 588              	.Ldebug_ranges0:
 589 0000 00000000 		.4byte	.LFB0
 590 0004 18000000 		.4byte	.LFE0
 591 0008 00000000 		.4byte	.LFB1
 592 000c 24000000 		.4byte	.LFE1
 593 0010 00000000 		.4byte	.LFB2
 594 0014 14000000 		.4byte	.LFE2
 595 0018 00000000 		.4byte	.LFB3
 596 001c 20000000 		.4byte	.LFE3
 597 0020 00000000 		.4byte	0
 598 0024 00000000 		.4byte	0
 599              		.section	.debug_line,"",%progbits
 600              	.Ldebug_line0:
 601 0000 A4000000 		.section	.debug_str,"MS",%progbits,1
 601      02004E00 
 601      00000201 
 601      FB0E0D00 
ARM GAS  C:\Users\xavieran\AppData\Local\Temp\ccDDxEKr.s 			page 17


 601      01010101 
 602              	.LASF23:
 603 0000 4932435F 		.ascii	"I2C_Wakeup\000"
 603      57616B65 
 603      757000
 604              	.LASF22:
 605 000b 4932435F 		.ascii	"I2C_Sleep\000"
 605      536C6565 
 605      7000
 606              	.LASF15:
 607 0015 72656733 		.ascii	"reg32\000"
 607      3200
 608              	.LASF3:
 609 001b 73686F72 		.ascii	"short unsigned int\000"
 609      7420756E 
 609      7369676E 
 609      65642069 
 609      6E7400
 610              	.LASF27:
 611 002e 2E5C4765 		.ascii	".\\Generated_Source\\PSoC5\\I2C_PM.c\000"
 611      6E657261 
 611      7465645F 
 611      536F7572 
 611      63655C50 
 612              	.LASF20:
 613 0050 4932435F 		.ascii	"I2C_SaveConfig\000"
 613      53617665 
 613      436F6E66 
 613      696700
 614              	.LASF11:
 615 005f 666C6F61 		.ascii	"float\000"
 615      7400
 616              	.LASF1:
 617 0065 756E7369 		.ascii	"unsigned char\000"
 617      676E6564 
 617      20636861 
 617      7200
 618              	.LASF14:
 619 0073 72656738 		.ascii	"reg8\000"
 619      00
 620              	.LASF5:
 621 0078 6C6F6E67 		.ascii	"long unsigned int\000"
 621      20756E73 
 621      69676E65 
 621      6420696E 
 621      7400
 622              	.LASF9:
 623 008a 75696E74 		.ascii	"uint8\000"
 623      3800
 624              	.LASF18:
 625 0090 636F6E74 		.ascii	"control\000"
 625      726F6C00 
 626              	.LASF25:
 627 0098 4932435F 		.ascii	"I2C_Enable\000"
 627      456E6162 
 627      6C6500
 628              	.LASF12:
ARM GAS  C:\Users\xavieran\AppData\Local\Temp\ccDDxEKr.s 			page 18


 629 00a3 646F7562 		.ascii	"double\000"
 629      6C6500
 630              	.LASF10:
 631 00aa 75696E74 		.ascii	"uint32\000"
 631      333200
 632              	.LASF8:
 633 00b1 756E7369 		.ascii	"unsigned int\000"
 633      676E6564 
 633      20696E74 
 633      00
 634              	.LASF28:
 635 00be 433A5C55 		.ascii	"C:\\Users\\xavieran\\Desktop\\ECE3091\\PSOCProjects"
 635      73657273 
 635      5C786176 
 635      69657261 
 635      6E5C4465 
 636 00ec 5C454E47 		.ascii	"\\ENG3091_MandM\\ENG3091_MandM.cydsn\000"
 636      33303931 
 636      5F4D616E 
 636      644D5C45 
 636      4E473330 
 637              	.LASF7:
 638 010f 6C6F6E67 		.ascii	"long long unsigned int\000"
 638      206C6F6E 
 638      6720756E 
 638      7369676E 
 638      65642069 
 639              	.LASF26:
 640 0126 474E5520 		.ascii	"GNU C 4.8.4 20140526 (release) [ARM/embedded-4_8-br"
 640      4320342E 
 640      382E3420 
 640      32303134 
 640      30353236 
 641 0159 616E6368 		.ascii	"anch revision 211358] -mcpu=cortex-m3 -mthumb -g -O"
 641      20726576 
 641      6973696F 
 641      6E203231 
 641      31333538 
 642 018c 67202D66 		.ascii	"g -ffunction-sections\000"
 642      66756E63 
 642      74696F6E 
 642      2D736563 
 642      74696F6E 
 643              	.LASF16:
 644 01a2 73697A65 		.ascii	"sizetype\000"
 644      74797065 
 644      00
 645              	.LASF6:
 646 01ab 6C6F6E67 		.ascii	"long long int\000"
 646      206C6F6E 
 646      6720696E 
 646      7400
 647              	.LASF13:
 648 01b9 63686172 		.ascii	"char\000"
 648      00
 649              	.LASF19:
 650 01be 4932435F 		.ascii	"I2C_BACKUP_STRUCT\000"
ARM GAS  C:\Users\xavieran\AppData\Local\Temp\ccDDxEKr.s 			page 19


 650      4241434B 
 650      55505F53 
 650      54525543 
 650      5400
 651              	.LASF2:
 652 01d0 73686F72 		.ascii	"short int\000"
 652      7420696E 
 652      7400
 653              	.LASF4:
 654 01da 6C6F6E67 		.ascii	"long int\000"
 654      20696E74 
 654      00
 655              	.LASF17:
 656 01e3 656E6162 		.ascii	"enableState\000"
 656      6C655374 
 656      61746500 
 657              	.LASF29:
 658 01ef 4932435F 		.ascii	"I2C_backup\000"
 658      6261636B 
 658      757000
 659              	.LASF24:
 660 01fa 4932435F 		.ascii	"I2C_Stop\000"
 660      53746F70 
 660      00
 661              	.LASF0:
 662 0203 7369676E 		.ascii	"signed char\000"
 662      65642063 
 662      68617200 
 663              	.LASF21:
 664 020f 4932435F 		.ascii	"I2C_RestoreConfig\000"
 664      52657374 
 664      6F726543 
 664      6F6E6669 
 664      6700
 665              		.ident	"GCC: (GNU Tools for ARM Embedded Processors) 4.8.4 20140526 (release) [ARM/embedded-4_8-br
