ARM GAS  C:\Users\xavieran\AppData\Local\Temp\cchDubsT.s 			page 1


   1              		.syntax unified
   2              		.cpu cortex-m3
   3              		.fpu softvfp
   4              		.eabi_attribute 20, 1
   5              		.eabi_attribute 21, 1
   6              		.eabi_attribute 23, 3
   7              		.eabi_attribute 24, 1
   8              		.eabi_attribute 25, 1
   9              		.eabi_attribute 26, 1
  10              		.eabi_attribute 30, 1
  11              		.eabi_attribute 34, 1
  12              		.eabi_attribute 18, 4
  13              		.thumb
  14              		.file	"mice.c"
  15              		.text
  16              	.Ltext0:
  17              		.cfi_sections	.debug_frame
  18              		.section	.text.start_mice,"ax",%progbits
  19              		.align	2
  20              		.global	start_mice
  21              		.thumb
  22              		.thumb_func
  23              		.type	start_mice, %function
  24              	start_mice:
  25              	.LFB63:
  26              		.file 1 ".\\mice.c"
   1:.\mice.c      **** /* ========================================
   2:.\mice.c      ****  *
   3:.\mice.c      ****  * Copyright YOUR COMPANY, THE YEAR
   4:.\mice.c      ****  * All Rights Reserved
   5:.\mice.c      ****  * UNPUBLISHED, LICENSED SOFTWARE.
   6:.\mice.c      ****  *
   7:.\mice.c      ****  * CONFIDENTIAL AND PROPRIETARY INFORMATION
   8:.\mice.c      ****  * WHICH IS THE PROPERTY OF your company.
   9:.\mice.c      ****  *
  10:.\mice.c      ****  * ========================================
  11:.\mice.c      **** */
  12:.\mice.c      **** 
  13:.\mice.c      **** #include <project.h>
  14:.\mice.c      **** #include <mouse_a.h>
  15:.\mice.c      **** #include <mouse_b.h>
  16:.\mice.c      **** 
  17:.\mice.c      **** void start_mice(){
  27              		.loc 1 17 0
  28              		.cfi_startproc
  29              		@ args = 0, pretend = 0, frame = 0
  30              		@ frame_needed = 0, uses_anonymous_args = 0
  31 0000 08B5     		push	{r3, lr}
  32              		.cfi_def_cfa_offset 8
  33              		.cfi_offset 3, -8
  34              		.cfi_offset 14, -4
  18:.\mice.c      ****     sclk_a_isr_Stop();
  35              		.loc 1 18 0
  36 0002 FFF7FEFF 		bl	sclk_a_isr_Stop
  37              	.LVL0:
  19:.\mice.c      ****     sclk_b_isr_Stop();
  38              		.loc 1 19 0
ARM GAS  C:\Users\xavieran\AppData\Local\Temp\cchDubsT.s 			page 2


  39 0006 FFF7FEFF 		bl	sclk_b_isr_Stop
  40              	.LVL1:
  20:.\mice.c      ****     LCD_PosPrintString(0,0,"INIT MOUSE A");
  41              		.loc 1 20 0
  42 000a 0020     		movs	r0, #0
  43 000c 0146     		mov	r1, r0
  44 000e FFF7FEFF 		bl	LCD_Position
  45              	.LVL2:
  46 0012 1148     		ldr	r0, .L2
  47 0014 FFF7FEFF 		bl	LCD_PrintString
  48              	.LVL3:
  21:.\mice.c      ****     mouse_a_init();
  49              		.loc 1 21 0
  50 0018 FFF7FEFF 		bl	mouse_a_init
  51              	.LVL4:
  22:.\mice.c      ****     LCD_PosPrintString(0,0,"INIT MOUSE B");
  52              		.loc 1 22 0
  53 001c 0020     		movs	r0, #0
  54 001e 0146     		mov	r1, r0
  55 0020 FFF7FEFF 		bl	LCD_Position
  56              	.LVL5:
  57 0024 0D48     		ldr	r0, .L2+4
  58 0026 FFF7FEFF 		bl	LCD_PrintString
  59              	.LVL6:
  23:.\mice.c      ****     mouse_b_init();
  60              		.loc 1 23 0
  61 002a FFF7FEFF 		bl	mouse_b_init
  62              	.LVL7:
  24:.\mice.c      ****     
  25:.\mice.c      ****     reset_sclk_a_isr();
  63              		.loc 1 25 0
  64 002e FFF7FEFF 		bl	reset_sclk_a_isr
  65              	.LVL8:
  26:.\mice.c      ****     reset_sclk_b_isr();
  66              		.loc 1 26 0
  67 0032 FFF7FEFF 		bl	reset_sclk_b_isr
  68              	.LVL9:
  27:.\mice.c      ****     
  28:.\mice.c      ****     SCLK_A_ClearInterrupt();
  69              		.loc 1 28 0
  70 0036 FFF7FEFF 		bl	SCLK_A_ClearInterrupt
  71              	.LVL10:
  29:.\mice.c      ****     SCLK_B_ClearInterrupt();
  72              		.loc 1 29 0
  73 003a FFF7FEFF 		bl	SCLK_B_ClearInterrupt
  74              	.LVL11:
  30:.\mice.c      ****     sclk_a_isr_SetPriority(0);
  75              		.loc 1 30 0
  76 003e 0020     		movs	r0, #0
  77 0040 FFF7FEFF 		bl	sclk_a_isr_SetPriority
  78              	.LVL12:
  31:.\mice.c      ****     sclk_b_isr_SetPriority(0);
  79              		.loc 1 31 0
  80 0044 0020     		movs	r0, #0
  81 0046 FFF7FEFF 		bl	sclk_b_isr_SetPriority
  82              	.LVL13:
  32:.\mice.c      ****     sclk_a_isr_StartEx(MY_SCLK_A_ISR);
ARM GAS  C:\Users\xavieran\AppData\Local\Temp\cchDubsT.s 			page 3


  83              		.loc 1 32 0
  84 004a 0548     		ldr	r0, .L2+8
  85 004c FFF7FEFF 		bl	sclk_a_isr_StartEx
  86              	.LVL14:
  33:.\mice.c      ****     sclk_b_isr_StartEx(MY_SCLK_B_ISR);    
  87              		.loc 1 33 0
  88 0050 0448     		ldr	r0, .L2+12
  89 0052 FFF7FEFF 		bl	sclk_b_isr_StartEx
  90              	.LVL15:
  91 0056 08BD     		pop	{r3, pc}
  92              	.L3:
  93              		.align	2
  94              	.L2:
  95 0058 00000000 		.word	.LC0
  96 005c 10000000 		.word	.LC1
  97 0060 00000000 		.word	MY_SCLK_A_ISR
  98 0064 00000000 		.word	MY_SCLK_B_ISR
  99              		.cfi_endproc
 100              	.LFE63:
 101              		.size	start_mice, .-start_mice
 102              		.section	.text.stop_mice,"ax",%progbits
 103              		.align	2
 104              		.global	stop_mice
 105              		.thumb
 106              		.thumb_func
 107              		.type	stop_mice, %function
 108              	stop_mice:
 109              	.LFB64:
  34:.\mice.c      **** }
  35:.\mice.c      **** 
  36:.\mice.c      **** void stop_mice(){
 110              		.loc 1 36 0
 111              		.cfi_startproc
 112              		@ args = 0, pretend = 0, frame = 0
 113              		@ frame_needed = 0, uses_anonymous_args = 0
 114 0000 08B5     		push	{r3, lr}
 115              		.cfi_def_cfa_offset 8
 116              		.cfi_offset 3, -8
 117              		.cfi_offset 14, -4
  37:.\mice.c      ****     sclk_a_isr_Stop();
 118              		.loc 1 37 0
 119 0002 FFF7FEFF 		bl	sclk_a_isr_Stop
 120              	.LVL16:
  38:.\mice.c      ****     sclk_b_isr_Stop();
 121              		.loc 1 38 0
 122 0006 FFF7FEFF 		bl	sclk_b_isr_Stop
 123              	.LVL17:
 124 000a 08BD     		pop	{r3, pc}
 125              		.cfi_endproc
 126              	.LFE64:
 127              		.size	stop_mice, .-stop_mice
 128              		.comm	Camera_framebuffer,50688,4
 129              		.section	.rodata.str1.4,"aMS",%progbits,1
 130              		.align	2
 131              	.LC0:
 132 0000 494E4954 		.ascii	"INIT MOUSE A\000"
 132      204D4F55 
ARM GAS  C:\Users\xavieran\AppData\Local\Temp\cchDubsT.s 			page 4


 132      53452041 
 132      00
 133 000d 000000   		.space	3
 134              	.LC1:
 135 0010 494E4954 		.ascii	"INIT MOUSE B\000"
 135      204D4F55 
 135      53452042 
 135      00
 136 001d 000000   		.text
 137              	.Letext0:
 138              		.file 2 "c:\\program files (x86)\\cypress\\psoc creator\\3.2\\psoc creator\\import\\gnu\\arm\\4.8.
 139              		.file 3 "c:\\program files (x86)\\cypress\\psoc creator\\3.2\\psoc creator\\import\\gnu\\arm\\4.8.
 140              		.file 4 "Generated_Source\\PSoC5/cytypes.h"
 141              		.file 5 "Generated_Source\\PSoC5/core_cm3.h"
 142              		.file 6 "Generated_Source\\PSoC5/Camera.h"
 143              		.file 7 "Generated_Source\\PSoC5/sclk_a_isr.h"
 144              		.file 8 "Generated_Source\\PSoC5/sclk_b_isr.h"
 145              		.file 9 "Generated_Source\\PSoC5/LCD.h"
 146              		.file 10 "./mouse_a.h"
 147              		.file 11 "./mouse_b.h"
 148              		.file 12 "Generated_Source\\PSoC5/SCLK_A.h"
 149              		.file 13 "Generated_Source\\PSoC5/SCLK_B.h"
 150              		.section	.debug_info,"",%progbits
 151              	.Ldebug_info0:
 152 0000 CF020000 		.4byte	0x2cf
 153 0004 0400     		.2byte	0x4
 154 0006 00000000 		.4byte	.Ldebug_abbrev0
 155 000a 04       		.byte	0x4
 156 000b 01       		.uleb128 0x1
 157 000c CC010000 		.4byte	.LASF35
 158 0010 01       		.byte	0x1
 159 0011 2A000000 		.4byte	.LASF36
 160 0015 1D010000 		.4byte	.LASF37
 161 0019 00000000 		.4byte	.Ldebug_ranges0+0
 162 001d 00000000 		.4byte	0
 163 0021 00000000 		.4byte	.Ldebug_line0
 164 0025 02       		.uleb128 0x2
 165 0026 01       		.byte	0x1
 166 0027 06       		.byte	0x6
 167 0028 B1020000 		.4byte	.LASF0
 168 002c 02       		.uleb128 0x2
 169 002d 01       		.byte	0x1
 170 002e 08       		.byte	0x8
 171 002f 71000000 		.4byte	.LASF1
 172 0033 02       		.uleb128 0x2
 173 0034 02       		.byte	0x2
 174 0035 05       		.byte	0x5
 175 0036 98020000 		.4byte	.LASF2
 176 003a 02       		.uleb128 0x2
 177 003b 02       		.byte	0x2
 178 003c 07       		.byte	0x7
 179 003d B1000000 		.4byte	.LASF3
 180 0041 03       		.uleb128 0x3
 181 0042 33000000 		.4byte	.LASF9
 182 0046 02       		.byte	0x2
 183 0047 37       		.byte	0x37
 184 0048 4C000000 		.4byte	0x4c
ARM GAS  C:\Users\xavieran\AppData\Local\Temp\cchDubsT.s 			page 5


 185 004c 02       		.uleb128 0x2
 186 004d 04       		.byte	0x4
 187 004e 05       		.byte	0x5
 188 004f A8020000 		.4byte	.LASF4
 189 0053 02       		.uleb128 0x2
 190 0054 04       		.byte	0x4
 191 0055 07       		.byte	0x7
 192 0056 9F000000 		.4byte	.LASF5
 193 005a 02       		.uleb128 0x2
 194 005b 08       		.byte	0x8
 195 005c 05       		.byte	0x5
 196 005d 62020000 		.4byte	.LASF6
 197 0061 02       		.uleb128 0x2
 198 0062 08       		.byte	0x8
 199 0063 07       		.byte	0x7
 200 0064 84010000 		.4byte	.LASF7
 201 0068 04       		.uleb128 0x4
 202 0069 04       		.byte	0x4
 203 006a 05       		.byte	0x5
 204 006b 696E7400 		.ascii	"int\000"
 205 006f 02       		.uleb128 0x2
 206 0070 04       		.byte	0x4
 207 0071 07       		.byte	0x7
 208 0072 10010000 		.4byte	.LASF8
 209 0076 03       		.uleb128 0x3
 210 0077 50000000 		.4byte	.LASF10
 211 007b 03       		.byte	0x3
 212 007c 41       		.byte	0x41
 213 007d 41000000 		.4byte	0x41
 214 0081 03       		.uleb128 0x3
 215 0082 A2020000 		.4byte	.LASF11
 216 0086 04       		.byte	0x4
 217 0087 B3       		.byte	0xb3
 218 0088 2C000000 		.4byte	0x2c
 219 008c 02       		.uleb128 0x2
 220 008d 04       		.byte	0x4
 221 008e 04       		.byte	0x4
 222 008f 58000000 		.4byte	.LASF12
 223 0093 02       		.uleb128 0x2
 224 0094 08       		.byte	0x8
 225 0095 04       		.byte	0x4
 226 0096 DE000000 		.4byte	.LASF13
 227 009a 03       		.uleb128 0x3
 228 009b 8F000000 		.4byte	.LASF14
 229 009f 04       		.byte	0x4
 230 00a0 C4       		.byte	0xc4
 231 00a1 A5000000 		.4byte	0xa5
 232 00a5 02       		.uleb128 0x2
 233 00a6 01       		.byte	0x1
 234 00a7 08       		.byte	0x8
 235 00a8 70020000 		.4byte	.LASF15
 236 00ac 05       		.uleb128 0x5
 237 00ad BF010000 		.4byte	.LASF16
 238 00b1 04       		.byte	0x4
 239 00b2 6F01     		.2byte	0x16f
 240 00b4 B8000000 		.4byte	0xb8
 241 00b8 06       		.uleb128 0x6
ARM GAS  C:\Users\xavieran\AppData\Local\Temp\cchDubsT.s 			page 6


 242 00b9 04       		.byte	0x4
 243 00ba BE000000 		.4byte	0xbe
 244 00be 07       		.uleb128 0x7
 245 00bf 02       		.uleb128 0x2
 246 00c0 04       		.byte	0x4
 247 00c1 07       		.byte	0x7
 248 00c2 48020000 		.4byte	.LASF17
 249 00c6 08       		.uleb128 0x8
 250 00c7 05010000 		.4byte	.LASF18
 251 00cb 01       		.byte	0x1
 252 00cc 11       		.byte	0x11
 253 00cd 00000000 		.4byte	.LFB63
 254 00d1 68000000 		.4byte	.LFE63-.LFB63
 255 00d5 01       		.uleb128 0x1
 256 00d6 9C       		.byte	0x9c
 257 00d7 BA010000 		.4byte	0x1ba
 258 00db 09       		.uleb128 0x9
 259 00dc 06000000 		.4byte	.LVL0
 260 00e0 20020000 		.4byte	0x220
 261 00e4 09       		.uleb128 0x9
 262 00e5 0A000000 		.4byte	.LVL1
 263 00e9 27020000 		.4byte	0x227
 264 00ed 0A       		.uleb128 0xa
 265 00ee 12000000 		.4byte	.LVL2
 266 00f2 2E020000 		.4byte	0x22e
 267 00f6 05010000 		.4byte	0x105
 268 00fa 0B       		.uleb128 0xb
 269 00fb 01       		.uleb128 0x1
 270 00fc 51       		.byte	0x51
 271 00fd 01       		.uleb128 0x1
 272 00fe 30       		.byte	0x30
 273 00ff 0B       		.uleb128 0xb
 274 0100 01       		.uleb128 0x1
 275 0101 50       		.byte	0x50
 276 0102 01       		.uleb128 0x1
 277 0103 30       		.byte	0x30
 278 0104 00       		.byte	0
 279 0105 0A       		.uleb128 0xa
 280 0106 18000000 		.4byte	.LVL3
 281 010a 44020000 		.4byte	0x244
 282 010e 1C010000 		.4byte	0x11c
 283 0112 0B       		.uleb128 0xb
 284 0113 01       		.uleb128 0x1
 285 0114 50       		.byte	0x50
 286 0115 05       		.uleb128 0x5
 287 0116 03       		.byte	0x3
 288 0117 00000000 		.4byte	.LC0
 289 011b 00       		.byte	0
 290 011c 09       		.uleb128 0x9
 291 011d 1C000000 		.4byte	.LVL4
 292 0121 60020000 		.4byte	0x260
 293 0125 0A       		.uleb128 0xa
 294 0126 24000000 		.4byte	.LVL5
 295 012a 2E020000 		.4byte	0x22e
 296 012e 3D010000 		.4byte	0x13d
 297 0132 0B       		.uleb128 0xb
 298 0133 01       		.uleb128 0x1
ARM GAS  C:\Users\xavieran\AppData\Local\Temp\cchDubsT.s 			page 7


 299 0134 51       		.byte	0x51
 300 0135 01       		.uleb128 0x1
 301 0136 30       		.byte	0x30
 302 0137 0B       		.uleb128 0xb
 303 0138 01       		.uleb128 0x1
 304 0139 50       		.byte	0x50
 305 013a 01       		.uleb128 0x1
 306 013b 30       		.byte	0x30
 307 013c 00       		.byte	0
 308 013d 0A       		.uleb128 0xa
 309 013e 2A000000 		.4byte	.LVL6
 310 0142 44020000 		.4byte	0x244
 311 0146 54010000 		.4byte	0x154
 312 014a 0B       		.uleb128 0xb
 313 014b 01       		.uleb128 0x1
 314 014c 50       		.byte	0x50
 315 014d 05       		.uleb128 0x5
 316 014e 03       		.byte	0x3
 317 014f 10000000 		.4byte	.LC1
 318 0153 00       		.byte	0
 319 0154 09       		.uleb128 0x9
 320 0155 2E000000 		.4byte	.LVL7
 321 0159 67020000 		.4byte	0x267
 322 015d 09       		.uleb128 0x9
 323 015e 32000000 		.4byte	.LVL8
 324 0162 6E020000 		.4byte	0x26e
 325 0166 09       		.uleb128 0x9
 326 0167 36000000 		.4byte	.LVL9
 327 016b 75020000 		.4byte	0x275
 328 016f 09       		.uleb128 0x9
 329 0170 3A000000 		.4byte	.LVL10
 330 0174 7C020000 		.4byte	0x27c
 331 0178 09       		.uleb128 0x9
 332 0179 3E000000 		.4byte	.LVL11
 333 017d 87020000 		.4byte	0x287
 334 0181 0A       		.uleb128 0xa
 335 0182 44000000 		.4byte	.LVL12
 336 0186 92020000 		.4byte	0x292
 337 018a 94010000 		.4byte	0x194
 338 018e 0B       		.uleb128 0xb
 339 018f 01       		.uleb128 0x1
 340 0190 50       		.byte	0x50
 341 0191 01       		.uleb128 0x1
 342 0192 30       		.byte	0x30
 343 0193 00       		.byte	0
 344 0194 0A       		.uleb128 0xa
 345 0195 4A000000 		.4byte	.LVL13
 346 0199 A3020000 		.4byte	0x2a3
 347 019d A7010000 		.4byte	0x1a7
 348 01a1 0B       		.uleb128 0xb
 349 01a2 01       		.uleb128 0x1
 350 01a3 50       		.byte	0x50
 351 01a4 01       		.uleb128 0x1
 352 01a5 30       		.byte	0x30
 353 01a6 00       		.byte	0
 354 01a7 09       		.uleb128 0x9
 355 01a8 50000000 		.4byte	.LVL14
ARM GAS  C:\Users\xavieran\AppData\Local\Temp\cchDubsT.s 			page 8


 356 01ac B4020000 		.4byte	0x2b4
 357 01b0 09       		.uleb128 0x9
 358 01b1 56000000 		.4byte	.LVL15
 359 01b5 C5020000 		.4byte	0x2c5
 360 01b9 00       		.byte	0
 361 01ba 08       		.uleb128 0x8
 362 01bb 95000000 		.4byte	.LASF19
 363 01bf 01       		.byte	0x1
 364 01c0 24       		.byte	0x24
 365 01c1 00000000 		.4byte	.LFB64
 366 01c5 0C000000 		.4byte	.LFE64-.LFB64
 367 01c9 01       		.uleb128 0x1
 368 01ca 9C       		.byte	0x9c
 369 01cb E2010000 		.4byte	0x1e2
 370 01cf 09       		.uleb128 0x9
 371 01d0 06000000 		.4byte	.LVL16
 372 01d4 20020000 		.4byte	0x220
 373 01d8 09       		.uleb128 0x9
 374 01d9 0A000000 		.4byte	.LVL17
 375 01dd 27020000 		.4byte	0x227
 376 01e1 00       		.byte	0
 377 01e2 0C       		.uleb128 0xc
 378 01e3 C4000000 		.4byte	.LASF20
 379 01e7 05       		.byte	0x5
 380 01e8 2A06     		.2byte	0x62a
 381 01ea EE010000 		.4byte	0x1ee
 382 01ee 0D       		.uleb128 0xd
 383 01ef 76000000 		.4byte	0x76
 384 01f3 0E       		.uleb128 0xe
 385 01f4 81000000 		.4byte	0x81
 386 01f8 0F020000 		.4byte	0x20f
 387 01fc 0F       		.uleb128 0xf
 388 01fd BF000000 		.4byte	0xbf
 389 0201 8F       		.byte	0x8f
 390 0202 0F       		.uleb128 0xf
 391 0203 BF000000 		.4byte	0xbf
 392 0207 57       		.byte	0x57
 393 0208 0F       		.uleb128 0xf
 394 0209 BF000000 		.4byte	0xbf
 395 020d 03       		.byte	0x3
 396 020e 00       		.byte	0
 397 020f 10       		.uleb128 0x10
 398 0210 3D000000 		.4byte	.LASF21
 399 0214 06       		.byte	0x6
 400 0215 08       		.byte	0x8
 401 0216 F3010000 		.4byte	0x1f3
 402 021a 05       		.uleb128 0x5
 403 021b 03       		.byte	0x3
 404 021c 00000000 		.4byte	Camera_framebuffer
 405 0220 11       		.uleb128 0x11
 406 0221 E5000000 		.4byte	.LASF22
 407 0225 07       		.byte	0x7
 408 0226 19       		.byte	0x19
 409 0227 11       		.uleb128 0x11
 410 0228 7F000000 		.4byte	.LASF23
 411 022c 08       		.byte	0x8
 412 022d 19       		.byte	0x19
ARM GAS  C:\Users\xavieran\AppData\Local\Temp\cchDubsT.s 			page 9


 413 022e 12       		.uleb128 0x12
 414 022f 9B010000 		.4byte	.LASF24
 415 0233 09       		.byte	0x9
 416 0234 3D       		.byte	0x3d
 417 0235 44020000 		.4byte	0x244
 418 0239 13       		.uleb128 0x13
 419 023a 81000000 		.4byte	0x81
 420 023e 13       		.uleb128 0x13
 421 023f 81000000 		.4byte	0x81
 422 0243 00       		.byte	0
 423 0244 12       		.uleb128 0x12
 424 0245 F5000000 		.4byte	.LASF25
 425 0249 09       		.byte	0x9
 426 024a 3C       		.byte	0x3c
 427 024b 55020000 		.4byte	0x255
 428 024f 13       		.uleb128 0x13
 429 0250 55020000 		.4byte	0x255
 430 0254 00       		.byte	0
 431 0255 06       		.uleb128 0x6
 432 0256 04       		.byte	0x4
 433 0257 5B020000 		.4byte	0x25b
 434 025b 14       		.uleb128 0x14
 435 025c 9A000000 		.4byte	0x9a
 436 0260 11       		.uleb128 0x11
 437 0261 D1000000 		.4byte	.LASF26
 438 0265 0A       		.byte	0xa
 439 0266 12       		.byte	0x12
 440 0267 11       		.uleb128 0x11
 441 0268 8B020000 		.4byte	.LASF27
 442 026c 0B       		.byte	0xb
 443 026d 12       		.byte	0x12
 444 026e 11       		.uleb128 0x11
 445 026f 51020000 		.4byte	.LASF28
 446 0273 0A       		.byte	0xa
 447 0274 13       		.byte	0x13
 448 0275 11       		.uleb128 0x11
 449 0276 BD020000 		.4byte	.LASF29
 450 027a 0B       		.byte	0xb
 451 027b 13       		.byte	0x13
 452 027c 15       		.uleb128 0x15
 453 027d 6E010000 		.4byte	.LASF30
 454 0281 0C       		.byte	0xc
 455 0282 2C       		.byte	0x2c
 456 0283 81000000 		.4byte	0x81
 457 0287 15       		.uleb128 0x15
 458 0288 75020000 		.4byte	.LASF31
 459 028c 0D       		.byte	0xd
 460 028d 2C       		.byte	0x2c
 461 028e 81000000 		.4byte	0x81
 462 0292 12       		.uleb128 0x12
 463 0293 00000000 		.4byte	.LASF32
 464 0297 07       		.byte	0x7
 465 0298 20       		.byte	0x20
 466 0299 A3020000 		.4byte	0x2a3
 467 029d 13       		.uleb128 0x13
 468 029e 81000000 		.4byte	0x81
 469 02a2 00       		.byte	0
ARM GAS  C:\Users\xavieran\AppData\Local\Temp\cchDubsT.s 			page 10


 470 02a3 12       		.uleb128 0x12
 471 02a4 A8010000 		.4byte	.LASF33
 472 02a8 08       		.byte	0x8
 473 02a9 20       		.byte	0x20
 474 02aa B4020000 		.4byte	0x2b4
 475 02ae 13       		.uleb128 0x13
 476 02af 81000000 		.4byte	0x81
 477 02b3 00       		.byte	0
 478 02b4 12       		.uleb128 0x12
 479 02b5 5E000000 		.4byte	.LASF34
 480 02b9 07       		.byte	0x7
 481 02ba 18       		.byte	0x18
 482 02bb C5020000 		.4byte	0x2c5
 483 02bf 13       		.uleb128 0x13
 484 02c0 AC000000 		.4byte	0xac
 485 02c4 00       		.byte	0
 486 02c5 16       		.uleb128 0x16
 487 02c6 17000000 		.4byte	.LASF38
 488 02ca 08       		.byte	0x8
 489 02cb 18       		.byte	0x18
 490 02cc 13       		.uleb128 0x13
 491 02cd AC000000 		.4byte	0xac
 492 02d1 00       		.byte	0
 493 02d2 00       		.byte	0
 494              		.section	.debug_abbrev,"",%progbits
 495              	.Ldebug_abbrev0:
 496 0000 01       		.uleb128 0x1
 497 0001 11       		.uleb128 0x11
 498 0002 01       		.byte	0x1
 499 0003 25       		.uleb128 0x25
 500 0004 0E       		.uleb128 0xe
 501 0005 13       		.uleb128 0x13
 502 0006 0B       		.uleb128 0xb
 503 0007 03       		.uleb128 0x3
 504 0008 0E       		.uleb128 0xe
 505 0009 1B       		.uleb128 0x1b
 506 000a 0E       		.uleb128 0xe
 507 000b 55       		.uleb128 0x55
 508 000c 17       		.uleb128 0x17
 509 000d 11       		.uleb128 0x11
 510 000e 01       		.uleb128 0x1
 511 000f 10       		.uleb128 0x10
 512 0010 17       		.uleb128 0x17
 513 0011 00       		.byte	0
 514 0012 00       		.byte	0
 515 0013 02       		.uleb128 0x2
 516 0014 24       		.uleb128 0x24
 517 0015 00       		.byte	0
 518 0016 0B       		.uleb128 0xb
 519 0017 0B       		.uleb128 0xb
 520 0018 3E       		.uleb128 0x3e
 521 0019 0B       		.uleb128 0xb
 522 001a 03       		.uleb128 0x3
 523 001b 0E       		.uleb128 0xe
 524 001c 00       		.byte	0
 525 001d 00       		.byte	0
 526 001e 03       		.uleb128 0x3
ARM GAS  C:\Users\xavieran\AppData\Local\Temp\cchDubsT.s 			page 11


 527 001f 16       		.uleb128 0x16
 528 0020 00       		.byte	0
 529 0021 03       		.uleb128 0x3
 530 0022 0E       		.uleb128 0xe
 531 0023 3A       		.uleb128 0x3a
 532 0024 0B       		.uleb128 0xb
 533 0025 3B       		.uleb128 0x3b
 534 0026 0B       		.uleb128 0xb
 535 0027 49       		.uleb128 0x49
 536 0028 13       		.uleb128 0x13
 537 0029 00       		.byte	0
 538 002a 00       		.byte	0
 539 002b 04       		.uleb128 0x4
 540 002c 24       		.uleb128 0x24
 541 002d 00       		.byte	0
 542 002e 0B       		.uleb128 0xb
 543 002f 0B       		.uleb128 0xb
 544 0030 3E       		.uleb128 0x3e
 545 0031 0B       		.uleb128 0xb
 546 0032 03       		.uleb128 0x3
 547 0033 08       		.uleb128 0x8
 548 0034 00       		.byte	0
 549 0035 00       		.byte	0
 550 0036 05       		.uleb128 0x5
 551 0037 16       		.uleb128 0x16
 552 0038 00       		.byte	0
 553 0039 03       		.uleb128 0x3
 554 003a 0E       		.uleb128 0xe
 555 003b 3A       		.uleb128 0x3a
 556 003c 0B       		.uleb128 0xb
 557 003d 3B       		.uleb128 0x3b
 558 003e 05       		.uleb128 0x5
 559 003f 49       		.uleb128 0x49
 560 0040 13       		.uleb128 0x13
 561 0041 00       		.byte	0
 562 0042 00       		.byte	0
 563 0043 06       		.uleb128 0x6
 564 0044 0F       		.uleb128 0xf
 565 0045 00       		.byte	0
 566 0046 0B       		.uleb128 0xb
 567 0047 0B       		.uleb128 0xb
 568 0048 49       		.uleb128 0x49
 569 0049 13       		.uleb128 0x13
 570 004a 00       		.byte	0
 571 004b 00       		.byte	0
 572 004c 07       		.uleb128 0x7
 573 004d 15       		.uleb128 0x15
 574 004e 00       		.byte	0
 575 004f 27       		.uleb128 0x27
 576 0050 19       		.uleb128 0x19
 577 0051 00       		.byte	0
 578 0052 00       		.byte	0
 579 0053 08       		.uleb128 0x8
 580 0054 2E       		.uleb128 0x2e
 581 0055 01       		.byte	0x1
 582 0056 3F       		.uleb128 0x3f
 583 0057 19       		.uleb128 0x19
ARM GAS  C:\Users\xavieran\AppData\Local\Temp\cchDubsT.s 			page 12


 584 0058 03       		.uleb128 0x3
 585 0059 0E       		.uleb128 0xe
 586 005a 3A       		.uleb128 0x3a
 587 005b 0B       		.uleb128 0xb
 588 005c 3B       		.uleb128 0x3b
 589 005d 0B       		.uleb128 0xb
 590 005e 11       		.uleb128 0x11
 591 005f 01       		.uleb128 0x1
 592 0060 12       		.uleb128 0x12
 593 0061 06       		.uleb128 0x6
 594 0062 40       		.uleb128 0x40
 595 0063 18       		.uleb128 0x18
 596 0064 9742     		.uleb128 0x2117
 597 0066 19       		.uleb128 0x19
 598 0067 01       		.uleb128 0x1
 599 0068 13       		.uleb128 0x13
 600 0069 00       		.byte	0
 601 006a 00       		.byte	0
 602 006b 09       		.uleb128 0x9
 603 006c 898201   		.uleb128 0x4109
 604 006f 00       		.byte	0
 605 0070 11       		.uleb128 0x11
 606 0071 01       		.uleb128 0x1
 607 0072 31       		.uleb128 0x31
 608 0073 13       		.uleb128 0x13
 609 0074 00       		.byte	0
 610 0075 00       		.byte	0
 611 0076 0A       		.uleb128 0xa
 612 0077 898201   		.uleb128 0x4109
 613 007a 01       		.byte	0x1
 614 007b 11       		.uleb128 0x11
 615 007c 01       		.uleb128 0x1
 616 007d 31       		.uleb128 0x31
 617 007e 13       		.uleb128 0x13
 618 007f 01       		.uleb128 0x1
 619 0080 13       		.uleb128 0x13
 620 0081 00       		.byte	0
 621 0082 00       		.byte	0
 622 0083 0B       		.uleb128 0xb
 623 0084 8A8201   		.uleb128 0x410a
 624 0087 00       		.byte	0
 625 0088 02       		.uleb128 0x2
 626 0089 18       		.uleb128 0x18
 627 008a 9142     		.uleb128 0x2111
 628 008c 18       		.uleb128 0x18
 629 008d 00       		.byte	0
 630 008e 00       		.byte	0
 631 008f 0C       		.uleb128 0xc
 632 0090 34       		.uleb128 0x34
 633 0091 00       		.byte	0
 634 0092 03       		.uleb128 0x3
 635 0093 0E       		.uleb128 0xe
 636 0094 3A       		.uleb128 0x3a
 637 0095 0B       		.uleb128 0xb
 638 0096 3B       		.uleb128 0x3b
 639 0097 05       		.uleb128 0x5
 640 0098 49       		.uleb128 0x49
ARM GAS  C:\Users\xavieran\AppData\Local\Temp\cchDubsT.s 			page 13


 641 0099 13       		.uleb128 0x13
 642 009a 3F       		.uleb128 0x3f
 643 009b 19       		.uleb128 0x19
 644 009c 3C       		.uleb128 0x3c
 645 009d 19       		.uleb128 0x19
 646 009e 00       		.byte	0
 647 009f 00       		.byte	0
 648 00a0 0D       		.uleb128 0xd
 649 00a1 35       		.uleb128 0x35
 650 00a2 00       		.byte	0
 651 00a3 49       		.uleb128 0x49
 652 00a4 13       		.uleb128 0x13
 653 00a5 00       		.byte	0
 654 00a6 00       		.byte	0
 655 00a7 0E       		.uleb128 0xe
 656 00a8 01       		.uleb128 0x1
 657 00a9 01       		.byte	0x1
 658 00aa 49       		.uleb128 0x49
 659 00ab 13       		.uleb128 0x13
 660 00ac 01       		.uleb128 0x1
 661 00ad 13       		.uleb128 0x13
 662 00ae 00       		.byte	0
 663 00af 00       		.byte	0
 664 00b0 0F       		.uleb128 0xf
 665 00b1 21       		.uleb128 0x21
 666 00b2 00       		.byte	0
 667 00b3 49       		.uleb128 0x49
 668 00b4 13       		.uleb128 0x13
 669 00b5 2F       		.uleb128 0x2f
 670 00b6 0B       		.uleb128 0xb
 671 00b7 00       		.byte	0
 672 00b8 00       		.byte	0
 673 00b9 10       		.uleb128 0x10
 674 00ba 34       		.uleb128 0x34
 675 00bb 00       		.byte	0
 676 00bc 03       		.uleb128 0x3
 677 00bd 0E       		.uleb128 0xe
 678 00be 3A       		.uleb128 0x3a
 679 00bf 0B       		.uleb128 0xb
 680 00c0 3B       		.uleb128 0x3b
 681 00c1 0B       		.uleb128 0xb
 682 00c2 49       		.uleb128 0x49
 683 00c3 13       		.uleb128 0x13
 684 00c4 3F       		.uleb128 0x3f
 685 00c5 19       		.uleb128 0x19
 686 00c6 02       		.uleb128 0x2
 687 00c7 18       		.uleb128 0x18
 688 00c8 00       		.byte	0
 689 00c9 00       		.byte	0
 690 00ca 11       		.uleb128 0x11
 691 00cb 2E       		.uleb128 0x2e
 692 00cc 00       		.byte	0
 693 00cd 3F       		.uleb128 0x3f
 694 00ce 19       		.uleb128 0x19
 695 00cf 03       		.uleb128 0x3
 696 00d0 0E       		.uleb128 0xe
 697 00d1 3A       		.uleb128 0x3a
ARM GAS  C:\Users\xavieran\AppData\Local\Temp\cchDubsT.s 			page 14


 698 00d2 0B       		.uleb128 0xb
 699 00d3 3B       		.uleb128 0x3b
 700 00d4 0B       		.uleb128 0xb
 701 00d5 27       		.uleb128 0x27
 702 00d6 19       		.uleb128 0x19
 703 00d7 3C       		.uleb128 0x3c
 704 00d8 19       		.uleb128 0x19
 705 00d9 00       		.byte	0
 706 00da 00       		.byte	0
 707 00db 12       		.uleb128 0x12
 708 00dc 2E       		.uleb128 0x2e
 709 00dd 01       		.byte	0x1
 710 00de 3F       		.uleb128 0x3f
 711 00df 19       		.uleb128 0x19
 712 00e0 03       		.uleb128 0x3
 713 00e1 0E       		.uleb128 0xe
 714 00e2 3A       		.uleb128 0x3a
 715 00e3 0B       		.uleb128 0xb
 716 00e4 3B       		.uleb128 0x3b
 717 00e5 0B       		.uleb128 0xb
 718 00e6 27       		.uleb128 0x27
 719 00e7 19       		.uleb128 0x19
 720 00e8 3C       		.uleb128 0x3c
 721 00e9 19       		.uleb128 0x19
 722 00ea 01       		.uleb128 0x1
 723 00eb 13       		.uleb128 0x13
 724 00ec 00       		.byte	0
 725 00ed 00       		.byte	0
 726 00ee 13       		.uleb128 0x13
 727 00ef 05       		.uleb128 0x5
 728 00f0 00       		.byte	0
 729 00f1 49       		.uleb128 0x49
 730 00f2 13       		.uleb128 0x13
 731 00f3 00       		.byte	0
 732 00f4 00       		.byte	0
 733 00f5 14       		.uleb128 0x14
 734 00f6 26       		.uleb128 0x26
 735 00f7 00       		.byte	0
 736 00f8 49       		.uleb128 0x49
 737 00f9 13       		.uleb128 0x13
 738 00fa 00       		.byte	0
 739 00fb 00       		.byte	0
 740 00fc 15       		.uleb128 0x15
 741 00fd 2E       		.uleb128 0x2e
 742 00fe 00       		.byte	0
 743 00ff 3F       		.uleb128 0x3f
 744 0100 19       		.uleb128 0x19
 745 0101 03       		.uleb128 0x3
 746 0102 0E       		.uleb128 0xe
 747 0103 3A       		.uleb128 0x3a
 748 0104 0B       		.uleb128 0xb
 749 0105 3B       		.uleb128 0x3b
 750 0106 0B       		.uleb128 0xb
 751 0107 27       		.uleb128 0x27
 752 0108 19       		.uleb128 0x19
 753 0109 49       		.uleb128 0x49
 754 010a 13       		.uleb128 0x13
ARM GAS  C:\Users\xavieran\AppData\Local\Temp\cchDubsT.s 			page 15


 755 010b 3C       		.uleb128 0x3c
 756 010c 19       		.uleb128 0x19
 757 010d 00       		.byte	0
 758 010e 00       		.byte	0
 759 010f 16       		.uleb128 0x16
 760 0110 2E       		.uleb128 0x2e
 761 0111 01       		.byte	0x1
 762 0112 3F       		.uleb128 0x3f
 763 0113 19       		.uleb128 0x19
 764 0114 03       		.uleb128 0x3
 765 0115 0E       		.uleb128 0xe
 766 0116 3A       		.uleb128 0x3a
 767 0117 0B       		.uleb128 0xb
 768 0118 3B       		.uleb128 0x3b
 769 0119 0B       		.uleb128 0xb
 770 011a 27       		.uleb128 0x27
 771 011b 19       		.uleb128 0x19
 772 011c 3C       		.uleb128 0x3c
 773 011d 19       		.uleb128 0x19
 774 011e 00       		.byte	0
 775 011f 00       		.byte	0
 776 0120 00       		.byte	0
 777              		.section	.debug_aranges,"",%progbits
 778 0000 24000000 		.4byte	0x24
 779 0004 0200     		.2byte	0x2
 780 0006 00000000 		.4byte	.Ldebug_info0
 781 000a 04       		.byte	0x4
 782 000b 00       		.byte	0
 783 000c 0000     		.2byte	0
 784 000e 0000     		.2byte	0
 785 0010 00000000 		.4byte	.LFB63
 786 0014 68000000 		.4byte	.LFE63-.LFB63
 787 0018 00000000 		.4byte	.LFB64
 788 001c 0C000000 		.4byte	.LFE64-.LFB64
 789 0020 00000000 		.4byte	0
 790 0024 00000000 		.4byte	0
 791              		.section	.debug_ranges,"",%progbits
 792              	.Ldebug_ranges0:
 793 0000 00000000 		.4byte	.LFB63
 794 0004 68000000 		.4byte	.LFE63
 795 0008 00000000 		.4byte	.LFB64
 796 000c 0C000000 		.4byte	.LFE64
 797 0010 00000000 		.4byte	0
 798 0014 00000000 		.4byte	0
 799              		.section	.debug_line,"",%progbits
 800              	.Ldebug_line0:
 801 0000 E8010000 		.section	.debug_str,"MS",%progbits,1
 801      0200B401 
 801      00000201 
 801      FB0E0D00 
 801      01010101 
 802              	.LASF32:
 803 0000 73636C6B 		.ascii	"sclk_a_isr_SetPriority\000"
 803      5F615F69 
 803      73725F53 
 803      65745072 
 803      696F7269 
ARM GAS  C:\Users\xavieran\AppData\Local\Temp\cchDubsT.s 			page 16


 804              	.LASF38:
 805 0017 73636C6B 		.ascii	"sclk_b_isr_StartEx\000"
 805      5F625F69 
 805      73725F53 
 805      74617274 
 805      457800
 806              	.LASF36:
 807 002a 2E5C6D69 		.ascii	".\\mice.c\000"
 807      63652E63 
 807      00
 808              	.LASF9:
 809 0033 5F5F696E 		.ascii	"__int32_t\000"
 809      7433325F 
 809      7400
 810              	.LASF21:
 811 003d 43616D65 		.ascii	"Camera_framebuffer\000"
 811      72615F66 
 811      72616D65 
 811      62756666 
 811      657200
 812              	.LASF10:
 813 0050 696E7433 		.ascii	"int32_t\000"
 813      325F7400 
 814              	.LASF12:
 815 0058 666C6F61 		.ascii	"float\000"
 815      7400
 816              	.LASF34:
 817 005e 73636C6B 		.ascii	"sclk_a_isr_StartEx\000"
 817      5F615F69 
 817      73725F53 
 817      74617274 
 817      457800
 818              	.LASF1:
 819 0071 756E7369 		.ascii	"unsigned char\000"
 819      676E6564 
 819      20636861 
 819      7200
 820              	.LASF23:
 821 007f 73636C6B 		.ascii	"sclk_b_isr_Stop\000"
 821      5F625F69 
 821      73725F53 
 821      746F7000 
 822              	.LASF14:
 823 008f 63686172 		.ascii	"char8\000"
 823      3800
 824              	.LASF19:
 825 0095 73746F70 		.ascii	"stop_mice\000"
 825      5F6D6963 
 825      6500
 826              	.LASF5:
 827 009f 6C6F6E67 		.ascii	"long unsigned int\000"
 827      20756E73 
 827      69676E65 
 827      6420696E 
 827      7400
 828              	.LASF3:
 829 00b1 73686F72 		.ascii	"short unsigned int\000"
ARM GAS  C:\Users\xavieran\AppData\Local\Temp\cchDubsT.s 			page 17


 829      7420756E 
 829      7369676E 
 829      65642069 
 829      6E7400
 830              	.LASF20:
 831 00c4 49544D5F 		.ascii	"ITM_RxBuffer\000"
 831      52784275 
 831      66666572 
 831      00
 832              	.LASF26:
 833 00d1 6D6F7573 		.ascii	"mouse_a_init\000"
 833      655F615F 
 833      696E6974 
 833      00
 834              	.LASF13:
 835 00de 646F7562 		.ascii	"double\000"
 835      6C6500
 836              	.LASF22:
 837 00e5 73636C6B 		.ascii	"sclk_a_isr_Stop\000"
 837      5F615F69 
 837      73725F53 
 837      746F7000 
 838              	.LASF25:
 839 00f5 4C43445F 		.ascii	"LCD_PrintString\000"
 839      5072696E 
 839      74537472 
 839      696E6700 
 840              	.LASF18:
 841 0105 73746172 		.ascii	"start_mice\000"
 841      745F6D69 
 841      636500
 842              	.LASF8:
 843 0110 756E7369 		.ascii	"unsigned int\000"
 843      676E6564 
 843      20696E74 
 843      00
 844              	.LASF37:
 845 011d 433A5C55 		.ascii	"C:\\Users\\xavieran\\Desktop\\ECE3091\\PSOCProjects"
 845      73657273 
 845      5C786176 
 845      69657261 
 845      6E5C4465 
 846 014b 5C454E47 		.ascii	"\\ENG3091_MandM\\ENG3091_MandM.cydsn\000"
 846      33303931 
 846      5F4D616E 
 846      644D5C45 
 846      4E473330 
 847              	.LASF30:
 848 016e 53434C4B 		.ascii	"SCLK_A_ClearInterrupt\000"
 848      5F415F43 
 848      6C656172 
 848      496E7465 
 848      72727570 
 849              	.LASF7:
 850 0184 6C6F6E67 		.ascii	"long long unsigned int\000"
 850      206C6F6E 
 850      6720756E 
ARM GAS  C:\Users\xavieran\AppData\Local\Temp\cchDubsT.s 			page 18


 850      7369676E 
 850      65642069 
 851              	.LASF24:
 852 019b 4C43445F 		.ascii	"LCD_Position\000"
 852      506F7369 
 852      74696F6E 
 852      00
 853              	.LASF33:
 854 01a8 73636C6B 		.ascii	"sclk_b_isr_SetPriority\000"
 854      5F625F69 
 854      73725F53 
 854      65745072 
 854      696F7269 
 855              	.LASF16:
 856 01bf 63796973 		.ascii	"cyisraddress\000"
 856      72616464 
 856      72657373 
 856      00
 857              	.LASF35:
 858 01cc 474E5520 		.ascii	"GNU C 4.8.4 20140526 (release) [ARM/embedded-4_8-br"
 858      4320342E 
 858      382E3420 
 858      32303134 
 858      30353236 
 859 01ff 616E6368 		.ascii	"anch revision 211358] -mcpu=cortex-m3 -mthumb -g -O"
 859      20726576 
 859      6973696F 
 859      6E203231 
 859      31333538 
 860 0232 67202D66 		.ascii	"g -ffunction-sections\000"
 860      66756E63 
 860      74696F6E 
 860      2D736563 
 860      74696F6E 
 861              	.LASF17:
 862 0248 73697A65 		.ascii	"sizetype\000"
 862      74797065 
 862      00
 863              	.LASF28:
 864 0251 72657365 		.ascii	"reset_sclk_a_isr\000"
 864      745F7363 
 864      6C6B5F61 
 864      5F697372 
 864      00
 865              	.LASF6:
 866 0262 6C6F6E67 		.ascii	"long long int\000"
 866      206C6F6E 
 866      6720696E 
 866      7400
 867              	.LASF15:
 868 0270 63686172 		.ascii	"char\000"
 868      00
 869              	.LASF31:
 870 0275 53434C4B 		.ascii	"SCLK_B_ClearInterrupt\000"
 870      5F425F43 
 870      6C656172 
 870      496E7465 
ARM GAS  C:\Users\xavieran\AppData\Local\Temp\cchDubsT.s 			page 19


 870      72727570 
 871              	.LASF27:
 872 028b 6D6F7573 		.ascii	"mouse_b_init\000"
 872      655F625F 
 872      696E6974 
 872      00
 873              	.LASF2:
 874 0298 73686F72 		.ascii	"short int\000"
 874      7420696E 
 874      7400
 875              	.LASF11:
 876 02a2 75696E74 		.ascii	"uint8\000"
 876      3800
 877              	.LASF4:
 878 02a8 6C6F6E67 		.ascii	"long int\000"
 878      20696E74 
 878      00
 879              	.LASF0:
 880 02b1 7369676E 		.ascii	"signed char\000"
 880      65642063 
 880      68617200 
 881              	.LASF29:
 882 02bd 72657365 		.ascii	"reset_sclk_b_isr\000"
 882      745F7363 
 882      6C6B5F62 
 882      5F697372 
 882      00
 883              		.ident	"GCC: (GNU Tools for ARM Embedded Processors) 4.8.4 20140526 (release) [ARM/embedded-4_8-br
