ARM GAS  C:\Users\xavieran\AppData\Local\Temp\ccGKnH1n.s 			page 1


   1              		.syntax unified
   2              		.cpu cortex-m3
   3              		.fpu softvfp
   4              		.eabi_attribute 20, 1
   5              		.eabi_attribute 21, 1
   6              		.eabi_attribute 23, 3
   7              		.eabi_attribute 24, 1
   8              		.eabi_attribute 25, 1
   9              		.eabi_attribute 26, 1
  10              		.eabi_attribute 30, 1
  11              		.eabi_attribute 34, 1
  12              		.eabi_attribute 18, 4
  13              		.thumb
  14              		.file	"motor.c"
  15              		.text
  16              	.Ltext0:
  17              		.cfi_sections	.debug_frame
  18              		.section	.text.start_motors,"ax",%progbits
  19              		.align	2
  20              		.global	start_motors
  21              		.thumb
  22              		.thumb_func
  23              		.type	start_motors, %function
  24              	start_motors:
  25              	.LFB63:
  26              		.file 1 ".\\motor.c"
   1:.\motor.c     **** /* ========================================
   2:.\motor.c     ****  *
   3:.\motor.c     ****  * Copyright YOUR COMPANY, THE YEAR
   4:.\motor.c     ****  * All Rights Reserved
   5:.\motor.c     ****  * UNPUBLISHED, LICENSED SOFTWARE.
   6:.\motor.c     ****  *
   7:.\motor.c     ****  * CONFIDENTIAL AND PROPRIETARY INFORMATION
   8:.\motor.c     ****  * WHICH IS THE PROPERTY OF your company.
   9:.\motor.c     ****  *
  10:.\motor.c     ****  * ========================================
  11:.\motor.c     **** */
  12:.\motor.c     **** 
  13:.\motor.c     **** #include <project.h>
  14:.\motor.c     **** #include <motor.h>
  15:.\motor.c     **** #include <navigation.h>
  16:.\motor.c     **** 
  17:.\motor.c     **** void start_motors(){
  27              		.loc 1 17 0
  28              		.cfi_startproc
  29              		@ args = 0, pretend = 0, frame = 0
  30              		@ frame_needed = 0, uses_anonymous_args = 0
  31 0000 08B5     		push	{r3, lr}
  32              		.cfi_def_cfa_offset 8
  33              		.cfi_offset 3, -8
  34              		.cfi_offset 14, -4
  18:.\motor.c     ****     /* Initialize the motor controller */
  19:.\motor.c     ****     MOTOR_L_Start();
  35              		.loc 1 19 0
  36 0002 FFF7FEFF 		bl	MOTOR_L_Start
  37              	.LVL0:
  20:.\motor.c     ****     MLIN1_Write(0);
ARM GAS  C:\Users\xavieran\AppData\Local\Temp\ccGKnH1n.s 			page 2


  38              		.loc 1 20 0
  39 0006 0020     		movs	r0, #0
  40 0008 FFF7FEFF 		bl	MLIN1_Write
  41              	.LVL1:
  21:.\motor.c     ****     MLIN2_Write(0);
  42              		.loc 1 21 0
  43 000c 0020     		movs	r0, #0
  44 000e FFF7FEFF 		bl	MLIN2_Write
  45              	.LVL2:
  22:.\motor.c     ****     MOTOR_L_WriteCompare(0);
  46              		.loc 1 22 0
  47 0012 0020     		movs	r0, #0
  48 0014 FFF7FEFF 		bl	MOTOR_L_WriteCompare
  49              	.LVL3:
  23:.\motor.c     ****        
  24:.\motor.c     ****     MOTOR_R_Start();
  50              		.loc 1 24 0
  51 0018 FFF7FEFF 		bl	MOTOR_R_Start
  52              	.LVL4:
  25:.\motor.c     ****     MRIN1_Write(0);
  53              		.loc 1 25 0
  54 001c 0020     		movs	r0, #0
  55 001e FFF7FEFF 		bl	MRIN1_Write
  56              	.LVL5:
  26:.\motor.c     ****     MRIN2_Write(0);
  57              		.loc 1 26 0
  58 0022 0020     		movs	r0, #0
  59 0024 FFF7FEFF 		bl	MRIN2_Write
  60              	.LVL6:
  27:.\motor.c     ****     MOTOR_R_WriteCompare(0);
  61              		.loc 1 27 0
  62 0028 0020     		movs	r0, #0
  63 002a FFF7FEFF 		bl	MOTOR_R_WriteCompare
  64              	.LVL7:
  65 002e 08BD     		pop	{r3, pc}
  66              		.cfi_endproc
  67              	.LFE63:
  68              		.size	start_motors, .-start_motors
  69              		.section	.text.refresh_motor,"ax",%progbits
  70              		.align	2
  71              		.global	refresh_motor
  72              		.thumb
  73              		.thumb_func
  74              		.type	refresh_motor, %function
  75              	refresh_motor:
  76              	.LFB66:
  28:.\motor.c     **** }
  29:.\motor.c     **** 
  30:.\motor.c     **** void setRightRotate(){
  31:.\motor.c     ****     setForward(MLEFT);
  32:.\motor.c     ****     setReverse(MRIGHT);
  33:.\motor.c     **** }
  34:.\motor.c     **** 
  35:.\motor.c     **** void setLeftRotate(){
  36:.\motor.c     ****     setForward(MRIGHT);
  37:.\motor.c     ****     setReverse(MLEFT);
  38:.\motor.c     **** }
ARM GAS  C:\Users\xavieran\AppData\Local\Temp\ccGKnH1n.s 			page 3


  39:.\motor.c     **** 
  40:.\motor.c     **** int32 motor_time;
  41:.\motor.c     **** /* Call this every time throught the main loop */
  42:.\motor.c     **** //extern volatile Position location;
  43:.\motor.c     **** void refresh_motor(int32 delta){
  77              		.loc 1 43 0
  78              		.cfi_startproc
  79              		@ args = 0, pretend = 0, frame = 0
  80              		@ frame_needed = 0, uses_anonymous_args = 0
  81              		@ link register save eliminated.
  82              	.LVL8:
  83 0000 7047     		bx	lr
  84              		.cfi_endproc
  85              	.LFE66:
  86              		.size	refresh_motor, .-refresh_motor
  87 0002 00BF     		.section	.text.setSpeed,"ax",%progbits
  88              		.align	2
  89              		.global	setSpeed
  90              		.thumb
  91              		.thumb_func
  92              		.type	setSpeed, %function
  93              	setSpeed:
  94              	.LFB67:
  44:.\motor.c     ****     ;
  45:.\motor.c     **** }
  46:.\motor.c     **** 
  47:.\motor.c     **** void setSpeed(uint8 motor, uint8 speed){
  95              		.loc 1 47 0
  96              		.cfi_startproc
  97              		@ args = 0, pretend = 0, frame = 0
  98              		@ frame_needed = 0, uses_anonymous_args = 0
  99              	.LVL9:
 100              		.loc 1 47 0
 101 0000 38B5     		push	{r3, r4, r5, lr}
 102              		.cfi_def_cfa_offset 16
 103              		.cfi_offset 3, -16
 104              		.cfi_offset 4, -12
 105              		.cfi_offset 5, -8
 106              		.cfi_offset 14, -4
 107 0002 0446     		mov	r4, r0
 108 0004 0D46     		mov	r5, r1
  48:.\motor.c     ****     /* Set bit 1 of motor to select motor 1 
  49:.\motor.c     ****      * Set bit 2 of motor to select motor 2
  50:.\motor.c     ****      */
  51:.\motor.c     ****     if (motor & MLEFT){
 109              		.loc 1 51 0
 110 0006 10F0010F 		tst	r0, #1
 111 000a 02D0     		beq	.L4
  52:.\motor.c     ****         MOTOR_L_WriteCompare(speed);
 112              		.loc 1 52 0
 113 000c 0846     		mov	r0, r1
 114              	.LVL10:
 115 000e FFF7FEFF 		bl	MOTOR_L_WriteCompare
 116              	.LVL11:
 117              	.L4:
  53:.\motor.c     ****     }
  54:.\motor.c     ****     
ARM GAS  C:\Users\xavieran\AppData\Local\Temp\ccGKnH1n.s 			page 4


  55:.\motor.c     ****     if (motor & MRIGHT){
 118              		.loc 1 55 0
 119 0012 14F0020F 		tst	r4, #2
 120 0016 02D0     		beq	.L3
  56:.\motor.c     ****         MOTOR_R_WriteCompare(speed);
 121              		.loc 1 56 0
 122 0018 2846     		mov	r0, r5
 123 001a FFF7FEFF 		bl	MOTOR_R_WriteCompare
 124              	.LVL12:
 125              	.L3:
 126 001e 38BD     		pop	{r3, r4, r5, pc}
 127              		.cfi_endproc
 128              	.LFE67:
 129              		.size	setSpeed, .-setSpeed
 130              		.section	.text.setCoast,"ax",%progbits
 131              		.align	2
 132              		.global	setCoast
 133              		.thumb
 134              		.thumb_func
 135              		.type	setCoast, %function
 136              	setCoast:
 137              	.LFB68:
  57:.\motor.c     ****     }
  58:.\motor.c     **** }
  59:.\motor.c     **** 
  60:.\motor.c     **** void setCoast(uint8 motor){
 138              		.loc 1 60 0
 139              		.cfi_startproc
 140              		@ args = 0, pretend = 0, frame = 0
 141              		@ frame_needed = 0, uses_anonymous_args = 0
 142              	.LVL13:
 143 0000 10B5     		push	{r4, lr}
 144              		.cfi_def_cfa_offset 8
 145              		.cfi_offset 4, -8
 146              		.cfi_offset 14, -4
 147 0002 0446     		mov	r4, r0
  61:.\motor.c     ****         if (motor & MLEFT){
 148              		.loc 1 61 0
 149 0004 10F0010F 		tst	r0, #1
 150 0008 05D0     		beq	.L7
  62:.\motor.c     ****         MLIN1_Write(0);
 151              		.loc 1 62 0
 152 000a 0020     		movs	r0, #0
 153              	.LVL14:
 154 000c FFF7FEFF 		bl	MLIN1_Write
 155              	.LVL15:
  63:.\motor.c     ****         MLIN2_Write(0);
 156              		.loc 1 63 0
 157 0010 0020     		movs	r0, #0
 158 0012 FFF7FEFF 		bl	MLIN2_Write
 159              	.LVL16:
 160              	.L7:
  64:.\motor.c     ****     }
  65:.\motor.c     ****     
  66:.\motor.c     ****     if (motor & MRIGHT){
 161              		.loc 1 66 0
 162 0016 14F0020F 		tst	r4, #2
ARM GAS  C:\Users\xavieran\AppData\Local\Temp\ccGKnH1n.s 			page 5


 163 001a 05D0     		beq	.L6
  67:.\motor.c     ****         MRIN1_Write(0);
 164              		.loc 1 67 0
 165 001c 0020     		movs	r0, #0
 166 001e FFF7FEFF 		bl	MRIN1_Write
 167              	.LVL17:
  68:.\motor.c     ****         MRIN2_Write(0);
 168              		.loc 1 68 0
 169 0022 0020     		movs	r0, #0
 170 0024 FFF7FEFF 		bl	MRIN2_Write
 171              	.LVL18:
 172              	.L6:
 173 0028 10BD     		pop	{r4, pc}
 174              		.cfi_endproc
 175              	.LFE68:
 176              		.size	setCoast, .-setCoast
 177 002a 00BF     		.section	.text.setForward,"ax",%progbits
 178              		.align	2
 179              		.global	setForward
 180              		.thumb
 181              		.thumb_func
 182              		.type	setForward, %function
 183              	setForward:
 184              	.LFB69:
  69:.\motor.c     ****     }
  70:.\motor.c     **** }
  71:.\motor.c     **** 
  72:.\motor.c     **** void setForward(uint8 motor){
 185              		.loc 1 72 0
 186              		.cfi_startproc
 187              		@ args = 0, pretend = 0, frame = 0
 188              		@ frame_needed = 0, uses_anonymous_args = 0
 189              	.LVL19:
 190 0000 10B5     		push	{r4, lr}
 191              		.cfi_def_cfa_offset 8
 192              		.cfi_offset 4, -8
 193              		.cfi_offset 14, -4
 194 0002 0446     		mov	r4, r0
  73:.\motor.c     ****     if (motor & MLEFT){
 195              		.loc 1 73 0
 196 0004 10F0010F 		tst	r0, #1
 197 0008 05D0     		beq	.L10
  74:.\motor.c     ****         MLIN1_Write(1);
 198              		.loc 1 74 0
 199 000a 0120     		movs	r0, #1
 200              	.LVL20:
 201 000c FFF7FEFF 		bl	MLIN1_Write
 202              	.LVL21:
  75:.\motor.c     ****         MLIN2_Write(0);
 203              		.loc 1 75 0
 204 0010 0020     		movs	r0, #0
 205 0012 FFF7FEFF 		bl	MLIN2_Write
 206              	.LVL22:
 207              	.L10:
  76:.\motor.c     ****     }
  77:.\motor.c     ****     
  78:.\motor.c     ****     if (motor & MRIGHT){
ARM GAS  C:\Users\xavieran\AppData\Local\Temp\ccGKnH1n.s 			page 6


 208              		.loc 1 78 0
 209 0016 14F0020F 		tst	r4, #2
 210 001a 05D0     		beq	.L9
  79:.\motor.c     ****         MRIN1_Write(1);
 211              		.loc 1 79 0
 212 001c 0120     		movs	r0, #1
 213 001e FFF7FEFF 		bl	MRIN1_Write
 214              	.LVL23:
  80:.\motor.c     ****         MRIN2_Write(0);
 215              		.loc 1 80 0
 216 0022 0020     		movs	r0, #0
 217 0024 FFF7FEFF 		bl	MRIN2_Write
 218              	.LVL24:
 219              	.L9:
 220 0028 10BD     		pop	{r4, pc}
 221              		.cfi_endproc
 222              	.LFE69:
 223              		.size	setForward, .-setForward
 224 002a 00BF     		.section	.text.setReverse,"ax",%progbits
 225              		.align	2
 226              		.global	setReverse
 227              		.thumb
 228              		.thumb_func
 229              		.type	setReverse, %function
 230              	setReverse:
 231              	.LFB70:
  81:.\motor.c     ****     }
  82:.\motor.c     **** }
  83:.\motor.c     **** 
  84:.\motor.c     **** void setReverse(uint8 motor){
 232              		.loc 1 84 0
 233              		.cfi_startproc
 234              		@ args = 0, pretend = 0, frame = 0
 235              		@ frame_needed = 0, uses_anonymous_args = 0
 236              	.LVL25:
 237 0000 10B5     		push	{r4, lr}
 238              		.cfi_def_cfa_offset 8
 239              		.cfi_offset 4, -8
 240              		.cfi_offset 14, -4
 241 0002 0446     		mov	r4, r0
  85:.\motor.c     ****     if (motor & MLEFT){
 242              		.loc 1 85 0
 243 0004 10F0010F 		tst	r0, #1
 244 0008 05D0     		beq	.L13
  86:.\motor.c     ****         MLIN1_Write(0);
 245              		.loc 1 86 0
 246 000a 0020     		movs	r0, #0
 247              	.LVL26:
 248 000c FFF7FEFF 		bl	MLIN1_Write
 249              	.LVL27:
  87:.\motor.c     ****         MLIN2_Write(1);
 250              		.loc 1 87 0
 251 0010 0120     		movs	r0, #1
 252 0012 FFF7FEFF 		bl	MLIN2_Write
 253              	.LVL28:
 254              	.L13:
  88:.\motor.c     ****     }
ARM GAS  C:\Users\xavieran\AppData\Local\Temp\ccGKnH1n.s 			page 7


  89:.\motor.c     ****     
  90:.\motor.c     ****     if (motor & MRIGHT){
 255              		.loc 1 90 0
 256 0016 14F0020F 		tst	r4, #2
 257 001a 05D0     		beq	.L12
  91:.\motor.c     ****         MRIN1_Write(0);
 258              		.loc 1 91 0
 259 001c 0020     		movs	r0, #0
 260 001e FFF7FEFF 		bl	MRIN1_Write
 261              	.LVL29:
  92:.\motor.c     ****         MRIN2_Write(1);
 262              		.loc 1 92 0
 263 0022 0120     		movs	r0, #1
 264 0024 FFF7FEFF 		bl	MRIN2_Write
 265              	.LVL30:
 266              	.L12:
 267 0028 10BD     		pop	{r4, pc}
 268              		.cfi_endproc
 269              	.LFE70:
 270              		.size	setReverse, .-setReverse
 271 002a 00BF     		.section	.text.setRightRotate,"ax",%progbits
 272              		.align	2
 273              		.global	setRightRotate
 274              		.thumb
 275              		.thumb_func
 276              		.type	setRightRotate, %function
 277              	setRightRotate:
 278              	.LFB64:
  30:.\motor.c     **** void setRightRotate(){
 279              		.loc 1 30 0
 280              		.cfi_startproc
 281              		@ args = 0, pretend = 0, frame = 0
 282              		@ frame_needed = 0, uses_anonymous_args = 0
 283 0000 08B5     		push	{r3, lr}
 284              		.cfi_def_cfa_offset 8
 285              		.cfi_offset 3, -8
 286              		.cfi_offset 14, -4
  31:.\motor.c     ****     setForward(MLEFT);
 287              		.loc 1 31 0
 288 0002 0120     		movs	r0, #1
 289 0004 FFF7FEFF 		bl	setForward
 290              	.LVL31:
  32:.\motor.c     ****     setReverse(MRIGHT);
 291              		.loc 1 32 0
 292 0008 0220     		movs	r0, #2
 293 000a FFF7FEFF 		bl	setReverse
 294              	.LVL32:
 295 000e 08BD     		pop	{r3, pc}
 296              		.cfi_endproc
 297              	.LFE64:
 298              		.size	setRightRotate, .-setRightRotate
 299              		.section	.text.setLeftRotate,"ax",%progbits
 300              		.align	2
 301              		.global	setLeftRotate
 302              		.thumb
 303              		.thumb_func
 304              		.type	setLeftRotate, %function
ARM GAS  C:\Users\xavieran\AppData\Local\Temp\ccGKnH1n.s 			page 8


 305              	setLeftRotate:
 306              	.LFB65:
  35:.\motor.c     **** void setLeftRotate(){
 307              		.loc 1 35 0
 308              		.cfi_startproc
 309              		@ args = 0, pretend = 0, frame = 0
 310              		@ frame_needed = 0, uses_anonymous_args = 0
 311 0000 08B5     		push	{r3, lr}
 312              		.cfi_def_cfa_offset 8
 313              		.cfi_offset 3, -8
 314              		.cfi_offset 14, -4
  36:.\motor.c     ****     setForward(MRIGHT);
 315              		.loc 1 36 0
 316 0002 0220     		movs	r0, #2
 317 0004 FFF7FEFF 		bl	setForward
 318              	.LVL33:
  37:.\motor.c     ****     setReverse(MLEFT);
 319              		.loc 1 37 0
 320 0008 0120     		movs	r0, #1
 321 000a FFF7FEFF 		bl	setReverse
 322              	.LVL34:
 323 000e 08BD     		pop	{r3, pc}
 324              		.cfi_endproc
 325              	.LFE65:
 326              		.size	setLeftRotate, .-setLeftRotate
 327              		.comm	motor_time,4,4
 328              		.comm	OV9650_1_framebuffer,50688,4
 329              		.text
 330              	.Letext0:
 331              		.file 2 "c:\\program files (x86)\\cypress\\psoc creator\\3.2\\psoc creator\\import\\gnu\\arm\\4.8.
 332              		.file 3 "c:\\program files (x86)\\cypress\\psoc creator\\3.2\\psoc creator\\import\\gnu\\arm\\4.8.
 333              		.file 4 "Generated_Source\\PSoC5/cytypes.h"
 334              		.file 5 "Generated_Source\\PSoC5/core_cm3.h"
 335              		.file 6 "Generated_Source\\PSoC5/OV9650_1.h"
 336              		.file 7 "Generated_Source\\PSoC5/MLIN1.h"
 337              		.file 8 "Generated_Source\\PSoC5/MLIN2.h"
 338              		.file 9 "Generated_Source\\PSoC5/MOTOR_L.h"
 339              		.file 10 "Generated_Source\\PSoC5/MOTOR_R.h"
 340              		.file 11 "Generated_Source\\PSoC5/MRIN1.h"
 341              		.file 12 "Generated_Source\\PSoC5/MRIN2.h"
 342              		.section	.debug_info,"",%progbits
 343              	.Ldebug_info0:
 344 0000 37040000 		.4byte	0x437
 345 0004 0400     		.2byte	0x4
 346 0006 00000000 		.4byte	.Ldebug_abbrev0
 347 000a 04       		.byte	0x4
 348 000b 01       		.uleb128 0x1
 349 000c 05010000 		.4byte	.LASF38
 350 0010 01       		.byte	0x1
 351 0011 87010000 		.4byte	.LASF39
 352 0015 CB010000 		.4byte	.LASF40
 353 0019 00000000 		.4byte	.Ldebug_ranges0+0
 354 001d 00000000 		.4byte	0
 355 0021 00000000 		.4byte	.Ldebug_line0
 356 0025 02       		.uleb128 0x2
 357 0026 01       		.byte	0x1
 358 0027 06       		.byte	0x6
ARM GAS  C:\Users\xavieran\AppData\Local\Temp\ccGKnH1n.s 			page 9


 359 0028 86020000 		.4byte	.LASF0
 360 002c 02       		.uleb128 0x2
 361 002d 01       		.byte	0x1
 362 002e 08       		.byte	0x8
 363 002f B3000000 		.4byte	.LASF1
 364 0033 02       		.uleb128 0x2
 365 0034 02       		.byte	0x2
 366 0035 05       		.byte	0x5
 367 0036 67020000 		.4byte	.LASF2
 368 003a 02       		.uleb128 0x2
 369 003b 02       		.byte	0x2
 370 003c 07       		.byte	0x7
 371 003d 78000000 		.4byte	.LASF3
 372 0041 03       		.uleb128 0x3
 373 0042 53000000 		.4byte	.LASF9
 374 0046 02       		.byte	0x2
 375 0047 37       		.byte	0x37
 376 0048 4C000000 		.4byte	0x4c
 377 004c 02       		.uleb128 0x2
 378 004d 04       		.byte	0x4
 379 004e 05       		.byte	0x5
 380 004f 7D020000 		.4byte	.LASF4
 381 0053 02       		.uleb128 0x2
 382 0054 04       		.byte	0x4
 383 0055 07       		.byte	0x7
 384 0056 F3000000 		.4byte	.LASF5
 385 005a 02       		.uleb128 0x2
 386 005b 08       		.byte	0x8
 387 005c 05       		.byte	0x5
 388 005d 00000000 		.4byte	.LASF6
 389 0061 02       		.uleb128 0x2
 390 0062 08       		.byte	0x8
 391 0063 07       		.byte	0x7
 392 0064 1C020000 		.4byte	.LASF7
 393 0068 04       		.uleb128 0x4
 394 0069 04       		.byte	0x4
 395 006a 05       		.byte	0x5
 396 006b 696E7400 		.ascii	"int\000"
 397 006f 02       		.uleb128 0x2
 398 0070 04       		.byte	0x4
 399 0071 07       		.byte	0x7
 400 0072 BE010000 		.4byte	.LASF8
 401 0076 03       		.uleb128 0x3
 402 0077 92000000 		.4byte	.LASF10
 403 007b 03       		.byte	0x3
 404 007c 41       		.byte	0x41
 405 007d 41000000 		.4byte	0x41
 406 0081 03       		.uleb128 0x3
 407 0082 A0000000 		.4byte	.LASF11
 408 0086 04       		.byte	0x4
 409 0087 B3       		.byte	0xb3
 410 0088 2C000000 		.4byte	0x2c
 411 008c 03       		.uleb128 0x3
 412 008d 81010000 		.4byte	.LASF12
 413 0091 04       		.byte	0x4
 414 0092 B8       		.byte	0xb8
 415 0093 4C000000 		.4byte	0x4c
ARM GAS  C:\Users\xavieran\AppData\Local\Temp\ccGKnH1n.s 			page 10


 416 0097 02       		.uleb128 0x2
 417 0098 04       		.byte	0x4
 418 0099 04       		.byte	0x4
 419 009a 9A000000 		.4byte	.LASF13
 420 009e 02       		.uleb128 0x2
 421 009f 08       		.byte	0x8
 422 00a0 04       		.byte	0x4
 423 00a1 8B000000 		.4byte	.LASF14
 424 00a5 02       		.uleb128 0x2
 425 00a6 01       		.byte	0x1
 426 00a7 08       		.byte	0x8
 427 00a8 54020000 		.4byte	.LASF15
 428 00ac 02       		.uleb128 0x2
 429 00ad 04       		.byte	0x4
 430 00ae 07       		.byte	0x7
 431 00af 39020000 		.4byte	.LASF16
 432 00b3 05       		.uleb128 0x5
 433 00b4 A6000000 		.4byte	.LASF17
 434 00b8 01       		.byte	0x1
 435 00b9 11       		.byte	0x11
 436 00ba 00000000 		.4byte	.LFB63
 437 00be 30000000 		.4byte	.LFE63-.LFB63
 438 00c2 01       		.uleb128 0x1
 439 00c3 9C       		.byte	0x9c
 440 00c4 49010000 		.4byte	0x149
 441 00c8 06       		.uleb128 0x6
 442 00c9 06000000 		.4byte	.LVL0
 443 00cd CA030000 		.4byte	0x3ca
 444 00d1 07       		.uleb128 0x7
 445 00d2 0C000000 		.4byte	.LVL1
 446 00d6 D1030000 		.4byte	0x3d1
 447 00da E4000000 		.4byte	0xe4
 448 00de 08       		.uleb128 0x8
 449 00df 01       		.uleb128 0x1
 450 00e0 50       		.byte	0x50
 451 00e1 01       		.uleb128 0x1
 452 00e2 30       		.byte	0x30
 453 00e3 00       		.byte	0
 454 00e4 07       		.uleb128 0x7
 455 00e5 12000000 		.4byte	.LVL2
 456 00e9 E2030000 		.4byte	0x3e2
 457 00ed F7000000 		.4byte	0xf7
 458 00f1 08       		.uleb128 0x8
 459 00f2 01       		.uleb128 0x1
 460 00f3 50       		.byte	0x50
 461 00f4 01       		.uleb128 0x1
 462 00f5 30       		.byte	0x30
 463 00f6 00       		.byte	0
 464 00f7 07       		.uleb128 0x7
 465 00f8 18000000 		.4byte	.LVL3
 466 00fc F3030000 		.4byte	0x3f3
 467 0100 0A010000 		.4byte	0x10a
 468 0104 08       		.uleb128 0x8
 469 0105 01       		.uleb128 0x1
 470 0106 50       		.byte	0x50
 471 0107 01       		.uleb128 0x1
 472 0108 30       		.byte	0x30
ARM GAS  C:\Users\xavieran\AppData\Local\Temp\ccGKnH1n.s 			page 11


 473 0109 00       		.byte	0
 474 010a 06       		.uleb128 0x6
 475 010b 1C000000 		.4byte	.LVL4
 476 010f 04040000 		.4byte	0x404
 477 0113 07       		.uleb128 0x7
 478 0114 22000000 		.4byte	.LVL5
 479 0118 0B040000 		.4byte	0x40b
 480 011c 26010000 		.4byte	0x126
 481 0120 08       		.uleb128 0x8
 482 0121 01       		.uleb128 0x1
 483 0122 50       		.byte	0x50
 484 0123 01       		.uleb128 0x1
 485 0124 30       		.byte	0x30
 486 0125 00       		.byte	0
 487 0126 07       		.uleb128 0x7
 488 0127 28000000 		.4byte	.LVL6
 489 012b 1C040000 		.4byte	0x41c
 490 012f 39010000 		.4byte	0x139
 491 0133 08       		.uleb128 0x8
 492 0134 01       		.uleb128 0x1
 493 0135 50       		.byte	0x50
 494 0136 01       		.uleb128 0x1
 495 0137 30       		.byte	0x30
 496 0138 00       		.byte	0
 497 0139 09       		.uleb128 0x9
 498 013a 2E000000 		.4byte	.LVL7
 499 013e 2D040000 		.4byte	0x42d
 500 0142 08       		.uleb128 0x8
 501 0143 01       		.uleb128 0x1
 502 0144 50       		.byte	0x50
 503 0145 01       		.uleb128 0x1
 504 0146 30       		.byte	0x30
 505 0147 00       		.byte	0
 506 0148 00       		.byte	0
 507 0149 05       		.uleb128 0x5
 508 014a 59020000 		.4byte	.LASF18
 509 014e 01       		.byte	0x1
 510 014f 2B       		.byte	0x2b
 511 0150 00000000 		.4byte	.LFB66
 512 0154 02000000 		.4byte	.LFE66-.LFB66
 513 0158 01       		.uleb128 0x1
 514 0159 9C       		.byte	0x9c
 515 015a 6C010000 		.4byte	0x16c
 516 015e 0A       		.uleb128 0xa
 517 015f 72000000 		.4byte	.LASF20
 518 0163 01       		.byte	0x1
 519 0164 2B       		.byte	0x2b
 520 0165 8C000000 		.4byte	0x8c
 521 0169 01       		.uleb128 0x1
 522 016a 50       		.byte	0x50
 523 016b 00       		.byte	0
 524 016c 05       		.uleb128 0x5
 525 016d 9E010000 		.4byte	.LASF19
 526 0171 01       		.byte	0x1
 527 0172 2F       		.byte	0x2f
 528 0173 00000000 		.4byte	.LFB67
 529 0177 20000000 		.4byte	.LFE67-.LFB67
ARM GAS  C:\Users\xavieran\AppData\Local\Temp\ccGKnH1n.s 			page 12


 530 017b 01       		.uleb128 0x1
 531 017c 9C       		.byte	0x9c
 532 017d C4010000 		.4byte	0x1c4
 533 0181 0B       		.uleb128 0xb
 534 0182 42020000 		.4byte	.LASF21
 535 0186 01       		.byte	0x1
 536 0187 2F       		.byte	0x2f
 537 0188 81000000 		.4byte	0x81
 538 018c 00000000 		.4byte	.LLST0
 539 0190 0B       		.uleb128 0xb
 540 0191 33020000 		.4byte	.LASF22
 541 0195 01       		.byte	0x1
 542 0196 2F       		.byte	0x2f
 543 0197 81000000 		.4byte	0x81
 544 019b 21000000 		.4byte	.LLST1
 545 019f 07       		.uleb128 0x7
 546 01a0 12000000 		.4byte	.LVL11
 547 01a4 F3030000 		.4byte	0x3f3
 548 01a8 B3010000 		.4byte	0x1b3
 549 01ac 08       		.uleb128 0x8
 550 01ad 01       		.uleb128 0x1
 551 01ae 50       		.byte	0x50
 552 01af 02       		.uleb128 0x2
 553 01b0 75       		.byte	0x75
 554 01b1 00       		.sleb128 0
 555 01b2 00       		.byte	0
 556 01b3 09       		.uleb128 0x9
 557 01b4 1E000000 		.4byte	.LVL12
 558 01b8 2D040000 		.4byte	0x42d
 559 01bc 08       		.uleb128 0x8
 560 01bd 01       		.uleb128 0x1
 561 01be 50       		.byte	0x50
 562 01bf 02       		.uleb128 0x2
 563 01c0 75       		.byte	0x75
 564 01c1 00       		.sleb128 0
 565 01c2 00       		.byte	0
 566 01c3 00       		.byte	0
 567 01c4 05       		.uleb128 0x5
 568 01c5 A7010000 		.4byte	.LASF23
 569 01c9 01       		.byte	0x1
 570 01ca 3C       		.byte	0x3c
 571 01cb 00000000 		.4byte	.LFB68
 572 01cf 2A000000 		.4byte	.LFE68-.LFB68
 573 01d3 01       		.uleb128 0x1
 574 01d4 9C       		.byte	0x9c
 575 01d5 31020000 		.4byte	0x231
 576 01d9 0B       		.uleb128 0xb
 577 01da 42020000 		.4byte	.LASF21
 578 01de 01       		.byte	0x1
 579 01df 3C       		.byte	0x3c
 580 01e0 81000000 		.4byte	0x81
 581 01e4 42000000 		.4byte	.LLST2
 582 01e8 07       		.uleb128 0x7
 583 01e9 10000000 		.4byte	.LVL15
 584 01ed D1030000 		.4byte	0x3d1
 585 01f1 FB010000 		.4byte	0x1fb
 586 01f5 08       		.uleb128 0x8
ARM GAS  C:\Users\xavieran\AppData\Local\Temp\ccGKnH1n.s 			page 13


 587 01f6 01       		.uleb128 0x1
 588 01f7 50       		.byte	0x50
 589 01f8 01       		.uleb128 0x1
 590 01f9 30       		.byte	0x30
 591 01fa 00       		.byte	0
 592 01fb 07       		.uleb128 0x7
 593 01fc 16000000 		.4byte	.LVL16
 594 0200 E2030000 		.4byte	0x3e2
 595 0204 0E020000 		.4byte	0x20e
 596 0208 08       		.uleb128 0x8
 597 0209 01       		.uleb128 0x1
 598 020a 50       		.byte	0x50
 599 020b 01       		.uleb128 0x1
 600 020c 30       		.byte	0x30
 601 020d 00       		.byte	0
 602 020e 07       		.uleb128 0x7
 603 020f 22000000 		.4byte	.LVL17
 604 0213 0B040000 		.4byte	0x40b
 605 0217 21020000 		.4byte	0x221
 606 021b 08       		.uleb128 0x8
 607 021c 01       		.uleb128 0x1
 608 021d 50       		.byte	0x50
 609 021e 01       		.uleb128 0x1
 610 021f 30       		.byte	0x30
 611 0220 00       		.byte	0
 612 0221 09       		.uleb128 0x9
 613 0222 28000000 		.4byte	.LVL18
 614 0226 1C040000 		.4byte	0x41c
 615 022a 08       		.uleb128 0x8
 616 022b 01       		.uleb128 0x1
 617 022c 50       		.byte	0x50
 618 022d 01       		.uleb128 0x1
 619 022e 30       		.byte	0x30
 620 022f 00       		.byte	0
 621 0230 00       		.byte	0
 622 0231 05       		.uleb128 0x5
 623 0232 0E000000 		.4byte	.LASF24
 624 0236 01       		.byte	0x1
 625 0237 48       		.byte	0x48
 626 0238 00000000 		.4byte	.LFB69
 627 023c 2A000000 		.4byte	.LFE69-.LFB69
 628 0240 01       		.uleb128 0x1
 629 0241 9C       		.byte	0x9c
 630 0242 9E020000 		.4byte	0x29e
 631 0246 0B       		.uleb128 0xb
 632 0247 42020000 		.4byte	.LASF21
 633 024b 01       		.byte	0x1
 634 024c 48       		.byte	0x48
 635 024d 81000000 		.4byte	0x81
 636 0251 63000000 		.4byte	.LLST3
 637 0255 07       		.uleb128 0x7
 638 0256 10000000 		.4byte	.LVL21
 639 025a D1030000 		.4byte	0x3d1
 640 025e 68020000 		.4byte	0x268
 641 0262 08       		.uleb128 0x8
 642 0263 01       		.uleb128 0x1
 643 0264 50       		.byte	0x50
ARM GAS  C:\Users\xavieran\AppData\Local\Temp\ccGKnH1n.s 			page 14


 644 0265 01       		.uleb128 0x1
 645 0266 31       		.byte	0x31
 646 0267 00       		.byte	0
 647 0268 07       		.uleb128 0x7
 648 0269 16000000 		.4byte	.LVL22
 649 026d E2030000 		.4byte	0x3e2
 650 0271 7B020000 		.4byte	0x27b
 651 0275 08       		.uleb128 0x8
 652 0276 01       		.uleb128 0x1
 653 0277 50       		.byte	0x50
 654 0278 01       		.uleb128 0x1
 655 0279 30       		.byte	0x30
 656 027a 00       		.byte	0
 657 027b 07       		.uleb128 0x7
 658 027c 22000000 		.4byte	.LVL23
 659 0280 0B040000 		.4byte	0x40b
 660 0284 8E020000 		.4byte	0x28e
 661 0288 08       		.uleb128 0x8
 662 0289 01       		.uleb128 0x1
 663 028a 50       		.byte	0x50
 664 028b 01       		.uleb128 0x1
 665 028c 31       		.byte	0x31
 666 028d 00       		.byte	0
 667 028e 09       		.uleb128 0x9
 668 028f 28000000 		.4byte	.LVL24
 669 0293 1C040000 		.4byte	0x41c
 670 0297 08       		.uleb128 0x8
 671 0298 01       		.uleb128 0x1
 672 0299 50       		.byte	0x50
 673 029a 01       		.uleb128 0x1
 674 029b 30       		.byte	0x30
 675 029c 00       		.byte	0
 676 029d 00       		.byte	0
 677 029e 05       		.uleb128 0x5
 678 029f 48000000 		.4byte	.LASF25
 679 02a3 01       		.byte	0x1
 680 02a4 54       		.byte	0x54
 681 02a5 00000000 		.4byte	.LFB70
 682 02a9 2A000000 		.4byte	.LFE70-.LFB70
 683 02ad 01       		.uleb128 0x1
 684 02ae 9C       		.byte	0x9c
 685 02af 0B030000 		.4byte	0x30b
 686 02b3 0B       		.uleb128 0xb
 687 02b4 42020000 		.4byte	.LASF21
 688 02b8 01       		.byte	0x1
 689 02b9 54       		.byte	0x54
 690 02ba 81000000 		.4byte	0x81
 691 02be 84000000 		.4byte	.LLST4
 692 02c2 07       		.uleb128 0x7
 693 02c3 10000000 		.4byte	.LVL27
 694 02c7 D1030000 		.4byte	0x3d1
 695 02cb D5020000 		.4byte	0x2d5
 696 02cf 08       		.uleb128 0x8
 697 02d0 01       		.uleb128 0x1
 698 02d1 50       		.byte	0x50
 699 02d2 01       		.uleb128 0x1
 700 02d3 30       		.byte	0x30
ARM GAS  C:\Users\xavieran\AppData\Local\Temp\ccGKnH1n.s 			page 15


 701 02d4 00       		.byte	0
 702 02d5 07       		.uleb128 0x7
 703 02d6 16000000 		.4byte	.LVL28
 704 02da E2030000 		.4byte	0x3e2
 705 02de E8020000 		.4byte	0x2e8
 706 02e2 08       		.uleb128 0x8
 707 02e3 01       		.uleb128 0x1
 708 02e4 50       		.byte	0x50
 709 02e5 01       		.uleb128 0x1
 710 02e6 31       		.byte	0x31
 711 02e7 00       		.byte	0
 712 02e8 07       		.uleb128 0x7
 713 02e9 22000000 		.4byte	.LVL29
 714 02ed 0B040000 		.4byte	0x40b
 715 02f1 FB020000 		.4byte	0x2fb
 716 02f5 08       		.uleb128 0x8
 717 02f6 01       		.uleb128 0x1
 718 02f7 50       		.byte	0x50
 719 02f8 01       		.uleb128 0x1
 720 02f9 30       		.byte	0x30
 721 02fa 00       		.byte	0
 722 02fb 09       		.uleb128 0x9
 723 02fc 28000000 		.4byte	.LVL30
 724 0300 1C040000 		.4byte	0x41c
 725 0304 08       		.uleb128 0x8
 726 0305 01       		.uleb128 0x1
 727 0306 50       		.byte	0x50
 728 0307 01       		.uleb128 0x1
 729 0308 31       		.byte	0x31
 730 0309 00       		.byte	0
 731 030a 00       		.byte	0
 732 030b 0C       		.uleb128 0xc
 733 030c D6000000 		.4byte	.LASF26
 734 0310 01       		.byte	0x1
 735 0311 1E       		.byte	0x1e
 736 0312 00000000 		.4byte	.LFB64
 737 0316 10000000 		.4byte	.LFE64-.LFB64
 738 031a 01       		.uleb128 0x1
 739 031b 9C       		.byte	0x9c
 740 031c 43030000 		.4byte	0x343
 741 0320 07       		.uleb128 0x7
 742 0321 08000000 		.4byte	.LVL31
 743 0325 31020000 		.4byte	0x231
 744 0329 33030000 		.4byte	0x333
 745 032d 08       		.uleb128 0x8
 746 032e 01       		.uleb128 0x1
 747 032f 50       		.byte	0x50
 748 0330 01       		.uleb128 0x1
 749 0331 31       		.byte	0x31
 750 0332 00       		.byte	0
 751 0333 09       		.uleb128 0x9
 752 0334 0E000000 		.4byte	.LVL32
 753 0338 9E020000 		.4byte	0x29e
 754 033c 08       		.uleb128 0x8
 755 033d 01       		.uleb128 0x1
 756 033e 50       		.byte	0x50
 757 033f 01       		.uleb128 0x1
ARM GAS  C:\Users\xavieran\AppData\Local\Temp\ccGKnH1n.s 			page 16


 758 0340 32       		.byte	0x32
 759 0341 00       		.byte	0
 760 0342 00       		.byte	0
 761 0343 0C       		.uleb128 0xc
 762 0344 E5000000 		.4byte	.LASF27
 763 0348 01       		.byte	0x1
 764 0349 23       		.byte	0x23
 765 034a 00000000 		.4byte	.LFB65
 766 034e 10000000 		.4byte	.LFE65-.LFB65
 767 0352 01       		.uleb128 0x1
 768 0353 9C       		.byte	0x9c
 769 0354 7B030000 		.4byte	0x37b
 770 0358 07       		.uleb128 0x7
 771 0359 08000000 		.4byte	.LVL33
 772 035d 31020000 		.4byte	0x231
 773 0361 6B030000 		.4byte	0x36b
 774 0365 08       		.uleb128 0x8
 775 0366 01       		.uleb128 0x1
 776 0367 50       		.byte	0x50
 777 0368 01       		.uleb128 0x1
 778 0369 32       		.byte	0x32
 779 036a 00       		.byte	0
 780 036b 09       		.uleb128 0x9
 781 036c 0E000000 		.4byte	.LVL34
 782 0370 9E020000 		.4byte	0x29e
 783 0374 08       		.uleb128 0x8
 784 0375 01       		.uleb128 0x1
 785 0376 50       		.byte	0x50
 786 0377 01       		.uleb128 0x1
 787 0378 31       		.byte	0x31
 788 0379 00       		.byte	0
 789 037a 00       		.byte	0
 790 037b 0D       		.uleb128 0xd
 791 037c 91010000 		.4byte	.LASF28
 792 0380 05       		.byte	0x5
 793 0381 2A06     		.2byte	0x62a
 794 0383 87030000 		.4byte	0x387
 795 0387 0E       		.uleb128 0xe
 796 0388 76000000 		.4byte	0x76
 797 038c 0F       		.uleb128 0xf
 798 038d 81000000 		.4byte	0x81
 799 0391 A8030000 		.4byte	0x3a8
 800 0395 10       		.uleb128 0x10
 801 0396 AC000000 		.4byte	0xac
 802 039a 8F       		.byte	0x8f
 803 039b 10       		.uleb128 0x10
 804 039c AC000000 		.4byte	0xac
 805 03a0 57       		.byte	0x57
 806 03a1 10       		.uleb128 0x10
 807 03a2 AC000000 		.4byte	0xac
 808 03a6 03       		.byte	0x3
 809 03a7 00       		.byte	0
 810 03a8 11       		.uleb128 0x11
 811 03a9 33000000 		.4byte	.LASF29
 812 03ad 06       		.byte	0x6
 813 03ae 08       		.byte	0x8
 814 03af 8C030000 		.4byte	0x38c
ARM GAS  C:\Users\xavieran\AppData\Local\Temp\ccGKnH1n.s 			page 17


 815 03b3 05       		.uleb128 0x5
 816 03b4 03       		.byte	0x3
 817 03b5 00000000 		.4byte	OV9650_1_framebuffer
 818 03b9 11       		.uleb128 0x11
 819 03ba 92020000 		.4byte	.LASF30
 820 03be 01       		.byte	0x1
 821 03bf 28       		.byte	0x28
 822 03c0 8C000000 		.4byte	0x8c
 823 03c4 05       		.uleb128 0x5
 824 03c5 03       		.byte	0x3
 825 03c6 00000000 		.4byte	motor_time
 826 03ca 12       		.uleb128 0x12
 827 03cb 25000000 		.4byte	.LASF34
 828 03cf 09       		.byte	0x9
 829 03d0 92       		.byte	0x92
 830 03d1 13       		.uleb128 0x13
 831 03d2 48020000 		.4byte	.LASF31
 832 03d6 07       		.byte	0x7
 833 03d7 28       		.byte	0x28
 834 03d8 E2030000 		.4byte	0x3e2
 835 03dc 14       		.uleb128 0x14
 836 03dd 81000000 		.4byte	0x81
 837 03e1 00       		.byte	0
 838 03e2 13       		.uleb128 0x13
 839 03e3 71020000 		.4byte	.LASF32
 840 03e7 08       		.byte	0x8
 841 03e8 28       		.byte	0x28
 842 03e9 F3030000 		.4byte	0x3f3
 843 03ed 14       		.uleb128 0x14
 844 03ee 81000000 		.4byte	0x81
 845 03f2 00       		.byte	0
 846 03f3 13       		.uleb128 0x13
 847 03f4 5D000000 		.4byte	.LASF33
 848 03f8 09       		.byte	0x9
 849 03f9 C3       		.byte	0xc3
 850 03fa 04040000 		.4byte	0x404
 851 03fe 14       		.uleb128 0x14
 852 03ff 81000000 		.4byte	0x81
 853 0403 00       		.byte	0
 854 0404 12       		.uleb128 0x12
 855 0405 B0010000 		.4byte	.LASF35
 856 0409 0A       		.byte	0xa
 857 040a 92       		.byte	0x92
 858 040b 13       		.uleb128 0x13
 859 040c 9D020000 		.4byte	.LASF36
 860 0410 0B       		.byte	0xb
 861 0411 28       		.byte	0x28
 862 0412 1C040000 		.4byte	0x41c
 863 0416 14       		.uleb128 0x14
 864 0417 81000000 		.4byte	0x81
 865 041b 00       		.byte	0
 866 041c 13       		.uleb128 0x13
 867 041d 19000000 		.4byte	.LASF37
 868 0421 0C       		.byte	0xc
 869 0422 28       		.byte	0x28
 870 0423 2D040000 		.4byte	0x42d
 871 0427 14       		.uleb128 0x14
ARM GAS  C:\Users\xavieran\AppData\Local\Temp\ccGKnH1n.s 			page 18


 872 0428 81000000 		.4byte	0x81
 873 042c 00       		.byte	0
 874 042d 15       		.uleb128 0x15
 875 042e C1000000 		.4byte	.LASF41
 876 0432 0A       		.byte	0xa
 877 0433 C3       		.byte	0xc3
 878 0434 14       		.uleb128 0x14
 879 0435 81000000 		.4byte	0x81
 880 0439 00       		.byte	0
 881 043a 00       		.byte	0
 882              		.section	.debug_abbrev,"",%progbits
 883              	.Ldebug_abbrev0:
 884 0000 01       		.uleb128 0x1
 885 0001 11       		.uleb128 0x11
 886 0002 01       		.byte	0x1
 887 0003 25       		.uleb128 0x25
 888 0004 0E       		.uleb128 0xe
 889 0005 13       		.uleb128 0x13
 890 0006 0B       		.uleb128 0xb
 891 0007 03       		.uleb128 0x3
 892 0008 0E       		.uleb128 0xe
 893 0009 1B       		.uleb128 0x1b
 894 000a 0E       		.uleb128 0xe
 895 000b 55       		.uleb128 0x55
 896 000c 17       		.uleb128 0x17
 897 000d 11       		.uleb128 0x11
 898 000e 01       		.uleb128 0x1
 899 000f 10       		.uleb128 0x10
 900 0010 17       		.uleb128 0x17
 901 0011 00       		.byte	0
 902 0012 00       		.byte	0
 903 0013 02       		.uleb128 0x2
 904 0014 24       		.uleb128 0x24
 905 0015 00       		.byte	0
 906 0016 0B       		.uleb128 0xb
 907 0017 0B       		.uleb128 0xb
 908 0018 3E       		.uleb128 0x3e
 909 0019 0B       		.uleb128 0xb
 910 001a 03       		.uleb128 0x3
 911 001b 0E       		.uleb128 0xe
 912 001c 00       		.byte	0
 913 001d 00       		.byte	0
 914 001e 03       		.uleb128 0x3
 915 001f 16       		.uleb128 0x16
 916 0020 00       		.byte	0
 917 0021 03       		.uleb128 0x3
 918 0022 0E       		.uleb128 0xe
 919 0023 3A       		.uleb128 0x3a
 920 0024 0B       		.uleb128 0xb
 921 0025 3B       		.uleb128 0x3b
 922 0026 0B       		.uleb128 0xb
 923 0027 49       		.uleb128 0x49
 924 0028 13       		.uleb128 0x13
 925 0029 00       		.byte	0
 926 002a 00       		.byte	0
 927 002b 04       		.uleb128 0x4
 928 002c 24       		.uleb128 0x24
ARM GAS  C:\Users\xavieran\AppData\Local\Temp\ccGKnH1n.s 			page 19


 929 002d 00       		.byte	0
 930 002e 0B       		.uleb128 0xb
 931 002f 0B       		.uleb128 0xb
 932 0030 3E       		.uleb128 0x3e
 933 0031 0B       		.uleb128 0xb
 934 0032 03       		.uleb128 0x3
 935 0033 08       		.uleb128 0x8
 936 0034 00       		.byte	0
 937 0035 00       		.byte	0
 938 0036 05       		.uleb128 0x5
 939 0037 2E       		.uleb128 0x2e
 940 0038 01       		.byte	0x1
 941 0039 3F       		.uleb128 0x3f
 942 003a 19       		.uleb128 0x19
 943 003b 03       		.uleb128 0x3
 944 003c 0E       		.uleb128 0xe
 945 003d 3A       		.uleb128 0x3a
 946 003e 0B       		.uleb128 0xb
 947 003f 3B       		.uleb128 0x3b
 948 0040 0B       		.uleb128 0xb
 949 0041 27       		.uleb128 0x27
 950 0042 19       		.uleb128 0x19
 951 0043 11       		.uleb128 0x11
 952 0044 01       		.uleb128 0x1
 953 0045 12       		.uleb128 0x12
 954 0046 06       		.uleb128 0x6
 955 0047 40       		.uleb128 0x40
 956 0048 18       		.uleb128 0x18
 957 0049 9742     		.uleb128 0x2117
 958 004b 19       		.uleb128 0x19
 959 004c 01       		.uleb128 0x1
 960 004d 13       		.uleb128 0x13
 961 004e 00       		.byte	0
 962 004f 00       		.byte	0
 963 0050 06       		.uleb128 0x6
 964 0051 898201   		.uleb128 0x4109
 965 0054 00       		.byte	0
 966 0055 11       		.uleb128 0x11
 967 0056 01       		.uleb128 0x1
 968 0057 31       		.uleb128 0x31
 969 0058 13       		.uleb128 0x13
 970 0059 00       		.byte	0
 971 005a 00       		.byte	0
 972 005b 07       		.uleb128 0x7
 973 005c 898201   		.uleb128 0x4109
 974 005f 01       		.byte	0x1
 975 0060 11       		.uleb128 0x11
 976 0061 01       		.uleb128 0x1
 977 0062 31       		.uleb128 0x31
 978 0063 13       		.uleb128 0x13
 979 0064 01       		.uleb128 0x1
 980 0065 13       		.uleb128 0x13
 981 0066 00       		.byte	0
 982 0067 00       		.byte	0
 983 0068 08       		.uleb128 0x8
 984 0069 8A8201   		.uleb128 0x410a
 985 006c 00       		.byte	0
ARM GAS  C:\Users\xavieran\AppData\Local\Temp\ccGKnH1n.s 			page 20


 986 006d 02       		.uleb128 0x2
 987 006e 18       		.uleb128 0x18
 988 006f 9142     		.uleb128 0x2111
 989 0071 18       		.uleb128 0x18
 990 0072 00       		.byte	0
 991 0073 00       		.byte	0
 992 0074 09       		.uleb128 0x9
 993 0075 898201   		.uleb128 0x4109
 994 0078 01       		.byte	0x1
 995 0079 11       		.uleb128 0x11
 996 007a 01       		.uleb128 0x1
 997 007b 31       		.uleb128 0x31
 998 007c 13       		.uleb128 0x13
 999 007d 00       		.byte	0
 1000 007e 00       		.byte	0
 1001 007f 0A       		.uleb128 0xa
 1002 0080 05       		.uleb128 0x5
 1003 0081 00       		.byte	0
 1004 0082 03       		.uleb128 0x3
 1005 0083 0E       		.uleb128 0xe
 1006 0084 3A       		.uleb128 0x3a
 1007 0085 0B       		.uleb128 0xb
 1008 0086 3B       		.uleb128 0x3b
 1009 0087 0B       		.uleb128 0xb
 1010 0088 49       		.uleb128 0x49
 1011 0089 13       		.uleb128 0x13
 1012 008a 02       		.uleb128 0x2
 1013 008b 18       		.uleb128 0x18
 1014 008c 00       		.byte	0
 1015 008d 00       		.byte	0
 1016 008e 0B       		.uleb128 0xb
 1017 008f 05       		.uleb128 0x5
 1018 0090 00       		.byte	0
 1019 0091 03       		.uleb128 0x3
 1020 0092 0E       		.uleb128 0xe
 1021 0093 3A       		.uleb128 0x3a
 1022 0094 0B       		.uleb128 0xb
 1023 0095 3B       		.uleb128 0x3b
 1024 0096 0B       		.uleb128 0xb
 1025 0097 49       		.uleb128 0x49
 1026 0098 13       		.uleb128 0x13
 1027 0099 02       		.uleb128 0x2
 1028 009a 17       		.uleb128 0x17
 1029 009b 00       		.byte	0
 1030 009c 00       		.byte	0
 1031 009d 0C       		.uleb128 0xc
 1032 009e 2E       		.uleb128 0x2e
 1033 009f 01       		.byte	0x1
 1034 00a0 3F       		.uleb128 0x3f
 1035 00a1 19       		.uleb128 0x19
 1036 00a2 03       		.uleb128 0x3
 1037 00a3 0E       		.uleb128 0xe
 1038 00a4 3A       		.uleb128 0x3a
 1039 00a5 0B       		.uleb128 0xb
 1040 00a6 3B       		.uleb128 0x3b
 1041 00a7 0B       		.uleb128 0xb
 1042 00a8 11       		.uleb128 0x11
ARM GAS  C:\Users\xavieran\AppData\Local\Temp\ccGKnH1n.s 			page 21


 1043 00a9 01       		.uleb128 0x1
 1044 00aa 12       		.uleb128 0x12
 1045 00ab 06       		.uleb128 0x6
 1046 00ac 40       		.uleb128 0x40
 1047 00ad 18       		.uleb128 0x18
 1048 00ae 9742     		.uleb128 0x2117
 1049 00b0 19       		.uleb128 0x19
 1050 00b1 01       		.uleb128 0x1
 1051 00b2 13       		.uleb128 0x13
 1052 00b3 00       		.byte	0
 1053 00b4 00       		.byte	0
 1054 00b5 0D       		.uleb128 0xd
 1055 00b6 34       		.uleb128 0x34
 1056 00b7 00       		.byte	0
 1057 00b8 03       		.uleb128 0x3
 1058 00b9 0E       		.uleb128 0xe
 1059 00ba 3A       		.uleb128 0x3a
 1060 00bb 0B       		.uleb128 0xb
 1061 00bc 3B       		.uleb128 0x3b
 1062 00bd 05       		.uleb128 0x5
 1063 00be 49       		.uleb128 0x49
 1064 00bf 13       		.uleb128 0x13
 1065 00c0 3F       		.uleb128 0x3f
 1066 00c1 19       		.uleb128 0x19
 1067 00c2 3C       		.uleb128 0x3c
 1068 00c3 19       		.uleb128 0x19
 1069 00c4 00       		.byte	0
 1070 00c5 00       		.byte	0
 1071 00c6 0E       		.uleb128 0xe
 1072 00c7 35       		.uleb128 0x35
 1073 00c8 00       		.byte	0
 1074 00c9 49       		.uleb128 0x49
 1075 00ca 13       		.uleb128 0x13
 1076 00cb 00       		.byte	0
 1077 00cc 00       		.byte	0
 1078 00cd 0F       		.uleb128 0xf
 1079 00ce 01       		.uleb128 0x1
 1080 00cf 01       		.byte	0x1
 1081 00d0 49       		.uleb128 0x49
 1082 00d1 13       		.uleb128 0x13
 1083 00d2 01       		.uleb128 0x1
 1084 00d3 13       		.uleb128 0x13
 1085 00d4 00       		.byte	0
 1086 00d5 00       		.byte	0
 1087 00d6 10       		.uleb128 0x10
 1088 00d7 21       		.uleb128 0x21
 1089 00d8 00       		.byte	0
 1090 00d9 49       		.uleb128 0x49
 1091 00da 13       		.uleb128 0x13
 1092 00db 2F       		.uleb128 0x2f
 1093 00dc 0B       		.uleb128 0xb
 1094 00dd 00       		.byte	0
 1095 00de 00       		.byte	0
 1096 00df 11       		.uleb128 0x11
 1097 00e0 34       		.uleb128 0x34
 1098 00e1 00       		.byte	0
 1099 00e2 03       		.uleb128 0x3
ARM GAS  C:\Users\xavieran\AppData\Local\Temp\ccGKnH1n.s 			page 22


 1100 00e3 0E       		.uleb128 0xe
 1101 00e4 3A       		.uleb128 0x3a
 1102 00e5 0B       		.uleb128 0xb
 1103 00e6 3B       		.uleb128 0x3b
 1104 00e7 0B       		.uleb128 0xb
 1105 00e8 49       		.uleb128 0x49
 1106 00e9 13       		.uleb128 0x13
 1107 00ea 3F       		.uleb128 0x3f
 1108 00eb 19       		.uleb128 0x19
 1109 00ec 02       		.uleb128 0x2
 1110 00ed 18       		.uleb128 0x18
 1111 00ee 00       		.byte	0
 1112 00ef 00       		.byte	0
 1113 00f0 12       		.uleb128 0x12
 1114 00f1 2E       		.uleb128 0x2e
 1115 00f2 00       		.byte	0
 1116 00f3 3F       		.uleb128 0x3f
 1117 00f4 19       		.uleb128 0x19
 1118 00f5 03       		.uleb128 0x3
 1119 00f6 0E       		.uleb128 0xe
 1120 00f7 3A       		.uleb128 0x3a
 1121 00f8 0B       		.uleb128 0xb
 1122 00f9 3B       		.uleb128 0x3b
 1123 00fa 0B       		.uleb128 0xb
 1124 00fb 27       		.uleb128 0x27
 1125 00fc 19       		.uleb128 0x19
 1126 00fd 3C       		.uleb128 0x3c
 1127 00fe 19       		.uleb128 0x19
 1128 00ff 00       		.byte	0
 1129 0100 00       		.byte	0
 1130 0101 13       		.uleb128 0x13
 1131 0102 2E       		.uleb128 0x2e
 1132 0103 01       		.byte	0x1
 1133 0104 3F       		.uleb128 0x3f
 1134 0105 19       		.uleb128 0x19
 1135 0106 03       		.uleb128 0x3
 1136 0107 0E       		.uleb128 0xe
 1137 0108 3A       		.uleb128 0x3a
 1138 0109 0B       		.uleb128 0xb
 1139 010a 3B       		.uleb128 0x3b
 1140 010b 0B       		.uleb128 0xb
 1141 010c 27       		.uleb128 0x27
 1142 010d 19       		.uleb128 0x19
 1143 010e 3C       		.uleb128 0x3c
 1144 010f 19       		.uleb128 0x19
 1145 0110 01       		.uleb128 0x1
 1146 0111 13       		.uleb128 0x13
 1147 0112 00       		.byte	0
 1148 0113 00       		.byte	0
 1149 0114 14       		.uleb128 0x14
 1150 0115 05       		.uleb128 0x5
 1151 0116 00       		.byte	0
 1152 0117 49       		.uleb128 0x49
 1153 0118 13       		.uleb128 0x13
 1154 0119 00       		.byte	0
 1155 011a 00       		.byte	0
 1156 011b 15       		.uleb128 0x15
ARM GAS  C:\Users\xavieran\AppData\Local\Temp\ccGKnH1n.s 			page 23


 1157 011c 2E       		.uleb128 0x2e
 1158 011d 01       		.byte	0x1
 1159 011e 3F       		.uleb128 0x3f
 1160 011f 19       		.uleb128 0x19
 1161 0120 03       		.uleb128 0x3
 1162 0121 0E       		.uleb128 0xe
 1163 0122 3A       		.uleb128 0x3a
 1164 0123 0B       		.uleb128 0xb
 1165 0124 3B       		.uleb128 0x3b
 1166 0125 0B       		.uleb128 0xb
 1167 0126 27       		.uleb128 0x27
 1168 0127 19       		.uleb128 0x19
 1169 0128 3C       		.uleb128 0x3c
 1170 0129 19       		.uleb128 0x19
 1171 012a 00       		.byte	0
 1172 012b 00       		.byte	0
 1173 012c 00       		.byte	0
 1174              		.section	.debug_loc,"",%progbits
 1175              	.Ldebug_loc0:
 1176              	.LLST0:
 1177 0000 00000000 		.4byte	.LVL9
 1178 0004 0E000000 		.4byte	.LVL10
 1179 0008 0100     		.2byte	0x1
 1180 000a 50       		.byte	0x50
 1181 000b 0E000000 		.4byte	.LVL10
 1182 000f 20000000 		.4byte	.LFE67
 1183 0013 0400     		.2byte	0x4
 1184 0015 F3       		.byte	0xf3
 1185 0016 01       		.uleb128 0x1
 1186 0017 50       		.byte	0x50
 1187 0018 9F       		.byte	0x9f
 1188 0019 00000000 		.4byte	0
 1189 001d 00000000 		.4byte	0
 1190              	.LLST1:
 1191 0021 00000000 		.4byte	.LVL9
 1192 0025 11000000 		.4byte	.LVL11-1
 1193 0029 0100     		.2byte	0x1
 1194 002b 51       		.byte	0x51
 1195 002c 11000000 		.4byte	.LVL11-1
 1196 0030 20000000 		.4byte	.LFE67
 1197 0034 0400     		.2byte	0x4
 1198 0036 F3       		.byte	0xf3
 1199 0037 01       		.uleb128 0x1
 1200 0038 51       		.byte	0x51
 1201 0039 9F       		.byte	0x9f
 1202 003a 00000000 		.4byte	0
 1203 003e 00000000 		.4byte	0
 1204              	.LLST2:
 1205 0042 00000000 		.4byte	.LVL13
 1206 0046 0C000000 		.4byte	.LVL14
 1207 004a 0100     		.2byte	0x1
 1208 004c 50       		.byte	0x50
 1209 004d 0C000000 		.4byte	.LVL14
 1210 0051 2A000000 		.4byte	.LFE68
 1211 0055 0400     		.2byte	0x4
 1212 0057 F3       		.byte	0xf3
 1213 0058 01       		.uleb128 0x1
ARM GAS  C:\Users\xavieran\AppData\Local\Temp\ccGKnH1n.s 			page 24


 1214 0059 50       		.byte	0x50
 1215 005a 9F       		.byte	0x9f
 1216 005b 00000000 		.4byte	0
 1217 005f 00000000 		.4byte	0
 1218              	.LLST3:
 1219 0063 00000000 		.4byte	.LVL19
 1220 0067 0C000000 		.4byte	.LVL20
 1221 006b 0100     		.2byte	0x1
 1222 006d 50       		.byte	0x50
 1223 006e 0C000000 		.4byte	.LVL20
 1224 0072 2A000000 		.4byte	.LFE69
 1225 0076 0400     		.2byte	0x4
 1226 0078 F3       		.byte	0xf3
 1227 0079 01       		.uleb128 0x1
 1228 007a 50       		.byte	0x50
 1229 007b 9F       		.byte	0x9f
 1230 007c 00000000 		.4byte	0
 1231 0080 00000000 		.4byte	0
 1232              	.LLST4:
 1233 0084 00000000 		.4byte	.LVL25
 1234 0088 0C000000 		.4byte	.LVL26
 1235 008c 0100     		.2byte	0x1
 1236 008e 50       		.byte	0x50
 1237 008f 0C000000 		.4byte	.LVL26
 1238 0093 2A000000 		.4byte	.LFE70
 1239 0097 0400     		.2byte	0x4
 1240 0099 F3       		.byte	0xf3
 1241 009a 01       		.uleb128 0x1
 1242 009b 50       		.byte	0x50
 1243 009c 9F       		.byte	0x9f
 1244 009d 00000000 		.4byte	0
 1245 00a1 00000000 		.4byte	0
 1246              		.section	.debug_aranges,"",%progbits
 1247 0000 54000000 		.4byte	0x54
 1248 0004 0200     		.2byte	0x2
 1249 0006 00000000 		.4byte	.Ldebug_info0
 1250 000a 04       		.byte	0x4
 1251 000b 00       		.byte	0
 1252 000c 0000     		.2byte	0
 1253 000e 0000     		.2byte	0
 1254 0010 00000000 		.4byte	.LFB63
 1255 0014 30000000 		.4byte	.LFE63-.LFB63
 1256 0018 00000000 		.4byte	.LFB66
 1257 001c 02000000 		.4byte	.LFE66-.LFB66
 1258 0020 00000000 		.4byte	.LFB67
 1259 0024 20000000 		.4byte	.LFE67-.LFB67
 1260 0028 00000000 		.4byte	.LFB68
 1261 002c 2A000000 		.4byte	.LFE68-.LFB68
 1262 0030 00000000 		.4byte	.LFB69
 1263 0034 2A000000 		.4byte	.LFE69-.LFB69
 1264 0038 00000000 		.4byte	.LFB70
 1265 003c 2A000000 		.4byte	.LFE70-.LFB70
 1266 0040 00000000 		.4byte	.LFB64
 1267 0044 10000000 		.4byte	.LFE64-.LFB64
 1268 0048 00000000 		.4byte	.LFB65
 1269 004c 10000000 		.4byte	.LFE65-.LFB65
 1270 0050 00000000 		.4byte	0
ARM GAS  C:\Users\xavieran\AppData\Local\Temp\ccGKnH1n.s 			page 25


 1271 0054 00000000 		.4byte	0
 1272              		.section	.debug_ranges,"",%progbits
 1273              	.Ldebug_ranges0:
 1274 0000 00000000 		.4byte	.LFB63
 1275 0004 30000000 		.4byte	.LFE63
 1276 0008 00000000 		.4byte	.LFB66
 1277 000c 02000000 		.4byte	.LFE66
 1278 0010 00000000 		.4byte	.LFB67
 1279 0014 20000000 		.4byte	.LFE67
 1280 0018 00000000 		.4byte	.LFB68
 1281 001c 2A000000 		.4byte	.LFE68
 1282 0020 00000000 		.4byte	.LFB69
 1283 0024 2A000000 		.4byte	.LFE69
 1284 0028 00000000 		.4byte	.LFB70
 1285 002c 2A000000 		.4byte	.LFE70
 1286 0030 00000000 		.4byte	.LFB64
 1287 0034 10000000 		.4byte	.LFE64
 1288 0038 00000000 		.4byte	.LFB65
 1289 003c 10000000 		.4byte	.LFE65
 1290 0040 00000000 		.4byte	0
 1291 0044 00000000 		.4byte	0
 1292              		.section	.debug_line,"",%progbits
 1293              	.Ldebug_line0:
 1294 0000 41020000 		.section	.debug_str,"MS",%progbits,1
 1294      02009E01 
 1294      00000201 
 1294      FB0E0D00 
 1294      01010101 
 1295              	.LASF6:
 1296 0000 6C6F6E67 		.ascii	"long long int\000"
 1296      206C6F6E 
 1296      6720696E 
 1296      7400
 1297              	.LASF24:
 1298 000e 73657446 		.ascii	"setForward\000"
 1298      6F727761 
 1298      726400
 1299              	.LASF37:
 1300 0019 4D52494E 		.ascii	"MRIN2_Write\000"
 1300      325F5772 
 1300      69746500 
 1301              	.LASF34:
 1302 0025 4D4F544F 		.ascii	"MOTOR_L_Start\000"
 1302      525F4C5F 
 1302      53746172 
 1302      7400
 1303              	.LASF29:
 1304 0033 4F563936 		.ascii	"OV9650_1_framebuffer\000"
 1304      35305F31 
 1304      5F667261 
 1304      6D656275 
 1304      66666572 
 1305              	.LASF25:
 1306 0048 73657452 		.ascii	"setReverse\000"
 1306      65766572 
 1306      736500
 1307              	.LASF9:
ARM GAS  C:\Users\xavieran\AppData\Local\Temp\ccGKnH1n.s 			page 26


 1308 0053 5F5F696E 		.ascii	"__int32_t\000"
 1308      7433325F 
 1308      7400
 1309              	.LASF33:
 1310 005d 4D4F544F 		.ascii	"MOTOR_L_WriteCompare\000"
 1310      525F4C5F 
 1310      57726974 
 1310      65436F6D 
 1310      70617265 
 1311              	.LASF20:
 1312 0072 64656C74 		.ascii	"delta\000"
 1312      6100
 1313              	.LASF3:
 1314 0078 73686F72 		.ascii	"short unsigned int\000"
 1314      7420756E 
 1314      7369676E 
 1314      65642069 
 1314      6E7400
 1315              	.LASF14:
 1316 008b 646F7562 		.ascii	"double\000"
 1316      6C6500
 1317              	.LASF10:
 1318 0092 696E7433 		.ascii	"int32_t\000"
 1318      325F7400 
 1319              	.LASF13:
 1320 009a 666C6F61 		.ascii	"float\000"
 1320      7400
 1321              	.LASF11:
 1322 00a0 75696E74 		.ascii	"uint8\000"
 1322      3800
 1323              	.LASF17:
 1324 00a6 73746172 		.ascii	"start_motors\000"
 1324      745F6D6F 
 1324      746F7273 
 1324      00
 1325              	.LASF1:
 1326 00b3 756E7369 		.ascii	"unsigned char\000"
 1326      676E6564 
 1326      20636861 
 1326      7200
 1327              	.LASF41:
 1328 00c1 4D4F544F 		.ascii	"MOTOR_R_WriteCompare\000"
 1328      525F525F 
 1328      57726974 
 1328      65436F6D 
 1328      70617265 
 1329              	.LASF26:
 1330 00d6 73657452 		.ascii	"setRightRotate\000"
 1330      69676874 
 1330      526F7461 
 1330      746500
 1331              	.LASF27:
 1332 00e5 7365744C 		.ascii	"setLeftRotate\000"
 1332      65667452 
 1332      6F746174 
 1332      6500
 1333              	.LASF5:
ARM GAS  C:\Users\xavieran\AppData\Local\Temp\ccGKnH1n.s 			page 27


 1334 00f3 6C6F6E67 		.ascii	"long unsigned int\000"
 1334      20756E73 
 1334      69676E65 
 1334      6420696E 
 1334      7400
 1335              	.LASF38:
 1336 0105 474E5520 		.ascii	"GNU C 4.8.4 20140526 (release) [ARM/embedded-4_8-br"
 1336      4320342E 
 1336      382E3420 
 1336      32303134 
 1336      30353236 
 1337 0138 616E6368 		.ascii	"anch revision 211358] -mcpu=cortex-m3 -mthumb -g -O"
 1337      20726576 
 1337      6973696F 
 1337      6E203231 
 1337      31333538 
 1338 016b 67202D66 		.ascii	"g -ffunction-sections\000"
 1338      66756E63 
 1338      74696F6E 
 1338      2D736563 
 1338      74696F6E 
 1339              	.LASF12:
 1340 0181 696E7433 		.ascii	"int32\000"
 1340      3200
 1341              	.LASF39:
 1342 0187 2E5C6D6F 		.ascii	".\\motor.c\000"
 1342      746F722E 
 1342      6300
 1343              	.LASF28:
 1344 0191 49544D5F 		.ascii	"ITM_RxBuffer\000"
 1344      52784275 
 1344      66666572 
 1344      00
 1345              	.LASF19:
 1346 019e 73657453 		.ascii	"setSpeed\000"
 1346      70656564 
 1346      00
 1347              	.LASF23:
 1348 01a7 73657443 		.ascii	"setCoast\000"
 1348      6F617374 
 1348      00
 1349              	.LASF35:
 1350 01b0 4D4F544F 		.ascii	"MOTOR_R_Start\000"
 1350      525F525F 
 1350      53746172 
 1350      7400
 1351              	.LASF8:
 1352 01be 756E7369 		.ascii	"unsigned int\000"
 1352      676E6564 
 1352      20696E74 
 1352      00
 1353              	.LASF40:
 1354 01cb 433A5C55 		.ascii	"C:\\Users\\xavieran\\Desktop\\ECE3091\\PSOCProjects"
 1354      73657273 
 1354      5C786176 
 1354      69657261 
 1354      6E5C4465 
ARM GAS  C:\Users\xavieran\AppData\Local\Temp\ccGKnH1n.s 			page 28


 1355 01f9 5C454E47 		.ascii	"\\ENG3091_MandM\\ENG3091_MandM.cydsn\000"
 1355      33303931 
 1355      5F4D616E 
 1355      644D5C45 
 1355      4E473330 
 1356              	.LASF7:
 1357 021c 6C6F6E67 		.ascii	"long long unsigned int\000"
 1357      206C6F6E 
 1357      6720756E 
 1357      7369676E 
 1357      65642069 
 1358              	.LASF22:
 1359 0233 73706565 		.ascii	"speed\000"
 1359      6400
 1360              	.LASF16:
 1361 0239 73697A65 		.ascii	"sizetype\000"
 1361      74797065 
 1361      00
 1362              	.LASF21:
 1363 0242 6D6F746F 		.ascii	"motor\000"
 1363      7200
 1364              	.LASF31:
 1365 0248 4D4C494E 		.ascii	"MLIN1_Write\000"
 1365      315F5772 
 1365      69746500 
 1366              	.LASF15:
 1367 0254 63686172 		.ascii	"char\000"
 1367      00
 1368              	.LASF18:
 1369 0259 72656672 		.ascii	"refresh_motor\000"
 1369      6573685F 
 1369      6D6F746F 
 1369      7200
 1370              	.LASF2:
 1371 0267 73686F72 		.ascii	"short int\000"
 1371      7420696E 
 1371      7400
 1372              	.LASF32:
 1373 0271 4D4C494E 		.ascii	"MLIN2_Write\000"
 1373      325F5772 
 1373      69746500 
 1374              	.LASF4:
 1375 027d 6C6F6E67 		.ascii	"long int\000"
 1375      20696E74 
 1375      00
 1376              	.LASF0:
 1377 0286 7369676E 		.ascii	"signed char\000"
 1377      65642063 
 1377      68617200 
 1378              	.LASF30:
 1379 0292 6D6F746F 		.ascii	"motor_time\000"
 1379      725F7469 
 1379      6D6500
 1380              	.LASF36:
 1381 029d 4D52494E 		.ascii	"MRIN1_Write\000"
 1381      315F5772 
 1381      69746500 
ARM GAS  C:\Users\xavieran\AppData\Local\Temp\ccGKnH1n.s 			page 29


 1382              		.ident	"GCC: (GNU Tools for ARM Embedded Processors) 4.8.4 20140526 (release) [ARM/embedded-4_8-br
