--------------- Rebuild Started: 09/02/2015 15:20:10 Project: ENG3091_MandM, Configuration: ARM GCC 4.8.4 Debug ---------------
Deleting file ".\CortexM3\ARM_GCC_484\Debug\main.o"
Deleting file ".\CortexM3\ARM_GCC_484\Debug\mouse_a.o"
Deleting file ".\CortexM3\ARM_GCC_484\Debug\mouse_b.o"
Deleting file ".\CortexM3\ARM_GCC_484\Debug\motor.o"
Deleting file ".\CortexM3\ARM_GCC_484\Debug\navigation.o"
Deleting file ".\CortexM3\ARM_GCC_484\Debug\arm.o"
Deleting file ".\CortexM3\ARM_GCC_484\Debug\gripper.o"
Deleting file ".\CortexM3\ARM_GCC_484\Debug\cyfitter_cfg.o"
Deleting file ".\CortexM3\ARM_GCC_484\Debug\cybootloader.o"
Deleting file ".\CortexM3\ARM_GCC_484\Debug\cymetadata.o"
Deleting file ".\CortexM3\ARM_GCC_484\Debug\Bootloadable.o"
Deleting file ".\CortexM3\ARM_GCC_484\Debug\Clock.o"
Deleting file ".\CortexM3\ARM_GCC_484\Debug\RS.o"
Deleting file ".\CortexM3\ARM_GCC_484\Debug\E.o"
Deleting file ".\CortexM3\ARM_GCC_484\Debug\D4.o"
Deleting file ".\CortexM3\ARM_GCC_484\Debug\D5.o"
Deleting file ".\CortexM3\ARM_GCC_484\Debug\D6.o"
Deleting file ".\CortexM3\ARM_GCC_484\Debug\D7.o"
Deleting file ".\CortexM3\ARM_GCC_484\Debug\V0.o"
Deleting file ".\CortexM3\ARM_GCC_484\Debug\SDAT_A.o"
Deleting file ".\CortexM3\ARM_GCC_484\Debug\SCLK_A.o"
Deleting file ".\CortexM3\ARM_GCC_484\Debug\sclk_a_isr.o"
Deleting file ".\CortexM3\ARM_GCC_484\Debug\SCLK_B.o"
Deleting file ".\CortexM3\ARM_GCC_484\Debug\SDAT_B.o"
Deleting file ".\CortexM3\ARM_GCC_484\Debug\sclk_b_isr.o"
Deleting file ".\CortexM3\ARM_GCC_484\Debug\timer_clock.o"
Deleting file ".\CortexM3\ARM_GCC_484\Debug\Timer.o"
Deleting file ".\CortexM3\ARM_GCC_484\Debug\Timer_PM.o"
Deleting file ".\CortexM3\ARM_GCC_484\Debug\RED.o"
Deleting file ".\CortexM3\ARM_GCC_484\Debug\WHITE.o"
Deleting file ".\CortexM3\ARM_GCC_484\Debug\BLUE.o"
Deleting file ".\CortexM3\ARM_GCC_484\Debug\ORANGE.o"
Deleting file ".\CortexM3\ARM_GCC_484\Debug\Cm3Start.o"
Deleting file ".\CortexM3\ARM_GCC_484\Debug\CyBootAsmGnu.o"
Deleting file ".\CortexM3\ARM_GCC_484\Debug\CyDmac.o"
Deleting file ".\CortexM3\ARM_GCC_484\Debug\CyFlash.o"
Deleting file ".\CortexM3\ARM_GCC_484\Debug\CyLib.o"
Deleting file ".\CortexM3\ARM_GCC_484\Debug\cyPm.o"
Deleting file ".\CortexM3\ARM_GCC_484\Debug\CySpc.o"
Deleting file ".\CortexM3\ARM_GCC_484\Debug\cyutils.o"
Deleting file ".\CortexM3\ARM_GCC_484\Debug\LCD.o"
Deleting file ".\CortexM3\ARM_GCC_484\Debug\LCD_PM.o"
Deleting file ".\CortexM3\ARM_GCC_484\Debug\mSerial.o"
Deleting file ".\CortexM3\ARM_GCC_484\Debug\mSerial_audio.o"
Deleting file ".\CortexM3\ARM_GCC_484\Debug\mSerial_boot.o"
Deleting file ".\CortexM3\ARM_GCC_484\Debug\mSerial_cdc.o"
Deleting file ".\CortexM3\ARM_GCC_484\Debug\mSerial_cls.o"
Deleting file ".\CortexM3\ARM_GCC_484\Debug\mSerial_descr.o"
Deleting file ".\CortexM3\ARM_GCC_484\Debug\mSerial_drv.o"
Deleting file ".\CortexM3\ARM_GCC_484\Debug\mSerial_episr.o"
Deleting file ".\CortexM3\ARM_GCC_484\Debug\mSerial_hid.o"
Deleting file ".\CortexM3\ARM_GCC_484\Debug\mSerial_pm.o"
Deleting file ".\CortexM3\ARM_GCC_484\Debug\mSerial_std.o"
Deleting file ".\CortexM3\ARM_GCC_484\Debug\mSerial_vnd.o"
Deleting file ".\CortexM3\ARM_GCC_484\Debug\mSerial_midi.o"
Deleting file ".\CortexM3\ARM_GCC_484\Debug\LCD_Cntl_Port.o"
Deleting file ".\CortexM3\ARM_GCC_484\Debug\LCD_Cntl_Port_PM.o"
Deleting file ".\CortexM3\ARM_GCC_484\Debug\mSerial_Dm.o"
Deleting file ".\CortexM3\ARM_GCC_484\Debug\mSerial_Dp.o"
Deleting file ".\CortexM3\ARM_GCC_484\Debug\MOTOR2.o"
Deleting file ".\CortexM3\ARM_GCC_484\Debug\MOTOR2_PM.o"
Deleting file ".\CortexM3\ARM_GCC_484\Debug\M2Clock.o"
Deleting file ".\CortexM3\ARM_GCC_484\Debug\Servo_PWM.o"
Deleting file ".\CortexM3\ARM_GCC_484\Debug\Servo_PWM_PM.o"
Deleting file ".\CortexM3\ARM_GCC_484\Debug\SCLOCK.o"
Deleting file ".\CortexM3\ARM_GCC_484\Debug\but1.o"
Deleting file ".\CortexM3\ARM_GCC_484\Debug\but0.o"
Deleting file ".\CortexM3\ARM_GCC_484\Debug\Clock_2.o"
Deleting file ".\CortexM3\ARM_GCC_484\Debug\MOTOR1.o"
Deleting file ".\CortexM3\ARM_GCC_484\Debug\MOTOR1_PM.o"
Deleting file ".\CortexM3\ARM_GCC_484\Debug\M1Clock.o"
Deleting file ".\CortexM3\ARM_GCC_484\Debug\M1IN1.o"
Deleting file ".\CortexM3\ARM_GCC_484\Debug\M1IN2.o"
Deleting file ".\CortexM3\ARM_GCC_484\Debug\M2IN1.o"
Deleting file ".\CortexM3\ARM_GCC_484\Debug\M2IN2.o"
Deleting file ".\CortexM3\ARM_GCC_484\Debug\Button_PWM.o"
Deleting file ".\CortexM3\ARM_GCC_484\Debug\Button_PWM_PM.o"
Deleting file ".\CortexM3\ARM_GCC_484\Debug\OV9650_1_settings.o"
Deleting file ".\CortexM3\ARM_GCC_484\Debug\OV9650_1.o"
Deleting file ".\CortexM3\ARM_GCC_484\Debug\CAM_CLK.o"
Deleting file ".\CortexM3\ARM_GCC_484\Debug\OV9650_1_DMA_dma.o"
Deleting file ".\CortexM3\ARM_GCC_484\Debug\OV9650_1_VSYNC.o"
Deleting file ".\CortexM3\ARM_GCC_484\Debug\OV9650_1_SIOD.o"
Deleting file ".\CortexM3\ARM_GCC_484\Debug\OV9650_1_SIOC.o"
Deleting file ".\CortexM3\ARM_GCC_484\Debug\OV9650_1_I2C.o"
Deleting file ".\CortexM3\ARM_GCC_484\Debug\OV9650_1_I2C_BOOT.o"
Deleting file ".\CortexM3\ARM_GCC_484\Debug\OV9650_1_I2C_INT.o"
Deleting file ".\CortexM3\ARM_GCC_484\Debug\OV9650_1_I2C_PM.o"
Deleting file ".\CortexM3\ARM_GCC_484\Debug\OV9650_1_I2C_SLAVE.o"
Deleting file ".\CortexM3\ARM_GCC_484\Debug\OV9650_1_I2C_MASTER.o"
Deleting file ".\CortexM3\ARM_GCC_484\Debug\SERVO1.o"
Deleting file ".\CortexM3\ARM_GCC_484\Debug\M1EN.o"
Deleting file ".\CortexM3\ARM_GCC_484\Debug\M2EN.o"
Deleting file ".\CortexM3\ARM_GCC_484\Debug\ISR_CHECKP.o"
Deleting file ".\CortexM3\ARM_GCC_484\Debug\nav_clock.o"
Deleting file ".\CortexM3\ARM_GCC_484\Debug\ENG3091_MandM.hex"
Deleting file ".\CortexM3\ARM_GCC_484\Debug\ENG3091_MandM.elf"
Deleting file ".\CortexM3\ARM_GCC_484\Debug\ENG3091_MandM.map"
Deleting file ".\CortexM3\ARM_GCC_484\Debug\ENG3091_MandM.cyacd"
Deleting file ".\ENG3091_MandM.cycdx"
Deleting file ".\ENG3091_MandM.svd"
Deleting file ".\ENG3091_MandM.rpt"
Deleting file ".\ENG3091_MandM_timing.html"
Deleting file ".\CortexM3\ARM_GCC_484\Debug\.deps\C_FILE.P"
Deleting file ".\CortexM3\ARM_GCC_484\Debug\.deps\ARM_C_FILE.P"
Deleting file ".\CortexM3\ARM_GCC_484\Debug\.deps\GNU_ARM_ASM_FILE.P"
cydsfit.exe -.appdatapath "C:\Users\xavieran\AppData\Local\Cypress Semiconductor\PSoC Creator\3.2" -.fdsnotice -.fdswarpdepfile=warp_dependencies.txt -.fdselabdepfile=elab_dependencies.txt -.fdsbldfile=generated_files.txt -p C:\Users\xavieran\Desktop\ECE3091\PSOCProjects\ENG3091_MandM\ENG3091_MandM.cydsn\ENG3091_MandM.cyprj -d CY8C5488AXI-LP120 -s C:\Users\xavieran\Desktop\ECE3091\PSOCProjects\ENG3091_MandM\ENG3091_MandM.cydsn\Generated_Source\PSoC5 -- -yv2 -q10 -ygs -o2 -v3 -.fftcfgtype=LE
Elaborating Design...
HDL Generation ...
Synthesis ...
Place and Route ...
Tech mapping ...
Warning: mpr.M0069: Count7 "\Timer:TimerUDB:sCapCount:counter\" detected with a constant 0 for the enable.  This will prevent the Count7 from operating. (App=cydsfit)
Analog Placement ...
Analog Routing ...
Analog Code Generation ...
Digital Placement ...
Digital Routing ...
Bitstream Generation ...
Static timing analysis ...
API Generation ...
Dependency Generation ...
Clean Temporary Files ...
arm-none-eabi-gcc.exe -mcpu=cortex-m3 -mthumb -Wno-main -I. -IGenerated_Source\PSoC5 -Wa,-alh=.\CortexM3\ARM_GCC_484\Debug/main.lst -g -D DEBUG -Wall -ffunction-sections -Og -c .\main.c -o .\CortexM3\ARM_GCC_484\Debug\main.o
arm-none-eabi-gcc.exe -mcpu=cortex-m3 -mthumb -Wno-main -I. -IGenerated_Source\PSoC5 -Wa,-alh=.\CortexM3\ARM_GCC_484\Debug/mouse_a.lst -g -D DEBUG -Wall -ffunction-sections -Og -c .\mouse_a.c -o .\CortexM3\ARM_GCC_484\Debug\mouse_a.o
arm-none-eabi-gcc.exe -mcpu=cortex-m3 -mthumb -Wno-main -I. -IGenerated_Source\PSoC5 -Wa,-alh=.\CortexM3\ARM_GCC_484\Debug/mouse_b.lst -g -D DEBUG -Wall -ffunction-sections -Og -c .\mouse_b.c -o .\CortexM3\ARM_GCC_484\Debug\mouse_b.o
arm-none-eabi-gcc.exe -mcpu=cortex-m3 -mthumb -Wno-main -I. -IGenerated_Source\PSoC5 -Wa,-alh=.\CortexM3\ARM_GCC_484\Debug/motor.lst -g -D DEBUG -Wall -ffunction-sections -Og -c .\motor.c -o .\CortexM3\ARM_GCC_484\Debug\motor.o
arm-none-eabi-gcc.exe -mcpu=cortex-m3 -mthumb -Wno-main -I. -IGenerated_Source\PSoC5 -Wa,-alh=.\CortexM3\ARM_GCC_484\Debug/navigation.lst -g -D DEBUG -Wall -ffunction-sections -Og -c .\navigation.c -o .\CortexM3\ARM_GCC_484\Debug\navigation.o
arm-none-eabi-gcc.exe -mcpu=cortex-m3 -mthumb -Wno-main -I. -IGenerated_Source\PSoC5 -Wa,-alh=.\CortexM3\ARM_GCC_484\Debug/arm.lst -g -D DEBUG -Wall -ffunction-sections -Og -c .\arm.c -o .\CortexM3\ARM_GCC_484\Debug\arm.o
arm-none-eabi-gcc.exe -mcpu=cortex-m3 -mthumb -Wno-main -I. -IGenerated_Source\PSoC5 -Wa,-alh=.\CortexM3\ARM_GCC_484\Debug/gripper.lst -g -D DEBUG -Wall -ffunction-sections -Og -c .\gripper.c -o .\CortexM3\ARM_GCC_484\Debug\gripper.o
arm-none-eabi-gcc.exe -mcpu=cortex-m3 -mthumb -Wno-main -I. -IGenerated_Source\PSoC5 -Wa,-alh=.\CortexM3\ARM_GCC_484\Debug/cyfitter_cfg.lst -g -D DEBUG -Wall -ffunction-sections -Og -c .\Generated_Source\PSoC5\cyfitter_cfg.c -o .\CortexM3\ARM_GCC_484\Debug\cyfitter_cfg.o
arm-none-eabi-gcc.exe -mcpu=cortex-m3 -mthumb -Wno-main -I. -IGenerated_Source\PSoC5 -Wa,-alh=.\CortexM3\ARM_GCC_484\Debug/cybootloader.lst -g -D DEBUG -Wall -ffunction-sections -Og -c .\Generated_Source\PSoC5\cybootloader.c -o .\CortexM3\ARM_GCC_484\Debug\cybootloader.o
arm-none-eabi-gcc.exe -mcpu=cortex-m3 -mthumb -Wno-main -I. -IGenerated_Source\PSoC5 -Wa,-alh=.\CortexM3\ARM_GCC_484\Debug/cymetadata.lst -g -D DEBUG -Wall -ffunction-sections -Og -c .\Generated_Source\PSoC5\cymetadata.c -o .\CortexM3\ARM_GCC_484\Debug\cymetadata.o
arm-none-eabi-gcc.exe -mcpu=cortex-m3 -mthumb -Wno-main -I. -IGenerated_Source\PSoC5 -Wa,-alh=.\CortexM3\ARM_GCC_484\Debug/Bootloadable.lst -g -D DEBUG -Wall -ffunction-sections -Og -c .\Generated_Source\PSoC5\Bootloadable.c -o .\CortexM3\ARM_GCC_484\Debug\Bootloadable.o
arm-none-eabi-gcc.exe -mcpu=cortex-m3 -mthumb -Wno-main -I. -IGenerated_Source\PSoC5 -Wa,-alh=.\CortexM3\ARM_GCC_484\Debug/Clock.lst -g -D DEBUG -Wall -ffunction-sections -Og -c .\Generated_Source\PSoC5\Clock.c -o .\CortexM3\ARM_GCC_484\Debug\Clock.o
arm-none-eabi-gcc.exe -mcpu=cortex-m3 -mthumb -Wno-main -I. -IGenerated_Source\PSoC5 -Wa,-alh=.\CortexM3\ARM_GCC_484\Debug/RS.lst -g -D DEBUG -Wall -ffunction-sections -Og -c .\Generated_Source\PSoC5\RS.c -o .\CortexM3\ARM_GCC_484\Debug\RS.o
arm-none-eabi-gcc.exe -mcpu=cortex-m3 -mthumb -Wno-main -I. -IGenerated_Source\PSoC5 -Wa,-alh=.\CortexM3\ARM_GCC_484\Debug/E.lst -g -D DEBUG -Wall -ffunction-sections -Og -c .\Generated_Source\PSoC5\E.c -o .\CortexM3\ARM_GCC_484\Debug\E.o
arm-none-eabi-gcc.exe -mcpu=cortex-m3 -mthumb -Wno-main -I. -IGenerated_Source\PSoC5 -Wa,-alh=.\CortexM3\ARM_GCC_484\Debug/D4.lst -g -D DEBUG -Wall -ffunction-sections -Og -c .\Generated_Source\PSoC5\D4.c -o .\CortexM3\ARM_GCC_484\Debug\D4.o
arm-none-eabi-gcc.exe -mcpu=cortex-m3 -mthumb -Wno-main -I. -IGenerated_Source\PSoC5 -Wa,-alh=.\CortexM3\ARM_GCC_484\Debug/D5.lst -g -D DEBUG -Wall -ffunction-sections -Og -c .\Generated_Source\PSoC5\D5.c -o .\CortexM3\ARM_GCC_484\Debug\D5.o
arm-none-eabi-gcc.exe -mcpu=cortex-m3 -mthumb -Wno-main -I. -IGenerated_Source\PSoC5 -Wa,-alh=.\CortexM3\ARM_GCC_484\Debug/D6.lst -g -D DEBUG -Wall -ffunction-sections -Og -c .\Generated_Source\PSoC5\D6.c -o .\CortexM3\ARM_GCC_484\Debug\D6.o
arm-none-eabi-gcc.exe -mcpu=cortex-m3 -mthumb -Wno-main -I. -IGenerated_Source\PSoC5 -Wa,-alh=.\CortexM3\ARM_GCC_484\Debug/D7.lst -g -D DEBUG -Wall -ffunction-sections -Og -c .\Generated_Source\PSoC5\D7.c -o .\CortexM3\ARM_GCC_484\Debug\D7.o
arm-none-eabi-gcc.exe -mcpu=cortex-m3 -mthumb -Wno-main -I. -IGenerated_Source\PSoC5 -Wa,-alh=.\CortexM3\ARM_GCC_484\Debug/V0.lst -g -D DEBUG -Wall -ffunction-sections -Og -c .\Generated_Source\PSoC5\V0.c -o .\CortexM3\ARM_GCC_484\Debug\V0.o
arm-none-eabi-gcc.exe -mcpu=cortex-m3 -mthumb -Wno-main -I. -IGenerated_Source\PSoC5 -Wa,-alh=.\CortexM3\ARM_GCC_484\Debug/SDAT_A.lst -g -D DEBUG -Wall -ffunction-sections -Og -c .\Generated_Source\PSoC5\SDAT_A.c -o .\CortexM3\ARM_GCC_484\Debug\SDAT_A.o
arm-none-eabi-gcc.exe -mcpu=cortex-m3 -mthumb -Wno-main -I. -IGenerated_Source\PSoC5 -Wa,-alh=.\CortexM3\ARM_GCC_484\Debug/SCLK_A.lst -g -D DEBUG -Wall -ffunction-sections -Og -c .\Generated_Source\PSoC5\SCLK_A.c -o .\CortexM3\ARM_GCC_484\Debug\SCLK_A.o
arm-none-eabi-gcc.exe -mcpu=cortex-m3 -mthumb -Wno-main -I. -IGenerated_Source\PSoC5 -Wa,-alh=.\CortexM3\ARM_GCC_484\Debug/sclk_a_isr.lst -g -D DEBUG -Wall -ffunction-sections -Og -c .\Generated_Source\PSoC5\sclk_a_isr.c -o .\CortexM3\ARM_GCC_484\Debug\sclk_a_isr.o
arm-none-eabi-gcc.exe -mcpu=cortex-m3 -mthumb -Wno-main -I. -IGenerated_Source\PSoC5 -Wa,-alh=.\CortexM3\ARM_GCC_484\Debug/SCLK_B.lst -g -D DEBUG -Wall -ffunction-sections -Og -c .\Generated_Source\PSoC5\SCLK_B.c -o .\CortexM3\ARM_GCC_484\Debug\SCLK_B.o
arm-none-eabi-gcc.exe -mcpu=cortex-m3 -mthumb -Wno-main -I. -IGenerated_Source\PSoC5 -Wa,-alh=.\CortexM3\ARM_GCC_484\Debug/SDAT_B.lst -g -D DEBUG -Wall -ffunction-sections -Og -c .\Generated_Source\PSoC5\SDAT_B.c -o .\CortexM3\ARM_GCC_484\Debug\SDAT_B.o
arm-none-eabi-gcc.exe -mcpu=cortex-m3 -mthumb -Wno-main -I. -IGenerated_Source\PSoC5 -Wa,-alh=.\CortexM3\ARM_GCC_484\Debug/sclk_b_isr.lst -g -D DEBUG -Wall -ffunction-sections -Og -c .\Generated_Source\PSoC5\sclk_b_isr.c -o .\CortexM3\ARM_GCC_484\Debug\sclk_b_isr.o
arm-none-eabi-gcc.exe -mcpu=cortex-m3 -mthumb -Wno-main -I. -IGenerated_Source\PSoC5 -Wa,-alh=.\CortexM3\ARM_GCC_484\Debug/timer_clock.lst -g -D DEBUG -Wall -ffunction-sections -Og -c .\Generated_Source\PSoC5\timer_clock.c -o .\CortexM3\ARM_GCC_484\Debug\timer_clock.o
arm-none-eabi-gcc.exe -mcpu=cortex-m3 -mthumb -Wno-main -I. -IGenerated_Source\PSoC5 -Wa,-alh=.\CortexM3\ARM_GCC_484\Debug/Timer.lst -g -D DEBUG -Wall -ffunction-sections -Og -c .\Generated_Source\PSoC5\Timer.c -o .\CortexM3\ARM_GCC_484\Debug\Timer.o
arm-none-eabi-gcc.exe -mcpu=cortex-m3 -mthumb -Wno-main -I. -IGenerated_Source\PSoC5 -Wa,-alh=.\CortexM3\ARM_GCC_484\Debug/Timer_PM.lst -g -D DEBUG -Wall -ffunction-sections -Og -c .\Generated_Source\PSoC5\Timer_PM.c -o .\CortexM3\ARM_GCC_484\Debug\Timer_PM.o
arm-none-eabi-gcc.exe -mcpu=cortex-m3 -mthumb -Wno-main -I. -IGenerated_Source\PSoC5 -Wa,-alh=.\CortexM3\ARM_GCC_484\Debug/RED.lst -g -D DEBUG -Wall -ffunction-sections -Og -c .\Generated_Source\PSoC5\RED.c -o .\CortexM3\ARM_GCC_484\Debug\RED.o
arm-none-eabi-gcc.exe -mcpu=cortex-m3 -mthumb -Wno-main -I. -IGenerated_Source\PSoC5 -Wa,-alh=.\CortexM3\ARM_GCC_484\Debug/WHITE.lst -g -D DEBUG -Wall -ffunction-sections -Og -c .\Generated_Source\PSoC5\WHITE.c -o .\CortexM3\ARM_GCC_484\Debug\WHITE.o
arm-none-eabi-gcc.exe -mcpu=cortex-m3 -mthumb -Wno-main -I. -IGenerated_Source\PSoC5 -Wa,-alh=.\CortexM3\ARM_GCC_484\Debug/BLUE.lst -g -D DEBUG -Wall -ffunction-sections -Og -c .\Generated_Source\PSoC5\BLUE.c -o .\CortexM3\ARM_GCC_484\Debug\BLUE.o
arm-none-eabi-gcc.exe -mcpu=cortex-m3 -mthumb -Wno-main -I. -IGenerated_Source\PSoC5 -Wa,-alh=.\CortexM3\ARM_GCC_484\Debug/ORANGE.lst -g -D DEBUG -Wall -ffunction-sections -Og -c .\Generated_Source\PSoC5\ORANGE.c -o .\CortexM3\ARM_GCC_484\Debug\ORANGE.o
arm-none-eabi-gcc.exe -mcpu=cortex-m3 -mthumb -Wno-main -I. -IGenerated_Source\PSoC5 -Wa,-alh=.\CortexM3\ARM_GCC_484\Debug/Cm3Start.lst -g -D DEBUG -Wall -ffunction-sections -Og -c .\Generated_Source\PSoC5\Cm3Start.c -o .\CortexM3\ARM_GCC_484\Debug\Cm3Start.o
arm-none-eabi-as.exe -mcpu=cortex-m3 -mthumb -I. -IGenerated_Source\PSoC5 -alh=.\CortexM3\ARM_GCC_484\Debug/CyBootAsmGnu.lst -g -W -o .\CortexM3\ARM_GCC_484\Debug\CyBootAsmGnu.o .\Generated_Source\PSoC5\CyBootAsmGnu.s
arm-none-eabi-gcc.exe -mcpu=cortex-m3 -mthumb -Wno-main -I. -IGenerated_Source\PSoC5 -Wa,-alh=.\CortexM3\ARM_GCC_484\Debug/CyDmac.lst -g -D DEBUG -Wall -ffunction-sections -Og -c .\Generated_Source\PSoC5\CyDmac.c -o .\CortexM3\ARM_GCC_484\Debug\CyDmac.o
arm-none-eabi-gcc.exe -mcpu=cortex-m3 -mthumb -Wno-main -I. -IGenerated_Source\PSoC5 -Wa,-alh=.\CortexM3\ARM_GCC_484\Debug/CyFlash.lst -g -D DEBUG -Wall -ffunction-sections -Og -c .\Generated_Source\PSoC5\CyFlash.c -o .\CortexM3\ARM_GCC_484\Debug\CyFlash.o
arm-none-eabi-gcc.exe -mcpu=cortex-m3 -mthumb -Wno-main -I. -IGenerated_Source\PSoC5 -Wa,-alh=.\CortexM3\ARM_GCC_484\Debug/CyLib.lst -g -D DEBUG -Wall -ffunction-sections -Og -c .\Generated_Source\PSoC5\CyLib.c -o .\CortexM3\ARM_GCC_484\Debug\CyLib.o
arm-none-eabi-gcc.exe -mcpu=cortex-m3 -mthumb -Wno-main -I. -IGenerated_Source\PSoC5 -Wa,-alh=.\CortexM3\ARM_GCC_484\Debug/cyPm.lst -g -D DEBUG -Wall -ffunction-sections -Og -c .\Generated_Source\PSoC5\cyPm.c -o .\CortexM3\ARM_GCC_484\Debug\cyPm.o
arm-none-eabi-gcc.exe -mcpu=cortex-m3 -mthumb -Wno-main -I. -IGenerated_Source\PSoC5 -Wa,-alh=.\CortexM3\ARM_GCC_484\Debug/CySpc.lst -g -D DEBUG -Wall -ffunction-sections -Og -c .\Generated_Source\PSoC5\CySpc.c -o .\CortexM3\ARM_GCC_484\Debug\CySpc.o
arm-none-eabi-gcc.exe -mcpu=cortex-m3 -mthumb -Wno-main -I. -IGenerated_Source\PSoC5 -Wa,-alh=.\CortexM3\ARM_GCC_484\Debug/cyutils.lst -g -D DEBUG -Wall -ffunction-sections -Og -c .\Generated_Source\PSoC5\cyutils.c -o .\CortexM3\ARM_GCC_484\Debug\cyutils.o
arm-none-eabi-gcc.exe -mcpu=cortex-m3 -mthumb -Wno-main -I. -IGenerated_Source\PSoC5 -Wa,-alh=.\CortexM3\ARM_GCC_484\Debug/LCD.lst -g -D DEBUG -Wall -ffunction-sections -Og -c .\Generated_Source\PSoC5\LCD.c -o .\CortexM3\ARM_GCC_484\Debug\LCD.o
arm-none-eabi-gcc.exe -mcpu=cortex-m3 -mthumb -Wno-main -I. -IGenerated_Source\PSoC5 -Wa,-alh=.\CortexM3\ARM_GCC_484\Debug/LCD_PM.lst -g -D DEBUG -Wall -ffunction-sections -Og -c .\Generated_Source\PSoC5\LCD_PM.c -o .\CortexM3\ARM_GCC_484\Debug\LCD_PM.o
arm-none-eabi-gcc.exe -mcpu=cortex-m3 -mthumb -Wno-main -I. -IGenerated_Source\PSoC5 -Wa,-alh=.\CortexM3\ARM_GCC_484\Debug/mSerial.lst -g -D DEBUG -Wall -ffunction-sections -Og -c .\Generated_Source\PSoC5\mSerial.c -o .\CortexM3\ARM_GCC_484\Debug\mSerial.o
arm-none-eabi-gcc.exe -mcpu=cortex-m3 -mthumb -Wno-main -I. -IGenerated_Source\PSoC5 -Wa,-alh=.\CortexM3\ARM_GCC_484\Debug/mSerial_audio.lst -g -D DEBUG -Wall -ffunction-sections -Og -c .\Generated_Source\PSoC5\mSerial_audio.c -o .\CortexM3\ARM_GCC_484\Debug\mSerial_audio.o
arm-none-eabi-gcc.exe -mcpu=cortex-m3 -mthumb -Wno-main -I. -IGenerated_Source\PSoC5 -Wa,-alh=.\CortexM3\ARM_GCC_484\Debug/mSerial_boot.lst -g -D DEBUG -Wall -ffunction-sections -Og -c .\Generated_Source\PSoC5\mSerial_boot.c -o .\CortexM3\ARM_GCC_484\Debug\mSerial_boot.o
arm-none-eabi-gcc.exe -mcpu=cortex-m3 -mthumb -Wno-main -I. -IGenerated_Source\PSoC5 -Wa,-alh=.\CortexM3\ARM_GCC_484\Debug/mSerial_cdc.lst -g -D DEBUG -Wall -ffunction-sections -Og -c .\Generated_Source\PSoC5\mSerial_cdc.c -o .\CortexM3\ARM_GCC_484\Debug\mSerial_cdc.o
arm-none-eabi-gcc.exe -mcpu=cortex-m3 -mthumb -Wno-main -I. -IGenerated_Source\PSoC5 -Wa,-alh=.\CortexM3\ARM_GCC_484\Debug/mSerial_cls.lst -g -D DEBUG -Wall -ffunction-sections -Og -c .\Generated_Source\PSoC5\mSerial_cls.c -o .\CortexM3\ARM_GCC_484\Debug\mSerial_cls.o
arm-none-eabi-gcc.exe -mcpu=cortex-m3 -mthumb -Wno-main -I. -IGenerated_Source\PSoC5 -Wa,-alh=.\CortexM3\ARM_GCC_484\Debug/mSerial_descr.lst -g -D DEBUG -Wall -ffunction-sections -Og -c .\Generated_Source\PSoC5\mSerial_descr.c -o .\CortexM3\ARM_GCC_484\Debug\mSerial_descr.o
arm-none-eabi-gcc.exe -mcpu=cortex-m3 -mthumb -Wno-main -I. -IGenerated_Source\PSoC5 -Wa,-alh=.\CortexM3\ARM_GCC_484\Debug/mSerial_drv.lst -g -D DEBUG -Wall -ffunction-sections -Og -c .\Generated_Source\PSoC5\mSerial_drv.c -o .\CortexM3\ARM_GCC_484\Debug\mSerial_drv.o
arm-none-eabi-gcc.exe -mcpu=cortex-m3 -mthumb -Wno-main -I. -IGenerated_Source\PSoC5 -Wa,-alh=.\CortexM3\ARM_GCC_484\Debug/mSerial_episr.lst -g -D DEBUG -Wall -ffunction-sections -Og -c .\Generated_Source\PSoC5\mSerial_episr.c -o .\CortexM3\ARM_GCC_484\Debug\mSerial_episr.o
arm-none-eabi-gcc.exe -mcpu=cortex-m3 -mthumb -Wno-main -I. -IGenerated_Source\PSoC5 -Wa,-alh=.\CortexM3\ARM_GCC_484\Debug/mSerial_hid.lst -g -D DEBUG -Wall -ffunction-sections -Og -c .\Generated_Source\PSoC5\mSerial_hid.c -o .\CortexM3\ARM_GCC_484\Debug\mSerial_hid.o
arm-none-eabi-gcc.exe -mcpu=cortex-m3 -mthumb -Wno-main -I. -IGenerated_Source\PSoC5 -Wa,-alh=.\CortexM3\ARM_GCC_484\Debug/mSerial_pm.lst -g -D DEBUG -Wall -ffunction-sections -Og -c .\Generated_Source\PSoC5\mSerial_pm.c -o .\CortexM3\ARM_GCC_484\Debug\mSerial_pm.o
arm-none-eabi-gcc.exe -mcpu=cortex-m3 -mthumb -Wno-main -I. -IGenerated_Source\PSoC5 -Wa,-alh=.\CortexM3\ARM_GCC_484\Debug/mSerial_std.lst -g -D DEBUG -Wall -ffunction-sections -Og -c .\Generated_Source\PSoC5\mSerial_std.c -o .\CortexM3\ARM_GCC_484\Debug\mSerial_std.o
arm-none-eabi-gcc.exe -mcpu=cortex-m3 -mthumb -Wno-main -I. -IGenerated_Source\PSoC5 -Wa,-alh=.\CortexM3\ARM_GCC_484\Debug/mSerial_vnd.lst -g -D DEBUG -Wall -ffunction-sections -Og -c .\Generated_Source\PSoC5\mSerial_vnd.c -o .\CortexM3\ARM_GCC_484\Debug\mSerial_vnd.o
arm-none-eabi-gcc.exe -mcpu=cortex-m3 -mthumb -Wno-main -I. -IGenerated_Source\PSoC5 -Wa,-alh=.\CortexM3\ARM_GCC_484\Debug/mSerial_midi.lst -g -D DEBUG -Wall -ffunction-sections -Og -c .\Generated_Source\PSoC5\mSerial_midi.c -o .\CortexM3\ARM_GCC_484\Debug\mSerial_midi.o
arm-none-eabi-gcc.exe -mcpu=cortex-m3 -mthumb -Wno-main -I. -IGenerated_Source\PSoC5 -Wa,-alh=.\CortexM3\ARM_GCC_484\Debug/LCD_Cntl_Port.lst -g -D DEBUG -Wall -ffunction-sections -Og -c .\Generated_Source\PSoC5\LCD_Cntl_Port.c -o .\CortexM3\ARM_GCC_484\Debug\LCD_Cntl_Port.o
arm-none-eabi-gcc.exe -mcpu=cortex-m3 -mthumb -Wno-main -I. -IGenerated_Source\PSoC5 -Wa,-alh=.\CortexM3\ARM_GCC_484\Debug/LCD_Cntl_Port_PM.lst -g -D DEBUG -Wall -ffunction-sections -Og -c .\Generated_Source\PSoC5\LCD_Cntl_Port_PM.c -o .\CortexM3\ARM_GCC_484\Debug\LCD_Cntl_Port_PM.o
arm-none-eabi-gcc.exe -mcpu=cortex-m3 -mthumb -Wno-main -I. -IGenerated_Source\PSoC5 -Wa,-alh=.\CortexM3\ARM_GCC_484\Debug/mSerial_Dm.lst -g -D DEBUG -Wall -ffunction-sections -Og -c .\Generated_Source\PSoC5\mSerial_Dm.c -o .\CortexM3\ARM_GCC_484\Debug\mSerial_Dm.o
arm-none-eabi-gcc.exe -mcpu=cortex-m3 -mthumb -Wno-main -I. -IGenerated_Source\PSoC5 -Wa,-alh=.\CortexM3\ARM_GCC_484\Debug/mSerial_Dp.lst -g -D DEBUG -Wall -ffunction-sections -Og -c .\Generated_Source\PSoC5\mSerial_Dp.c -o .\CortexM3\ARM_GCC_484\Debug\mSerial_Dp.o
arm-none-eabi-gcc.exe -mcpu=cortex-m3 -mthumb -Wno-main -I. -IGenerated_Source\PSoC5 -Wa,-alh=.\CortexM3\ARM_GCC_484\Debug/MOTOR2.lst -g -D DEBUG -Wall -ffunction-sections -Og -c .\Generated_Source\PSoC5\MOTOR2.c -o .\CortexM3\ARM_GCC_484\Debug\MOTOR2.o
arm-none-eabi-gcc.exe -mcpu=cortex-m3 -mthumb -Wno-main -I. -IGenerated_Source\PSoC5 -Wa,-alh=.\CortexM3\ARM_GCC_484\Debug/MOTOR2_PM.lst -g -D DEBUG -Wall -ffunction-sections -Og -c .\Generated_Source\PSoC5\MOTOR2_PM.c -o .\CortexM3\ARM_GCC_484\Debug\MOTOR2_PM.o
arm-none-eabi-gcc.exe -mcpu=cortex-m3 -mthumb -Wno-main -I. -IGenerated_Source\PSoC5 -Wa,-alh=.\CortexM3\ARM_GCC_484\Debug/M2Clock.lst -g -D DEBUG -Wall -ffunction-sections -Og -c .\Generated_Source\PSoC5\M2Clock.c -o .\CortexM3\ARM_GCC_484\Debug\M2Clock.o
arm-none-eabi-gcc.exe -mcpu=cortex-m3 -mthumb -Wno-main -I. -IGenerated_Source\PSoC5 -Wa,-alh=.\CortexM3\ARM_GCC_484\Debug/Servo_PWM.lst -g -D DEBUG -Wall -ffunction-sections -Og -c .\Generated_Source\PSoC5\Servo_PWM.c -o .\CortexM3\ARM_GCC_484\Debug\Servo_PWM.o
arm-none-eabi-gcc.exe -mcpu=cortex-m3 -mthumb -Wno-main -I. -IGenerated_Source\PSoC5 -Wa,-alh=.\CortexM3\ARM_GCC_484\Debug/Servo_PWM_PM.lst -g -D DEBUG -Wall -ffunction-sections -Og -c .\Generated_Source\PSoC5\Servo_PWM_PM.c -o .\CortexM3\ARM_GCC_484\Debug\Servo_PWM_PM.o
arm-none-eabi-gcc.exe -mcpu=cortex-m3 -mthumb -Wno-main -I. -IGenerated_Source\PSoC5 -Wa,-alh=.\CortexM3\ARM_GCC_484\Debug/SCLOCK.lst -g -D DEBUG -Wall -ffunction-sections -Og -c .\Generated_Source\PSoC5\SCLOCK.c -o .\CortexM3\ARM_GCC_484\Debug\SCLOCK.o
arm-none-eabi-gcc.exe -mcpu=cortex-m3 -mthumb -Wno-main -I. -IGenerated_Source\PSoC5 -Wa,-alh=.\CortexM3\ARM_GCC_484\Debug/but1.lst -g -D DEBUG -Wall -ffunction-sections -Og -c .\Generated_Source\PSoC5\but1.c -o .\CortexM3\ARM_GCC_484\Debug\but1.o
arm-none-eabi-gcc.exe -mcpu=cortex-m3 -mthumb -Wno-main -I. -IGenerated_Source\PSoC5 -Wa,-alh=.\CortexM3\ARM_GCC_484\Debug/but0.lst -g -D DEBUG -Wall -ffunction-sections -Og -c .\Generated_Source\PSoC5\but0.c -o .\CortexM3\ARM_GCC_484\Debug\but0.o
arm-none-eabi-gcc.exe -mcpu=cortex-m3 -mthumb -Wno-main -I. -IGenerated_Source\PSoC5 -Wa,-alh=.\CortexM3\ARM_GCC_484\Debug/Clock_2.lst -g -D DEBUG -Wall -ffunction-sections -Og -c .\Generated_Source\PSoC5\Clock_2.c -o .\CortexM3\ARM_GCC_484\Debug\Clock_2.o
arm-none-eabi-gcc.exe -mcpu=cortex-m3 -mthumb -Wno-main -I. -IGenerated_Source\PSoC5 -Wa,-alh=.\CortexM3\ARM_GCC_484\Debug/MOTOR1.lst -g -D DEBUG -Wall -ffunction-sections -Og -c .\Generated_Source\PSoC5\MOTOR1.c -o .\CortexM3\ARM_GCC_484\Debug\MOTOR1.o
arm-none-eabi-gcc.exe -mcpu=cortex-m3 -mthumb -Wno-main -I. -IGenerated_Source\PSoC5 -Wa,-alh=.\CortexM3\ARM_GCC_484\Debug/MOTOR1_PM.lst -g -D DEBUG -Wall -ffunction-sections -Og -c .\Generated_Source\PSoC5\MOTOR1_PM.c -o .\CortexM3\ARM_GCC_484\Debug\MOTOR1_PM.o
arm-none-eabi-gcc.exe -mcpu=cortex-m3 -mthumb -Wno-main -I. -IGenerated_Source\PSoC5 -Wa,-alh=.\CortexM3\ARM_GCC_484\Debug/M1Clock.lst -g -D DEBUG -Wall -ffunction-sections -Og -c .\Generated_Source\PSoC5\M1Clock.c -o .\CortexM3\ARM_GCC_484\Debug\M1Clock.o
arm-none-eabi-gcc.exe -mcpu=cortex-m3 -mthumb -Wno-main -I. -IGenerated_Source\PSoC5 -Wa,-alh=.\CortexM3\ARM_GCC_484\Debug/M1IN1.lst -g -D DEBUG -Wall -ffunction-sections -Og -c .\Generated_Source\PSoC5\M1IN1.c -o .\CortexM3\ARM_GCC_484\Debug\M1IN1.o
arm-none-eabi-gcc.exe -mcpu=cortex-m3 -mthumb -Wno-main -I. -IGenerated_Source\PSoC5 -Wa,-alh=.\CortexM3\ARM_GCC_484\Debug/M1IN2.lst -g -D DEBUG -Wall -ffunction-sections -Og -c .\Generated_Source\PSoC5\M1IN2.c -o .\CortexM3\ARM_GCC_484\Debug\M1IN2.o
arm-none-eabi-gcc.exe -mcpu=cortex-m3 -mthumb -Wno-main -I. -IGenerated_Source\PSoC5 -Wa,-alh=.\CortexM3\ARM_GCC_484\Debug/M2IN1.lst -g -D DEBUG -Wall -ffunction-sections -Og -c .\Generated_Source\PSoC5\M2IN1.c -o .\CortexM3\ARM_GCC_484\Debug\M2IN1.o
arm-none-eabi-gcc.exe -mcpu=cortex-m3 -mthumb -Wno-main -I. -IGenerated_Source\PSoC5 -Wa,-alh=.\CortexM3\ARM_GCC_484\Debug/M2IN2.lst -g -D DEBUG -Wall -ffunction-sections -Og -c .\Generated_Source\PSoC5\M2IN2.c -o .\CortexM3\ARM_GCC_484\Debug\M2IN2.o
arm-none-eabi-gcc.exe -mcpu=cortex-m3 -mthumb -Wno-main -I. -IGenerated_Source\PSoC5 -Wa,-alh=.\CortexM3\ARM_GCC_484\Debug/Button_PWM.lst -g -D DEBUG -Wall -ffunction-sections -Og -c .\Generated_Source\PSoC5\Button_PWM.c -o .\CortexM3\ARM_GCC_484\Debug\Button_PWM.o
arm-none-eabi-gcc.exe -mcpu=cortex-m3 -mthumb -Wno-main -I. -IGenerated_Source\PSoC5 -Wa,-alh=.\CortexM3\ARM_GCC_484\Debug/Button_PWM_PM.lst -g -D DEBUG -Wall -ffunction-sections -Og -c .\Generated_Source\PSoC5\Button_PWM_PM.c -o .\CortexM3\ARM_GCC_484\Debug\Button_PWM_PM.o
arm-none-eabi-gcc.exe -mcpu=cortex-m3 -mthumb -Wno-main -I. -IGenerated_Source\PSoC5 -Wa,-alh=.\CortexM3\ARM_GCC_484\Debug/OV9650_1_settings.lst -g -D DEBUG -Wall -ffunction-sections -Og -c .\Generated_Source\PSoC5\OV9650_1_settings.c -o .\CortexM3\ARM_GCC_484\Debug\OV9650_1_settings.o
arm-none-eabi-gcc.exe -mcpu=cortex-m3 -mthumb -Wno-main -I. -IGenerated_Source\PSoC5 -Wa,-alh=.\CortexM3\ARM_GCC_484\Debug/OV9650_1.lst -g -D DEBUG -Wall -ffunction-sections -Og -c .\Generated_Source\PSoC5\OV9650_1.c -o .\CortexM3\ARM_GCC_484\Debug\OV9650_1.o
arm-none-eabi-gcc.exe -mcpu=cortex-m3 -mthumb -Wno-main -I. -IGenerated_Source\PSoC5 -Wa,-alh=.\CortexM3\ARM_GCC_484\Debug/CAM_CLK.lst -g -D DEBUG -Wall -ffunction-sections -Og -c .\Generated_Source\PSoC5\CAM_CLK.c -o .\CortexM3\ARM_GCC_484\Debug\CAM_CLK.o
arm-none-eabi-gcc.exe -mcpu=cortex-m3 -mthumb -Wno-main -I. -IGenerated_Source\PSoC5 -Wa,-alh=.\CortexM3\ARM_GCC_484\Debug/OV9650_1_DMA_dma.lst -g -D DEBUG -Wall -ffunction-sections -Og -c .\Generated_Source\PSoC5\OV9650_1_DMA_dma.c -o .\CortexM3\ARM_GCC_484\Debug\OV9650_1_DMA_dma.o
arm-none-eabi-gcc.exe -mcpu=cortex-m3 -mthumb -Wno-main -I. -IGenerated_Source\PSoC5 -Wa,-alh=.\CortexM3\ARM_GCC_484\Debug/OV9650_1_VSYNC.lst -g -D DEBUG -Wall -ffunction-sections -Og -c .\Generated_Source\PSoC5\OV9650_1_VSYNC.c -o .\CortexM3\ARM_GCC_484\Debug\OV9650_1_VSYNC.o
arm-none-eabi-gcc.exe -mcpu=cortex-m3 -mthumb -Wno-main -I. -IGenerated_Source\PSoC5 -Wa,-alh=.\CortexM3\ARM_GCC_484\Debug/OV9650_1_SIOD.lst -g -D DEBUG -Wall -ffunction-sections -Og -c .\Generated_Source\PSoC5\OV9650_1_SIOD.c -o .\CortexM3\ARM_GCC_484\Debug\OV9650_1_SIOD.o
arm-none-eabi-gcc.exe -mcpu=cortex-m3 -mthumb -Wno-main -I. -IGenerated_Source\PSoC5 -Wa,-alh=.\CortexM3\ARM_GCC_484\Debug/OV9650_1_SIOC.lst -g -D DEBUG -Wall -ffunction-sections -Og -c .\Generated_Source\PSoC5\OV9650_1_SIOC.c -o .\CortexM3\ARM_GCC_484\Debug\OV9650_1_SIOC.o
arm-none-eabi-gcc.exe -mcpu=cortex-m3 -mthumb -Wno-main -I. -IGenerated_Source\PSoC5 -Wa,-alh=.\CortexM3\ARM_GCC_484\Debug/OV9650_1_I2C.lst -g -D DEBUG -Wall -ffunction-sections -Og -c .\Generated_Source\PSoC5\OV9650_1_I2C.c -o .\CortexM3\ARM_GCC_484\Debug\OV9650_1_I2C.o
arm-none-eabi-gcc.exe -mcpu=cortex-m3 -mthumb -Wno-main -I. -IGenerated_Source\PSoC5 -Wa,-alh=.\CortexM3\ARM_GCC_484\Debug/OV9650_1_I2C_BOOT.lst -g -D DEBUG -Wall -ffunction-sections -Og -c .\Generated_Source\PSoC5\OV9650_1_I2C_BOOT.c -o .\CortexM3\ARM_GCC_484\Debug\OV9650_1_I2C_BOOT.o
arm-none-eabi-gcc.exe -mcpu=cortex-m3 -mthumb -Wno-main -I. -IGenerated_Source\PSoC5 -Wa,-alh=.\CortexM3\ARM_GCC_484\Debug/OV9650_1_I2C_INT.lst -g -D DEBUG -Wall -ffunction-sections -Og -c .\Generated_Source\PSoC5\OV9650_1_I2C_INT.c -o .\CortexM3\ARM_GCC_484\Debug\OV9650_1_I2C_INT.o
arm-none-eabi-gcc.exe -mcpu=cortex-m3 -mthumb -Wno-main -I. -IGenerated_Source\PSoC5 -Wa,-alh=.\CortexM3\ARM_GCC_484\Debug/OV9650_1_I2C_PM.lst -g -D DEBUG -Wall -ffunction-sections -Og -c .\Generated_Source\PSoC5\OV9650_1_I2C_PM.c -o .\CortexM3\ARM_GCC_484\Debug\OV9650_1_I2C_PM.o
arm-none-eabi-gcc.exe -mcpu=cortex-m3 -mthumb -Wno-main -I. -IGenerated_Source\PSoC5 -Wa,-alh=.\CortexM3\ARM_GCC_484\Debug/OV9650_1_I2C_SLAVE.lst -g -D DEBUG -Wall -ffunction-sections -Og -c .\Generated_Source\PSoC5\OV9650_1_I2C_SLAVE.c -o .\CortexM3\ARM_GCC_484\Debug\OV9650_1_I2C_SLAVE.o
arm-none-eabi-gcc.exe -mcpu=cortex-m3 -mthumb -Wno-main -I. -IGenerated_Source\PSoC5 -Wa,-alh=.\CortexM3\ARM_GCC_484\Debug/OV9650_1_I2C_MASTER.lst -g -D DEBUG -Wall -ffunction-sections -Og -c .\Generated_Source\PSoC5\OV9650_1_I2C_MASTER.c -o .\CortexM3\ARM_GCC_484\Debug\OV9650_1_I2C_MASTER.o
arm-none-eabi-gcc.exe -mcpu=cortex-m3 -mthumb -Wno-main -I. -IGenerated_Source\PSoC5 -Wa,-alh=.\CortexM3\ARM_GCC_484\Debug/SERVO1.lst -g -D DEBUG -Wall -ffunction-sections -Og -c .\Generated_Source\PSoC5\SERVO1.c -o .\CortexM3\ARM_GCC_484\Debug\SERVO1.o
arm-none-eabi-gcc.exe -mcpu=cortex-m3 -mthumb -Wno-main -I. -IGenerated_Source\PSoC5 -Wa,-alh=.\CortexM3\ARM_GCC_484\Debug/M1EN.lst -g -D DEBUG -Wall -ffunction-sections -Og -c .\Generated_Source\PSoC5\M1EN.c -o .\CortexM3\ARM_GCC_484\Debug\M1EN.o
arm-none-eabi-gcc.exe -mcpu=cortex-m3 -mthumb -Wno-main -I. -IGenerated_Source\PSoC5 -Wa,-alh=.\CortexM3\ARM_GCC_484\Debug/M2EN.lst -g -D DEBUG -Wall -ffunction-sections -Og -c .\Generated_Source\PSoC5\M2EN.c -o .\CortexM3\ARM_GCC_484\Debug\M2EN.o
arm-none-eabi-gcc.exe -mcpu=cortex-m3 -mthumb -Wno-main -I. -IGenerated_Source\PSoC5 -Wa,-alh=.\CortexM3\ARM_GCC_484\Debug/ISR_CHECKP.lst -g -D DEBUG -Wall -ffunction-sections -Og -c .\Generated_Source\PSoC5\ISR_CHECKP.c -o .\CortexM3\ARM_GCC_484\Debug\ISR_CHECKP.o
arm-none-eabi-gcc.exe -mcpu=cortex-m3 -mthumb -Wno-main -I. -IGenerated_Source\PSoC5 -Wa,-alh=.\CortexM3\ARM_GCC_484\Debug/nav_clock.lst -g -D DEBUG -Wall -ffunction-sections -Og -c .\Generated_Source\PSoC5\nav_clock.c -o .\CortexM3\ARM_GCC_484\Debug\nav_clock.o
arm-none-eabi-ar.exe -rs .\CortexM3\ARM_GCC_484\Debug\ENG3091_MandM.a .\CortexM3\ARM_GCC_484\Debug\cyfitter_cfg.o .\CortexM3\ARM_GCC_484\Debug\Bootloadable.o .\CortexM3\ARM_GCC_484\Debug\Clock.o .\CortexM3\ARM_GCC_484\Debug\RS.o .\CortexM3\ARM_GCC_484\Debug\E.o .\CortexM3\ARM_GCC_484\Debug\D4.o .\CortexM3\ARM_GCC_484\Debug\D5.o .\CortexM3\ARM_GCC_484\Debug\D6.o .\CortexM3\ARM_GCC_484\Debug\D7.o .\CortexM3\ARM_GCC_484\Debug\V0.o .\CortexM3\ARM_GCC_484\Debug\SDAT_A.o .\CortexM3\ARM_GCC_484\Debug\SCLK_A.o .\CortexM3\ARM_GCC_484\Debug\sclk_a_isr.o .\CortexM3\ARM_GCC_484\Debug\SCLK_B.o .\CortexM3\ARM_GCC_484\Debug\SDAT_B.o .\CortexM3\ARM_GCC_484\Debug\sclk_b_isr.o .\CortexM3\ARM_GCC_484\Debug\timer_clock.o .\CortexM3\ARM_GCC_484\Debug\Timer.o .\CortexM3\ARM_GCC_484\Debug\Timer_PM.o .\CortexM3\ARM_GCC_484\Debug\RED.o .\CortexM3\ARM_GCC_484\Debug\WHITE.o .\CortexM3\ARM_GCC_484\Debug\BLUE.o .\CortexM3\ARM_GCC_484\Debug\ORANGE.o .\CortexM3\ARM_GCC_484\Debug\CyBootAsmGnu.o .\CortexM3\ARM_GCC_484\Debug\CyDmac.o .\CortexM3\ARM_GCC_484\Debug\CyFlash.o .\CortexM3\ARM_GCC_484\Debug\CyLib.o .\CortexM3\ARM_GCC_484\Debug\cyPm.o .\CortexM3\ARM_GCC_484\Debug\CySpc.o .\CortexM3\ARM_GCC_484\Debug\cyutils.o .\CortexM3\ARM_GCC_484\Debug\LCD.o .\CortexM3\ARM_GCC_484\Debug\LCD_PM.o .\CortexM3\ARM_GCC_484\Debug\mSerial.o .\CortexM3\ARM_GCC_484\Debug\mSerial_audio.o .\CortexM3\ARM_GCC_484\Debug\mSerial_boot.o .\CortexM3\ARM_GCC_484\Debug\mSerial_cdc.o .\CortexM3\ARM_GCC_484\Debug\mSerial_cls.o .\CortexM3\ARM_GCC_484\Debug\mSerial_descr.o .\CortexM3\ARM_GCC_484\Debug\mSerial_drv.o .\CortexM3\ARM_GCC_484\Debug\mSerial_episr.o .\CortexM3\ARM_GCC_484\Debug\mSerial_hid.o .\CortexM3\ARM_GCC_484\Debug\mSerial_pm.o .\CortexM3\ARM_GCC_484\Debug\mSerial_std.o .\CortexM3\ARM_GCC_484\Debug\mSerial_vnd.o .\CortexM3\ARM_GCC_484\Debug\mSerial_midi.o .\CortexM3\ARM_GCC_484\Debug\LCD_Cntl_Port.o .\CortexM3\ARM_GCC_484\Debug\LCD_Cntl_Port_PM.o .\CortexM3\ARM_GCC_484\Debug\mSerial_Dm.o .\CortexM3\ARM_GCC_484\Debug\mSerial_Dp.o .\CortexM3\ARM_GCC_484\Debug\MOTOR2.o .\CortexM3\ARM_GCC_484\Debug\MOTOR2_PM.o .\CortexM3\ARM_GCC_484\Debug\M2Clock.o .\CortexM3\ARM_GCC_484\Debug\Servo_PWM.o .\CortexM3\ARM_GCC_484\Debug\Servo_PWM_PM.o .\CortexM3\ARM_GCC_484\Debug\SCLOCK.o .\CortexM3\ARM_GCC_484\Debug\but1.o .\CortexM3\ARM_GCC_484\Debug\but0.o .\CortexM3\ARM_GCC_484\Debug\Clock_2.o .\CortexM3\ARM_GCC_484\Debug\MOTOR1.o .\CortexM3\ARM_GCC_484\Debug\MOTOR1_PM.o .\CortexM3\ARM_GCC_484\Debug\M1Clock.o .\CortexM3\ARM_GCC_484\Debug\M1IN1.o .\CortexM3\ARM_GCC_484\Debug\M1IN2.o .\CortexM3\ARM_GCC_484\Debug\M2IN1.o .\CortexM3\ARM_GCC_484\Debug\M2IN2.o .\CortexM3\ARM_GCC_484\Debug\Button_PWM.o .\CortexM3\ARM_GCC_484\Debug\Button_PWM_PM.o .\CortexM3\ARM_GCC_484\Debug\OV9650_1_settings.o .\CortexM3\ARM_GCC_484\Debug\OV9650_1.o .\CortexM3\ARM_GCC_484\Debug\CAM_CLK.o .\CortexM3\ARM_GCC_484\Debug\OV9650_1_DMA_dma.o .\CortexM3\ARM_GCC_484\Debug\OV9650_1_VSYNC.o .\CortexM3\ARM_GCC_484\Debug\OV9650_1_SIOD.o .\CortexM3\ARM_GCC_484\Debug\OV9650_1_SIOC.o .\CortexM3\ARM_GCC_484\Debug\OV9650_1_I2C.o .\CortexM3\ARM_GCC_484\Debug\OV9650_1_I2C_BOOT.o .\CortexM3\ARM_GCC_484\Debug\OV9650_1_I2C_INT.o .\CortexM3\ARM_GCC_484\Debug\OV9650_1_I2C_PM.o .\CortexM3\ARM_GCC_484\Debug\OV9650_1_I2C_SLAVE.o .\CortexM3\ARM_GCC_484\Debug\OV9650_1_I2C_MASTER.o .\CortexM3\ARM_GCC_484\Debug\SERVO1.o .\CortexM3\ARM_GCC_484\Debug\M1EN.o .\CortexM3\ARM_GCC_484\Debug\M2EN.o .\CortexM3\ARM_GCC_484\Debug\ISR_CHECKP.o .\CortexM3\ARM_GCC_484\Debug\nav_clock.o
arm-none-eabi-ar.exe: creating .\CortexM3\ARM_GCC_484\Debug\ENG3091_MandM.a
arm-none-eabi-gcc.exe -Wl,--start-group -o .\CortexM3\ARM_GCC_484\Debug\ENG3091_MandM.elf .\CortexM3\ARM_GCC_484\Debug\main.o .\CortexM3\ARM_GCC_484\Debug\mouse_a.o .\CortexM3\ARM_GCC_484\Debug\mouse_b.o .\CortexM3\ARM_GCC_484\Debug\motor.o .\CortexM3\ARM_GCC_484\Debug\navigation.o .\CortexM3\ARM_GCC_484\Debug\arm.o .\CortexM3\ARM_GCC_484\Debug\gripper.o .\CortexM3\ARM_GCC_484\Debug\cybootloader.o .\CortexM3\ARM_GCC_484\Debug\cymetadata.o .\CortexM3\ARM_GCC_484\Debug\Cm3Start.o .\CortexM3\ARM_GCC_484\Debug\ENG3091_MandM.a "C:\Program Files (x86)\Cypress\PSoC Creator\3.2\PSoC Creator\psoc\content\cycomponentlibrary\CyComponentLibrary.cylib\CortexM3\ARM_GCC_484\Debug\CyComponentLibrary.a" -mcpu=cortex-m3 -mthumb -g -ffunction-sections -Og -l m -Wl,-Map,.\CortexM3\ARM_GCC_484\Debug/ENG3091_MandM.map -T Generated_Source\PSoC5\cm3gcc.ld -specs=nano.specs -Wl,--gc-sections -Wl,--end-group
cyelftool.exe -B C:\Users\xavieran\Desktop\ECE3091\PSOCProjects\ENG3091_MandM\ENG3091_MandM.cydsn\CortexM3\ARM_GCC_484\Debug\ENG3091_MandM.elf --flash_row_size 256 --flash_size 262144 --flash_array_size 65536 --ee_array 64 --ee_row_size 16
cyelftool.exe -S C:\Users\xavieran\Desktop\ECE3091\PSOCProjects\ENG3091_MandM\ENG3091_MandM.cydsn\CortexM3\ARM_GCC_484\Debug\ENG3091_MandM.elf
Flash used: 30720 of 262144 bytes (11.7 %). Bootloader: 9984 bytes. Application: 20480 bytes. Metadata: 256 bytes.
SRAM used: 53389 of 65536 bytes (81.5 %). Stack: 2048 bytes. Heap: 128 bytes.
--------------- Rebuild Succeeded: 09/02/2015 15:20:46 ---------------
