ARM GAS  C:\Users\xavieran\AppData\Local\Temp\ccEabaoh.s 			page 1


   1              		.syntax unified
   2              		.cpu cortex-m3
   3              		.fpu softvfp
   4              		.eabi_attribute 20, 1
   5              		.eabi_attribute 21, 1
   6              		.eabi_attribute 23, 3
   7              		.eabi_attribute 24, 1
   8              		.eabi_attribute 25, 1
   9              		.eabi_attribute 26, 1
  10              		.eabi_attribute 30, 1
  11              		.eabi_attribute 34, 1
  12              		.eabi_attribute 18, 4
  13              		.thumb
  14              		.file	"USB_descr.c"
  15              		.text
  16              	.Ltext0:
  17              		.cfi_sections	.debug_frame
  18              		.comm	USB_idSerialNumberStringDescriptor,34,4
  19              		.global	USB_MSOS_CONFIGURATION_DESCR
  20              		.global	USB_MSOS_DESCRIPTOR
  21              		.global	USB_TABLE
  22              		.global	USB_DEVICE0_TABLE
  23              		.global	USB_DEVICE0_CONFIGURATION0_TABLE
  24              		.global	USB_DEVICE0_CONFIGURATION0_INTERFACE_CLASS
  25              		.global	USB_DEVICE0_CONFIGURATION0_EP_SETTINGS_TABLE
  26              		.global	USB_SN_STRING_DESCRIPTOR
  27              		.global	USB_STRING_DESCRIPTORS
  28              		.global	USB_DEVICE0_CONFIGURATION0_DESCR
  29              		.global	USB_DEVICE0_DESCR
  30              		.section	.rodata
  31              		.align	2
  32              		.type	USB_MSOS_CONFIGURATION_DESCR, %object
  33              		.size	USB_MSOS_CONFIGURATION_DESCR, 40
  34              	USB_MSOS_CONFIGURATION_DESCR:
  35 0000 28       		.byte	40
  36 0001 00       		.byte	0
  37 0002 00       		.byte	0
  38 0003 00       		.byte	0
  39 0004 00       		.byte	0
  40 0005 01       		.byte	1
  41 0006 04       		.byte	4
  42 0007 00       		.byte	0
  43 0008 01       		.byte	1
  44 0009 00       		.byte	0
  45 000a 00       		.byte	0
  46 000b 00       		.byte	0
  47 000c 00       		.byte	0
  48 000d 00       		.byte	0
  49 000e 00       		.byte	0
  50 000f 00       		.byte	0
  51 0010 00       		.byte	0
  52 0011 01       		.byte	1
  53 0012 43       		.byte	67
  54 0013 59       		.byte	89
  55 0014 55       		.byte	85
  56 0015 53       		.byte	83
  57 0016 42       		.byte	66
ARM GAS  C:\Users\xavieran\AppData\Local\Temp\ccEabaoh.s 			page 2


  58 0017 00       		.byte	0
  59 0018 00       		.byte	0
  60 0019 00       		.byte	0
  61 001a 30       		.byte	48
  62 001b 30       		.byte	48
  63 001c 30       		.byte	48
  64 001d 30       		.byte	48
  65 001e 31       		.byte	49
  66 001f 00       		.byte	0
  67 0020 00       		.byte	0
  68 0021 00       		.byte	0
  69 0022 00       		.byte	0
  70 0023 00       		.byte	0
  71 0024 00       		.byte	0
  72 0025 00       		.byte	0
  73 0026 00       		.byte	0
  74 0027 00       		.byte	0
  75              		.type	USB_MSOS_DESCRIPTOR, %object
  76              		.size	USB_MSOS_DESCRIPTOR, 18
  77              	USB_MSOS_DESCRIPTOR:
  78 0028 12       		.byte	18
  79 0029 03       		.byte	3
  80 002a 4D       		.byte	77
  81 002b 00       		.byte	0
  82 002c 53       		.byte	83
  83 002d 00       		.byte	0
  84 002e 46       		.byte	70
  85 002f 00       		.byte	0
  86 0030 54       		.byte	84
  87 0031 00       		.byte	0
  88 0032 31       		.byte	49
  89 0033 00       		.byte	0
  90 0034 30       		.byte	48
  91 0035 00       		.byte	0
  92 0036 30       		.byte	48
  93 0037 00       		.byte	0
  94 0038 01       		.byte	1
  95 0039 00       		.byte	0
  96 003a 0000     		.space	2
  97              		.type	USB_TABLE, %object
  98              		.size	USB_TABLE, 8
  99              	USB_TABLE:
 100 003c 01       		.byte	1
 101 003d 000000   		.space	3
 102 0040 00000000 		.word	USB_DEVICE0_TABLE
 103              		.type	USB_DEVICE0_TABLE, %object
 104              		.size	USB_DEVICE0_TABLE, 16
 105              	USB_DEVICE0_TABLE:
 106 0044 01       		.byte	1
 107 0045 000000   		.space	3
 108 0048 00000000 		.word	USB_DEVICE0_DESCR
 109 004c 01       		.byte	1
 110 004d 000000   		.space	3
 111 0050 00000000 		.word	USB_DEVICE0_CONFIGURATION0_TABLE
 112              		.type	USB_DEVICE0_CONFIGURATION0_TABLE, %object
 113              		.size	USB_DEVICE0_CONFIGURATION0_TABLE, 40
 114              	USB_DEVICE0_CONFIGURATION0_TABLE:
ARM GAS  C:\Users\xavieran\AppData\Local\Temp\ccEabaoh.s 			page 3


 115 0054 01       		.byte	1
 116 0055 000000   		.space	3
 117 0058 00000000 		.word	USB_DEVICE0_CONFIGURATION0_DESCR
 118 005c 03       		.byte	3
 119 005d 000000   		.space	3
 120 0060 00000000 		.word	USB_DEVICE0_CONFIGURATION0_EP_SETTINGS_TABLE
 121 0064 00       		.byte	0
 122 0065 000000   		.space	3
 123 0068 00000000 		.word	0
 124 006c 00       		.byte	0
 125 006d 000000   		.space	3
 126 0070 00000000 		.word	0
 127 0074 00       		.byte	0
 128 0075 000000   		.space	3
 129 0078 00000000 		.word	USB_DEVICE0_CONFIGURATION0_INTERFACE_CLASS
 130              		.type	USB_DEVICE0_CONFIGURATION0_INTERFACE_CLASS, %object
 131              		.size	USB_DEVICE0_CONFIGURATION0_INTERFACE_CLASS, 2
 132              	USB_DEVICE0_CONFIGURATION0_INTERFACE_CLASS:
 133 007c 02       		.byte	2
 134 007d 0A       		.byte	10
 135 007e 0000     		.space	2
 136              		.type	USB_DEVICE0_CONFIGURATION0_EP_SETTINGS_TABLE, %object
 137              		.size	USB_DEVICE0_CONFIGURATION0_EP_SETTINGS_TABLE, 24
 138              	USB_DEVICE0_CONFIGURATION0_EP_SETTINGS_TABLE:
 139 0080 00       		.byte	0
 140 0081 00       		.byte	0
 141 0082 81       		.byte	-127
 142 0083 03       		.byte	3
 143 0084 0800     		.short	8
 144 0086 02       		.byte	2
 145 0087 00       		.space	1
 146 0088 01       		.byte	1
 147 0089 00       		.byte	0
 148 008a 82       		.byte	-126
 149 008b 02       		.byte	2
 150 008c 4000     		.short	64
 151 008e 0A       		.byte	10
 152 008f 00       		.space	1
 153 0090 01       		.byte	1
 154 0091 00       		.byte	0
 155 0092 03       		.byte	3
 156 0093 02       		.byte	2
 157 0094 4000     		.short	64
 158 0096 0A       		.byte	10
 159 0097 00       		.space	1
 160              		.type	USB_SN_STRING_DESCRIPTOR, %object
 161              		.size	USB_SN_STRING_DESCRIPTOR, 2
 162              	USB_SN_STRING_DESCRIPTOR:
 163 0098 02       		.byte	2
 164 0099 03       		.byte	3
 165 009a 0000     		.space	2
 166              		.type	USB_STRING_DESCRIPTORS, %object
 167              		.size	USB_STRING_DESCRIPTORS, 149
 168              	USB_STRING_DESCRIPTORS:
 169 009c 04       		.byte	4
 170 009d 03       		.byte	3
 171 009e 09       		.byte	9
ARM GAS  C:\Users\xavieran\AppData\Local\Temp\ccEabaoh.s 			page 4


 172 009f 04       		.byte	4
 173 00a0 22       		.byte	34
 174 00a1 03       		.byte	3
 175 00a2 47       		.byte	71
 176 00a3 00       		.byte	0
 177 00a4 6C       		.byte	108
 178 00a5 00       		.byte	0
 179 00a6 6F       		.byte	111
 180 00a7 00       		.byte	0
 181 00a8 6D       		.byte	109
 182 00a9 00       		.byte	0
 183 00aa 65       		.byte	101
 184 00ab 00       		.byte	0
 185 00ac 72       		.byte	114
 186 00ad 00       		.byte	0
 187 00ae 69       		.byte	105
 188 00af 00       		.byte	0
 189 00b0 64       		.byte	100
 190 00b1 00       		.byte	0
 191 00b2 61       		.byte	97
 192 00b3 00       		.byte	0
 193 00b4 20       		.byte	32
 194 00b5 00       		.byte	0
 195 00b6 53       		.byte	83
 196 00b7 00       		.byte	0
 197 00b8 65       		.byte	101
 198 00b9 00       		.byte	0
 199 00ba 72       		.byte	114
 200 00bb 00       		.byte	0
 201 00bc 69       		.byte	105
 202 00bd 00       		.byte	0
 203 00be 61       		.byte	97
 204 00bf 00       		.byte	0
 205 00c0 6C       		.byte	108
 206 00c1 00       		.byte	0
 207 00c2 10       		.byte	16
 208 00c3 03       		.byte	3
 209 00c4 55       		.byte	85
 210 00c5 00       		.byte	0
 211 00c6 53       		.byte	83
 212 00c7 00       		.byte	0
 213 00c8 42       		.byte	66
 214 00c9 00       		.byte	0
 215 00ca 55       		.byte	85
 216 00cb 00       		.byte	0
 217 00cc 41       		.byte	65
 218 00cd 00       		.byte	0
 219 00ce 52       		.byte	82
 220 00cf 00       		.byte	0
 221 00d0 54       		.byte	84
 222 00d1 00       		.byte	0
 223 00d2 38       		.byte	56
 224 00d3 03       		.byte	3
 225 00d4 43       		.byte	67
 226 00d5 00       		.byte	0
 227 00d6 44       		.byte	68
 228 00d7 00       		.byte	0
ARM GAS  C:\Users\xavieran\AppData\Local\Temp\ccEabaoh.s 			page 5


 229 00d8 43       		.byte	67
 230 00d9 00       		.byte	0
 231 00da 20       		.byte	32
 232 00db 00       		.byte	0
 233 00dc 43       		.byte	67
 234 00dd 00       		.byte	0
 235 00de 6F       		.byte	111
 236 00df 00       		.byte	0
 237 00e0 6D       		.byte	109
 238 00e1 00       		.byte	0
 239 00e2 6D       		.byte	109
 240 00e3 00       		.byte	0
 241 00e4 75       		.byte	117
 242 00e5 00       		.byte	0
 243 00e6 6E       		.byte	110
 244 00e7 00       		.byte	0
 245 00e8 69       		.byte	105
 246 00e9 00       		.byte	0
 247 00ea 63       		.byte	99
 248 00eb 00       		.byte	0
 249 00ec 61       		.byte	97
 250 00ed 00       		.byte	0
 251 00ee 74       		.byte	116
 252 00ef 00       		.byte	0
 253 00f0 69       		.byte	105
 254 00f1 00       		.byte	0
 255 00f2 6F       		.byte	111
 256 00f3 00       		.byte	0
 257 00f4 6E       		.byte	110
 258 00f5 00       		.byte	0
 259 00f6 20       		.byte	32
 260 00f7 00       		.byte	0
 261 00f8 49       		.byte	73
 262 00f9 00       		.byte	0
 263 00fa 6E       		.byte	110
 264 00fb 00       		.byte	0
 265 00fc 74       		.byte	116
 266 00fd 00       		.byte	0
 267 00fe 65       		.byte	101
 268 00ff 00       		.byte	0
 269 0100 72       		.byte	114
 270 0101 00       		.byte	0
 271 0102 66       		.byte	102
 272 0103 00       		.byte	0
 273 0104 61       		.byte	97
 274 0105 00       		.byte	0
 275 0106 63       		.byte	99
 276 0107 00       		.byte	0
 277 0108 65       		.byte	101
 278 0109 00       		.byte	0
 279 010a 26       		.byte	38
 280 010b 03       		.byte	3
 281 010c 43       		.byte	67
 282 010d 00       		.byte	0
 283 010e 44       		.byte	68
 284 010f 00       		.byte	0
 285 0110 43       		.byte	67
ARM GAS  C:\Users\xavieran\AppData\Local\Temp\ccEabaoh.s 			page 6


 286 0111 00       		.byte	0
 287 0112 20       		.byte	32
 288 0113 00       		.byte	0
 289 0114 44       		.byte	68
 290 0115 00       		.byte	0
 291 0116 61       		.byte	97
 292 0117 00       		.byte	0
 293 0118 74       		.byte	116
 294 0119 00       		.byte	0
 295 011a 61       		.byte	97
 296 011b 00       		.byte	0
 297 011c 20       		.byte	32
 298 011d 00       		.byte	0
 299 011e 49       		.byte	73
 300 011f 00       		.byte	0
 301 0120 6E       		.byte	110
 302 0121 00       		.byte	0
 303 0122 74       		.byte	116
 304 0123 00       		.byte	0
 305 0124 65       		.byte	101
 306 0125 00       		.byte	0
 307 0126 72       		.byte	114
 308 0127 00       		.byte	0
 309 0128 66       		.byte	102
 310 0129 00       		.byte	0
 311 012a 61       		.byte	97
 312 012b 00       		.byte	0
 313 012c 63       		.byte	99
 314 012d 00       		.byte	0
 315 012e 65       		.byte	101
 316 012f 00       		.byte	0
 317 0130 00       		.byte	0
 318 0131 000000   		.space	3
 319              		.type	USB_DEVICE0_CONFIGURATION0_DESCR, %object
 320              		.size	USB_DEVICE0_CONFIGURATION0_DESCR, 67
 321              	USB_DEVICE0_CONFIGURATION0_DESCR:
 322 0134 09       		.byte	9
 323 0135 02       		.byte	2
 324 0136 43       		.byte	67
 325 0137 00       		.byte	0
 326 0138 02       		.byte	2
 327 0139 01       		.byte	1
 328 013a 01       		.byte	1
 329 013b C0       		.byte	-64
 330 013c 32       		.byte	50
 331 013d 09       		.byte	9
 332 013e 04       		.byte	4
 333 013f 00       		.byte	0
 334 0140 00       		.byte	0
 335 0141 01       		.byte	1
 336 0142 02       		.byte	2
 337 0143 02       		.byte	2
 338 0144 01       		.byte	1
 339 0145 03       		.byte	3
 340 0146 05       		.byte	5
 341 0147 24       		.byte	36
 342 0148 00       		.byte	0
ARM GAS  C:\Users\xavieran\AppData\Local\Temp\ccEabaoh.s 			page 7


 343 0149 10       		.byte	16
 344 014a 01       		.byte	1
 345 014b 04       		.byte	4
 346 014c 24       		.byte	36
 347 014d 02       		.byte	2
 348 014e 02       		.byte	2
 349 014f 05       		.byte	5
 350 0150 24       		.byte	36
 351 0151 06       		.byte	6
 352 0152 00       		.byte	0
 353 0153 01       		.byte	1
 354 0154 05       		.byte	5
 355 0155 24       		.byte	36
 356 0156 01       		.byte	1
 357 0157 00       		.byte	0
 358 0158 01       		.byte	1
 359 0159 07       		.byte	7
 360 015a 05       		.byte	5
 361 015b 81       		.byte	-127
 362 015c 03       		.byte	3
 363 015d 08       		.byte	8
 364 015e 00       		.byte	0
 365 015f 0A       		.byte	10
 366 0160 09       		.byte	9
 367 0161 04       		.byte	4
 368 0162 01       		.byte	1
 369 0163 00       		.byte	0
 370 0164 02       		.byte	2
 371 0165 0A       		.byte	10
 372 0166 00       		.byte	0
 373 0167 00       		.byte	0
 374 0168 04       		.byte	4
 375 0169 07       		.byte	7
 376 016a 05       		.byte	5
 377 016b 82       		.byte	-126
 378 016c 02       		.byte	2
 379 016d 40       		.byte	64
 380 016e 00       		.byte	0
 381 016f 0A       		.byte	10
 382 0170 07       		.byte	7
 383 0171 05       		.byte	5
 384 0172 03       		.byte	3
 385 0173 02       		.byte	2
 386 0174 40       		.byte	64
 387 0175 00       		.byte	0
 388 0176 0A       		.byte	10
 389 0177 00       		.space	1
 390              		.type	USB_DEVICE0_DESCR, %object
 391              		.size	USB_DEVICE0_DESCR, 18
 392              	USB_DEVICE0_DESCR:
 393 0178 12       		.byte	18
 394 0179 01       		.byte	1
 395 017a 00       		.byte	0
 396 017b 02       		.byte	2
 397 017c 02       		.byte	2
 398 017d 00       		.byte	0
 399 017e 00       		.byte	0
ARM GAS  C:\Users\xavieran\AppData\Local\Temp\ccEabaoh.s 			page 8


 400 017f 08       		.byte	8
 401 0180 B4       		.byte	-76
 402 0181 04       		.byte	4
 403 0182 32       		.byte	50
 404 0183 F2       		.byte	-14
 405 0184 01       		.byte	1
 406 0185 00       		.byte	0
 407 0186 01       		.byte	1
 408 0187 02       		.byte	2
 409 0188 80       		.byte	-128
 410 0189 01       		.byte	1
 411 018a 0000     		.text
 412              	.Letext0:
 413              		.file 1 ".\\Generated_Source\\PSoC5\\cytypes.h"
 414              		.file 2 ".\\Generated_Source\\PSoC5\\USB.h"
 415              		.file 3 ".\\Generated_Source\\PSoC5\\USB_descr.c"
 416              		.section	.debug_info,"",%progbits
 417              	.Ldebug_info0:
 418 0000 C5020000 		.4byte	0x2c5
 419 0004 0400     		.2byte	0x4
 420 0006 00000000 		.4byte	.Ldebug_abbrev0
 421 000a 04       		.byte	0x4
 422 000b 01       		.uleb128 0x1
 423 000c 09020000 		.4byte	.LASF36
 424 0010 01       		.byte	0x1
 425 0011 12030000 		.4byte	.LASF37
 426 0015 23000000 		.4byte	.LASF38
 427 0019 00000000 		.4byte	.Ldebug_line0
 428 001d 02       		.uleb128 0x2
 429 001e 01       		.byte	0x1
 430 001f 06       		.byte	0x6
 431 0020 37030000 		.4byte	.LASF0
 432 0024 02       		.uleb128 0x2
 433 0025 01       		.byte	0x1
 434 0026 08       		.byte	0x8
 435 0027 EC000000 		.4byte	.LASF1
 436 002b 02       		.uleb128 0x2
 437 002c 02       		.byte	0x2
 438 002d 05       		.byte	0x5
 439 002e C4020000 		.4byte	.LASF2
 440 0032 02       		.uleb128 0x2
 441 0033 02       		.byte	0x2
 442 0034 07       		.byte	0x7
 443 0035 74000000 		.4byte	.LASF3
 444 0039 02       		.uleb128 0x2
 445 003a 04       		.byte	0x4
 446 003b 05       		.byte	0x5
 447 003c 09030000 		.4byte	.LASF4
 448 0040 02       		.uleb128 0x2
 449 0041 04       		.byte	0x4
 450 0042 07       		.byte	0x7
 451 0043 05010000 		.4byte	.LASF5
 452 0047 02       		.uleb128 0x2
 453 0048 08       		.byte	0x8
 454 0049 05       		.byte	0x5
 455 004a 8E020000 		.4byte	.LASF6
 456 004e 02       		.uleb128 0x2
ARM GAS  C:\Users\xavieran\AppData\Local\Temp\ccEabaoh.s 			page 9


 457 004f 08       		.byte	0x8
 458 0050 07       		.byte	0x7
 459 0051 EB010000 		.4byte	.LASF7
 460 0055 03       		.uleb128 0x3
 461 0056 04       		.byte	0x4
 462 0057 05       		.byte	0x5
 463 0058 696E7400 		.ascii	"int\000"
 464 005c 02       		.uleb128 0x2
 465 005d 04       		.byte	0x4
 466 005e 07       		.byte	0x7
 467 005f C1010000 		.4byte	.LASF8
 468 0063 04       		.uleb128 0x4
 469 0064 CE020000 		.4byte	.LASF9
 470 0068 01       		.byte	0x1
 471 0069 B3       		.byte	0xb3
 472 006a 24000000 		.4byte	0x24
 473 006e 04       		.uleb128 0x4
 474 006f A6010000 		.4byte	.LASF10
 475 0073 01       		.byte	0x1
 476 0074 B4       		.byte	0xb4
 477 0075 32000000 		.4byte	0x32
 478 0079 02       		.uleb128 0x2
 479 007a 04       		.byte	0x4
 480 007b 04       		.byte	0x4
 481 007c BA000000 		.4byte	.LASF11
 482 0080 02       		.uleb128 0x2
 483 0081 08       		.byte	0x8
 484 0082 04       		.byte	0x4
 485 0083 67010000 		.4byte	.LASF12
 486 0087 02       		.uleb128 0x2
 487 0088 01       		.byte	0x1
 488 0089 08       		.byte	0x8
 489 008a 9C020000 		.4byte	.LASF13
 490 008e 02       		.uleb128 0x2
 491 008f 04       		.byte	0x4
 492 0090 07       		.byte	0x7
 493 0091 85020000 		.4byte	.LASF14
 494 0095 05       		.uleb128 0x5
 495 0096 08       		.byte	0x8
 496 0097 02       		.byte	0x2
 497 0098 87       		.byte	0x87
 498 0099 E6000000 		.4byte	0xe6
 499 009d 06       		.uleb128 0x6
 500 009e D4020000 		.4byte	.LASF15
 501 00a2 02       		.byte	0x2
 502 00a3 89       		.byte	0x89
 503 00a4 63000000 		.4byte	0x63
 504 00a8 00       		.byte	0
 505 00a9 06       		.uleb128 0x6
 506 00aa C0000000 		.4byte	.LASF16
 507 00ae 02       		.byte	0x2
 508 00af 8A       		.byte	0x8a
 509 00b0 63000000 		.4byte	0x63
 510 00b4 01       		.byte	0x1
 511 00b5 06       		.uleb128 0x6
 512 00b6 17010000 		.4byte	.LASF17
 513 00ba 02       		.byte	0x2
ARM GAS  C:\Users\xavieran\AppData\Local\Temp\ccEabaoh.s 			page 10


 514 00bb 8B       		.byte	0x8b
 515 00bc 63000000 		.4byte	0x63
 516 00c0 02       		.byte	0x2
 517 00c1 06       		.uleb128 0x6
 518 00c2 FA000000 		.4byte	.LASF18
 519 00c6 02       		.byte	0x2
 520 00c7 8C       		.byte	0x8c
 521 00c8 63000000 		.4byte	0x63
 522 00cc 03       		.byte	0x3
 523 00cd 06       		.uleb128 0x6
 524 00ce 6E010000 		.4byte	.LASF19
 525 00d2 02       		.byte	0x2
 526 00d3 8D       		.byte	0x8d
 527 00d4 6E000000 		.4byte	0x6e
 528 00d8 04       		.byte	0x4
 529 00d9 06       		.uleb128 0x6
 530 00da 43030000 		.4byte	.LASF20
 531 00de 02       		.byte	0x2
 532 00df 8E       		.byte	0x8e
 533 00e0 63000000 		.4byte	0x63
 534 00e4 06       		.byte	0x6
 535 00e5 00       		.byte	0
 536 00e6 04       		.uleb128 0x4
 537 00e7 1C010000 		.4byte	.LASF21
 538 00eb 02       		.byte	0x2
 539 00ec 8F       		.byte	0x8f
 540 00ed 95000000 		.4byte	0x95
 541 00f1 05       		.uleb128 0x5
 542 00f2 08       		.byte	0x8
 543 00f3 02       		.byte	0x2
 544 00f4 9F       		.byte	0x9f
 545 00f5 10010000 		.4byte	0x110
 546 00f9 07       		.uleb128 0x7
 547 00fa 6300     		.ascii	"c\000"
 548 00fc 02       		.byte	0x2
 549 00fd A1       		.byte	0xa1
 550 00fe 63000000 		.4byte	0x63
 551 0102 00       		.byte	0
 552 0103 06       		.uleb128 0x6
 553 0104 02020000 		.4byte	.LASF22
 554 0108 02       		.byte	0x2
 555 0109 A2       		.byte	0xa2
 556 010a 10010000 		.4byte	0x110
 557 010e 04       		.byte	0x4
 558 010f 00       		.byte	0
 559 0110 08       		.uleb128 0x8
 560 0111 04       		.byte	0x4
 561 0112 16010000 		.4byte	0x116
 562 0116 09       		.uleb128 0x9
 563 0117 04       		.uleb128 0x4
 564 0118 E2000000 		.4byte	.LASF23
 565 011c 02       		.byte	0x2
 566 011d A3       		.byte	0xa3
 567 011e F1000000 		.4byte	0xf1
 568 0122 0A       		.uleb128 0xa
 569 0123 63000000 		.4byte	0x63
 570 0127 32010000 		.4byte	0x132
ARM GAS  C:\Users\xavieran\AppData\Local\Temp\ccEabaoh.s 			page 11


 571 012b 0B       		.uleb128 0xb
 572 012c 8E000000 		.4byte	0x8e
 573 0130 11       		.byte	0x11
 574 0131 00       		.byte	0
 575 0132 0C       		.uleb128 0xc
 576 0133 34010000 		.4byte	.LASF24
 577 0137 03       		.byte	0x3
 578 0138 26       		.byte	0x26
 579 0139 43010000 		.4byte	0x143
 580 013d 05       		.uleb128 0x5
 581 013e 03       		.byte	0x3
 582 013f 00000000 		.4byte	USB_DEVICE0_DESCR
 583 0143 0D       		.uleb128 0xd
 584 0144 22010000 		.4byte	0x122
 585 0148 0A       		.uleb128 0xa
 586 0149 63000000 		.4byte	0x63
 587 014d 58010000 		.4byte	0x158
 588 0151 0B       		.uleb128 0xb
 589 0152 8E000000 		.4byte	0x8e
 590 0156 42       		.byte	0x42
 591 0157 00       		.byte	0
 592 0158 0C       		.uleb128 0xc
 593 0159 46010000 		.4byte	.LASF25
 594 015d 03       		.byte	0x3
 595 015e 39       		.byte	0x39
 596 015f 69010000 		.4byte	0x169
 597 0163 05       		.uleb128 0x5
 598 0164 03       		.byte	0x3
 599 0165 00000000 		.4byte	USB_DEVICE0_CONFIGURATION0_DESCR
 600 0169 0D       		.uleb128 0xd
 601 016a 48010000 		.4byte	0x148
 602 016e 0A       		.uleb128 0xa
 603 016f E6000000 		.4byte	0xe6
 604 0173 7E010000 		.4byte	0x17e
 605 0177 0B       		.uleb128 0xb
 606 0178 8E000000 		.4byte	0x8e
 607 017c 02       		.byte	0x2
 608 017d 00       		.byte	0
 609 017e 0C       		.uleb128 0xc
 610 017f 79010000 		.4byte	.LASF26
 611 0183 03       		.byte	0x3
 612 0184 D9       		.byte	0xd9
 613 0185 8F010000 		.4byte	0x18f
 614 0189 05       		.uleb128 0x5
 615 018a 03       		.byte	0x3
 616 018b 00000000 		.4byte	USB_DEVICE0_CONFIGURATION0_EP_SETTINGS_TABLE
 617 018f 0D       		.uleb128 0xd
 618 0190 6E010000 		.4byte	0x16e
 619 0194 0A       		.uleb128 0xa
 620 0195 63000000 		.4byte	0x63
 621 0199 A4010000 		.4byte	0x1a4
 622 019d 0B       		.uleb128 0xb
 623 019e 8E000000 		.4byte	0x8e
 624 01a2 01       		.byte	0x1
 625 01a3 00       		.byte	0
 626 01a4 0C       		.uleb128 0xc
 627 01a5 DE020000 		.4byte	.LASF27
ARM GAS  C:\Users\xavieran\AppData\Local\Temp\ccEabaoh.s 			page 12


 628 01a9 03       		.byte	0x3
 629 01aa DF       		.byte	0xdf
 630 01ab B5010000 		.4byte	0x1b5
 631 01af 05       		.uleb128 0x5
 632 01b0 03       		.byte	0x3
 633 01b1 00000000 		.4byte	USB_DEVICE0_CONFIGURATION0_INTERFACE_CLASS
 634 01b5 0D       		.uleb128 0xd
 635 01b6 94010000 		.4byte	0x194
 636 01ba 0A       		.uleb128 0xa
 637 01bb 17010000 		.4byte	0x117
 638 01bf CA010000 		.4byte	0x1ca
 639 01c3 0B       		.uleb128 0xb
 640 01c4 8E000000 		.4byte	0x8e
 641 01c8 04       		.byte	0x4
 642 01c9 00       		.byte	0
 643 01ca 0C       		.uleb128 0xc
 644 01cb 99000000 		.4byte	.LASF28
 645 01cf 03       		.byte	0x3
 646 01d0 E7       		.byte	0xe7
 647 01d1 DB010000 		.4byte	0x1db
 648 01d5 05       		.uleb128 0x5
 649 01d6 03       		.byte	0x3
 650 01d7 00000000 		.4byte	USB_DEVICE0_CONFIGURATION0_TABLE
 651 01db 0D       		.uleb128 0xd
 652 01dc BA010000 		.4byte	0x1ba
 653 01e0 0A       		.uleb128 0xa
 654 01e1 17010000 		.4byte	0x117
 655 01e5 F0010000 		.4byte	0x1f0
 656 01e9 0B       		.uleb128 0xb
 657 01ea 8E000000 		.4byte	0x8e
 658 01ee 01       		.byte	0x1
 659 01ef 00       		.byte	0
 660 01f0 0C       		.uleb128 0xc
 661 01f1 87000000 		.4byte	.LASF29
 662 01f5 03       		.byte	0x3
 663 01f6 F2       		.byte	0xf2
 664 01f7 01020000 		.4byte	0x201
 665 01fb 05       		.uleb128 0x5
 666 01fc 03       		.byte	0x3
 667 01fd 00000000 		.4byte	USB_DEVICE0_TABLE
 668 0201 0D       		.uleb128 0xd
 669 0202 E0010000 		.4byte	0x1e0
 670 0206 0A       		.uleb128 0xa
 671 0207 17010000 		.4byte	0x117
 672 020b 16020000 		.4byte	0x216
 673 020f 0B       		.uleb128 0xb
 674 0210 8E000000 		.4byte	0x8e
 675 0214 00       		.byte	0
 676 0215 00       		.byte	0
 677 0216 0C       		.uleb128 0xc
 678 0217 BA020000 		.4byte	.LASF30
 679 021b 03       		.byte	0x3
 680 021c F9       		.byte	0xf9
 681 021d 27020000 		.4byte	0x227
 682 0221 05       		.uleb128 0x5
 683 0222 03       		.byte	0x3
 684 0223 00000000 		.4byte	USB_TABLE
ARM GAS  C:\Users\xavieran\AppData\Local\Temp\ccEabaoh.s 			page 13


 685 0227 0D       		.uleb128 0xd
 686 0228 06020000 		.4byte	0x206
 687 022c 0C       		.uleb128 0xc
 688 022d A1020000 		.4byte	.LASF31
 689 0231 03       		.byte	0x3
 690 0232 CA       		.byte	0xca
 691 0233 3D020000 		.4byte	0x23d
 692 0237 05       		.uleb128 0x5
 693 0238 03       		.byte	0x3
 694 0239 00000000 		.4byte	USB_SN_STRING_DESCRIPTOR
 695 023d 0D       		.uleb128 0xd
 696 023e 94010000 		.4byte	0x194
 697 0242 0A       		.uleb128 0xa
 698 0243 63000000 		.4byte	0x63
 699 0247 52020000 		.4byte	0x252
 700 024b 0B       		.uleb128 0xb
 701 024c 8E000000 		.4byte	0x8e
 702 0250 94       		.byte	0x94
 703 0251 00       		.byte	0
 704 0252 0C       		.uleb128 0xc
 705 0253 CB000000 		.4byte	.LASF32
 706 0257 03       		.byte	0x3
 707 0258 98       		.byte	0x98
 708 0259 63020000 		.4byte	0x263
 709 025d 05       		.uleb128 0x5
 710 025e 03       		.byte	0x3
 711 025f 00000000 		.4byte	USB_STRING_DESCRIPTORS
 712 0263 0D       		.uleb128 0xd
 713 0264 42020000 		.4byte	0x242
 714 0268 0E       		.uleb128 0xe
 715 0269 AD010000 		.4byte	.LASF33
 716 026d 03       		.byte	0x3
 717 026e 0901     		.2byte	0x109
 718 0270 7A020000 		.4byte	0x27a
 719 0274 05       		.uleb128 0x5
 720 0275 03       		.byte	0x3
 721 0276 00000000 		.4byte	USB_MSOS_DESCRIPTOR
 722 027a 0D       		.uleb128 0xd
 723 027b 22010000 		.4byte	0x122
 724 027f 0A       		.uleb128 0xa
 725 0280 63000000 		.4byte	0x63
 726 0284 8F020000 		.4byte	0x28f
 727 0288 0B       		.uleb128 0xb
 728 0289 8E000000 		.4byte	0x8e
 729 028d 27       		.byte	0x27
 730 028e 00       		.byte	0
 731 028f 0E       		.uleb128 0xe
 732 0290 CE010000 		.4byte	.LASF34
 733 0294 03       		.byte	0x3
 734 0295 1401     		.2byte	0x114
 735 0297 A1020000 		.4byte	0x2a1
 736 029b 05       		.uleb128 0x5
 737 029c 03       		.byte	0x3
 738 029d 00000000 		.4byte	USB_MSOS_CONFIGURATION_DESCR
 739 02a1 0D       		.uleb128 0xd
 740 02a2 7F020000 		.4byte	0x27f
 741 02a6 0A       		.uleb128 0xa
ARM GAS  C:\Users\xavieran\AppData\Local\Temp\ccEabaoh.s 			page 14


 742 02a7 63000000 		.4byte	0x63
 743 02ab B6020000 		.4byte	0x2b6
 744 02af 0B       		.uleb128 0xb
 745 02b0 8E000000 		.4byte	0x8e
 746 02b4 21       		.byte	0x21
 747 02b5 00       		.byte	0
 748 02b6 0E       		.uleb128 0xe
 749 02b7 00000000 		.4byte	.LASF35
 750 02bb 03       		.byte	0x3
 751 02bc 2701     		.2byte	0x127
 752 02be A6020000 		.4byte	0x2a6
 753 02c2 05       		.uleb128 0x5
 754 02c3 03       		.byte	0x3
 755 02c4 00000000 		.4byte	USB_idSerialNumberStringDescriptor
 756 02c8 00       		.byte	0
 757              		.section	.debug_abbrev,"",%progbits
 758              	.Ldebug_abbrev0:
 759 0000 01       		.uleb128 0x1
 760 0001 11       		.uleb128 0x11
 761 0002 01       		.byte	0x1
 762 0003 25       		.uleb128 0x25
 763 0004 0E       		.uleb128 0xe
 764 0005 13       		.uleb128 0x13
 765 0006 0B       		.uleb128 0xb
 766 0007 03       		.uleb128 0x3
 767 0008 0E       		.uleb128 0xe
 768 0009 1B       		.uleb128 0x1b
 769 000a 0E       		.uleb128 0xe
 770 000b 10       		.uleb128 0x10
 771 000c 17       		.uleb128 0x17
 772 000d 00       		.byte	0
 773 000e 00       		.byte	0
 774 000f 02       		.uleb128 0x2
 775 0010 24       		.uleb128 0x24
 776 0011 00       		.byte	0
 777 0012 0B       		.uleb128 0xb
 778 0013 0B       		.uleb128 0xb
 779 0014 3E       		.uleb128 0x3e
 780 0015 0B       		.uleb128 0xb
 781 0016 03       		.uleb128 0x3
 782 0017 0E       		.uleb128 0xe
 783 0018 00       		.byte	0
 784 0019 00       		.byte	0
 785 001a 03       		.uleb128 0x3
 786 001b 24       		.uleb128 0x24
 787 001c 00       		.byte	0
 788 001d 0B       		.uleb128 0xb
 789 001e 0B       		.uleb128 0xb
 790 001f 3E       		.uleb128 0x3e
 791 0020 0B       		.uleb128 0xb
 792 0021 03       		.uleb128 0x3
 793 0022 08       		.uleb128 0x8
 794 0023 00       		.byte	0
 795 0024 00       		.byte	0
 796 0025 04       		.uleb128 0x4
 797 0026 16       		.uleb128 0x16
 798 0027 00       		.byte	0
ARM GAS  C:\Users\xavieran\AppData\Local\Temp\ccEabaoh.s 			page 15


 799 0028 03       		.uleb128 0x3
 800 0029 0E       		.uleb128 0xe
 801 002a 3A       		.uleb128 0x3a
 802 002b 0B       		.uleb128 0xb
 803 002c 3B       		.uleb128 0x3b
 804 002d 0B       		.uleb128 0xb
 805 002e 49       		.uleb128 0x49
 806 002f 13       		.uleb128 0x13
 807 0030 00       		.byte	0
 808 0031 00       		.byte	0
 809 0032 05       		.uleb128 0x5
 810 0033 13       		.uleb128 0x13
 811 0034 01       		.byte	0x1
 812 0035 0B       		.uleb128 0xb
 813 0036 0B       		.uleb128 0xb
 814 0037 3A       		.uleb128 0x3a
 815 0038 0B       		.uleb128 0xb
 816 0039 3B       		.uleb128 0x3b
 817 003a 0B       		.uleb128 0xb
 818 003b 01       		.uleb128 0x1
 819 003c 13       		.uleb128 0x13
 820 003d 00       		.byte	0
 821 003e 00       		.byte	0
 822 003f 06       		.uleb128 0x6
 823 0040 0D       		.uleb128 0xd
 824 0041 00       		.byte	0
 825 0042 03       		.uleb128 0x3
 826 0043 0E       		.uleb128 0xe
 827 0044 3A       		.uleb128 0x3a
 828 0045 0B       		.uleb128 0xb
 829 0046 3B       		.uleb128 0x3b
 830 0047 0B       		.uleb128 0xb
 831 0048 49       		.uleb128 0x49
 832 0049 13       		.uleb128 0x13
 833 004a 38       		.uleb128 0x38
 834 004b 0B       		.uleb128 0xb
 835 004c 00       		.byte	0
 836 004d 00       		.byte	0
 837 004e 07       		.uleb128 0x7
 838 004f 0D       		.uleb128 0xd
 839 0050 00       		.byte	0
 840 0051 03       		.uleb128 0x3
 841 0052 08       		.uleb128 0x8
 842 0053 3A       		.uleb128 0x3a
 843 0054 0B       		.uleb128 0xb
 844 0055 3B       		.uleb128 0x3b
 845 0056 0B       		.uleb128 0xb
 846 0057 49       		.uleb128 0x49
 847 0058 13       		.uleb128 0x13
 848 0059 38       		.uleb128 0x38
 849 005a 0B       		.uleb128 0xb
 850 005b 00       		.byte	0
 851 005c 00       		.byte	0
 852 005d 08       		.uleb128 0x8
 853 005e 0F       		.uleb128 0xf
 854 005f 00       		.byte	0
 855 0060 0B       		.uleb128 0xb
ARM GAS  C:\Users\xavieran\AppData\Local\Temp\ccEabaoh.s 			page 16


 856 0061 0B       		.uleb128 0xb
 857 0062 49       		.uleb128 0x49
 858 0063 13       		.uleb128 0x13
 859 0064 00       		.byte	0
 860 0065 00       		.byte	0
 861 0066 09       		.uleb128 0x9
 862 0067 26       		.uleb128 0x26
 863 0068 00       		.byte	0
 864 0069 00       		.byte	0
 865 006a 00       		.byte	0
 866 006b 0A       		.uleb128 0xa
 867 006c 01       		.uleb128 0x1
 868 006d 01       		.byte	0x1
 869 006e 49       		.uleb128 0x49
 870 006f 13       		.uleb128 0x13
 871 0070 01       		.uleb128 0x1
 872 0071 13       		.uleb128 0x13
 873 0072 00       		.byte	0
 874 0073 00       		.byte	0
 875 0074 0B       		.uleb128 0xb
 876 0075 21       		.uleb128 0x21
 877 0076 00       		.byte	0
 878 0077 49       		.uleb128 0x49
 879 0078 13       		.uleb128 0x13
 880 0079 2F       		.uleb128 0x2f
 881 007a 0B       		.uleb128 0xb
 882 007b 00       		.byte	0
 883 007c 00       		.byte	0
 884 007d 0C       		.uleb128 0xc
 885 007e 34       		.uleb128 0x34
 886 007f 00       		.byte	0
 887 0080 03       		.uleb128 0x3
 888 0081 0E       		.uleb128 0xe
 889 0082 3A       		.uleb128 0x3a
 890 0083 0B       		.uleb128 0xb
 891 0084 3B       		.uleb128 0x3b
 892 0085 0B       		.uleb128 0xb
 893 0086 49       		.uleb128 0x49
 894 0087 13       		.uleb128 0x13
 895 0088 3F       		.uleb128 0x3f
 896 0089 19       		.uleb128 0x19
 897 008a 02       		.uleb128 0x2
 898 008b 18       		.uleb128 0x18
 899 008c 00       		.byte	0
 900 008d 00       		.byte	0
 901 008e 0D       		.uleb128 0xd
 902 008f 26       		.uleb128 0x26
 903 0090 00       		.byte	0
 904 0091 49       		.uleb128 0x49
 905 0092 13       		.uleb128 0x13
 906 0093 00       		.byte	0
 907 0094 00       		.byte	0
 908 0095 0E       		.uleb128 0xe
 909 0096 34       		.uleb128 0x34
 910 0097 00       		.byte	0
 911 0098 03       		.uleb128 0x3
 912 0099 0E       		.uleb128 0xe
ARM GAS  C:\Users\xavieran\AppData\Local\Temp\ccEabaoh.s 			page 17


 913 009a 3A       		.uleb128 0x3a
 914 009b 0B       		.uleb128 0xb
 915 009c 3B       		.uleb128 0x3b
 916 009d 05       		.uleb128 0x5
 917 009e 49       		.uleb128 0x49
 918 009f 13       		.uleb128 0x13
 919 00a0 3F       		.uleb128 0x3f
 920 00a1 19       		.uleb128 0x19
 921 00a2 02       		.uleb128 0x2
 922 00a3 18       		.uleb128 0x18
 923 00a4 00       		.byte	0
 924 00a5 00       		.byte	0
 925 00a6 00       		.byte	0
 926              		.section	.debug_aranges,"",%progbits
 927 0000 14000000 		.4byte	0x14
 928 0004 0200     		.2byte	0x2
 929 0006 00000000 		.4byte	.Ldebug_info0
 930 000a 04       		.byte	0x4
 931 000b 00       		.byte	0
 932 000c 0000     		.2byte	0
 933 000e 0000     		.2byte	0
 934 0010 00000000 		.4byte	0
 935 0014 00000000 		.4byte	0
 936              		.section	.debug_line,"",%progbits
 937              	.Ldebug_line0:
 938 0000 57000000 		.section	.debug_str,"MS",%progbits,1
 938      02005100 
 938      00000201 
 938      FB0E0D00 
 938      01010101 
 939              	.LASF35:
 940 0000 5553425F 		.ascii	"USB_idSerialNumberStringDescriptor\000"
 940      69645365 
 940      7269616C 
 940      4E756D62 
 940      65725374 
 941              	.LASF38:
 942 0023 433A5C55 		.ascii	"C:\\Users\\xavieran\\Desktop\\ECE3091\\PSOCProjects"
 942      73657273 
 942      5C786176 
 942      69657261 
 942      6E5C4465 
 943 0051 5C454E47 		.ascii	"\\ENG3091_MandM\\ENG3091_MandM.cydsn\000"
 943      33303931 
 943      5F4D616E 
 943      644D5C45 
 943      4E473330 
 944              	.LASF3:
 945 0074 73686F72 		.ascii	"short unsigned int\000"
 945      7420756E 
 945      7369676E 
 945      65642069 
 945      6E7400
 946              	.LASF29:
 947 0087 5553425F 		.ascii	"USB_DEVICE0_TABLE\000"
 947      44455649 
 947      4345305F 
ARM GAS  C:\Users\xavieran\AppData\Local\Temp\ccEabaoh.s 			page 18


 947      5441424C 
 947      4500
 948              	.LASF28:
 949 0099 5553425F 		.ascii	"USB_DEVICE0_CONFIGURATION0_TABLE\000"
 949      44455649 
 949      4345305F 
 949      434F4E46 
 949      49475552 
 950              	.LASF11:
 951 00ba 666C6F61 		.ascii	"float\000"
 951      7400
 952              	.LASF16:
 953 00c0 616C7453 		.ascii	"altSetting\000"
 953      65747469 
 953      6E6700
 954              	.LASF32:
 955 00cb 5553425F 		.ascii	"USB_STRING_DESCRIPTORS\000"
 955      53545249 
 955      4E475F44 
 955      45534352 
 955      4950544F 
 956              	.LASF23:
 957 00e2 545F5553 		.ascii	"T_USB_LUT\000"
 957      425F4C55 
 957      5400
 958              	.LASF1:
 959 00ec 756E7369 		.ascii	"unsigned char\000"
 959      676E6564 
 959      20636861 
 959      7200
 960              	.LASF18:
 961 00fa 61747472 		.ascii	"attributes\000"
 961      69627574 
 961      657300
 962              	.LASF5:
 963 0105 6C6F6E67 		.ascii	"long unsigned int\000"
 963      20756E73 
 963      69676E65 
 963      6420696E 
 963      7400
 964              	.LASF17:
 965 0117 61646472 		.ascii	"addr\000"
 965      00
 966              	.LASF21:
 967 011c 545F5553 		.ascii	"T_USB_EP_SETTINGS_BLOCK\000"
 967      425F4550 
 967      5F534554 
 967      54494E47 
 967      535F424C 
 968              	.LASF24:
 969 0134 5553425F 		.ascii	"USB_DEVICE0_DESCR\000"
 969      44455649 
 969      4345305F 
 969      44455343 
 969      5200
 970              	.LASF25:
 971 0146 5553425F 		.ascii	"USB_DEVICE0_CONFIGURATION0_DESCR\000"
ARM GAS  C:\Users\xavieran\AppData\Local\Temp\ccEabaoh.s 			page 19


 971      44455649 
 971      4345305F 
 971      434F4E46 
 971      49475552 
 972              	.LASF12:
 973 0167 646F7562 		.ascii	"double\000"
 973      6C6500
 974              	.LASF19:
 975 016e 62756666 		.ascii	"bufferSize\000"
 975      65725369 
 975      7A6500
 976              	.LASF26:
 977 0179 5553425F 		.ascii	"USB_DEVICE0_CONFIGURATION0_EP_SETTINGS_TABLE\000"
 977      44455649 
 977      4345305F 
 977      434F4E46 
 977      49475552 
 978              	.LASF10:
 979 01a6 75696E74 		.ascii	"uint16\000"
 979      313600
 980              	.LASF33:
 981 01ad 5553425F 		.ascii	"USB_MSOS_DESCRIPTOR\000"
 981      4D534F53 
 981      5F444553 
 981      43524950 
 981      544F5200 
 982              	.LASF8:
 983 01c1 756E7369 		.ascii	"unsigned int\000"
 983      676E6564 
 983      20696E74 
 983      00
 984              	.LASF34:
 985 01ce 5553425F 		.ascii	"USB_MSOS_CONFIGURATION_DESCR\000"
 985      4D534F53 
 985      5F434F4E 
 985      46494755 
 985      52415449 
 986              	.LASF7:
 987 01eb 6C6F6E67 		.ascii	"long long unsigned int\000"
 987      206C6F6E 
 987      6720756E 
 987      7369676E 
 987      65642069 
 988              	.LASF22:
 989 0202 705F6C69 		.ascii	"p_list\000"
 989      737400
 990              	.LASF36:
 991 0209 474E5520 		.ascii	"GNU C 4.8.4 20140526 (release) [ARM/embedded-4_8-br"
 991      4320342E 
 991      382E3420 
 991      32303134 
 991      30353236 
 992 023c 616E6368 		.ascii	"anch revision 211358] -mcpu=cortex-m3 -mthumb -g -O"
 992      20726576 
 992      6973696F 
 992      6E203231 
 992      31333538 
ARM GAS  C:\Users\xavieran\AppData\Local\Temp\ccEabaoh.s 			page 20


 993 026f 67202D66 		.ascii	"g -ffunction-sections\000"
 993      66756E63 
 993      74696F6E 
 993      2D736563 
 993      74696F6E 
 994              	.LASF14:
 995 0285 73697A65 		.ascii	"sizetype\000"
 995      74797065 
 995      00
 996              	.LASF6:
 997 028e 6C6F6E67 		.ascii	"long long int\000"
 997      206C6F6E 
 997      6720696E 
 997      7400
 998              	.LASF13:
 999 029c 63686172 		.ascii	"char\000"
 999      00
 1000              	.LASF31:
 1001 02a1 5553425F 		.ascii	"USB_SN_STRING_DESCRIPTOR\000"
 1001      534E5F53 
 1001      5452494E 
 1001      475F4445 
 1001      53435249 
 1002              	.LASF30:
 1003 02ba 5553425F 		.ascii	"USB_TABLE\000"
 1003      5441424C 
 1003      4500
 1004              	.LASF2:
 1005 02c4 73686F72 		.ascii	"short int\000"
 1005      7420696E 
 1005      7400
 1006              	.LASF9:
 1007 02ce 75696E74 		.ascii	"uint8\000"
 1007      3800
 1008              	.LASF15:
 1009 02d4 696E7465 		.ascii	"interface\000"
 1009      72666163 
 1009      6500
 1010              	.LASF27:
 1011 02de 5553425F 		.ascii	"USB_DEVICE0_CONFIGURATION0_INTERFACE_CLASS\000"
 1011      44455649 
 1011      4345305F 
 1011      434F4E46 
 1011      49475552 
 1012              	.LASF4:
 1013 0309 6C6F6E67 		.ascii	"long int\000"
 1013      20696E74 
 1013      00
 1014              	.LASF37:
 1015 0312 2E5C4765 		.ascii	".\\Generated_Source\\PSoC5\\USB_descr.c\000"
 1015      6E657261 
 1015      7465645F 
 1015      536F7572 
 1015      63655C50 
 1016              	.LASF0:
 1017 0337 7369676E 		.ascii	"signed char\000"
 1017      65642063 
ARM GAS  C:\Users\xavieran\AppData\Local\Temp\ccEabaoh.s 			page 21


 1017      68617200 
 1018              	.LASF20:
 1019 0343 624D6973 		.ascii	"bMisc\000"
 1019      6300
 1020              		.ident	"GCC: (GNU Tools for ARM Embedded Processors) 4.8.4 20140526 (release) [ARM/embedded-4_8-br
