#***************************************************************************

#sjplacer

#Version:            1.1

#Build Date:         May  8 2015 09:27:37

#File Generated:     Sep 21 2015 19:15:38

#Purpose:            

#Copyright (C) 2010-2011 by Softjin Technologies Pvt Ltd. All rights reserved.

#***************************************************************************

Executing : C:\Program Files (x86)\Cypress\PSoC Creator\3.2\PSoC Creator\bin/sjplacer.exe --proj-name ENG3091_MandM --netlist-vh2 ENG3091_MandM_p.vh2 --arch-file C:\Program Files (x86)\Cypress\PSoC Creator\3.2\PSoC Creator\dev/arch/p35_udb4x6.ark --rrg-file C:\Program Files (x86)\Cypress\PSoC Creator\3.2\PSoC Creator\dev/psoc5/psoc5lp/route_arch-rrg.cydata --irq-file C:\Program Files (x86)\Cypress\PSoC Creator\3.2\PSoC Creator\dev/psoc5/psoc5lp/irqconn.cydata --drq-file C:\Program Files (x86)\Cypress\PSoC Creator\3.2\PSoC Creator\dev/psoc5/psoc5lp/dmaconn.cydata --dsi-conn-file C:\Program Files (x86)\Cypress\PSoC Creator\3.2\PSoC Creator\dev/psoc5/psoc5lp/dsiconn.cydata --pins-file pins_100-TQFP.xml --lib-file ENG3091_MandM_p.lib --sdc-file ENG3091_MandM.sdc --io-pcf ENG3091_MandM.pci --outdir .

		Softjin Techologies Placer, Version 1.1

Build Date : May  8 2015	08:51:53

D2004: Option and Settings Summary
=============================================================
Netlist vh2 file          - ENG3091_MandM_p.vh2
Architecture file         - C:\Program Files (x86)\Cypress\PSoC Creator\3.2\PSoC Creator\dev/arch/p35_udb4x6.ark
Package                   - 
Defparam file             - 
SDC file                  - ENG3091_MandM.sdc
Output directory          - .
Timing library            - ENG3091_MandM_p.lib
IO Placement file         - ENG3091_MandM.pci

D2050: Starting reading inputs for placer
=============================================================
D2065: Reading netlist file : "ENG3091_MandM_p.vh2"
D2065: Reading arch file : "C:\Program Files (x86)\Cypress\PSoC Creator\3.2\PSoC Creator\dev/arch/p35_udb4x6.ark"
D2051: Reading of inputs for placer completed successfully

D2053: Starting placement of the design
=============================================================

Phase 2
Phase 3

Design Statistics after Packing
    Number of Combinational MCs 	:	16
    Number of Sequential MCs    	:	36
    Number of DPs               	:	12
    Number of Controls          	:	5
    Number of Status            	:	5
    Number of SyncCells         	:	0
    Number of count7cells       	:	0

Device Utilization Summary after Packing
    Macrocells                  :	52/192
    UDBS                        :	17/24
    IOs                         :	47/72


D2088: Phase 3, elapsed time : 0.0 (sec)

Phase 4
D2088: Phase 4, elapsed time : 0.0 (sec)

Phase 5
D2088: Phase 5, elapsed time : 0.0 (sec)

Phase 6

######################################################################
Placement Timing Summary

The timing summary is based on estimated routing delays after
placement. For final timing report, please carry out the timing
analysis after routing.
======================================================================

######################################################################
                     Clock Summary 
======================================================================
Number of clocks: 18
Clock: BUT_CLOCK            | Frequency: N/A       | Target:  12.0 MHz
Clock: BUT_CLOCK(fixed-function) | Frequency:  29.7 MHz | Target:  12.0 MHz
Clock: CAM_CLK              | Frequency: N/A       | Target:  24.0 MHz
Clock: CAM_CLK(routed)      | Frequency: N/A       | Target:  24.0 MHz
Clock: CyBUS_CLK            | Frequency:  57.3 MHz | Target:  24.0 MHz
Clock: CyBUS_CLK(fixed-function) | Frequency: N/A       | Target:  24.0 MHz
Clock: CyILO                | Frequency: N/A       | Target:   0.1 MHz
Clock: CyIMO                | Frequency: N/A       | Target:  24.0 MHz
Clock: CyMASTER_CLK         | Frequency: N/A       | Target:  24.0 MHz
Clock: CyPLL_OUT            | Frequency: N/A       | Target:  24.0 MHz
Clock: HC_Clock             | Frequency:  57.3 MHz | Target:   1.0 MHz
Clock: I2C_IntClock         | Frequency:  36.2 MHz | Target:   6.0 MHz
Clock: Motor_Clock          | Frequency:  59.7 MHz | Target:   0.0 MHz
Clock: Motor_Clock(fixed-function) | Frequency: N/A       | Target:   0.0 MHz
Clock: \Button:PWM:PWMHW\/tc | Frequency:  29.7 MHz | Target:   6.0 MHz
Clock: \Camera:PCLK(0)_PAD\ | Frequency: N/A       | Target:   0.1 MHz
Clock: timer_clock          | Frequency:  43.5 MHz | Target:   0.0 MHz
Clock: timer_clock(routed)  | Frequency: N/A       | Target:   0.0 MHz

======================================================================
                     End of Clock Summary
######################################################################

D2088: Phase 6, elapsed time : 0.1 (sec)

Phase 7
######################################################################
                     Clock Summary 
======================================================================
Number of clocks: 18
Clock: BUT_CLOCK            | Frequency: N/A       | Target:  12.0 MHz
Clock: BUT_CLOCK(fixed-function) | Frequency:  28.3 MHz | Target:  12.0 MHz
Clock: CAM_CLK              | Frequency: N/A       | Target:  24.0 MHz
Clock: CAM_CLK(routed)      | Frequency: N/A       | Target:  24.0 MHz
Clock: CyBUS_CLK            | Frequency:   2.8 MHz | Target:  24.0 MHz
Clock: CyBUS_CLK(fixed-function) | Frequency: N/A       | Target:  24.0 MHz
Clock: CyILO                | Frequency: N/A       | Target:   0.1 MHz
Clock: CyIMO                | Frequency: N/A       | Target:  24.0 MHz
Clock: CyMASTER_CLK         | Frequency: N/A       | Target:  24.0 MHz
Clock: CyPLL_OUT            | Frequency: N/A       | Target:  24.0 MHz
Clock: HC_Clock             | Frequency:   2.8 MHz | Target:   1.0 MHz
Clock: I2C_IntClock         | Frequency:  36.5 MHz | Target:   6.0 MHz
Clock: Motor_Clock          | Frequency:  59.7 MHz | Target:   0.0 MHz
Clock: Motor_Clock(fixed-function) | Frequency: N/A       | Target:   0.0 MHz
Clock: \Button:PWM:PWMHW\/tc | Frequency:  28.3 MHz | Target:   6.0 MHz
Clock: \Camera:PCLK(0)_PAD\ | Frequency: N/A       | Target:   0.1 MHz
Clock: timer_clock          | Frequency:  43.5 MHz | Target:   0.0 MHz
Clock: timer_clock(routed)  | Frequency: N/A       | Target:   0.0 MHz

======================================================================
                     End of Clock Summary
######################################################################
D2088: Phase 7, elapsed time : 0.3 (sec)

Final Design Statistics
    Number of Combinational MCs 	:	16
    Number of Sequential MCs    	:	36
    Number of DPs               	:	12
    Number of Controls          	:	5
    Number of Status            	:	5
    Number of SyncCells         	:	0
    Number of count7cells       	:	0
    Number of IOs       	:	47

Device Utilization Summary
    Macrocells                  :	52/192
    IOs                         :	47/72



######################################################################
Placement Timing Summary

The timing summary is based on estimated routing delays after
placement. For final timing report, please carry out the timing
analysis after routing.
======================================================================


######################################################################
                     Clock Summary 
======================================================================
Number of clocks: 18
Clock: BUT_CLOCK            | Frequency: N/A       | Target:  12.0 MHz
Clock: BUT_CLOCK(fixed-function) | Frequency:  28.3 MHz | Target:  12.0 MHz
Clock: CAM_CLK              | Frequency: N/A       | Target:  24.0 MHz
Clock: CAM_CLK(routed)      | Frequency: N/A       | Target:  24.0 MHz
Clock: CyBUS_CLK            | Frequency:   2.8 MHz | Target:  24.0 MHz
Clock: CyBUS_CLK(fixed-function) | Frequency: N/A       | Target:  24.0 MHz
Clock: CyILO                | Frequency: N/A       | Target:   0.1 MHz
Clock: CyIMO                | Frequency: N/A       | Target:  24.0 MHz
Clock: CyMASTER_CLK         | Frequency: N/A       | Target:  24.0 MHz
Clock: CyPLL_OUT            | Frequency: N/A       | Target:  24.0 MHz
Clock: HC_Clock             | Frequency:   2.8 MHz | Target:   1.0 MHz
Clock: I2C_IntClock         | Frequency:  36.5 MHz | Target:   6.0 MHz
Clock: Motor_Clock          | Frequency:  59.7 MHz | Target:   0.0 MHz
Clock: Motor_Clock(fixed-function) | Frequency: N/A       | Target:   0.0 MHz
Clock: \Button:PWM:PWMHW\/tc | Frequency:  28.3 MHz | Target:   6.0 MHz
Clock: \Camera:PCLK(0)_PAD\ | Frequency: N/A       | Target:   0.1 MHz
Clock: timer_clock          | Frequency:  43.5 MHz | Target:   0.0 MHz
Clock: timer_clock(routed)  | Frequency: N/A       | Target:   0.0 MHz

======================================================================
                     End of Clock Summary
######################################################################

Phase 6

######################################################################
Placement Timing Summary

The timing summary is based on estimated routing delays after
placement. For final timing report, please carry out the timing
analysis after routing.
======================================================================

######################################################################
                     Clock Summary 
======================================================================
Number of clocks: 18
Clock: BUT_CLOCK            | Frequency: N/A       | Target:  12.0 MHz
Clock: BUT_CLOCK(fixed-function) | Frequency:  29.7 MHz | Target:  12.0 MHz
Clock: CAM_CLK              | Frequency: N/A       | Target:  24.0 MHz
Clock: CAM_CLK(routed)      | Frequency: N/A       | Target:  24.0 MHz
Clock: CyBUS_CLK            | Frequency:   2.8 MHz | Target:  24.0 MHz
Clock: CyBUS_CLK(fixed-function) | Frequency: N/A       | Target:  24.0 MHz
Clock: CyILO                | Frequency: N/A       | Target:   0.1 MHz
Clock: CyIMO                | Frequency: N/A       | Target:  24.0 MHz
Clock: CyMASTER_CLK         | Frequency: N/A       | Target:  24.0 MHz
Clock: CyPLL_OUT            | Frequency: N/A       | Target:  24.0 MHz
Clock: HC_Clock             | Frequency:   2.8 MHz | Target:   1.0 MHz
Clock: I2C_IntClock         | Frequency:  36.2 MHz | Target:   6.0 MHz
Clock: Motor_Clock          | Frequency:  59.7 MHz | Target:   0.0 MHz
Clock: Motor_Clock(fixed-function) | Frequency: N/A       | Target:   0.0 MHz
Clock: \Button:PWM:PWMHW\/tc | Frequency:  29.7 MHz | Target:   6.0 MHz
Clock: \Camera:PCLK(0)_PAD\ | Frequency: N/A       | Target:   0.1 MHz
Clock: timer_clock          | Frequency:  43.5 MHz | Target:   0.0 MHz
Clock: timer_clock(routed)  | Frequency: N/A       | Target:   0.0 MHz

======================================================================
                     End of Clock Summary
######################################################################

D2088: Phase 6, elapsed time : 0.1 (sec)

Phase 7
######################################################################
                     Clock Summary 
======================================================================
Number of clocks: 18
Clock: BUT_CLOCK            | Frequency: N/A       | Target:  12.0 MHz
Clock: BUT_CLOCK(fixed-function) | Frequency:  30.4 MHz | Target:  12.0 MHz
Clock: CAM_CLK              | Frequency: N/A       | Target:  24.0 MHz
Clock: CAM_CLK(routed)      | Frequency: N/A       | Target:  24.0 MHz
Clock: CyBUS_CLK            | Frequency:   2.8 MHz | Target:  24.0 MHz
Clock: CyBUS_CLK(fixed-function) | Frequency: N/A       | Target:  24.0 MHz
Clock: CyILO                | Frequency: N/A       | Target:   0.1 MHz
Clock: CyIMO                | Frequency: N/A       | Target:  24.0 MHz
Clock: CyMASTER_CLK         | Frequency: N/A       | Target:  24.0 MHz
Clock: CyPLL_OUT            | Frequency: N/A       | Target:  24.0 MHz
Clock: HC_Clock             | Frequency:   2.8 MHz | Target:   1.0 MHz
Clock: I2C_IntClock         | Frequency:  37.7 MHz | Target:   6.0 MHz
Clock: Motor_Clock          | Frequency:  59.7 MHz | Target:   0.0 MHz
Clock: Motor_Clock(fixed-function) | Frequency: N/A       | Target:   0.0 MHz
Clock: \Button:PWM:PWMHW\/tc | Frequency:  30.4 MHz | Target:   6.0 MHz
Clock: \Camera:PCLK(0)_PAD\ | Frequency: N/A       | Target:   0.1 MHz
Clock: timer_clock          | Frequency:  43.5 MHz | Target:   0.0 MHz
Clock: timer_clock(routed)  | Frequency: N/A       | Target:   0.0 MHz

======================================================================
                     End of Clock Summary
######################################################################
D2088: Phase 7, elapsed time : 1.2 (sec)

Final Design Statistics
    Number of Combinational MCs 	:	16
    Number of Sequential MCs    	:	36
    Number of DPs               	:	12
    Number of Controls          	:	5
    Number of Status            	:	5
    Number of SyncCells         	:	0
    Number of count7cells       	:	0
    Number of IOs       	:	47

Device Utilization Summary
    Macrocells                  :	52/192
    IOs                         :	47/72



######################################################################
Placement Timing Summary

The timing summary is based on estimated routing delays after
placement. For final timing report, please carry out the timing
analysis after routing.
======================================================================


######################################################################
                     Clock Summary 
======================================================================
Number of clocks: 18
Clock: BUT_CLOCK            | Frequency: N/A       | Target:  12.0 MHz
Clock: BUT_CLOCK(fixed-function) | Frequency:  29.7 MHz | Target:  12.0 MHz
Clock: CAM_CLK              | Frequency: N/A       | Target:  24.0 MHz
Clock: CAM_CLK(routed)      | Frequency: N/A       | Target:  24.0 MHz
Clock: CyBUS_CLK            | Frequency:   2.8 MHz | Target:  24.0 MHz
Clock: CyBUS_CLK(fixed-function) | Frequency: N/A       | Target:  24.0 MHz
Clock: CyILO                | Frequency: N/A       | Target:   0.1 MHz
Clock: CyIMO                | Frequency: N/A       | Target:  24.0 MHz
Clock: CyMASTER_CLK         | Frequency: N/A       | Target:  24.0 MHz
Clock: CyPLL_OUT            | Frequency: N/A       | Target:  24.0 MHz
Clock: HC_Clock             | Frequency:   2.8 MHz | Target:   1.0 MHz
Clock: I2C_IntClock         | Frequency:  27.6 MHz | Target:   6.0 MHz
Clock: Motor_Clock          | Frequency:  59.7 MHz | Target:   0.0 MHz
Clock: Motor_Clock(fixed-function) | Frequency: N/A       | Target:   0.0 MHz
Clock: \Button:PWM:PWMHW\/tc | Frequency:  29.7 MHz | Target:   6.0 MHz
Clock: \Camera:PCLK(0)_PAD\ | Frequency: N/A       | Target:   0.1 MHz
Clock: timer_clock          | Frequency:  43.5 MHz | Target:   0.0 MHz
Clock: timer_clock(routed)  | Frequency: N/A       | Target:   0.0 MHz

======================================================================
                     End of Clock Summary
######################################################################

Phase 8
D2088: Phase 8, elapsed time : 0.0 (sec)

D2054: Placement of the design completed successfully

I2076: Total run-time: 2.6 sec.

